#
# There is insufficient memory for the Java Runtime Environment to continue.
# Cannot create worker GC thread. Out of system resources.
# Possible reasons:
#   The system is out of physical RAM or swap space
#   The process is running with CompressedOops enabled, and the Java Heap may be blocking the growth of the native heap
# Possible solutions:
#   Reduce memory load on the system
#   Increase physical memory or swap space
#   Check if swap backing store is full
#   Decrease Java heap size (-Xmx/-Xms)
#   Decrease number of Java threads
#   Decrease Java thread stack sizes (-Xss)
#   Set larger code cache with -XX:ReservedCodeCacheSize=
# This output file may be truncated or incomplete.
#
#  Out of Memory Error (workerManager.hpp:70), pid=17814, tid=17814
#
# JRE version:  (11.0.8+10) (build )
# Java VM: OpenJDK 64-Bit Server VM (11.0.8+10-post-Ubuntu-0ubuntu118.04.1, mixed mode, sharing, tiered, compressed oops, parallel gc, linux-amd64)
# Core dump will be written. Default location: Core dumps may be processed with "/usr/share/apport/apport %p %s %c %d %P %E" (or dumping to /home/dcl/Desktop/MostUpToDate/CS451_DistributedAlgorithms/core.17814)
#

---------------  S U M M A R Y ------------

Command Line: --add-modules=ALL-SYSTEM --add-opens=java.base/java.util=ALL-UNNAMED --add-opens=java.base/java.lang=ALL-UNNAMED -Declipse.application=org.eclipse.jdt.ls.core.id1 -Dosgi.bundles.defaultStartLevel=4 -Declipse.product=org.eclipse.jdt.ls.core.product -Dfile.encoding=utf8 -XX:+UseParallelGC -XX:GCTimeRatio=4 -XX:AdaptiveSizePolicyWeight=90 -Dsun.zip.disableMemoryMapping=true -Xmx1G -Xms100m -Xverify:none /home/dcl/.vscode/extensions/redhat.java-1.0.0/server/plugins/org.eclipse.equinox.launcher_1.6.400.v20210924-0641.jar -configuration /home/dcl/.config/Code/User/globalStorage/redhat.java/1.0.0/config_ss_linux -data /home/dcl/.config/Code/User/workspaceStorage/14e1939206b84e40ecdd837ef90d20ec/redhat.java/ss_ws

Host: AMD Ryzen 5 3600 6-Core Processor, 2 cores, 984M, Ubuntu 18.04.5 LTS
Time: Sun Nov 14 14:38:33 2021 CET elapsed time: 0 seconds (0d 0h 0m 0s)

---------------  T H R E A D  ---------------

Current thread (0x000056448606c000):  JavaThread "Unknown thread" [_thread_in_vm, id=17814, stack(0x00007ffcf9286000,0x00007ffcf9a84000)]

Stack: [0x00007ffcf9286000,0x00007ffcf9a84000],  sp=0x00007ffcf9a7e300,  free space=8160k
Native frames: (J=compiled Java code, A=aot compiled Java code, j=interpreted, Vv=VM code, C=native code)
V  [libjvm.so+0xdf8919]
V  [libjvm.so+0xdf95ab]
V  [libjvm.so+0x651835]
V  [libjvm.so+0x795c61]
V  [libjvm.so+0x796306]
V  [libjvm.so+0xbfbd01]
V  [libjvm.so+0xdb2da2]
V  [libjvm.so+0xdb3036]
V  [libjvm.so+0x81c777]
V  [libjvm.so+0xd89eff]
V  [libjvm.so+0x8d6221]  JNI_CreateJavaVM+0x51
C  [libjli.so+0x4aef]
C  [libjli.so+0xa081]
C  [libjli.so+0x6652]
C  [libjli.so+0x7ddd]  JLI_Launch+0x157d
C  [java+0xb73]


---------------  P R O C E S S  ---------------

Threads class SMR info:
_java_thread_list=0x0000564486055540, length=0, elements={
}

Java Threads: ( => current thread )

Other Threads:

[error occurred during error reporting (printing all threads), id 0xb, SIGSEGV (0xb) at pc=0x00007fad91719db0]

VM state:not at safepoint (not fully initialized)

VM Mutex/Monitor currently owned by a thread: None

Heap address: 0x00000000c0000000, size: 1024 MB, Compressed Oops mode: Non-zero based: 0x00000000c0000000
Narrow klass base: 0x0000000000000000, Narrow klass shift: 0

GC Heap History (0 events):
No events

Deoptimization events (0 events):
No events

Classes redefined (0 events):
No events

Internal exceptions (0 events):
No events

Events (2 events):
Event: 0.001 Protecting memory [0x00007ffcf9286000,0x00007ffcf928a000] with protection modes 0
Event: 0.001 Loaded shared library /usr/lib/jvm/java-11-openjdk-amd64/lib/libzip.so


Dynamic libraries:
c0000000-c4300000 rw-p 00000000 00:00 0 
c4300000-eab00000 ---p 00000000 00:00 0 
eab00000-ecc00000 rw-p 00000000 00:00 0 
ecc00000-100000000 ---p 00000000 00:00 0 
5644840ae000-5644840af000 r-xp 00000000 08:01 661163                     /usr/lib/jvm/java-11-openjdk-amd64/bin/java
5644842af000-5644842b0000 r--p 00001000 08:01 661163                     /usr/lib/jvm/java-11-openjdk-amd64/bin/java
5644842b0000-5644842b1000 rw-p 00002000 08:01 661163                     /usr/lib/jvm/java-11-openjdk-amd64/bin/java
56448603d000-5644860a0000 rw-p 00000000 00:00 0                          [heap]
7fad77687000-7fad77688000 ---p 00000000 00:00 0 
7fad77688000-7fad777ab000 rw-p 00000000 00:00 0 
7fad777ab000-7fad778df000 ---p 00000000 00:00 0 
7fad778df000-7fad77901000 rw-p 00000000 00:00 0 
7fad77901000-7fad77a34000 ---p 00000000 00:00 0 
7fad77a34000-7fad77a45000 rw-p 00000000 00:00 0 
7fad77a45000-7fad77adf000 ---p 00000000 00:00 0 
7fad77adf000-7fad77ae5000 rw-p 00000000 00:00 0 
7fad77ae5000-7fad77bcb000 ---p 00000000 00:00 0 
7fad77bcb000-7fad77bd0000 rw-p 00000000 00:00 0 
7fad77bd0000-7fad77cb6000 ---p 00000000 00:00 0 
7fad77cb6000-7fad77f26000 rwxp 00000000 00:00 0 
7fad77f26000-7fad78245000 ---p 00000000 00:00 0 
7fad78245000-7fad784b5000 rwxp 00000000 00:00 0 
7fad784b5000-7fad7f77d000 ---p 00000000 00:00 0 
7fad7f77d000-7fad7f9ed000 rwxp 00000000 00:00 0 
7fad7f9ed000-7fad86cb6000 ---p 00000000 00:00 0 
7fad86cb6000-7fad86cbd000 r-xp 00000000 08:01 1050223                    /usr/lib/jvm/java-11-openjdk-amd64/lib/libzip.so
7fad86cbd000-7fad86ebc000 ---p 00007000 08:01 1050223                    /usr/lib/jvm/java-11-openjdk-amd64/lib/libzip.so
7fad86ebc000-7fad86ebd000 r--p 00006000 08:01 1050223                    /usr/lib/jvm/java-11-openjdk-amd64/lib/libzip.so
7fad86ebd000-7fad86ebe000 rw-p 00007000 08:01 1050223                    /usr/lib/jvm/java-11-openjdk-amd64/lib/libzip.so
7fad86ebe000-7fad86ec9000 r-xp 00000000 08:01 1835055                    /lib/x86_64-linux-gnu/libnss_files-2.27.so
7fad86ec9000-7fad870c8000 ---p 0000b000 08:01 1835055                    /lib/x86_64-linux-gnu/libnss_files-2.27.so
7fad870c8000-7fad870c9000 r--p 0000a000 08:01 1835055                    /lib/x86_64-linux-gnu/libnss_files-2.27.so
7fad870c9000-7fad870ca000 rw-p 0000b000 08:01 1835055                    /lib/x86_64-linux-gnu/libnss_files-2.27.so
7fad870ca000-7fad870d0000 rw-p 00000000 00:00 0 
7fad870d0000-7fad870e7000 r-xp 00000000 08:01 1835052                    /lib/x86_64-linux-gnu/libnsl-2.27.so
7fad870e7000-7fad872e6000 ---p 00017000 08:01 1835052                    /lib/x86_64-linux-gnu/libnsl-2.27.so
7fad872e6000-7fad872e7000 r--p 00016000 08:01 1835052                    /lib/x86_64-linux-gnu/libnsl-2.27.so
7fad872e7000-7fad872e8000 rw-p 00017000 08:01 1835052                    /lib/x86_64-linux-gnu/libnsl-2.27.so
7fad872e8000-7fad872ea000 rw-p 00000000 00:00 0 
7fad872ea000-7fad872f5000 r-xp 00000000 08:01 1835057                    /lib/x86_64-linux-gnu/libnss_nis-2.27.so
7fad872f5000-7fad874f4000 ---p 0000b000 08:01 1835057                    /lib/x86_64-linux-gnu/libnss_nis-2.27.so
7fad874f4000-7fad874f5000 r--p 0000a000 08:01 1835057                    /lib/x86_64-linux-gnu/libnss_nis-2.27.so
7fad874f5000-7fad874f6000 rw-p 0000b000 08:01 1835057                    /lib/x86_64-linux-gnu/libnss_nis-2.27.so
7fad874f6000-7fad874fe000 r-xp 00000000 08:01 1835053                    /lib/x86_64-linux-gnu/libnss_compat-2.27.so
7fad874fe000-7fad876fe000 ---p 00008000 08:01 1835053                    /lib/x86_64-linux-gnu/libnss_compat-2.27.so
7fad876fe000-7fad876ff000 r--p 00008000 08:01 1835053                    /lib/x86_64-linux-gnu/libnss_compat-2.27.so
7fad876ff000-7fad87700000 rw-p 00009000 08:01 1835053                    /lib/x86_64-linux-gnu/libnss_compat-2.27.so
7fad87700000-7fad8fdfe000 r--s 00000000 08:01 1050240                    /usr/lib/jvm/java-11-openjdk-amd64/lib/modules
7fad8fdfe000-7fad8fe03000 r-xp 00000000 08:01 1049932                    /usr/lib/jvm/java-11-openjdk-amd64/lib/libjimage.so
7fad8fe03000-7fad90002000 ---p 00005000 08:01 1049932                    /usr/lib/jvm/java-11-openjdk-amd64/lib/libjimage.so
7fad90002000-7fad90003000 r--p 00004000 08:01 1049932                    /usr/lib/jvm/java-11-openjdk-amd64/lib/libjimage.so
7fad90003000-7fad90004000 rw-p 00005000 08:01 1049932                    /usr/lib/jvm/java-11-openjdk-amd64/lib/libjimage.so
7fad90004000-7fad9002d000 r-xp 00000000 08:01 1049899                    /usr/lib/jvm/java-11-openjdk-amd64/lib/libjava.so
7fad9002d000-7fad9022d000 ---p 00029000 08:01 1049899                    /usr/lib/jvm/java-11-openjdk-amd64/lib/libjava.so
7fad9022d000-7fad9022e000 r--p 00029000 08:01 1049899                    /usr/lib/jvm/java-11-openjdk-amd64/lib/libjava.so
7fad9022e000-7fad9022f000 rw-p 0002a000 08:01 1049899                    /usr/lib/jvm/java-11-openjdk-amd64/lib/libjava.so
7fad9022f000-7fad90230000 rw-p 00000000 00:00 0 
7fad90230000-7fad9023d000 r-xp 00000000 08:01 1050221                    /usr/lib/jvm/java-11-openjdk-amd64/lib/libverify.so
7fad9023d000-7fad9043c000 ---p 0000d000 08:01 1050221                    /usr/lib/jvm/java-11-openjdk-amd64/lib/libverify.so
7fad9043c000-7fad9043e000 r--p 0000c000 08:01 1050221                    /usr/lib/jvm/java-11-openjdk-amd64/lib/libverify.so
7fad9043e000-7fad9043f000 rw-p 0000e000 08:01 1050221                    /usr/lib/jvm/java-11-openjdk-amd64/lib/libverify.so
7fad9043f000-7fad90446000 r-xp 00000000 08:01 1840227                    /lib/x86_64-linux-gnu/librt-2.27.so
7fad90446000-7fad90645000 ---p 00007000 08:01 1840227                    /lib/x86_64-linux-gnu/librt-2.27.so
7fad90645000-7fad90646000 r--p 00006000 08:01 1840227                    /lib/x86_64-linux-gnu/librt-2.27.so
7fad90646000-7fad90647000 rw-p 00007000 08:01 1840227                    /lib/x86_64-linux-gnu/librt-2.27.so
7fad90647000-7fad9065e000 r-xp 00000000 08:01 1835013                    /lib/x86_64-linux-gnu/libgcc_s.so.1
7fad9065e000-7fad9085d000 ---p 00017000 08:01 1835013                    /lib/x86_64-linux-gnu/libgcc_s.so.1
7fad9085d000-7fad9085e000 r--p 00016000 08:01 1835013                    /lib/x86_64-linux-gnu/libgcc_s.so.1
7fad9085e000-7fad9085f000 rw-p 00017000 08:01 1835013                    /lib/x86_64-linux-gnu/libgcc_s.so.1
7fad9085f000-7fad909fc000 r-xp 00000000 08:01 1835049                    /lib/x86_64-linux-gnu/libm-2.27.so
7fad909fc000-7fad90bfb000 ---p 0019d000 08:01 1835049                    /lib/x86_64-linux-gnu/libm-2.27.so
7fad90bfb000-7fad90bfc000 r--p 0019c000 08:01 1835049                    /lib/x86_64-linux-gnu/libm-2.27.so
7fad90bfc000-7fad90bfd000 rw-p 0019d000 08:01 1835049                    /lib/x86_64-linux-gnu/libm-2.27.so
7fad90bfd000-7fad90d76000 r-xp 00000000 08:01 2360550                    /usr/lib/x86_64-linux-gnu/libstdc++.so.6.0.25
7fad90d76000-7fad90f76000 ---p 00179000 08:01 2360550                    /usr/lib/x86_64-linux-gnu/libstdc++.so.6.0.25
7fad90f76000-7fad90f80000 r--p 00179000 08:01 2360550                    /usr/lib/x86_64-linux-gnu/libstdc++.so.6.0.25
7fad90f80000-7fad90f82000 rw-p 00183000 08:01 2360550                    /usr/lib/x86_64-linux-gnu/libstdc++.so.6.0.25
7fad90f82000-7fad90f86000 rw-p 00000000 00:00 0 
7fad90f86000-7fad92064000 r-xp 00000000 08:01 1181144                    /usr/lib/jvm/java-11-openjdk-amd64/lib/server/libjvm.so
7fad92064000-7fad92263000 ---p 010de000 08:01 1181144                    /usr/lib/jvm/java-11-openjdk-amd64/lib/server/libjvm.so
7fad92263000-7fad92320000 r--p 010dd000 08:01 1181144                    /usr/lib/jvm/java-11-openjdk-amd64/lib/server/libjvm.so
7fad92320000-7fad92359000 rw-p 0119a000 08:01 1181144                    /usr/lib/jvm/java-11-openjdk-amd64/lib/server/libjvm.so
7fad92359000-7fad923b0000 rw-p 00000000 00:00 0 
7fad923b0000-7fad923ca000 r-xp 00000000 08:01 1840183                    /lib/x86_64-linux-gnu/libpthread-2.27.so
7fad923ca000-7fad925c9000 ---p 0001a000 08:01 1840183                    /lib/x86_64-linux-gnu/libpthread-2.27.so
7fad925c9000-7fad925ca000 r--p 00019000 08:01 1840183                    /lib/x86_64-linux-gnu/libpthread-2.27.so
7fad925ca000-7fad925cb000 rw-p 0001a000 08:01 1840183                    /lib/x86_64-linux-gnu/libpthread-2.27.so
7fad925cb000-7fad925cf000 rw-p 00000000 00:00 0 
7fad925cf000-7fad925d2000 r-xp 00000000 08:01 1835048                    /lib/x86_64-linux-gnu/libdl-2.27.so
7fad925d2000-7fad927d1000 ---p 00003000 08:01 1835048                    /lib/x86_64-linux-gnu/libdl-2.27.so
7fad927d1000-7fad927d2000 r--p 00002000 08:01 1835048                    /lib/x86_64-linux-gnu/libdl-2.27.so
7fad927d2000-7fad927d3000 rw-p 00003000 08:01 1835048                    /lib/x86_64-linux-gnu/libdl-2.27.so
7fad927d3000-7fad927ef000 r-xp 00000000 08:01 1840663                    /lib/x86_64-linux-gnu/libz.so.1.2.11
7fad927ef000-7fad929ee000 ---p 0001c000 08:01 1840663                    /lib/x86_64-linux-gnu/libz.so.1.2.11
7fad929ee000-7fad929ef000 r--p 0001b000 08:01 1840663                    /lib/x86_64-linux-gnu/libz.so.1.2.11
7fad929ef000-7fad929f0000 rw-p 0001c000 08:01 1840663                    /lib/x86_64-linux-gnu/libz.so.1.2.11
7fad929f0000-7fad92bd7000 r-xp 00000000 08:01 1835045                    /lib/x86_64-linux-gnu/libc-2.27.so
7fad92bd7000-7fad92dd7000 ---p 001e7000 08:01 1835045                    /lib/x86_64-linux-gnu/libc-2.27.so
7fad92dd7000-7fad92ddb000 r--p 001e7000 08:01 1835045                    /lib/x86_64-linux-gnu/libc-2.27.so
7fad92ddb000-7fad92ddd000 rw-p 001eb000 08:01 1835045                    /lib/x86_64-linux-gnu/libc-2.27.so
7fad92ddd000-7fad92de1000 rw-p 00000000 00:00 0 
7fad92de1000-7fad92df1000 r-xp 00000000 08:01 1049770                    /usr/lib/jvm/java-11-openjdk-amd64/lib/jli/libjli.so
7fad92df1000-7fad92ff0000 ---p 00010000 08:01 1049770                    /usr/lib/jvm/java-11-openjdk-amd64/lib/jli/libjli.so
7fad92ff0000-7fad92ff1000 r--p 0000f000 08:01 1049770                    /usr/lib/jvm/java-11-openjdk-amd64/lib/jli/libjli.so
7fad92ff1000-7fad92ff2000 rw-p 00010000 08:01 1049770                    /usr/lib/jvm/java-11-openjdk-amd64/lib/jli/libjli.so
7fad92ff2000-7fad93019000 r-xp 00000000 08:01 1835021                    /lib/x86_64-linux-gnu/ld-2.27.so
7fad930f4000-7fad930f9000 rw-p 00000000 00:00 0 
7fad930f9000-7fad93100000 ---p 00000000 00:00 0 
7fad93100000-7fad93203000 rw-p 00000000 00:00 0 
7fad9320b000-7fad9320d000 r--s 00007000 08:01 2628883                    /usr/share/java/java-atk-wrapper.jar
7fad9320d000-7fad93215000 rw-s 00000000 08:01 2633315                    /tmp/hsperfdata_dcl/17814
7fad93215000-7fad93216000 ---p 00000000 00:00 0 
7fad93216000-7fad93217000 r--p 00000000 00:00 0 
7fad93217000-7fad93219000 rw-p 00000000 00:00 0 
7fad93219000-7fad9321a000 r--p 00027000 08:01 1835021                    /lib/x86_64-linux-gnu/ld-2.27.so
7fad9321a000-7fad9321b000 rw-p 00028000 08:01 1835021                    /lib/x86_64-linux-gnu/ld-2.27.so
7fad9321b000-7fad9321c000 rw-p 00000000 00:00 0 
7ffcf9286000-7ffcf928a000 ---p 00000000 00:00 0 
7ffcf9a65000-7ffcf9a86000 rw-p 00000000 00:00 0                          [stack]
7ffcf9ae5000-7ffcf9ae8000 r--p 00000000 00:00 0                          [vvar]
7ffcf9ae8000-7ffcf9aea000 r-xp 00000000 00:00 0                          [vdso]
ffffffffff600000-ffffffffff601000 r-xp 00000000 00:00 0                  [vsyscall]


VM Arguments:
jvm_args: --add-modules=ALL-SYSTEM --add-opens=java.base/java.util=ALL-UNNAMED --add-opens=java.base/java.lang=ALL-UNNAMED -Declipse.application=org.eclipse.jdt.ls.core.id1 -Dosgi.bundles.defaultStartLevel=4 -Declipse.product=org.eclipse.jdt.ls.core.product -Dfile.encoding=utf8 -XX:+UseParallelGC -XX:GCTimeRatio=4 -XX:AdaptiveSizePolicyWeight=90 -Dsun.zip.disableMemoryMapping=true -Xmx1G -Xms100m -Xverify:none 
java_command: /home/dcl/.vscode/extensions/redhat.java-1.0.0/server/plugins/org.eclipse.equinox.launcher_1.6.400.v20210924-0641.jar -configuration /home/dcl/.config/Code/User/globalStorage/redhat.java/1.0.0/config_ss_linux -data /home/dcl/.config/Code/User/workspaceStorage/14e1939206b84e40ecdd837ef90d20ec/redhat.java/ss_ws
java_class_path (initial): /home/dcl/.vscode/extensions/redhat.java-1.0.0/server/plugins/org.eclipse.equinox.launcher_1.6.400.v20210924-0641.jar
Launcher Type: SUN_STANDARD

[Global flags]
    uintx AdaptiveSizePolicyWeight                 = 90                                        {product} {command line}
     bool BytecodeVerificationLocal                = false                                     {product} {command line}
     bool BytecodeVerificationRemote               = false                                     {product} {command line}
     intx CICompilerCount                          = 2                                         {product} {ergonomic}
    uintx GCTimeRatio                              = 4                                         {product} {command line}
   size_t InitialHeapSize                          = 104857600                                 {product} {command line}
   size_t MaxHeapSize                              = 1073741824                                {product} {command line}
   size_t MaxNewSize                               = 357564416                                 {product} {ergonomic}
   size_t MinHeapDeltaBytes                        = 524288                                    {product} {ergonomic}
   size_t NewSize                                  = 34603008                                  {product} {ergonomic}
    uintx NonNMethodCodeHeapSize                   = 5825164                                {pd product} {ergonomic}
    uintx NonProfiledCodeHeapSize                  = 122916538                              {pd product} {ergonomic}
   size_t OldSize                                  = 70254592                                  {product} {ergonomic}
    uintx ProfiledCodeHeapSize                     = 122916538                              {pd product} {ergonomic}
    uintx ReservedCodeCacheSize                    = 251658240                              {pd product} {ergonomic}
     bool SegmentedCodeCache                       = true                                      {product} {ergonomic}
     bool UseCompressedClassPointers               = true                                 {lp64_product} {ergonomic}
     bool UseCompressedOops                        = true                                 {lp64_product} {ergonomic}
     bool UseParallelGC                            = true                                      {product} {command line}

Logging:
Log output configuration:
 #0: stdout all=warning uptime,level,tags
 #1: stderr all=off uptime,level,tags

Environment Variables:
PATH=/usr/local/sbin:/usr/local/bin:/usr/sbin:/usr/bin:/sbin:/bin:/usr/games:/usr/local/games:/snap/bin
SHELL=/bin/bash
DISPLAY=:0.0
LANG=en_US.UTF-8

Signal Handlers:
SIGSEGV: [libjvm.so+0xdf9610], sa_mask[0]=11111111011111111101111111111110, sa_flags=SA_RESTART|SA_SIGINFO
SIGBUS: [libjvm.so+0xdf9610], sa_mask[0]=11111111011111111101111111111110, sa_flags=SA_RESTART|SA_SIGINFO
SIGFPE: [libjvm.so+0xdf9610], sa_mask[0]=11111111011111111101111111111110, sa_flags=SA_RESTART|SA_SIGINFO
SIGPIPE: [libjvm.so+0xbcc360], sa_mask[0]=11111111011111111101111111111110, sa_flags=SA_RESTART|SA_SIGINFO
SIGXFSZ: [libjvm.so+0xbcc360], sa_mask[0]=11111111011111111101111111111110, sa_flags=SA_RESTART|SA_SIGINFO
SIGILL: [libjvm.so+0xdf9610], sa_mask[0]=11111111011111111101111111111110, sa_flags=SA_RESTART|SA_SIGINFO
SIGUSR2: [libjvm.so+0xbcc200], sa_mask[0]=00000000000000000000000000000000, sa_flags=SA_RESTART|SA_SIGINFO
SIGHUP: SIG_DFL, sa_mask[0]=00000000000000000000000000000000, sa_flags=none
SIGINT: SIG_DFL, sa_mask[0]=00000000000000000000000000000000, sa_flags=none
SIGTERM: SIG_DFL, sa_mask[0]=00000000000000000000000000000000, sa_flags=none
SIGQUIT: SIG_DFL, sa_mask[0]=00000000000000000000000000000000, sa_flags=none


---------------  S Y S T E M  ---------------

OS:DISTRIB_ID=Ubuntu
DISTRIB_RELEASE=18.04
DISTRIB_CODENAME=bionic
DISTRIB_DESCRIPTION="Ubuntu 18.04.5 LTS"
uname:Linux 4.15.0-117-generic #118-Ubuntu SMP Fri Sep 4 20:02:41 UTC 2020 x86_64
OS uptime: 0 days 4:18 hours
libc:glibc 2.27 NPTL 2.27 
rlimit (soft/hard): STACK 8192k/infinity , CORE 0k/infinity , NPROC 3764/3764 , NOFILE 1048576/1048576 , AS infinity/infinity , CPU infinity/infinity , DATA infinity/infinity , FSIZE infinity/infinity , MEMLOCK 16384k/16384k
load average:3.13 1.27 1.01

/proc/meminfo:
MemTotal:        1008600 kB
MemFree:           68380 kB
MemAvailable:      92844 kB
Buffers:            4260 kB
Cached:           190148 kB
SwapCached:        33660 kB
Active:           382052 kB
Inactive:         379736 kB
Active(anon):     312228 kB
Inactive(anon):   309656 kB
Active(file):      69824 kB
Inactive(file):    70080 kB
Unevictable:          32 kB
Mlocked:              32 kB
SwapTotal:       2097148 kB
SwapFree:        1234072 kB
Dirty:               508 kB
Writeback:            40 kB
AnonPages:        547460 kB
Mapped:           150764 kB
Shmem:             54464 kB
Slab:              64752 kB
SReclaimable:      24224 kB
SUnreclaim:        40528 kB
KernelStack:       41760 kB
PageTables:        34788 kB
NFS_Unstable:          0 kB
Bounce:                0 kB
WritebackTmp:          0 kB
CommitLimit:     2601448 kB
Committed_AS:    6544900 kB
VmallocTotal:   34359738367 kB
VmallocUsed:           0 kB
VmallocChunk:          0 kB
HardwareCorrupted:     0 kB
AnonHugePages:         0 kB
ShmemHugePages:        0 kB
ShmemPmdMapped:        0 kB
CmaTotal:              0 kB
CmaFree:               0 kB
HugePages_Total:       0
HugePages_Free:        0
HugePages_Rsvd:        0
HugePages_Surp:        0
Hugepagesize:       2048 kB
DirectMap4k:       96192 kB
DirectMap2M:      952320 kB

/sys/kernel/mm/transparent_hugepage/enabled:
always [madvise] never

/sys/kernel/mm/transparent_hugepage/defrag (defrag/compaction efforts parameter):
always defer defer+madvise [madvise] never


/proc/sys/kernel/threads-max (system-wide limit on the number of threads):
7528


/proc/sys/vm/max_map_count (maximum number of memory map areas a process may have):
65530


/proc/sys/kernel/pid_max (system-wide limit on number of process identifiers):
32768



container (cgroup) information:
container_type: cgroupv1
cpu_cpuset_cpus: 0-1
cpu_memory_nodes: 0
active_processor_count: 2
cpu_quota: -1
cpu_period: 100000
cpu_shares: -1
memory_limit_in_bytes: -1
memory_and_swap_limit_in_bytes: -2
memory_soft_limit_in_bytes: -1
memory_usage_in_bytes: 768466944
memory_max_usage_in_bytes: 1785856

KVM virtualization detected
Steal ticks since vm start: 0
Steal ticks percentage since vm start:  0.000

CPU:total 2 (initial active 2) (2 cores per cpu, 2 threads per core) family 23 model 113 stepping 0, cmov, cx8, fxsr, mmx, sse, sse2, sse3, ssse3, sse4.1, sse4.2, popcnt, avx, avx2, aes, clmul, mmxext, lzcnt, sse4a, ht, tsc, tscinvbit, tscinv
CPU Model and flags from /proc/cpuinfo:
model name	: AMD Ryzen 5 3600 6-Core Processor
flags		: fpu vme de pse tsc msr pae mce cx8 apic sep mtrr pge mca cmov pat pse36 clflush mmx fxsr sse sse2 ht syscall nx mmxext fxsr_opt rdtscp lm constant_tsc rep_good nopl nonstop_tsc cpuid extd_apicid tsc_known_freq pni pclmulqdq ssse3 cx16 sse4_1 sse4_2 x2apic movbe popcnt aes xsave avx rdrand hypervisor lahf_lm cmp_legacy cr8_legacy abm sse4a misalignsse 3dnowprefetch ssbd vmmcall fsgsbase avx2 rdseed clflushopt arat

Memory: 4k page, physical 1008600k(68380k free), swap 2097148k(1234072k free)

vm_info: OpenJDK 64-Bit Server VM (11.0.8+10-post-Ubuntu-0ubuntu118.04.1) for linux-amd64 JRE (11.0.8+10-post-Ubuntu-0ubuntu118.04.1), built on Jul 15 2020 20:45:24 by "unknown" with gcc 7.5.0

END.
