My PID: 20053

From a new terminal type `kill -SIGINT 20053` or `kill -SIGTERM 20053` to stop processing packets

My ID: 3

List of resolved hosts is:
==========================
1
Human-readable IP: 127.0.0.1
Human-readable Port: 11001

2
Human-readable IP: 127.0.0.1
Human-readable Port: 11002

3
Human-readable IP: 127.0.0.1
Human-readable Port: 11003

4
Human-readable IP: 127.0.0.1
Human-readable Port: 11004


Path to output:
===============
/home/dcl/Desktop/Lcausal/CS451_DistributedAlgorithms/example/output/proc03.output

Path to config:
===============
../example/output/config

Doing some initialization

Broadcasting and delivering messages...

Immediately stopping network packet processing.
Writing output.
