My PID: 27011

From a new terminal type `kill -SIGINT 27011` or `kill -SIGTERM 27011` to stop processing packets

My ID: 5

List of resolved hosts is:
==========================
1
Human-readable IP: 127.0.0.1
Human-readable Port: 11001

2
Human-readable IP: 127.0.0.1
Human-readable Port: 11002

3
Human-readable IP: 127.0.0.1
Human-readable Port: 11003

4
Human-readable IP: 127.0.0.1
Human-readable Port: 11004

5
Human-readable IP: 127.0.0.1
Human-readable Port: 11005


Path to output:
===============
/home/dcl/Desktop/Lcausal/CS451_DistributedAlgorithms/example/output/proc05.output

Path to config:
===============
../example/output/config

Doing some initialization

myCausallyAffectingHosts: [1, 2]
Broadcasting and delivering messages...

Broadcasting :5.1:1638657275957[0,0,0,0,0,0]1
Broadcasting :5.2:1638657275992[0,0,0,0,0,1]2
Broadcasting :5.3:1638657275994[0,0,0,0,0,2]3
Broadcasting :5.4:1638657275996[0,0,0,0,0,3]4
Broadcasting :5.5:1638657275997[0,0,0,0,0,4]5
Broadcasting :5.6:1638657275999[0,0,0,0,0,5]6
Broadcasting :5.7:1638657276000[0,0,0,0,0,6]7
Broadcasting :5.8:1638657276007[0,0,0,0,0,7]8
Broadcasting :5.9:1638657276009[0,0,0,0,0,8]9
Broadcasting :5.10:1638657276010[0,0,0,0,0,9]10
Broadcasting :5.11:1638657276012[0,0,0,0,0,10]11
Broadcasting :5.12:1638657276013[0,0,0,0,0,11]12
Broadcasting :5.13:1638657276014[0,0,0,0,0,12]13
Broadcasting :5.14:1638657276015[0,0,0,0,0,13]14
Broadcasting :5.15:1638657276017[0,0,0,0,0,14]15
Broadcasting :5.16:1638657276018[0,0,0,0,0,15]16
Broadcasting :5.17:1638657276019[0,0,0,0,0,16]17
Broadcasting :5.18:1638657276021[0,0,0,0,0,17]18
Broadcasting :5.19:1638657276022[0,0,0,0,0,18]19
Broadcasting :5.20:1638657276023[0,0,0,0,0,19]20
Broadcasting :5.21:1638657276024[0,0,0,0,0,20]21
Broadcasting :5.22:1638657276026[0,0,0,0,0,21]22
Broadcasting :5.23:1638657276044[0,0,0,0,0,22]23
Broadcasting :5.24:1638657276067[0,0,0,0,0,23]24
Broadcasting :5.25:1638657276072[0,0,0,0,0,24]25
Broadcasting :5.26:1638657276074[0,0,0,0,0,25]26
Broadcasting :5.27:1638657276076[0,0,0,0,0,26]27
Broadcasting :5.28:1638657276079[0,0,0,0,0,27]28
Broadcasting :5.29:1638657276080[0,0,0,0,0,28]29
Broadcasting :5.30:1638657276093[0,0,0,0,0,29]30
Broadcasting :5.31:1638657276095[0,0,0,0,0,30]31
Broadcasting :5.32:1638657276096[0,0,0,0,0,31]32
Broadcasting :5.33:1638657276097[0,0,0,0,0,32]33
Broadcasting :5.34:1638657276099[0,0,0,0,0,33]34
Broadcasting :5.35:1638657276100[0,0,0,0,0,34]35
Broadcasting :5.36:1638657276101[0,0,0,0,0,35]36
Broadcasting :5.37:1638657276102[0,0,0,0,0,36]37
Broadcasting :5.38:1638657276121[0,0,0,0,0,37]38
Broadcasting :5.39:1638657276122[0,0,0,0,0,38]39
Broadcasting :5.40:1638657276123[0,0,0,0,0,39]40
Broadcasting :5.41:1638657276123[0,0,0,0,0,40]41
Broadcasting :5.42:1638657276124[0,0,0,0,0,41]42
Broadcasting :5.43:1638657276124[0,0,0,0,0,42]43
Broadcasting :5.44:1638657276124[0,0,0,0,0,43]44
Broadcasting :5.45:1638657276124[0,0,0,0,0,44]45
Broadcasting :5.46:1638657276124[0,0,0,0,0,45]46
Broadcasting :5.47:1638657276125[0,0,0,0,0,46]47
Broadcasting :5.48:1638657276125[0,0,0,0,0,47]48
Broadcasting :5.49:1638657276125[0,0,0,0,0,48]49
Broadcasting :5.50:1638657276125[0,0,0,0,0,49]50
Broadcasting :5.51:1638657276126[0,0,0,0,0,50]51
Broadcasting :5.52:1638657276126[0,0,0,0,0,51]52
Broadcasting :5.53:1638657276126[0,0,0,0,0,52]53
Broadcasting :5.54:1638657276126[0,0,0,0,0,53]54
Broadcasting :5.55:1638657276127[0,0,0,0,0,54]55
Broadcasting :5.56:1638657276128[0,0,0,0,0,55]56
Broadcasting :5.57:1638657276129[0,0,0,0,0,56]57
Broadcasting :5.58:1638657276132[0,0,0,0,0,57]58
Broadcasting :5.59:1638657276133[0,0,0,0,0,58]59
Broadcasting :5.60:1638657276135[0,0,0,0,0,59]60
Broadcasting :5.61:1638657276136[0,0,0,0,0,60]61
Broadcasting :5.62:1638657276137[0,0,0,0,0,61]62
Broadcasting :5.63:1638657276138[0,0,0,0,0,62]63
Broadcasting :5.64:1638657276139[0,0,0,0,0,63]64
Broadcasting :5.65:1638657276140[0,0,0,0,0,64]65
Broadcasting :5.66:1638657276142[0,0,0,0,0,65]66
Broadcasting :5.67:1638657276143[0,0,0,0,0,66]67
Broadcasting :5.68:1638657276145[0,0,0,0,0,67]68
Broadcasting :5.69:1638657276146[0,0,0,0,0,68]69
Broadcasting :5.70:1638657276148[0,0,0,0,0,69]70
Broadcasting :5.71:1638657276149[0,0,0,0,0,70]71
Broadcasting :5.72:1638657276149[0,0,0,0,0,71]72
Broadcasting :5.73:1638657276151[0,0,0,0,0,72]73
Broadcasting :5.74:1638657276151[0,0,0,0,0,73]74
Broadcasting :5.75:1638657276151[0,0,0,0,0,74]75
Broadcasting :5.76:1638657276151[0,0,0,0,0,75]76
Broadcasting :5.77:1638657276151[0,0,0,0,0,76]77
Broadcasting :5.78:1638657276152[0,0,0,0,0,77]78
Broadcasting :5.79:1638657276152[0,0,0,0,0,78]79
Broadcasting :5.80:1638657276152[0,0,0,0,0,79]80
Broadcasting :5.81:1638657276152[0,0,0,0,0,80]81
Broadcasting :5.82:1638657276153[0,0,0,0,0,81]82
Broadcasting :5.83:1638657276153[0,0,0,0,0,82]83
Broadcasting :5.84:1638657276153[0,0,0,0,0,83]84
Broadcasting :5.85:1638657276153[0,0,0,0,0,84]85
Broadcasting :5.86:1638657276155[0,0,0,0,0,85]86
Broadcasting :5.87:1638657276157[0,0,0,0,0,86]87
Broadcasting :5.88:1638657276158[0,0,0,0,0,87]88
Broadcasting :5.89:1638657276159[0,0,0,0,0,88]89
Broadcasting :5.90:1638657276160[0,0,0,0,0,89]90
Broadcasting :5.91:1638657276161[0,0,0,0,0,90]91
Broadcasting :5.92:1638657276163[0,0,0,0,0,91]92
Broadcasting :5.93:1638657276164[0,0,0,0,0,92]93
Broadcasting :5.94:1638657276165[0,0,0,0,0,93]94
Broadcasting :5.95:1638657276166[0,0,0,0,0,94]95
Broadcasting :5.96:1638657276167[0,0,0,0,0,95]96
Broadcasting :5.97:1638657276169[0,0,0,0,0,96]97
Broadcasting :5.98:1638657276170[0,0,0,0,0,97]98
Broadcasting :5.99:1638657276171[0,0,0,0,0,98]99
Broadcasting :5.100:1638657276172[0,0,0,0,0,99]100
CausalReceived: 5_5.15:1638657276017,[0,0,0,0,0,14]15
MyVectorClock :[0,0,0,0,0,100]
CausalReceived: 5_5.66:1638657276142,[0,0,0,0,0,65]66
MyVectorClock :[0,0,0,0,0,100]
CausalReceived: 5_1.30:1638657275445,[0,29,0,0,0,0]30
MyVectorClock :[0,0,0,0,0,100]
CausalReceived: 3_5.52:1638657276126,[0,0,0,0,0,51]52
MyVectorClock :[0,0,0,0,0,100]
CausalReceived: 5_1.61:1638657275490,[0,60,0,0,0,0]61
MyVectorClock :[0,0,0,0,0,100]
CausalReceived: 5_5.73:1638657276151,[0,0,0,0,0,72]73
MyVectorClock :[0,0,0,0,0,100]
CausalReceived: 5_5.59:1638657276133,[0,0,0,0,0,58]59
MyVectorClock :[0,0,0,0,0,100]
CausalReceived: 1_1.4:1638657275401,[0,3,0,0,0,0]4
MyVectorClock :[0,0,0,0,0,100]
CausalReceived: 5_5.54:1638657276126,[0,0,0,0,0,53]54
MyVectorClock :[0,0,0,0,0,100]
CausalReceived: 3_3.31:1638657275581,[0,0,0,30,0,0]31
MyVectorClock :[0,0,0,0,0,100]
CausalReceived: 3_5.86:1638657276155,[0,0,0,0,0,85]86
MyVectorClock :[0,0,0,0,0,100]
CausalReceived: 1_3.41:1638657275607,[0,0,0,40,0,0]41
MyVectorClock :[0,0,0,0,0,100]
CausalReceived: 5_5.22:1638657276026,[0,0,0,0,0,21]22
MyVectorClock :[0,0,0,0,0,100]
CausalReceived: 5_1.33:1638657275453,[0,32,0,0,0,0]33
MyVectorClock :[0,0,0,0,0,100]
CausalReceived: 2_5.93:1638657276164,[0,0,0,0,0,92]93
MyVectorClock :[0,0,0,0,0,100]
CausalReceived: 5_5.71:1638657276149,[0,0,0,0,0,70]71
MyVectorClock :[0,0,0,0,0,100]
CausalReceived: 2_5.46:1638657276124,[0,0,0,0,0,45]46
MyVectorClock :[0,0,0,0,0,100]
CausalReceived: 3_1.68:1638657275499,[0,67,0,0,0,0]68
MyVectorClock :[0,0,0,0,0,100]
CausalReceived: 2_5.42:1638657276124,[0,0,0,0,0,41]42
MyVectorClock :[0,0,0,0,0,100]
CausalReceived: 1_1.37:1638657275464,[0,36,0,0,0,0]37
MyVectorClock :[0,0,0,0,0,100]
CausalReceived: 5_1.82:1638657275528,[0,81,0,0,0,0]82
MyVectorClock :[0,0,0,0,0,100]
CausalReceived: 5_5.60:1638657276135,[0,0,0,0,0,59]60
MyVectorClock :[0,0,0,0,0,100]
CausalReceived: 2_5.75:1638657276151,[0,0,0,0,0,74]75
MyVectorClock :[0,0,0,0,0,100]
CausalReceived: 2_5.35:1638657276100,[0,0,0,0,0,34]35
MyVectorClock :[0,0,0,0,0,100]
CausalReceived: 1_1.62:1638657275492,[0,61,0,0,0,0]62
MyVectorClock :[0,0,0,0,0,100]
CausalReceived: 3_5.88:1638657276158,[0,0,0,0,0,87]88
MyVectorClock :[0,0,0,0,0,100]
CausalReceived: 1_1.10:1638657275414,[0,9,0,0,0,0]10
MyVectorClock :[0,0,0,0,0,100]
CausalReceived: 3_5.63:1638657276138,[0,0,0,0,0,62]63
MyVectorClock :[0,0,0,0,0,100]
CausalReceived: 3_5.83:1638657276153,[0,0,0,0,0,82]83
MyVectorClock :[0,0,0,0,0,100]
CausalReceived: 1_1.80:1638657275527,[0,79,0,0,0,0]80
MyVectorClock :[0,0,0,0,0,100]
CausalReceived: 3_3.2:1638657275416,[0,0,0,1,0,0]2
MyVectorClock :[0,0,0,0,0,100]
CausalReceived: 3_1.56:1638657275483,[0,55,0,0,0,0]56
MyVectorClock :[0,0,0,0,0,100]
CausalReceived: 5_5.10:1638657276010,[0,0,0,0,0,9]10
MyVectorClock :[0,0,0,0,0,100]
CausalReceived: 3_5.38:1638657276121,[0,0,0,0,0,37]38
MyVectorClock :[0,0,0,0,0,100]
CausalReceived: 1_3.25:1638657275579,[0,0,0,24,0,0]25
MyVectorClock :[0,0,0,0,0,100]
CausalReceived: 3_1.28:1638657275444,[0,27,0,0,0,0]28
MyVectorClock :[0,0,0,0,0,100]
CausalReceived: 1_1.52:1638657275477,[0,51,0,0,0,0]52
MyVectorClock :[0,0,0,0,0,100]
CausalReceived: 3_1.54:1638657275478,[0,53,0,0,0,0]54
MyVectorClock :[0,0,0,0,0,100]
CausalReceived: 1_1.74:1638657275503,[0,73,0,0,0,0]74
MyVectorClock :[0,0,0,0,0,100]
CausalReceived: 3_1.36:1638657275461,[0,35,0,0,0,0]36
MyVectorClock :[0,0,0,0,0,100]
CausalReceived: 2_5.78:1638657276152,[0,0,0,0,0,77]78
MyVectorClock :[0,0,0,0,0,100]
CausalReceived: 1_3.60:1638657275620,[0,0,0,59,0,0]60
MyVectorClock :[0,0,0,0,0,100]
CausalReceived: 2_5.31:1638657276095,[0,0,0,0,0,30]31
MyVectorClock :[0,0,0,0,0,100]
CausalReceived: 2_5.84:1638657276153,[0,0,0,0,0,83]84
MyVectorClock :[0,0,0,0,0,100]
CausalReceived: 5_5.92:1638657276163,[0,0,0,0,0,91]92
MyVectorClock :[0,0,0,0,0,100]
CausalReceived: 5_1.81:1638657275527,[0,80,0,0,0,0]81
MyVectorClock :[0,0,0,0,0,100]
CausalReceived: 5_1.34:1638657275456,[0,33,0,0,0,0]34
MyVectorClock :[0,0,0,0,0,100]
CausalReceived: 5_1.72:1638657275503,[0,71,0,0,0,0]72
MyVectorClock :[0,0,0,0,0,100]
CausalReceived: 2_5.65:1638657276140,[0,0,0,0,0,64]65
MyVectorClock :[0,0,0,0,0,100]
CausalReceived: 2_5.58:1638657276132,[0,0,0,0,0,57]58
MyVectorClock :[0,0,0,0,0,100]
CausalReceived: 5_1.21:1638657275427,[0,20,0,0,0,0]21
MyVectorClock :[0,0,0,0,0,100]
CausalReceived: 3_5.30:1638657276093,[0,0,0,0,0,29]30
MyVectorClock :[0,0,0,0,0,100]
CausalReceived: 3_5.36:1638657276101,[0,0,0,0,0,35]36
MyVectorClock :[0,0,0,0,0,100]
CausalReceived: 3_1.14:1638657275419,[0,13,0,0,0,0]14
MyVectorClock :[0,0,0,0,0,100]
CausalReceived: 3_1.9:1638657275413,[0,8,0,0,0,0]9
MyVectorClock :[0,0,0,0,0,100]
CausalReceived: 1_1.78:1638657275508,[0,77,0,0,0,0]78
MyVectorClock :[0,0,0,0,0,100]
CausalReceived: 1_1.2:1638657275398,[0,1,0,0,0,0]2
MyVectorClock :[0,0,0,0,0,100]
CausalReceived: 5_1.24:1638657275428,[0,23,0,0,0,0]24
MyVectorClock :[0,0,0,0,0,100]
CausalReceived: 3_3.42:1638657275608,[0,0,0,41,0,0]42
MyVectorClock :[0,0,0,0,0,100]
CausalReceived: 1_3.53:1638657275619,[0,0,0,52,0,0]53
MyVectorClock :[0,0,0,0,0,100]
CausalReceived: 2_5.69:1638657276146,[0,0,0,0,0,68]69
MyVectorClock :[0,0,0,0,0,100]
CausalReceived: 3_1.88:1638657275536,[0,87,0,0,0,0]88
MyVectorClock :[0,0,0,0,0,100]
CausalReceived: 5_1.5:1638657275406,[0,4,0,0,0,0]5
MyVectorClock :[0,0,0,0,0,100]
CausalReceived: 2_5.91:1638657276161,[0,0,0,0,0,90]91
MyVectorClock :[0,0,0,0,0,100]
CausalReceived: 1_1.46:1638657275476,[0,45,0,0,0,0]46
MyVectorClock :[0,0,0,0,0,100]
CausalReceived: 5_3.21:1638657275577,[0,0,0,20,0,0]21
MyVectorClock :[0,0,0,0,0,100]
CausalReceived: 1_3.16:1638657275575,[0,0,0,15,0,0]16
MyVectorClock :[0,0,0,0,0,100]
CausalReceived: 2_5.62:1638657276137,[0,0,0,0,0,61]62
MyVectorClock :[0,0,0,0,0,100]
CausalReceived: 3_1.39:1638657275465,[0,38,0,0,0,0]39
MyVectorClock :[0,0,0,0,0,100]
CausalReceived: 2_5.87:1638657276157,[0,0,0,0,0,86]87
MyVectorClock :[0,0,0,0,0,100]
CausalReceived: 2_5.44:1638657276124,[0,0,0,0,0,43]44
MyVectorClock :[0,0,0,0,0,100]
CausalReceived: 1_1.17:1638657275422,[0,16,0,0,0,0]17
MyVectorClock :[0,0,0,0,0,100]
CausalReceived: 1_3.23:1638657275578,[0,0,0,22,0,0]23
MyVectorClock :[0,0,0,0,0,100]
CausalReceived: 1_3.51:1638657275618,[0,0,0,50,0,0]51
MyVectorClock :[0,0,0,0,0,100]
CausalReceived: 3_1.77:1638657275507,[0,76,0,0,0,0]77
MyVectorClock :[0,0,0,0,0,100]
CausalReceived: 5_5.19:1638657276022,[0,0,0,0,0,18]19
MyVectorClock :[0,0,0,0,0,100]
CausalReceived: 3_5.77:1638657276151,[0,0,0,0,0,76]77
MyVectorClock :[0,0,0,0,0,100]
CausalReceived: 2_5.39:1638657276122,[0,0,0,0,0,38]39
MyVectorClock :[0,0,0,0,0,100]
CausalReceived: 3_1.55:1638657275481,[0,54,0,0,0,0]55
MyVectorClock :[0,0,0,0,0,100]
CausalReceived: 2_5.37:1638657276102,[0,0,0,0,0,36]37
MyVectorClock :[0,0,0,0,0,100]
CausalReceived: 5_3.20:1638657275576,[0,0,0,19,0,0]20
MyVectorClock :[0,0,0,0,0,100]
CausalReceived: 5_5.27:1638657276076,[0,0,0,0,0,26]27
MyVectorClock :[0,0,0,0,0,100]
CausalReceived: 5_3.11:1638657275573,[0,0,0,10,0,0]11
MyVectorClock :[0,0,0,0,0,100]
CausalReceived: 2_5.90:1638657276160,[0,0,0,0,0,89]90
MyVectorClock :[0,0,0,0,0,100]
CausalReceived: 3_1.41:1638657275469,[0,40,0,0,0,0]41
MyVectorClock :[0,0,0,0,0,100]
CausalReceived: 3_1.19:1638657275424,[0,18,0,0,0,0]19
MyVectorClock :[0,0,0,0,0,100]
CausalReceived: 3_5.49:1638657276125,[0,0,0,0,0,48]49
MyVectorClock :[0,0,0,0,0,100]
CausalReceived: 5_5.28:1638657276079,[0,0,0,0,0,27]28
MyVectorClock :[0,0,0,0,0,100]
CausalReceived: 3_1.66:1638657275494,[0,65,0,0,0,0]66
MyVectorClock :[0,0,0,0,0,100]
CausalReceived: 2_5.67:1638657276143,[0,0,0,0,0,66]67
MyVectorClock :[0,0,0,0,0,100]
CausalReceived: 3_1.57:1638657275483,[0,56,0,0,0,0]57
MyVectorClock :[0,0,0,0,0,100]
CausalReceived: 3_5.26:1638657276074,[0,0,0,0,0,25]26
MyVectorClock :[0,0,0,0,0,100]
CausalReceived: 3_1.44:1638657275474,[0,43,0,0,0,0]44
MyVectorClock :[0,0,0,0,0,100]
CausalReceived: 3_1.12:1638657275418,[0,11,0,0,0,0]12
MyVectorClock :[0,0,0,0,0,100]
CausalReceived: 5_1.26:1638657275433,[0,25,0,0,0,0]26
MyVectorClock :[0,0,0,0,0,100]
CausalReceived: 3_5.12:1638657276013,[0,0,0,0,0,11]12
MyVectorClock :[0,0,0,0,0,100]
CausalReceived: 1_1.15:1638657275420,[0,14,0,0,0,0]15
MyVectorClock :[0,0,0,0,0,100]
CausalReceived: 5_5.51:1638657276126,[0,0,0,0,0,50]51
MyVectorClock :[0,0,0,0,0,100]
CausalReceived: 5_5.11:1638657276012,[0,0,0,0,0,10]11
MyVectorClock :[0,0,0,0,0,100]
CausalReceived: 5_1.67:1638657275495,[0,66,0,0,0,0]67
MyVectorClock :[0,0,0,0,0,100]
CausalReceived: 5_5.99:1638657276171,[0,0,0,0,0,98]99
MyVectorClock :[0,0,0,0,0,100]
CausalReceived: 5_1.50:1638657275477,[0,49,0,0,0,0]50
MyVectorClock :[0,0,0,0,0,100]
CausalReceived: 5_1.40:1638657275466,[0,39,0,0,0,0]40
MyVectorClock :[0,0,0,0,0,100]
CausalReceived: 3_5.33:1638657276097,[0,0,0,0,0,32]33
MyVectorClock :[0,0,0,0,0,100]
CausalReceived: 1_3.73:1638657275624,[0,0,0,72,0,0]73
MyVectorClock :[0,0,0,0,0,100]
CausalReceived: 5_5.53:1638657276126,[0,0,0,0,0,52]53
MyVectorClock :[0,0,0,0,0,100]
CausalReceived: 3_5.6:1638657275999,[0,0,0,0,0,5]6
MyVectorClock :[0,0,0,0,0,100]
CausalReceived: 3_5.29:1638657276080,[0,0,0,0,0,28]29
MyVectorClock :[0,0,0,0,0,100]
CausalReceived: 5_1.22:1638657275428,[0,21,0,0,0,0]22
MyVectorClock :[0,0,0,0,0,100]
CausalReceived: 3_1.42:1638657275472,[0,41,0,0,0,0]42
MyVectorClock :[0,0,0,0,0,100]
CausalReceived: 3_1.29:1638657275444,[0,28,0,0,0,0]29
MyVectorClock :[0,0,0,0,0,100]
CausalReceived: 5_5.74:1638657276151,[0,0,0,0,0,73]74
MyVectorClock :[0,0,0,0,0,100]
CausalReceived: 5_5.76:1638657276151,[0,0,0,0,0,75]76
MyVectorClock :[0,0,0,0,0,100]
CausalReceived: 5_3.10:1638657275572,[0,0,0,9,0,0]10
MyVectorClock :[0,0,0,0,0,100]
CausalReceived: 1_1.1:1638657275332,[0,0,0,0,0,0]1
MyVectorClock :[0,0,0,0,0,100]
MyVectorClock :[0,0,0,0,0,100]
Delivers rawData: 1_1.1:1638657275332,[0,0,0,0,0,0]1
MyVectorClock :[0,1,0,0,0,100]
Delivers rawData: 1_1.2:1638657275398,[0,1,0,0,0,0]2
CausalReceived: 1_1.3:1638657275399,[0,2,0,0,0,0]3
MyVectorClock :[0,2,0,0,0,100]
MyVectorClock :[0,2,0,0,0,100]
Delivers rawData: 1_1.3:1638657275399,[0,2,0,0,0,0]3
MyVectorClock :[0,3,0,0,0,100]
Delivers rawData: 1_1.4:1638657275401,[0,3,0,0,0,0]4
MyVectorClock :[0,4,0,0,0,100]
Delivers rawData: 5_1.5:1638657275406,[0,4,0,0,0,0]5
CausalReceived: 3_1.76:1638657275506,[0,75,0,0,0,0]76
MyVectorClock :[0,5,0,0,0,100]
CausalReceived: 1_1.73:1638657275503,[0,72,0,0,0,0]73
MyVectorClock :[0,5,0,0,0,100]
CausalReceived: 5_5.80:1638657276152,[0,0,0,0,0,79]80
MyVectorClock :[0,5,0,0,0,100]
CausalReceived: 3_5.2:1638657275992,[0,0,0,0,0,1]2
MyVectorClock :[0,5,0,0,0,100]
CausalReceived: 1_1.79:1638657275526,[0,78,0,0,0,0]79
MyVectorClock :[0,5,0,0,0,100]
CausalReceived: 5_1.13:1638657275419,[0,12,0,0,0,0]13
MyVectorClock :[0,5,0,0,0,100]
CausalReceived: 1_1.59:1638657275485,[0,58,0,0,0,0]59
MyVectorClock :[0,5,0,0,0,100]
CausalReceived: 5_4.55:1638657278613,[0,0,0,0,54,0]55
MyVectorClock :[0,5,0,0,0,100]
CausalReceived: 1_1.83:1638657275534,[0,82,0,0,0,0]83
MyVectorClock :[0,5,0,0,0,100]
CausalReceived: 2_5.56:1638657276128,[0,0,0,0,0,55]56
MyVectorClock :[0,5,0,0,0,100]
CausalReceived: 1_1.69:1638657275500,[0,68,0,0,0,0]69
MyVectorClock :[0,5,0,0,0,100]
CausalReceived: 5_1.6:1638657275409,[0,5,0,0,0,0]6
MyVectorClock :[0,5,0,0,0,100]
MyVectorClock :[0,5,0,0,0,100]
Delivers rawData: 5_1.6:1638657275409,[0,5,0,0,0,0]6
CausalReceived: 3_1.63:1638657275493,[0,62,0,0,0,0]63
MyVectorClock :[0,6,0,0,0,100]
CausalReceived: 5_1.7:1638657275409,[0,6,0,0,0,0]7
MyVectorClock :[0,6,0,0,0,100]
MyVectorClock :[0,6,0,0,0,100]
Delivers rawData: 5_1.7:1638657275409,[0,6,0,0,0,0]7
CausalReceived: 3_5.57:1638657276129,[0,0,0,0,0,56]57
MyVectorClock :[0,7,0,0,0,100]
CausalReceived: 5_1.49:1638657275477,[0,48,0,0,0,0]49
MyVectorClock :[0,7,0,0,0,100]
CausalReceived: 2_5.48:1638657276125,[0,0,0,0,0,47]48
MyVectorClock :[0,7,0,0,0,100]
CausalReceived: 3_5.17:1638657276019,[0,0,0,0,0,16]17
MyVectorClock :[0,7,0,0,0,100]
CausalReceived: 5_1.32:1638657275452,[0,31,0,0,0,0]32
MyVectorClock :[0,7,0,0,0,100]
CausalReceived: 2_5.43:1638657276124,[0,0,0,0,0,42]43
MyVectorClock :[0,7,0,0,0,100]
CausalReceived: 5_5.1:1638657275957,[0,0,0,0,0,0]1
MyVectorClock :[0,7,0,0,0,100]
CausalReceived: 2_5.3:1638657275994,[0,0,0,0,0,2]3
MyVectorClock :[0,7,0,0,0,100]
CausalReceived: 2_5.89:1638657276159,[0,0,0,0,0,88]89
MyVectorClock :[0,7,0,0,0,100]
CausalReceived: 1_3.34:1638657275582,[0,0,0,33,0,0]34
MyVectorClock :[0,7,0,0,0,100]
CausalReceived: 3_5.45:1638657276124,[0,0,0,0,0,44]45
MyVectorClock :[0,7,0,0,0,100]
CausalReceived: 2_5.64:1638657276139,[0,0,0,0,0,63]64
MyVectorClock :[0,7,0,0,0,100]
CausalReceived: 3_5.72:1638657276149,[0,0,0,0,0,71]72
MyVectorClock :[0,7,0,0,0,100]
CausalReceived: 3_5.41:1638657276123,[0,0,0,0,0,40]41
MyVectorClock :[0,7,0,0,0,100]
CausalReceived: 3_3.48:1638657275611,[0,0,0,47,0,0]48
MyVectorClock :[0,7,0,0,0,100]
CausalReceived: 5_1.71:1638657275502,[0,70,0,0,0,0]71
MyVectorClock :[0,7,0,0,0,100]
CausalReceived: 1_3.5:1638657275569,[0,0,0,4,0,0]5
MyVectorClock :[0,7,0,0,0,100]
CausalReceived: 3_1.65:1638657275494,[0,64,0,0,0,0]65
MyVectorClock :[0,7,0,0,0,100]
CausalReceived: 1_1.53:1638657275477,[0,52,0,0,0,0]53
MyVectorClock :[0,7,0,0,0,100]
CausalReceived: 1_3.6:1638657275570,[0,0,0,5,0,0]6
MyVectorClock :[0,7,0,0,0,100]
CausalReceived: 3_1.48:1638657275476,[0,47,0,0,0,0]48
MyVectorClock :[0,7,0,0,0,100]
CausalReceived: 3_5.97:1638657276169,[0,0,0,0,0,96]97
MyVectorClock :[0,7,0,0,0,100]
CausalReceived: 3_1.89:1638657275537,[0,88,0,0,0,0]89
MyVectorClock :[0,7,0,0,0,100]
CausalReceived: 1_1.94:1638657275538,[0,93,0,0,0,0]94
MyVectorClock :[0,7,0,0,0,100]
CausalReceived: 3_1.16:1638657275422,[0,15,0,0,0,0]16
MyVectorClock :[0,7,0,0,0,100]
CausalReceived: 5_5.79:1638657276152,[0,0,0,0,0,78]79
MyVectorClock :[0,7,0,0,0,100]
CausalReceived: 5_3.66:1638657275622,[0,0,0,65,0,0]66
MyVectorClock :[0,7,0,0,0,100]
CausalReceived: 3_5.94:1638657276165,[0,0,0,0,0,93]94
MyVectorClock :[0,7,0,0,0,100]
CausalReceived: 1_3.1:1638657275339,[0,0,0,0,0,0]1
MyVectorClock :[0,7,0,0,0,100]
MyVectorClock :[0,7,0,0,0,100]
Delivers rawData: 1_3.1:1638657275339,[0,0,0,0,0,0]1
MyVectorClock :[0,7,0,1,0,100]
Delivers rawData: 3_3.2:1638657275416,[0,0,0,1,0,0]2
CausalReceived: 1_1.27:1638657275442,[0,26,0,0,0,0]27
MyVectorClock :[0,7,0,2,0,100]
CausalReceived: 3_3.62:1638657275621,[0,0,0,61,0,0]62
MyVectorClock :[0,7,0,2,0,100]
CausalReceived: 5_1.25:1638657275429,[0,24,0,0,0,0]25
MyVectorClock :[0,7,0,2,0,100]
CausalReceived: 5_5.61:1638657276136,[0,0,0,0,0,60]61
MyVectorClock :[0,7,0,2,0,100]
CausalReceived: 5_5.16:1638657276018,[0,0,0,0,0,15]16
MyVectorClock :[0,7,0,2,0,100]
CausalReceived: 2_5.98:1638657276170,[0,0,0,0,0,97]98
MyVectorClock :[0,7,0,2,0,100]
CausalReceived: 5_5.40:1638657276123,[0,0,0,0,0,39]40
MyVectorClock :[0,7,0,2,0,100]
CausalReceived: 5_5.25:1638657276072,[0,0,0,0,0,24]25
MyVectorClock :[0,7,0,2,0,100]
CausalReceived: 3_1.75:1638657275505,[0,74,0,0,0,0]75
MyVectorClock :[0,7,0,2,0,100]
CausalReceived: 3_1.23:1638657275428,[0,22,0,0,0,0]23
MyVectorClock :[0,7,0,2,0,100]
CausalReceived: 3_1.58:1638657275484,[0,57,0,0,0,0]58
MyVectorClock :[0,7,0,2,0,100]
CausalReceived: 1_1.64:1638657275494,[0,63,0,0,0,0]64
MyVectorClock :[0,7,0,2,0,100]
CausalReceived: 5_5.32:1638657276096,[0,0,0,0,0,31]32
MyVectorClock :[0,7,0,2,0,100]
CausalReceived: 3_5.23:1638657276044,[0,0,0,0,0,22]23
MyVectorClock :[0,7,0,2,0,100]
CausalReceived: 1_1.38:1638657275465,[0,37,0,0,0,0]38
MyVectorClock :[0,7,0,2,0,100]
CausalReceived: 1_1.31:1638657275449,[0,30,0,0,0,0]31
MyVectorClock :[0,7,0,2,0,100]
CausalReceived: 2_5.4:1638657275996,[0,0,0,0,0,3]4
MyVectorClock :[0,7,0,2,0,100]
CausalReceived: 3_1.8:1638657275412,[0,7,0,0,0,0]8
MyVectorClock :[0,7,0,2,0,100]
MyVectorClock :[0,7,0,2,0,100]
Delivers rawData: 3_1.8:1638657275412,[0,7,0,0,0,0]8
MyVectorClock :[0,8,0,2,0,100]
Delivers rawData: 3_1.9:1638657275413,[0,8,0,0,0,0]9
MyVectorClock :[0,9,0,2,0,100]
Delivers rawData: 1_1.10:1638657275414,[0,9,0,0,0,0]10
CausalReceived: 3_1.20:1638657275426,[0,19,0,0,0,0]20
MyVectorClock :[0,10,0,2,0,100]
CausalReceived: 3_5.21:1638657276024,[0,0,0,0,0,20]21
MyVectorClock :[0,10,0,2,0,100]
CausalReceived: 2_5.18:1638657276021,[0,0,0,0,0,17]18
MyVectorClock :[0,10,0,2,0,100]
CausalReceived: 5_1.95:1638657275538,[0,94,0,0,0,0]95
MyVectorClock :[0,10,0,2,0,100]
CausalReceived: 5_1.47:1638657275476,[0,46,0,0,0,0]47
MyVectorClock :[0,10,0,2,0,100]
CausalReceived: 3_1.11:1638657275417,[0,10,0,0,0,0]11
MyVectorClock :[0,10,0,2,0,100]
MyVectorClock :[0,10,0,2,0,100]
Delivers rawData: 3_1.11:1638657275417,[0,10,0,0,0,0]11
MyVectorClock :[0,11,0,2,0,100]
Delivers rawData: 3_1.12:1638657275418,[0,11,0,0,0,0]12
MyVectorClock :[0,12,0,2,0,100]
Delivers rawData: 5_1.13:1638657275419,[0,12,0,0,0,0]13
MyVectorClock :[0,13,0,2,0,100]
Delivers rawData: 3_1.14:1638657275419,[0,13,0,0,0,0]14
MyVectorClock :[0,14,0,2,0,100]
Delivers rawData: 1_1.15:1638657275420,[0,14,0,0,0,0]15
MyVectorClock :[0,15,0,2,0,100]
Delivers rawData: 3_1.16:1638657275422,[0,15,0,0,0,0]16
MyVectorClock :[0,16,0,2,0,100]
Delivers rawData: 1_1.17:1638657275422,[0,16,0,0,0,0]17
CausalReceived: 2_5.8:1638657276007,[0,0,0,0,0,7]8
MyVectorClock :[0,17,0,2,0,100]
CausalReceived: 5_1.92:1638657275538,[0,91,0,0,0,0]92
MyVectorClock :[0,17,0,2,0,100]
CausalReceived: 2_5.13:1638657276014,[0,0,0,0,0,12]13
MyVectorClock :[0,17,0,2,0,100]
CausalReceived: 5_5.81:1638657276152,[0,0,0,0,0,80]81
MyVectorClock :[0,17,0,2,0,100]
CausalReceived: 5_5.5:1638657275997,[0,0,0,0,0,4]5
MyVectorClock :[0,17,0,2,0,100]
CausalReceived: 5_5.50:1638657276125,[0,0,0,0,0,49]50
MyVectorClock :[0,17,0,2,0,100]
CausalReceived: 5_1.45:1638657275475,[0,44,0,0,0,0]45
MyVectorClock :[0,17,0,2,0,100]
CausalReceived: 5_1.51:1638657275477,[0,50,0,0,0,0]51
MyVectorClock :[0,17,0,2,0,100]
CausalReceived: 5_1.91:1638657275537,[0,90,0,0,0,0]91
MyVectorClock :[0,17,0,2,0,100]
CausalReceived: 5_4.59:1638657278621,[0,0,0,0,58,0]59
MyVectorClock :[0,17,0,2,0,100]
CausalReceived: 5_1.99:1638657275540,[0,98,0,0,0,0]99
MyVectorClock :[0,17,0,2,0,100]
CausalReceived: 5_4.36:1638657278602,[0,0,0,0,35,0]36
MyVectorClock :[0,17,0,2,0,100]
CausalReceived: 1_1.98:1638657275539,[0,97,0,0,0,0]98
MyVectorClock :[0,17,0,2,0,100]
CausalReceived: 4_4.28:1638657278598,[0,0,0,0,27,0]28
MyVectorClock :[0,17,0,2,0,100]
CausalReceived: 4_4.5:1638657278586,[0,0,0,0,4,0]5
MyVectorClock :[0,17,0,2,0,100]
CausalReceived: 4_4.90:1638657278638,[0,0,0,0,89,0]90
MyVectorClock :[0,17,0,2,0,100]
CausalReceived: 4_4.45:1638657278610,[0,0,0,0,44,0]45
MyVectorClock :[0,17,0,2,0,100]
CausalReceived: 3_4.44:1638657278610,[0,0,0,0,43,0]44
MyVectorClock :[0,17,0,2,0,100]
CausalReceived: 5_4.38:1638657278607,[0,0,0,0,37,0]38
MyVectorClock :[0,17,0,2,0,100]
CausalReceived: 3_4.91:1638657278638,[0,0,0,0,90,0]91
MyVectorClock :[0,17,0,2,0,100]
CausalReceived: 3_4.92:1638657278638,[0,0,0,0,91,0]92
MyVectorClock :[0,17,0,2,0,100]
CausalReceived: 3_4.53:1638657278613,[0,0,0,0,52,0]53
MyVectorClock :[0,17,0,2,0,100]
CausalReceived: 3_4.64:1638657278626,[0,0,0,0,63,0]64
MyVectorClock :[0,17,0,2,0,100]
CausalReceived: 5_4.21:1638657278595,[0,0,0,0,20,0]21
MyVectorClock :[0,17,0,2,0,100]
CausalReceived: 5_4.1:1638657278518,[0,0,0,0,0,0]1
MyVectorClock :[0,17,0,2,0,100]
MyVectorClock :[0,17,0,2,0,100]
Delivers rawData: 5_4.1:1638657278518,[0,0,0,0,0,0]1
CausalReceived: 3_4.46:1638657278610,[0,0,0,0,45,0]46
MyVectorClock :[0,17,0,2,1,100]
CausalReceived: 3_4.43:1638657278610,[0,0,0,0,42,0]43
MyVectorClock :[0,17,0,2,1,100]
CausalReceived: 4_4.54:1638657278613,[0,0,0,0,53,0]54
MyVectorClock :[0,17,0,2,1,100]
CausalReceived: 3_4.27:1638657278598,[0,0,0,0,26,0]27
MyVectorClock :[0,17,0,2,1,100]
CausalReceived: 3_4.19:1638657278595,[0,0,0,0,18,0]19
MyVectorClock :[0,17,0,2,1,100]
CausalReceived: 4_4.22:1638657278596,[0,0,0,0,21,0]22
MyVectorClock :[0,17,0,2,1,100]
CausalReceived: 5_4.15:1638657278593,[0,0,0,0,14,0]15
MyVectorClock :[0,17,0,2,1,100]
CausalReceived: 4_4.58:1638657278620,[0,0,0,0,57,0]58
MyVectorClock :[0,17,0,2,1,100]
CausalReceived: 3_4.11:1638657278592,[0,0,0,0,10,0]11
MyVectorClock :[0,17,0,2,1,100]
CausalReceived: 3_4.23:1638657278596,[0,0,0,0,22,0]23
MyVectorClock :[0,17,0,2,1,100]
CausalReceived: 3_4.70:1638657278628,[0,0,0,0,69,0]70
MyVectorClock :[0,17,0,2,1,100]
CausalReceived: 3_4.89:1638657278637,[0,0,0,0,88,0]89
MyVectorClock :[0,17,0,2,1,100]
CausalReceived: 4_4.52:1638657278612,[0,0,0,0,51,0]52
MyVectorClock :[0,17,0,2,1,100]
CausalReceived: 5_4.51:1638657278612,[0,0,0,0,50,0]51
MyVectorClock :[0,17,0,2,1,100]
CausalReceived: 5_4.7:1638657278591,[0,0,0,0,6,0]7
MyVectorClock :[0,17,0,2,1,100]
CausalReceived: 4_4.88:1638657278637,[0,0,0,0,87,0]88
MyVectorClock :[0,17,0,2,1,100]
CausalReceived: 3_4.79:1638657278631,[0,0,0,0,78,0]79
MyVectorClock :[0,17,0,2,1,100]
CausalReceived: 3_4.14:1638657278593,[0,0,0,0,13,0]14
MyVectorClock :[0,17,0,2,1,100]
CausalReceived: 3_4.18:1638657278594,[0,0,0,0,17,0]18
MyVectorClock :[0,17,0,2,1,100]
CausalReceived: 5_4.4:1638657278584,[0,0,0,0,3,0]4
MyVectorClock :[0,17,0,2,1,100]
CausalReceived: 4_4.31:1638657278600,[0,0,0,0,30,0]31
MyVectorClock :[0,17,0,2,1,100]
CausalReceived: 4_4.35:1638657278601,[0,0,0,0,34,0]35
MyVectorClock :[0,17,0,2,1,100]
CausalReceived: 3_4.26:1638657278598,[0,0,0,0,25,0]26
MyVectorClock :[0,17,0,2,1,100]
CausalReceived: 3_4.3:1638657278580,[0,0,0,0,2,0]3
MyVectorClock :[0,17,0,2,1,100]
CausalReceived: 3_4.62:1638657278623,[0,0,0,0,61,0]62
MyVectorClock :[0,17,0,2,1,100]
CausalReceived: 4_4.13:1638657278593,[0,0,0,0,12,0]13
MyVectorClock :[0,17,0,2,1,100]
CausalReceived: 3_4.32:1638657278600,[0,0,0,0,31,0]32
MyVectorClock :[0,17,0,2,1,100]
CausalReceived: 3_4.17:1638657278594,[0,0,0,0,16,0]17
MyVectorClock :[0,17,0,2,1,100]
CausalReceived: 5_4.29:1638657278599,[0,0,0,0,28,0]29
MyVectorClock :[0,17,0,2,1,100]
CausalReceived: 5_1.18:1638657275423,[0,17,0,0,0,0]18
MyVectorClock :[0,17,0,2,1,100]
MyVectorClock :[0,17,0,2,1,100]
Delivers rawData: 5_1.18:1638657275423,[0,17,0,0,0,0]18
MyVectorClock :[0,18,0,2,1,100]
Delivers rawData: 3_1.19:1638657275424,[0,18,0,0,0,0]19
MyVectorClock :[0,19,0,2,1,100]
Delivers rawData: 3_1.20:1638657275426,[0,19,0,0,0,0]20
MyVectorClock :[0,20,0,2,1,100]
Delivers rawData: 5_1.21:1638657275427,[0,20,0,0,0,0]21
MyVectorClock :[0,21,0,2,1,100]
Delivers rawData: 5_1.22:1638657275428,[0,21,0,0,0,0]22
MyVectorClock :[0,22,0,2,1,100]
Delivers rawData: 3_1.23:1638657275428,[0,22,0,0,0,0]23
MyVectorClock :[0,23,0,2,1,100]
Delivers rawData: 5_1.24:1638657275428,[0,23,0,0,0,0]24
MyVectorClock :[0,24,0,2,1,100]
Delivers rawData: 5_1.25:1638657275429,[0,24,0,0,0,0]25
MyVectorClock :[0,25,0,2,1,100]
Delivers rawData: 5_1.26:1638657275433,[0,25,0,0,0,0]26
MyVectorClock :[0,26,0,2,1,100]
Delivers rawData: 1_1.27:1638657275442,[0,26,0,0,0,0]27
MyVectorClock :[0,27,0,2,1,100]
Delivers rawData: 3_1.28:1638657275444,[0,27,0,0,0,0]28
MyVectorClock :[0,28,0,2,1,100]
Delivers rawData: 3_1.29:1638657275444,[0,28,0,0,0,0]29
MyVectorClock :[0,29,0,2,1,100]
Delivers rawData: 5_1.30:1638657275445,[0,29,0,0,0,0]30
MyVectorClock :[0,30,0,2,1,100]
Delivers rawData: 1_1.31:1638657275449,[0,30,0,0,0,0]31
MyVectorClock :[0,31,0,2,1,100]
Delivers rawData: 5_1.32:1638657275452,[0,31,0,0,0,0]32
MyVectorClock :[0,32,0,2,1,100]
Delivers rawData: 5_1.33:1638657275453,[0,32,0,0,0,0]33
MyVectorClock :[0,33,0,2,1,100]
Delivers rawData: 5_1.34:1638657275456,[0,33,0,0,0,0]34
CausalReceived: 5_3.30:1638657275581,[0,0,0,29,0,0]30
MyVectorClock :[0,34,0,2,1,100]
CausalReceived: 1_1.43:1638657275473,[0,42,0,0,0,0]43
MyVectorClock :[0,34,0,2,1,100]
CausalReceived: 5_5.68:1638657276145,[0,0,0,0,0,67]68
MyVectorClock :[0,34,0,2,1,100]
CausalReceived: 5_1.60:1638657275486,[0,59,0,0,0,0]60
MyVectorClock :[0,34,0,2,1,100]
CausalReceived: 5_3.24:1638657275579,[0,0,0,23,0,0]24
MyVectorClock :[0,34,0,2,1,100]
CausalReceived: 4_4.24:1638657278597,[0,0,0,0,23,0]24
MyVectorClock :[0,34,0,2,1,100]
CausalReceived: 5_4.16:1638657278594,[0,0,0,0,15,0]16
MyVectorClock :[0,34,0,2,1,100]
CausalReceived: 3_1.100:1638657275541,[0,99,0,0,0,0]100
MyVectorClock :[0,34,0,2,1,100]
CausalReceived: 3_4.68:1638657278627,[0,0,0,0,67,0]68
MyVectorClock :[0,34,0,2,1,100]
CausalReceived: 4_4.49:1638657278611,[0,0,0,0,48,0]49
MyVectorClock :[0,34,0,2,1,100]
CausalReceived: 3_4.48:1638657278611,[0,0,0,0,47,0]48
MyVectorClock :[0,34,0,2,1,100]
CausalReceived: 1_1.93:1638657275538,[0,92,0,0,0,0]93
MyVectorClock :[0,34,0,2,1,100]
CausalReceived: 4_4.37:1638657278605,[0,0,0,0,36,0]37
MyVectorClock :[0,34,0,2,1,100]
CausalReceived: 3_4.42:1638657278609,[0,0,0,0,41,0]42
MyVectorClock :[0,34,0,2,1,100]
CausalReceived: 3_4.8:1638657278591,[0,0,0,0,7,0]8
MyVectorClock :[0,34,0,2,1,100]
CausalReceived: 5_4.9:1638657278591,[0,0,0,0,8,0]9
MyVectorClock :[0,34,0,2,1,100]
CausalReceived: 4_4.47:1638657278611,[0,0,0,0,46,0]47
MyVectorClock :[0,34,0,2,1,100]
CausalReceived: 3_4.33:1638657278600,[0,0,0,0,32,0]33
MyVectorClock :[0,34,0,2,1,100]
CausalReceived: 3_4.6:1638657278590,[0,0,0,0,5,0]6
MyVectorClock :[0,34,0,2,1,100]
CausalReceived: 5_1.70:1638657275501,[0,69,0,0,0,0]70
MyVectorClock :[0,34,0,2,1,100]
CausalReceived: 4_4.67:1638657278627,[0,0,0,0,66,0]67
MyVectorClock :[0,34,0,2,1,100]
CausalReceived: 1_4.25:1638657278597,[0,0,0,0,24,0]25
MyVectorClock :[0,34,0,2,1,100]
CausalReceived: 4_4.56:1638657278614,[0,0,0,0,55,0]56
MyVectorClock :[0,34,0,2,1,100]
CausalReceived: 1_4.34:1638657278601,[0,0,0,0,33,0]34
MyVectorClock :[0,34,0,2,1,100]
CausalReceived: 4_4.10:1638657278592,[0,0,0,0,9,0]10
MyVectorClock :[0,34,0,2,1,100]
CausalReceived: 1_4.80:1638657278631,[0,0,0,0,79,0]80
MyVectorClock :[0,34,0,2,1,100]
CausalReceived: 1_4.71:1638657278628,[0,0,0,0,70,0]71
MyVectorClock :[0,34,0,2,1,100]
CausalReceived: 1_4.93:1638657278639,[0,0,0,0,92,0]93
MyVectorClock :[0,34,0,2,1,100]
CausalReceived: 1_4.75:1638657278629,[0,0,0,0,74,0]75
MyVectorClock :[0,34,0,2,1,100]
CausalReceived: 1_4.30:1638657278599,[0,0,0,0,29,0]30
MyVectorClock :[0,34,0,2,1,100]
CausalReceived: 1_4.41:1638657278609,[0,0,0,0,40,0]41
MyVectorClock :[0,34,0,2,1,100]
CausalReceived: 4_4.40:1638657278609,[0,0,0,0,39,0]40
MyVectorClock :[0,34,0,2,1,100]
CausalReceived: 5_4.57:1638657278616,[0,0,0,0,56,0]57
MyVectorClock :[0,34,0,2,1,100]
CausalReceived: 1_4.50:1638657278612,[0,0,0,0,49,0]50
MyVectorClock :[0,34,0,2,1,100]
CausalReceived: 4_4.74:1638657278629,[0,0,0,0,73,0]74
MyVectorClock :[0,34,0,2,1,100]
CausalReceived: 5_4.61:1638657278622,[0,0,0,0,60,0]61
MyVectorClock :[0,34,0,2,1,100]
CausalReceived: 1_4.20:1638657278595,[0,0,0,0,19,0]20
MyVectorClock :[0,34,0,2,1,100]
CausalReceived: 1_4.69:1638657278627,[0,0,0,0,68,0]69
MyVectorClock :[0,34,0,2,1,100]
CausalReceived: 5_4.66:1638657278627,[0,0,0,0,65,0]66
MyVectorClock :[0,34,0,2,1,100]
CausalReceived: 4_4.81:1638657278631,[0,0,0,0,80,0]81
MyVectorClock :[0,34,0,2,1,100]
CausalReceived: 4_4.2:1638657278578,[0,0,0,0,1,0]2
MyVectorClock :[0,34,0,2,1,100]
MyVectorClock :[0,34,0,2,1,100]
Delivers rawData: 4_4.2:1638657278578,[0,0,0,0,1,0]2
MyVectorClock :[0,34,0,2,2,100]
Delivers rawData: 3_4.3:1638657278580,[0,0,0,0,2,0]3
MyVectorClock :[0,34,0,2,3,100]
Delivers rawData: 5_4.4:1638657278584,[0,0,0,0,3,0]4
MyVectorClock :[0,34,0,2,4,100]
Delivers rawData: 4_4.5:1638657278586,[0,0,0,0,4,0]5
MyVectorClock :[0,34,0,2,5,100]
Delivers rawData: 3_4.6:1638657278590,[0,0,0,0,5,0]6
MyVectorClock :[0,34,0,2,6,100]
Delivers rawData: 5_4.7:1638657278591,[0,0,0,0,6,0]7
MyVectorClock :[0,34,0,2,7,100]
Delivers rawData: 3_4.8:1638657278591,[0,0,0,0,7,0]8
MyVectorClock :[0,34,0,2,8,100]
Delivers rawData: 5_4.9:1638657278591,[0,0,0,0,8,0]9
MyVectorClock :[0,34,0,2,9,100]
Delivers rawData: 4_4.10:1638657278592,[0,0,0,0,9,0]10
MyVectorClock :[0,34,0,2,10,100]
Delivers rawData: 3_4.11:1638657278592,[0,0,0,0,10,0]11
CausalReceived: 4_4.85:1638657278637,[0,0,0,0,84,0]85
MyVectorClock :[0,34,0,2,11,100]
CausalReceived: 4_4.12:1638657278592,[0,0,0,0,11,0]12
MyVectorClock :[0,34,0,2,11,100]
MyVectorClock :[0,34,0,2,11,100]
Delivers rawData: 4_4.12:1638657278592,[0,0,0,0,11,0]12
MyVectorClock :[0,34,0,2,12,100]
Delivers rawData: 4_4.13:1638657278593,[0,0,0,0,12,0]13
MyVectorClock :[0,34,0,2,13,100]
Delivers rawData: 3_4.14:1638657278593,[0,0,0,0,13,0]14
MyVectorClock :[0,34,0,2,14,100]
Delivers rawData: 5_4.15:1638657278593,[0,0,0,0,14,0]15
MyVectorClock :[0,34,0,2,15,100]
Delivers rawData: 5_4.16:1638657278594,[0,0,0,0,15,0]16
MyVectorClock :[0,34,0,2,16,100]
Delivers rawData: 3_4.17:1638657278594,[0,0,0,0,16,0]17
MyVectorClock :[0,34,0,2,17,100]
Delivers rawData: 3_4.18:1638657278594,[0,0,0,0,17,0]18
MyVectorClock :[0,34,0,2,18,100]
Delivers rawData: 3_4.19:1638657278595,[0,0,0,0,18,0]19
MyVectorClock :[0,34,0,2,19,100]
Delivers rawData: 1_4.20:1638657278595,[0,0,0,0,19,0]20
MyVectorClock :[0,34,0,2,20,100]
Delivers rawData: 5_4.21:1638657278595,[0,0,0,0,20,0]21
MyVectorClock :[0,34,0,2,21,100]
Delivers rawData: 4_4.22:1638657278596,[0,0,0,0,21,0]22
MyVectorClock :[0,34,0,2,22,100]
Delivers rawData: 3_4.23:1638657278596,[0,0,0,0,22,0]23
MyVectorClock :[0,34,0,2,23,100]
Delivers rawData: 4_4.24:1638657278597,[0,0,0,0,23,0]24
MyVectorClock :[0,34,0,2,24,100]
Delivers rawData: 1_4.25:1638657278597,[0,0,0,0,24,0]25
MyVectorClock :[0,34,0,2,25,100]
Delivers rawData: 3_4.26:1638657278598,[0,0,0,0,25,0]26
MyVectorClock :[0,34,0,2,26,100]
Delivers rawData: 3_4.27:1638657278598,[0,0,0,0,26,0]27
MyVectorClock :[0,34,0,2,27,100]
Delivers rawData: 4_4.28:1638657278598,[0,0,0,0,27,0]28
MyVectorClock :[0,34,0,2,28,100]
Delivers rawData: 5_4.29:1638657278599,[0,0,0,0,28,0]29
MyVectorClock :[0,34,0,2,29,100]
Delivers rawData: 1_4.30:1638657278599,[0,0,0,0,29,0]30
MyVectorClock :[0,34,0,2,30,100]
Delivers rawData: 4_4.31:1638657278600,[0,0,0,0,30,0]31
MyVectorClock :[0,34,0,2,31,100]
Delivers rawData: 3_4.32:1638657278600,[0,0,0,0,31,0]32
MyVectorClock :[0,34,0,2,32,100]
Delivers rawData: 3_4.33:1638657278600,[0,0,0,0,32,0]33
MyVectorClock :[0,34,0,2,33,100]
Delivers rawData: 1_4.34:1638657278601,[0,0,0,0,33,0]34
MyVectorClock :[0,34,0,2,34,100]
Delivers rawData: 4_4.35:1638657278601,[0,0,0,0,34,0]35
MyVectorClock :[0,34,0,2,35,100]
Delivers rawData: 5_4.36:1638657278602,[0,0,0,0,35,0]36
MyVectorClock :[0,34,0,2,36,100]
Delivers rawData: 4_4.37:1638657278605,[0,0,0,0,36,0]37
MyVectorClock :[0,34,0,2,37,100]
Delivers rawData: 5_4.38:1638657278607,[0,0,0,0,37,0]38
CausalReceived: 4_4.39:1638657278608,[0,0,0,0,38,0]39
MyVectorClock :[0,34,0,2,38,100]
MyVectorClock :[0,34,0,2,38,100]
Delivers rawData: 4_4.39:1638657278608,[0,0,0,0,38,0]39
MyVectorClock :[0,34,0,2,39,100]
Delivers rawData: 4_4.40:1638657278609,[0,0,0,0,39,0]40
MyVectorClock :[0,34,0,2,40,100]
Delivers rawData: 1_4.41:1638657278609,[0,0,0,0,40,0]41
MyVectorClock :[0,34,0,2,41,100]
Delivers rawData: 3_4.42:1638657278609,[0,0,0,0,41,0]42
MyVectorClock :[0,34,0,2,42,100]
Delivers rawData: 3_4.43:1638657278610,[0,0,0,0,42,0]43
MyVectorClock :[0,34,0,2,43,100]
Delivers rawData: 3_4.44:1638657278610,[0,0,0,0,43,0]44
MyVectorClock :[0,34,0,2,44,100]
Delivers rawData: 4_4.45:1638657278610,[0,0,0,0,44,0]45
MyVectorClock :[0,34,0,2,45,100]
Delivers rawData: 3_4.46:1638657278610,[0,0,0,0,45,0]46
MyVectorClock :[0,34,0,2,46,100]
Delivers rawData: 4_4.47:1638657278611,[0,0,0,0,46,0]47
MyVectorClock :[0,34,0,2,47,100]
Delivers rawData: 3_4.48:1638657278611,[0,0,0,0,47,0]48
MyVectorClock :[0,34,0,2,48,100]
Delivers rawData: 4_4.49:1638657278611,[0,0,0,0,48,0]49
MyVectorClock :[0,34,0,2,49,100]
Delivers rawData: 1_4.50:1638657278612,[0,0,0,0,49,0]50
MyVectorClock :[0,34,0,2,50,100]
Delivers rawData: 5_4.51:1638657278612,[0,0,0,0,50,0]51
MyVectorClock :[0,34,0,2,51,100]
Delivers rawData: 4_4.52:1638657278612,[0,0,0,0,51,0]52
MyVectorClock :[0,34,0,2,52,100]
Delivers rawData: 3_4.53:1638657278613,[0,0,0,0,52,0]53
MyVectorClock :[0,34,0,2,53,100]
Delivers rawData: 4_4.54:1638657278613,[0,0,0,0,53,0]54
MyVectorClock :[0,34,0,2,54,100]
Delivers rawData: 5_4.55:1638657278613,[0,0,0,0,54,0]55
MyVectorClock :[0,34,0,2,55,100]
Delivers rawData: 4_4.56:1638657278614,[0,0,0,0,55,0]56
MyVectorClock :[0,34,0,2,56,100]
Delivers rawData: 5_4.57:1638657278616,[0,0,0,0,56,0]57
MyVectorClock :[0,34,0,2,57,100]
Delivers rawData: 4_4.58:1638657278620,[0,0,0,0,57,0]58
MyVectorClock :[0,34,0,2,58,100]
Delivers rawData: 5_4.59:1638657278621,[0,0,0,0,58,0]59
CausalReceived: 3_4.60:1638657278621,[0,0,0,0,59,0]60
MyVectorClock :[0,34,0,2,59,100]
MyVectorClock :[0,34,0,2,59,100]
Delivers rawData: 3_4.60:1638657278621,[0,0,0,0,59,0]60
MyVectorClock :[0,34,0,2,60,100]
Delivers rawData: 5_4.61:1638657278622,[0,0,0,0,60,0]61
MyVectorClock :[0,34,0,2,61,100]
Delivers rawData: 3_4.62:1638657278623,[0,0,0,0,61,0]62
CausalReceived: 1_3.72:1638657275624,[0,0,0,71,0,0]72
MyVectorClock :[0,34,0,2,62,100]
CausalReceived: 2_5.7:1638657276000,[0,0,0,0,0,6]7
MyVectorClock :[0,34,0,2,62,100]
CausalReceived: 2_3.26:1638657275579,[0,0,0,25,0,0]26
MyVectorClock :[0,34,0,2,62,100]
CausalReceived: 1_3.100:1638657275639,[0,0,0,99,0,0]100
MyVectorClock :[0,34,0,2,62,100]
CausalReceived: 3_4.83:1638657278636,[0,0,0,0,82,0]83
MyVectorClock :[0,34,0,2,62,100]
CausalReceived: 3_5.14:1638657276015,[0,0,0,0,0,13]14
MyVectorClock :[0,34,0,2,62,100]
CausalReceived: 2_5.34:1638657276099,[0,0,0,0,0,33]34
MyVectorClock :[0,34,0,2,62,100]
CausalReceived: 1_4.65:1638657278627,[0,0,0,0,64,0]65
MyVectorClock :[0,34,0,2,62,100]
CausalReceived: 2_1.90:1638657275537,[0,89,0,0,0,0]90
MyVectorClock :[0,34,0,2,62,100]
CausalReceived: 1_1.85:1638657275535,[0,84,0,0,0,0]85
MyVectorClock :[0,34,0,2,62,100]
CausalReceived: 1_1.97:1638657275539,[0,96,0,0,0,0]97
MyVectorClock :[0,34,0,2,62,100]
CausalReceived: 2_1.87:1638657275536,[0,86,0,0,0,0]87
MyVectorClock :[0,34,0,2,62,100]
CausalReceived: 2_5.95:1638657276166,[0,0,0,0,0,94]95
MyVectorClock :[0,34,0,2,62,100]
CausalReceived: 5_5.100:1638657276172,[0,0,0,0,0,99]100
MyVectorClock :[0,34,0,2,62,100]
CausalReceived: 3_3.28:1638657275580,[0,0,0,27,0,0]28
MyVectorClock :[0,34,0,2,62,100]
CausalReceived: 2_5.24:1638657276067,[0,0,0,0,0,23]24
MyVectorClock :[0,34,0,2,62,100]
CausalReceived: 5_1.35:1638657275460,[0,34,0,0,0,0]35
MyVectorClock :[0,34,0,2,62,100]
MyVectorClock :[0,34,0,2,62,100]
Delivers rawData: 5_1.35:1638657275460,[0,34,0,0,0,0]35
MyVectorClock :[0,35,0,2,62,100]
Delivers rawData: 3_1.36:1638657275461,[0,35,0,0,0,0]36
MyVectorClock :[0,36,0,2,62,100]
Delivers rawData: 1_1.37:1638657275464,[0,36,0,0,0,0]37
MyVectorClock :[0,37,0,2,62,100]
Delivers rawData: 1_1.38:1638657275465,[0,37,0,0,0,0]38
MyVectorClock :[0,38,0,2,62,100]
Delivers rawData: 3_1.39:1638657275465,[0,38,0,0,0,0]39
MyVectorClock :[0,39,0,2,62,100]
Delivers rawData: 5_1.40:1638657275466,[0,39,0,0,0,0]40
MyVectorClock :[0,40,0,2,62,100]
Delivers rawData: 3_1.41:1638657275469,[0,40,0,0,0,0]41
MyVectorClock :[0,41,0,2,62,100]
Delivers rawData: 3_1.42:1638657275472,[0,41,0,0,0,0]42
MyVectorClock :[0,42,0,2,62,100]
Delivers rawData: 1_1.43:1638657275473,[0,42,0,0,0,0]43
MyVectorClock :[0,43,0,2,62,100]
Delivers rawData: 3_1.44:1638657275474,[0,43,0,0,0,0]44
MyVectorClock :[0,44,0,2,62,100]
Delivers rawData: 5_1.45:1638657275475,[0,44,0,0,0,0]45
MyVectorClock :[0,45,0,2,62,100]
Delivers rawData: 1_1.46:1638657275476,[0,45,0,0,0,0]46
MyVectorClock :[0,46,0,2,62,100]
Delivers rawData: 5_1.47:1638657275476,[0,46,0,0,0,0]47
MyVectorClock :[0,47,0,2,62,100]
Delivers rawData: 3_1.48:1638657275476,[0,47,0,0,0,0]48
MyVectorClock :[0,48,0,2,62,100]
Delivers rawData: 5_1.49:1638657275477,[0,48,0,0,0,0]49
MyVectorClock :[0,49,0,2,62,100]
Delivers rawData: 5_1.50:1638657275477,[0,49,0,0,0,0]50
MyVectorClock :[0,50,0,2,62,100]
Delivers rawData: 5_1.51:1638657275477,[0,50,0,0,0,0]51
MyVectorClock :[0,51,0,2,62,100]
Delivers rawData: 1_1.52:1638657275477,[0,51,0,0,0,0]52
MyVectorClock :[0,52,0,2,62,100]
Delivers rawData: 1_1.53:1638657275477,[0,52,0,0,0,0]53
MyVectorClock :[0,53,0,2,62,100]
Delivers rawData: 3_1.54:1638657275478,[0,53,0,0,0,0]54
MyVectorClock :[0,54,0,2,62,100]
Delivers rawData: 3_1.55:1638657275481,[0,54,0,0,0,0]55
MyVectorClock :[0,55,0,2,62,100]
Delivers rawData: 3_1.56:1638657275483,[0,55,0,0,0,0]56
MyVectorClock :[0,56,0,2,62,100]
Delivers rawData: 3_1.57:1638657275483,[0,56,0,0,0,0]57
MyVectorClock :[0,57,0,2,62,100]
Delivers rawData: 3_1.58:1638657275484,[0,57,0,0,0,0]58
MyVectorClock :[0,58,0,2,62,100]
Delivers rawData: 1_1.59:1638657275485,[0,58,0,0,0,0]59
MyVectorClock :[0,59,0,2,62,100]
Delivers rawData: 5_1.60:1638657275486,[0,59,0,0,0,0]60
MyVectorClock :[0,60,0,2,62,100]
Delivers rawData: 5_1.61:1638657275490,[0,60,0,0,0,0]61
MyVectorClock :[0,61,0,2,62,100]
Delivers rawData: 1_1.62:1638657275492,[0,61,0,0,0,0]62
MyVectorClock :[0,62,0,2,62,100]
Delivers rawData: 3_1.63:1638657275493,[0,62,0,0,0,0]63
MyVectorClock :[0,63,0,2,62,100]
Delivers rawData: 1_1.64:1638657275494,[0,63,0,0,0,0]64
MyVectorClock :[0,64,0,2,62,100]
Delivers rawData: 3_1.65:1638657275494,[0,64,0,0,0,0]65
MyVectorClock :[0,65,0,2,62,100]
Delivers rawData: 3_1.66:1638657275494,[0,65,0,0,0,0]66
MyVectorClock :[0,66,0,2,62,100]
Delivers rawData: 5_1.67:1638657275495,[0,66,0,0,0,0]67
MyVectorClock :[0,67,0,2,62,100]
Delivers rawData: 3_1.68:1638657275499,[0,67,0,0,0,0]68
MyVectorClock :[0,68,0,2,62,100]
Delivers rawData: 1_1.69:1638657275500,[0,68,0,0,0,0]69
MyVectorClock :[0,69,0,2,62,100]
Delivers rawData: 5_1.70:1638657275501,[0,69,0,0,0,0]70
MyVectorClock :[0,70,0,2,62,100]
Delivers rawData: 5_1.71:1638657275502,[0,70,0,0,0,0]71
MyVectorClock :[0,71,0,2,62,100]
Delivers rawData: 5_1.72:1638657275503,[0,71,0,0,0,0]72
MyVectorClock :[0,72,0,2,62,100]
Delivers rawData: 1_1.73:1638657275503,[0,72,0,0,0,0]73
MyVectorClock :[0,73,0,2,62,100]
Delivers rawData: 1_1.74:1638657275503,[0,73,0,0,0,0]74
MyVectorClock :[0,74,0,2,62,100]
Delivers rawData: 3_1.75:1638657275505,[0,74,0,0,0,0]75
MyVectorClock :[0,75,0,2,62,100]
Delivers rawData: 3_1.76:1638657275506,[0,75,0,0,0,0]76
MyVectorClock :[0,76,0,2,62,100]
Delivers rawData: 3_1.77:1638657275507,[0,76,0,0,0,0]77
MyVectorClock :[0,77,0,2,62,100]
Delivers rawData: 1_1.78:1638657275508,[0,77,0,0,0,0]78
MyVectorClock :[0,78,0,2,62,100]
Delivers rawData: 1_1.79:1638657275526,[0,78,0,0,0,0]79
MyVectorClock :[0,79,0,2,62,100]
Delivers rawData: 1_1.80:1638657275527,[0,79,0,0,0,0]80
MyVectorClock :[0,80,0,2,62,100]
Delivers rawData: 5_1.81:1638657275527,[0,80,0,0,0,0]81
MyVectorClock :[0,81,0,2,62,100]
Delivers rawData: 5_1.82:1638657275528,[0,81,0,0,0,0]82
MyVectorClock :[0,82,0,2,62,100]
Delivers rawData: 1_1.83:1638657275534,[0,82,0,0,0,0]83
CausalReceived: 5_1.84:1638657275534,[0,83,0,0,0,0]84
MyVectorClock :[0,83,0,2,62,100]
MyVectorClock :[0,83,0,2,62,100]
Delivers rawData: 5_1.84:1638657275534,[0,83,0,0,0,0]84
MyVectorClock :[0,84,0,2,62,100]
Delivers rawData: 1_1.85:1638657275535,[0,84,0,0,0,0]85
CausalReceived: 1_3.40:1638657275607,[0,0,0,39,0,0]40
MyVectorClock :[0,85,0,2,62,100]
CausalReceived: 3_5.70:1638657276148,[0,0,0,0,0,69]70
MyVectorClock :[0,85,0,2,62,100]
CausalReceived: 2_4.86:1638657278637,[0,0,0,0,85,0]86
MyVectorClock :[0,85,0,2,62,100]
CausalReceived: 5_1.96:1638657275538,[0,95,0,0,0,0]96
MyVectorClock :[0,85,0,2,62,100]
CausalReceived: 5_1.86:1638657275535,[0,85,0,0,0,0]86
MyVectorClock :[0,85,0,2,62,100]
MyVectorClock :[0,85,0,2,62,100]
Delivers rawData: 5_1.86:1638657275535,[0,85,0,0,0,0]86
MyVectorClock :[0,86,0,2,62,100]
Delivers rawData: 2_1.87:1638657275536,[0,86,0,0,0,0]87
MyVectorClock :[0,87,0,2,62,100]
Delivers rawData: 3_1.88:1638657275536,[0,87,0,0,0,0]88
MyVectorClock :[0,88,0,2,62,100]
Delivers rawData: 3_1.89:1638657275537,[0,88,0,0,0,0]89
MyVectorClock :[0,89,0,2,62,100]
Delivers rawData: 2_1.90:1638657275537,[0,89,0,0,0,0]90
MyVectorClock :[0,90,0,2,62,100]
Delivers rawData: 5_1.91:1638657275537,[0,90,0,0,0,0]91
MyVectorClock :[0,91,0,2,62,100]
Delivers rawData: 5_1.92:1638657275538,[0,91,0,0,0,0]92
MyVectorClock :[0,92,0,2,62,100]
Delivers rawData: 1_1.93:1638657275538,[0,92,0,0,0,0]93
MyVectorClock :[0,93,0,2,62,100]
Delivers rawData: 1_1.94:1638657275538,[0,93,0,0,0,0]94
MyVectorClock :[0,94,0,2,62,100]
Delivers rawData: 5_1.95:1638657275538,[0,94,0,0,0,0]95
MyVectorClock :[0,95,0,2,62,100]
Delivers rawData: 5_1.96:1638657275538,[0,95,0,0,0,0]96
MyVectorClock :[0,96,0,2,62,100]
Delivers rawData: 1_1.97:1638657275539,[0,96,0,0,0,0]97
MyVectorClock :[0,97,0,2,62,100]
Delivers rawData: 1_1.98:1638657275539,[0,97,0,0,0,0]98
MyVectorClock :[0,98,0,2,62,100]
Delivers rawData: 5_1.99:1638657275540,[0,98,0,0,0,0]99
MyVectorClock :[0,99,0,2,62,100]
Delivers rawData: 3_1.100:1638657275541,[0,99,0,0,0,0]100
CausalReceived: 1_3.18:1638657275576,[0,0,0,17,0,0]18
MyVectorClock :[0,100,0,2,62,100]
CausalReceived: 2_5.47:1638657276125,[0,0,0,0,0,46]47
MyVectorClock :[0,100,0,2,62,100]
CausalReceived: 1_4.94:1638657278639,[0,0,0,0,93,0]94
MyVectorClock :[0,100,0,2,62,100]
CausalReceived: 3_5.82:1638657276153,[0,0,0,0,0,81]82
MyVectorClock :[0,100,0,2,62,100]
CausalReceived: 3_3.17:1638657275575,[0,0,0,16,0,0]17
MyVectorClock :[0,100,0,2,62,100]
CausalReceived: 3_5.20:1638657276023,[0,0,0,0,0,19]20
MyVectorClock :[0,100,0,2,62,100]
CausalReceived: 3_3.88:1638657275631,[0,0,0,87,0,0]88
MyVectorClock :[0,100,0,2,62,100]
CausalReceived: 3_4.73:1638657278628,[0,0,0,0,72,0]73
MyVectorClock :[0,100,0,2,62,100]
CausalReceived: 3_4.100:1638657278659,[0,0,0,0,99,0]100
MyVectorClock :[0,100,0,2,62,100]
CausalReceived: 3_3.70:1638657275623,[0,0,0,69,0,0]70
MyVectorClock :[0,100,0,2,62,100]
CausalReceived: 3_4.97:1638657278658,[0,0,0,0,96,0]97
MyVectorClock :[0,100,0,2,62,100]
CausalReceived: 3_3.84:1638657275630,[0,0,0,83,0,0]84
MyVectorClock :[0,100,0,2,62,100]
CausalReceived: 1_4.98:1638657278658,[0,0,0,0,97,0]98
MyVectorClock :[0,100,0,2,62,100]
CausalReceived: 3_3.92:1638657275636,[0,0,0,91,0,0]92
MyVectorClock :[0,100,0,2,62,100]
CausalReceived: 4_3.56:1638657275619,[0,0,0,55,0,0]56
MyVectorClock :[0,100,0,2,62,100]
CausalReceived: 4_4.72:1638657278628,[0,0,0,0,71,0]72
MyVectorClock :[0,100,0,2,62,100]
CausalReceived: 1_3.4:1638657275567,[0,0,0,3,0,0]4
MyVectorClock :[0,100,0,2,62,100]
CausalReceived: 4_2.69:1638657276855,[0,0,68,0,0,0]69
MyVectorClock :[0,100,0,2,62,100]
CausalReceived: 5_2.50:1638657276849,[0,0,49,0,0,0]50
MyVectorClock :[0,100,0,2,62,100]
CausalReceived: 5_3.59:1638657275620,[0,0,0,58,0,0]59
MyVectorClock :[0,100,0,2,62,100]
CausalReceived: 1_3.65:1638657275622,[0,0,0,64,0,0]65
MyVectorClock :[0,100,0,2,62,100]
CausalReceived: 3_4.78:1638657278631,[0,0,0,0,77,0]78
MyVectorClock :[0,100,0,2,62,100]
CausalReceived: 5_3.75:1638657275626,[0,0,0,74,0,0]75
MyVectorClock :[0,100,0,2,62,100]
CausalReceived: 2_2.91:1638657276896,[0,0,90,0,0,0]91
MyVectorClock :[0,100,0,2,62,100]
CausalReceived: 5_3.19:1638657275576,[0,0,0,18,0,0]19
MyVectorClock :[0,100,0,2,62,100]
CausalReceived: 4_2.20:1638657276840,[0,0,19,0,0,0]20
MyVectorClock :[0,100,0,2,62,100]
CausalReceived: 4_2.59:1638657276851,[0,0,58,0,0,0]59
MyVectorClock :[0,100,0,2,62,100]
CausalReceived: 3_3.49:1638657275617,[0,0,0,48,0,0]49
MyVectorClock :[0,100,0,2,62,100]
CausalReceived: 3_3.38:1638657275584,[0,0,0,37,0,0]38
MyVectorClock :[0,100,0,2,62,100]
CausalReceived: 5_3.55:1638657275619,[0,0,0,54,0,0]55
MyVectorClock :[0,100,0,2,62,100]
CausalReceived: 3_4.84:1638657278636,[0,0,0,0,83,0]84
MyVectorClock :[0,100,0,2,62,100]
CausalReceived: 2_2.38:1638657276846,[0,0,37,0,0,0]38
MyVectorClock :[0,100,0,2,62,100]
CausalReceived: 5_3.79:1638657275627,[0,0,0,78,0,0]79
MyVectorClock :[0,100,0,2,62,100]
CausalReceived: 4_2.84:1638657276861,[0,0,83,0,0,0]84
MyVectorClock :[0,100,0,2,62,100]
CausalReceived: 1_3.13:1638657275573,[0,0,0,12,0,0]13
MyVectorClock :[0,100,0,2,62,100]
CausalReceived: 2_3.63:1638657275621,[0,0,0,62,0,0]63
MyVectorClock :[0,100,0,2,62,100]
CausalReceived: 5_3.22:1638657275578,[0,0,0,21,0,0]22
MyVectorClock :[0,100,0,2,62,100]
CausalReceived: 3_3.29:1638657275580,[0,0,0,28,0,0]29
MyVectorClock :[0,100,0,2,62,100]
CausalReceived: 3_3.93:1638657275637,[0,0,0,92,0,0]93
MyVectorClock :[0,100,0,2,62,100]
CausalReceived: 1_4.82:1638657278635,[0,0,0,0,81,0]82
MyVectorClock :[0,100,0,2,62,100]
CausalReceived: 2_2.46:1638657276848,[0,0,45,0,0,0]46
MyVectorClock :[0,100,0,2,62,100]
CausalReceived: 5_3.12:1638657275573,[0,0,0,11,0,0]12
MyVectorClock :[0,100,0,2,62,100]
CausalReceived: 1_4.95:1638657278640,[0,0,0,0,94,0]95
MyVectorClock :[0,100,0,2,62,100]
CausalReceived: 5_3.37:1638657275584,[0,0,0,36,0,0]37
MyVectorClock :[0,100,0,2,62,100]
CausalReceived: 5_4.63:1638657278623,[0,0,0,0,62,0]63
MyVectorClock :[0,100,0,2,62,100]
MyVectorClock :[0,100,0,2,62,100]
Delivers rawData: 5_4.63:1638657278623,[0,0,0,0,62,0]63
MyVectorClock :[0,100,0,2,63,100]
Delivers rawData: 3_4.64:1638657278626,[0,0,0,0,63,0]64
MyVectorClock :[0,100,0,2,64,100]
Delivers rawData: 1_4.65:1638657278627,[0,0,0,0,64,0]65
MyVectorClock :[0,100,0,2,65,100]
Delivers rawData: 5_4.66:1638657278627,[0,0,0,0,65,0]66
MyVectorClock :[0,100,0,2,66,100]
Delivers rawData: 4_4.67:1638657278627,[0,0,0,0,66,0]67
MyVectorClock :[0,100,0,2,67,100]
Delivers rawData: 3_4.68:1638657278627,[0,0,0,0,67,0]68
MyVectorClock :[0,100,0,2,68,100]
Delivers rawData: 1_4.69:1638657278627,[0,0,0,0,68,0]69
MyVectorClock :[0,100,0,2,69,100]
Delivers rawData: 3_4.70:1638657278628,[0,0,0,0,69,0]70
MyVectorClock :[0,100,0,2,70,100]
Delivers rawData: 1_4.71:1638657278628,[0,0,0,0,70,0]71
MyVectorClock :[0,100,0,2,71,100]
Delivers rawData: 4_4.72:1638657278628,[0,0,0,0,71,0]72
MyVectorClock :[0,100,0,2,72,100]
Delivers rawData: 3_4.73:1638657278628,[0,0,0,0,72,0]73
MyVectorClock :[0,100,0,2,73,100]
Delivers rawData: 4_4.74:1638657278629,[0,0,0,0,73,0]74
MyVectorClock :[0,100,0,2,74,100]
Delivers rawData: 1_4.75:1638657278629,[0,0,0,0,74,0]75
CausalReceived: 5_2.6:1638657276834,[0,0,5,0,0,0]6
MyVectorClock :[0,100,0,2,75,100]
CausalReceived: 3_3.39:1638657275606,[0,0,0,38,0,0]39
MyVectorClock :[0,100,0,2,75,100]
CausalReceived: 5_3.83:1638657275629,[0,0,0,82,0,0]83
MyVectorClock :[0,100,0,2,75,100]
CausalReceived: 1_4.77:1638657278629,[0,0,0,0,76,0]77
MyVectorClock :[0,100,0,2,75,100]
CausalReceived: 5_3.36:1638657275583,[0,0,0,35,0,0]36
MyVectorClock :[0,100,0,2,75,100]
CausalReceived: 1_4.87:1638657278637,[0,0,0,0,86,0]87
MyVectorClock :[0,100,0,2,75,100]
CausalReceived: 1_3.15:1638657275574,[0,0,0,14,0,0]15
MyVectorClock :[0,100,0,2,75,100]
CausalReceived: 5_3.86:1638657275630,[0,0,0,85,0,0]86
MyVectorClock :[0,100,0,2,75,100]
CausalReceived: 2_3.47:1638657275610,[0,0,0,46,0,0]47
MyVectorClock :[0,100,0,2,75,100]
CausalReceived: 5_3.77:1638657275626,[0,0,0,76,0,0]77
MyVectorClock :[0,100,0,2,75,100]
CausalReceived: 1_4.76:1638657278629,[0,0,0,0,75,0]76
MyVectorClock :[0,100,0,2,75,100]
MyVectorClock :[0,100,0,2,75,100]
Delivers rawData: 1_4.76:1638657278629,[0,0,0,0,75,0]76
MyVectorClock :[0,100,0,2,76,100]
Delivers rawData: 1_4.77:1638657278629,[0,0,0,0,76,0]77
MyVectorClock :[0,100,0,2,77,100]
Delivers rawData: 3_4.78:1638657278631,[0,0,0,0,77,0]78
MyVectorClock :[0,100,0,2,78,100]
Delivers rawData: 3_4.79:1638657278631,[0,0,0,0,78,0]79
MyVectorClock :[0,100,0,2,79,100]
Delivers rawData: 1_4.80:1638657278631,[0,0,0,0,79,0]80
MyVectorClock :[0,100,0,2,80,100]
Delivers rawData: 4_4.81:1638657278631,[0,0,0,0,80,0]81
MyVectorClock :[0,100,0,2,81,100]
Delivers rawData: 1_4.82:1638657278635,[0,0,0,0,81,0]82
MyVectorClock :[0,100,0,2,82,100]
Delivers rawData: 3_4.83:1638657278636,[0,0,0,0,82,0]83
MyVectorClock :[0,100,0,2,83,100]
Delivers rawData: 3_4.84:1638657278636,[0,0,0,0,83,0]84
MyVectorClock :[0,100,0,2,84,100]
Delivers rawData: 4_4.85:1638657278637,[0,0,0,0,84,0]85
MyVectorClock :[0,100,0,2,85,100]
Delivers rawData: 2_4.86:1638657278637,[0,0,0,0,85,0]86
MyVectorClock :[0,100,0,2,86,100]
Delivers rawData: 1_4.87:1638657278637,[0,0,0,0,86,0]87
MyVectorClock :[0,100,0,2,87,100]
Delivers rawData: 4_4.88:1638657278637,[0,0,0,0,87,0]88
MyVectorClock :[0,100,0,2,88,100]
Delivers rawData: 3_4.89:1638657278637,[0,0,0,0,88,0]89
MyVectorClock :[0,100,0,2,89,100]
Delivers rawData: 4_4.90:1638657278638,[0,0,0,0,89,0]90
MyVectorClock :[0,100,0,2,90,100]
Delivers rawData: 3_4.91:1638657278638,[0,0,0,0,90,0]91
MyVectorClock :[0,100,0,2,91,100]
Delivers rawData: 3_4.92:1638657278638,[0,0,0,0,91,0]92
MyVectorClock :[0,100,0,2,92,100]
Delivers rawData: 1_4.93:1638657278639,[0,0,0,0,92,0]93
MyVectorClock :[0,100,0,2,93,100]
Delivers rawData: 1_4.94:1638657278639,[0,0,0,0,93,0]94
MyVectorClock :[0,100,0,2,94,100]
Delivers rawData: 1_4.95:1638657278640,[0,0,0,0,94,0]95
CausalReceived: 2_3.50:1638657275618,[0,0,0,49,0,0]50
MyVectorClock :[0,100,0,2,95,100]
CausalReceived: 2_4.99:1638657278659,[0,0,0,0,98,0]99
MyVectorClock :[0,100,0,2,95,100]
CausalReceived: 4_3.61:1638657275621,[0,0,0,60,0,0]61
MyVectorClock :[0,100,0,2,95,100]
CausalReceived: 1_3.45:1638657275609,[0,0,0,44,0,0]45
MyVectorClock :[0,100,0,2,95,100]
CausalReceived: 1_3.27:1638657275580,[0,0,0,26,0,0]27
MyVectorClock :[0,100,0,2,95,100]
CausalReceived: 4_2.79:1638657276859,[0,0,78,0,0,0]79
MyVectorClock :[0,100,0,2,95,100]
CausalReceived: 3_3.80:1638657275627,[0,0,0,79,0,0]80
MyVectorClock :[0,100,0,2,95,100]
CausalReceived: 2_2.92:1638657276896,[0,0,91,0,0,0]92
MyVectorClock :[0,100,0,2,95,100]
CausalReceived: 3_3.69:1638657275623,[0,0,0,68,0,0]69
MyVectorClock :[0,100,0,2,95,100]
CausalReceived: 4_2.33:1638657276844,[0,0,32,0,0,0]33
MyVectorClock :[0,100,0,2,95,100]
CausalReceived: 4_2.87:1638657276877,[0,0,86,0,0,0]87
MyVectorClock :[0,100,0,2,95,100]
CausalReceived: 2_2.42:1638657276847,[0,0,41,0,0,0]42
MyVectorClock :[0,100,0,2,95,100]
CausalReceived: 5_2.19:1638657276839,[0,0,18,0,0,0]19
MyVectorClock :[0,100,0,2,95,100]
CausalReceived: 5_2.65:1638657276854,[0,0,64,0,0,0]65
MyVectorClock :[0,100,0,2,95,100]
CausalReceived: 5_2.77:1638657276857,[0,0,76,0,0,0]77
MyVectorClock :[0,100,0,2,95,100]
CausalReceived: 4_2.2:1638657276832,[0,0,1,0,0,0]2
MyVectorClock :[0,100,0,2,95,100]
CausalReceived: 2_2.24:1638657276841,[0,0,23,0,0,0]24
MyVectorClock :[0,100,0,2,95,100]
CausalReceived: 4_3.3:1638657275468,[0,0,0,2,0,0]3
MyVectorClock :[0,100,0,2,95,100]
MyVectorClock :[0,100,0,2,95,100]
Delivers rawData: 4_3.3:1638657275468,[0,0,0,2,0,0]3
MyVectorClock :[0,100,0,3,95,100]
Delivers rawData: 1_3.4:1638657275567,[0,0,0,3,0,0]4
MyVectorClock :[0,100,0,4,95,100]
Delivers rawData: 1_3.5:1638657275569,[0,0,0,4,0,0]5
MyVectorClock :[0,100,0,5,95,100]
Delivers rawData: 1_3.6:1638657275570,[0,0,0,5,0,0]6
CausalReceived: 2_2.96:1638657276900,[0,0,95,0,0,0]96
MyVectorClock :[0,100,0,6,95,100]
CausalReceived: 4_3.95:1638657275637,[0,0,0,94,0,0]95
MyVectorClock :[0,100,0,6,95,100]
CausalReceived: 4_3.81:1638657275627,[0,0,0,80,0,0]81
MyVectorClock :[0,100,0,6,95,100]
CausalReceived: 4_2.99:1638657276906,[0,0,98,0,0,0]99
MyVectorClock :[0,100,0,6,95,100]
CausalReceived: 4_2.21:1638657276840,[0,0,20,0,0,0]21
MyVectorClock :[0,100,0,6,95,100]
CausalReceived: 2_2.5:1638657276834,[0,0,4,0,0,0]5
MyVectorClock :[0,100,0,6,95,100]
CausalReceived: 4_2.68:1638657276855,[0,0,67,0,0,0]68
MyVectorClock :[0,100,0,6,95,100]
CausalReceived: 4_2.70:1638657276856,[0,0,69,0,0,0]70
MyVectorClock :[0,100,0,6,95,100]
CausalReceived: 4_2.95:1638657276898,[0,0,94,0,0,0]95
MyVectorClock :[0,100,0,6,95,100]
CausalReceived: 4_2.34:1638657276844,[0,0,33,0,0,0]34
MyVectorClock :[0,100,0,6,95,100]
CausalReceived: 4_2.85:1638657276861,[0,0,84,0,0,0]85
MyVectorClock :[0,100,0,6,95,100]
CausalReceived: 2_2.49:1638657276848,[0,0,48,0,0,0]49
MyVectorClock :[0,100,0,6,95,100]
CausalReceived: 2_2.90:1638657276881,[0,0,89,0,0,0]90
MyVectorClock :[0,100,0,6,95,100]
CausalReceived: 4_2.39:1638657276846,[0,0,38,0,0,0]39
MyVectorClock :[0,100,0,6,95,100]
CausalReceived: 4_3.89:1638657275631,[0,0,0,88,0,0]89
MyVectorClock :[0,100,0,6,95,100]
CausalReceived: 4_3.99:1638657275638,[0,0,0,98,0,0]99
MyVectorClock :[0,100,0,6,95,100]
CausalReceived: 5_3.54:1638657275619,[0,0,0,53,0,0]54
MyVectorClock :[0,100,0,6,95,100]
CausalReceived: 5_2.7:1638657276835,[0,0,6,0,0,0]7
MyVectorClock :[0,100,0,6,95,100]
CausalReceived: 5_2.51:1638657276849,[0,0,50,0,0,0]51
MyVectorClock :[0,100,0,6,95,100]
CausalReceived: 4_3.87:1638657275630,[0,0,0,86,0,0]87
MyVectorClock :[0,100,0,6,95,100]
CausalReceived: 2_2.9:1638657276836,[0,0,8,0,0,0]9
MyVectorClock :[0,100,0,6,95,100]
CausalReceived: 4_5.55:1638657276127,[0,0,0,0,0,54]55
MyVectorClock :[0,100,0,6,95,100]
CausalReceived: 5_3.7:1638657275571,[0,0,0,6,0,0]7
MyVectorClock :[0,100,0,6,95,100]
MyVectorClock :[0,100,0,6,95,100]
Delivers rawData: 5_3.7:1638657275571,[0,0,0,6,0,0]7
CausalReceived: 4_2.41:1638657276847,[0,0,40,0,0,0]41
MyVectorClock :[0,100,0,7,95,100]
CausalReceived: 2_2.60:1638657276852,[0,0,59,0,0,0]60
MyVectorClock :[0,100,0,7,95,100]
CausalReceived: 4_3.76:1638657275626,[0,0,0,75,0,0]76
MyVectorClock :[0,100,0,7,95,100]
CausalReceived: 4_3.43:1638657275608,[0,0,0,42,0,0]43
MyVectorClock :[0,100,0,7,95,100]
CausalReceived: 4_2.93:1638657276897,[0,0,92,0,0,0]93
MyVectorClock :[0,100,0,7,95,100]
CausalReceived: 4_5.96:1638657276167,[0,0,0,0,0,95]96
MyVectorClock :[0,100,0,7,95,100]
CausalReceived: 5_2.54:1638657276850,[0,0,53,0,0,0]54
MyVectorClock :[0,100,0,7,95,100]
CausalReceived: 4_2.97:1638657276901,[0,0,96,0,0,0]97
MyVectorClock :[0,100,0,7,95,100]
CausalReceived: 3_3.52:1638657275618,[0,0,0,51,0,0]52
MyVectorClock :[0,100,0,7,95,100]
CausalReceived: 2_2.4:1638657276833,[0,0,3,0,0,0]4
MyVectorClock :[0,100,0,7,95,100]
CausalReceived: 5_3.82:1638657275627,[0,0,0,81,0,0]82
MyVectorClock :[0,100,0,7,95,100]
CausalReceived: 5_3.96:1638657275637,[0,0,0,95,0,0]96
MyVectorClock :[0,100,0,7,95,100]
CausalReceived: 5_2.8:1638657276835,[0,0,7,0,0,0]8
MyVectorClock :[0,100,0,7,95,100]
CausalReceived: 2_2.61:1638657276852,[0,0,60,0,0,0]61
MyVectorClock :[0,100,0,7,95,100]
CausalReceived: 2_2.63:1638657276853,[0,0,62,0,0,0]63
MyVectorClock :[0,100,0,7,95,100]
CausalReceived: 4_2.36:1638657276845,[0,0,35,0,0,0]36
MyVectorClock :[0,100,0,7,95,100]
CausalReceived: 2_2.32:1638657276843,[0,0,31,0,0,0]32
MyVectorClock :[0,100,0,7,95,100]
CausalReceived: 3_5.85:1638657276153,[0,0,0,0,0,84]85
MyVectorClock :[0,100,0,7,95,100]
CausalReceived: 4_3.46:1638657275610,[0,0,0,45,0,0]46
MyVectorClock :[0,100,0,7,95,100]
CausalReceived: 3_3.74:1638657275624,[0,0,0,73,0,0]74
MyVectorClock :[0,100,0,7,95,100]
CausalReceived: 4_3.68:1638657275622,[0,0,0,67,0,0]68
MyVectorClock :[0,100,0,7,95,100]
CausalReceived: 3_3.14:1638657275574,[0,0,0,13,0,0]14
MyVectorClock :[0,100,0,7,95,100]
CausalReceived: 5_3.57:1638657275620,[0,0,0,56,0,0]57
MyVectorClock :[0,100,0,7,95,100]
CausalReceived: 4_3.98:1638657275638,[0,0,0,97,0,0]98
MyVectorClock :[0,100,0,7,95,100]
CausalReceived: 5_2.26:1638657276841,[0,0,25,0,0,0]26
MyVectorClock :[0,100,0,7,95,100]
CausalReceived: 5_2.48:1638657276848,[0,0,47,0,0,0]48
MyVectorClock :[0,100,0,7,95,100]
CausalReceived: 5_2.22:1638657276840,[0,0,21,0,0,0]22
MyVectorClock :[0,100,0,7,95,100]
CausalReceived: 4_3.94:1638657275637,[0,0,0,93,0,0]94
MyVectorClock :[0,100,0,7,95,100]
CausalReceived: 5_2.31:1638657276843,[0,0,30,0,0,0]31
MyVectorClock :[0,100,0,7,95,100]
CausalReceived: 5_2.17:1638657276839,[0,0,16,0,0,0]17
MyVectorClock :[0,100,0,7,95,100]
CausalReceived: 5_2.67:1638657276855,[0,0,66,0,0,0]67
MyVectorClock :[0,100,0,7,95,100]
CausalReceived: 4_2.80:1638657276859,[0,0,79,0,0,0]80
MyVectorClock :[0,100,0,7,95,100]
CausalReceived: 4_2.44:1638657276847,[0,0,43,0,0,0]44
MyVectorClock :[0,100,0,7,95,100]
CausalReceived: 2_2.30:1638657276842,[0,0,29,0,0,0]30
MyVectorClock :[0,100,0,7,95,100]
CausalReceived: 4_2.71:1638657276856,[0,0,70,0,0,0]71
MyVectorClock :[0,100,0,7,95,100]
CausalReceived: 3_3.8:1638657275571,[0,0,0,7,0,0]8
MyVectorClock :[0,100,0,7,95,100]
MyVectorClock :[0,100,0,7,95,100]
Delivers rawData: 3_3.8:1638657275571,[0,0,0,7,0,0]8
CausalReceived: 3_3.67:1638657275622,[0,0,0,66,0,0]67
MyVectorClock :[0,100,0,8,95,100]
CausalReceived: 2_2.94:1638657276897,[0,0,93,0,0,0]94
MyVectorClock :[0,100,0,8,95,100]
CausalReceived: 2_2.16:1638657276838,[0,0,15,0,0,0]16
MyVectorClock :[0,100,0,8,95,100]
CausalReceived: 4_4.96:1638657278656,[0,0,0,0,95,0]96
MyVectorClock :[0,100,0,8,95,100]
MyVectorClock :[0,100,0,8,95,100]
Delivers rawData: 4_4.96:1638657278656,[0,0,0,0,95,0]96
MyVectorClock :[0,100,0,8,96,100]
Delivers rawData: 3_4.97:1638657278658,[0,0,0,0,96,0]97
MyVectorClock :[0,100,0,8,97,100]
Delivers rawData: 1_4.98:1638657278658,[0,0,0,0,97,0]98
MyVectorClock :[0,100,0,8,98,100]
Delivers rawData: 2_4.99:1638657278659,[0,0,0,0,98,0]99
MyVectorClock :[0,100,0,8,99,100]
Delivers rawData: 3_4.100:1638657278659,[0,0,0,0,99,0]100
CausalReceived: 5_2.52:1638657276849,[0,0,51,0,0,0]52
MyVectorClock :[0,100,0,8,100,100]
CausalReceived: 2_2.89:1638657276879,[0,0,88,0,0,0]89
MyVectorClock :[0,100,0,8,100,100]
CausalReceived: 4_2.82:1638657276860,[0,0,81,0,0,0]82
MyVectorClock :[0,100,0,8,100,100]
CausalReceived: 5_3.44:1638657275609,[0,0,0,43,0,0]44
MyVectorClock :[0,100,0,8,100,100]
CausalReceived: 3_3.71:1638657275623,[0,0,0,70,0,0]71
MyVectorClock :[0,100,0,8,100,100]
CausalReceived: 2_2.45:1638657276848,[0,0,44,0,0,0]45
MyVectorClock :[0,100,0,8,100,100]
CausalReceived: 3_3.97:1638657275638,[0,0,0,96,0,0]97
MyVectorClock :[0,100,0,8,100,100]
CausalReceived: 4_3.91:1638657275636,[0,0,0,90,0,0]91
MyVectorClock :[0,100,0,8,100,100]
CausalReceived: 5_3.32:1638657275581,[0,0,0,31,0,0]32
MyVectorClock :[0,100,0,8,100,100]
CausalReceived: 4_2.37:1638657276846,[0,0,36,0,0,0]37
MyVectorClock :[0,100,0,8,100,100]
CausalReceived: 4_3.85:1638657275630,[0,0,0,84,0,0]85
MyVectorClock :[0,100,0,8,100,100]
CausalReceived: 2_2.3:1638657276832,[0,0,2,0,0,0]3
MyVectorClock :[0,100,0,8,100,100]
CausalReceived: 5_2.47:1638657276848,[0,0,46,0,0,0]47
MyVectorClock :[0,100,0,8,100,100]
CausalReceived: 4_2.74:1638657276856,[0,0,73,0,0,0]74
MyVectorClock :[0,100,0,8,100,100]
CausalReceived: 5_2.53:1638657276849,[0,0,52,0,0,0]53
MyVectorClock :[0,100,0,8,100,100]
CausalReceived: 3_3.58:1638657275620,[0,0,0,57,0,0]58
MyVectorClock :[0,100,0,8,100,100]
CausalReceived: 5_2.25:1638657276841,[0,0,24,0,0,0]25
MyVectorClock :[0,100,0,8,100,100]
CausalReceived: 5_2.40:1638657276846,[0,0,39,0,0,0]40
MyVectorClock :[0,100,0,8,100,100]
CausalReceived: 5_2.13:1638657276837,[0,0,12,0,0,0]13
MyVectorClock :[0,100,0,8,100,100]
CausalReceived: 2_2.43:1638657276847,[0,0,42,0,0,0]43
MyVectorClock :[0,100,0,8,100,100]
CausalReceived: 2_2.72:1638657276856,[0,0,71,0,0,0]72
MyVectorClock :[0,100,0,8,100,100]
CausalReceived: 4_2.14:1638657276838,[0,0,13,0,0,0]14
MyVectorClock :[0,100,0,8,100,100]
CausalReceived: 5_2.1:1638657276763,[0,0,0,0,0,0]1
MyVectorClock :[0,100,0,8,100,100]
MyVectorClock :[0,100,0,8,100,100]
Delivers rawData: 5_2.1:1638657276763,[0,0,0,0,0,0]1
MyVectorClock :[0,100,1,8,100,100]
Delivers rawData: 4_2.2:1638657276832,[0,0,1,0,0,0]2
MyVectorClock :[0,100,2,8,100,100]
Delivers rawData: 2_2.3:1638657276832,[0,0,2,0,0,0]3
MyVectorClock :[0,100,3,8,100,100]
Delivers rawData: 2_2.4:1638657276833,[0,0,3,0,0,0]4
MyVectorClock :[0,100,4,8,100,100]
Delivers rawData: 2_2.5:1638657276834,[0,0,4,0,0,0]5
MyVectorClock :[0,100,5,8,100,100]
Delivers rawData: 5_2.6:1638657276834,[0,0,5,0,0,0]6
MyVectorClock :[0,100,6,8,100,100]
Delivers rawData: 5_2.7:1638657276835,[0,0,6,0,0,0]7
MyVectorClock :[0,100,7,8,100,100]
Delivers rawData: 5_2.8:1638657276835,[0,0,7,0,0,0]8
MyVectorClock :[0,100,8,8,100,100]
Delivers rawData: 2_2.9:1638657276836,[0,0,8,0,0,0]9
CausalReceived: 5_3.9:1638657275572,[0,0,0,8,0,0]9
MyVectorClock :[0,100,9,8,100,100]
MyVectorClock :[0,100,9,8,100,100]
Delivers rawData: 5_3.9:1638657275572,[0,0,0,8,0,0]9
MyVectorClock :[0,100,9,9,100,100]
Delivers rawData: 5_3.10:1638657275572,[0,0,0,9,0,0]10
MyVectorClock :[0,100,9,10,100,100]
Delivers rawData: 5_3.11:1638657275573,[0,0,0,10,0,0]11
MyVectorClock :[0,100,9,11,100,100]
Delivers rawData: 5_3.12:1638657275573,[0,0,0,11,0,0]12
MyVectorClock :[0,100,9,12,100,100]
Delivers rawData: 1_3.13:1638657275573,[0,0,0,12,0,0]13
MyVectorClock :[0,100,9,13,100,100]
Delivers rawData: 3_3.14:1638657275574,[0,0,0,13,0,0]14
MyVectorClock :[0,100,9,14,100,100]
Delivers rawData: 1_3.15:1638657275574,[0,0,0,14,0,0]15
MyVectorClock :[0,100,9,15,100,100]
Delivers rawData: 1_3.16:1638657275575,[0,0,0,15,0,0]16
MyVectorClock :[0,100,9,16,100,100]
Delivers rawData: 3_3.17:1638657275575,[0,0,0,16,0,0]17
MyVectorClock :[0,100,9,17,100,100]
Delivers rawData: 1_3.18:1638657275576,[0,0,0,17,0,0]18
MyVectorClock :[0,100,9,18,100,100]
Delivers rawData: 5_3.19:1638657275576,[0,0,0,18,0,0]19
MyVectorClock :[0,100,9,19,100,100]
Delivers rawData: 5_3.20:1638657275576,[0,0,0,19,0,0]20
MyVectorClock :[0,100,9,20,100,100]
Delivers rawData: 5_3.21:1638657275577,[0,0,0,20,0,0]21
MyVectorClock :[0,100,9,21,100,100]
Delivers rawData: 5_3.22:1638657275578,[0,0,0,21,0,0]22
MyVectorClock :[0,100,9,22,100,100]
Delivers rawData: 1_3.23:1638657275578,[0,0,0,22,0,0]23
MyVectorClock :[0,100,9,23,100,100]
Delivers rawData: 5_3.24:1638657275579,[0,0,0,23,0,0]24
MyVectorClock :[0,100,9,24,100,100]
Delivers rawData: 1_3.25:1638657275579,[0,0,0,24,0,0]25
MyVectorClock :[0,100,9,25,100,100]
Delivers rawData: 2_3.26:1638657275579,[0,0,0,25,0,0]26
MyVectorClock :[0,100,9,26,100,100]
Delivers rawData: 1_3.27:1638657275580,[0,0,0,26,0,0]27
MyVectorClock :[0,100,9,27,100,100]
Delivers rawData: 3_3.28:1638657275580,[0,0,0,27,0,0]28
MyVectorClock :[0,100,9,28,100,100]
Delivers rawData: 3_3.29:1638657275580,[0,0,0,28,0,0]29
MyVectorClock :[0,100,9,29,100,100]
Delivers rawData: 5_3.30:1638657275581,[0,0,0,29,0,0]30
MyVectorClock :[0,100,9,30,100,100]
Delivers rawData: 3_3.31:1638657275581,[0,0,0,30,0,0]31
MyVectorClock :[0,100,9,31,100,100]
Delivers rawData: 5_3.32:1638657275581,[0,0,0,31,0,0]32
CausalReceived: 5_3.78:1638657275626,[0,0,0,77,0,0]78
MyVectorClock :[0,100,9,32,100,100]
CausalReceived: 5_2.75:1638657276857,[0,0,74,0,0,0]75
MyVectorClock :[0,100,9,32,100,100]
CausalReceived: 5_2.78:1638657276858,[0,0,77,0,0,0]78
MyVectorClock :[0,100,9,32,100,100]
CausalReceived: 1_2.73:1638657276856,[0,0,72,0,0,0]73
MyVectorClock :[0,100,9,32,100,100]
CausalReceived: 4_2.55:1638657276850,[0,0,54,0,0,0]55
MyVectorClock :[0,100,9,32,100,100]
CausalReceived: 2_2.28:1638657276842,[0,0,27,0,0,0]28
MyVectorClock :[0,100,9,32,100,100]
CausalReceived: 5_2.83:1638657276861,[0,0,82,0,0,0]83
MyVectorClock :[0,100,9,32,100,100]
CausalReceived: 2_2.12:1638657276837,[0,0,11,0,0,0]12
MyVectorClock :[0,100,9,32,100,100]
CausalReceived: 4_5.9:1638657276009,[0,0,0,0,0,8]9
MyVectorClock :[0,100,9,32,100,100]
CausalReceived: 4_2.10:1638657276836,[0,0,9,0,0,0]10
MyVectorClock :[0,100,9,32,100,100]
MyVectorClock :[0,100,9,32,100,100]
Delivers rawData: 4_2.10:1638657276836,[0,0,9,0,0,0]10
CausalReceived: 5_3.90:1638657275631,[0,0,0,89,0,0]90
MyVectorClock :[0,100,10,32,100,100]
CausalReceived: 3_3.35:1638657275583,[0,0,0,34,0,0]35
MyVectorClock :[0,100,10,32,100,100]
CausalReceived: 3_3.33:1638657275582,[0,0,0,32,0,0]33
MyVectorClock :[0,100,10,32,100,100]
MyVectorClock :[0,100,10,32,100,100]
Delivers rawData: 3_3.33:1638657275582,[0,0,0,32,0,0]33
MyVectorClock :[0,100,10,33,100,100]
Delivers rawData: 1_3.34:1638657275582,[0,0,0,33,0,0]34
MyVectorClock :[0,100,10,34,100,100]
Delivers rawData: 3_3.35:1638657275583,[0,0,0,34,0,0]35
MyVectorClock :[0,100,10,35,100,100]
Delivers rawData: 5_3.36:1638657275583,[0,0,0,35,0,0]36
MyVectorClock :[0,100,10,36,100,100]
Delivers rawData: 5_3.37:1638657275584,[0,0,0,36,0,0]37
MyVectorClock :[0,100,10,37,100,100]
Delivers rawData: 3_3.38:1638657275584,[0,0,0,37,0,0]38
MyVectorClock :[0,100,10,38,100,100]
Delivers rawData: 3_3.39:1638657275606,[0,0,0,38,0,0]39
MyVectorClock :[0,100,10,39,100,100]
Delivers rawData: 1_3.40:1638657275607,[0,0,0,39,0,0]40
MyVectorClock :[0,100,10,40,100,100]
Delivers rawData: 1_3.41:1638657275607,[0,0,0,40,0,0]41
MyVectorClock :[0,100,10,41,100,100]
Delivers rawData: 3_3.42:1638657275608,[0,0,0,41,0,0]42
MyVectorClock :[0,100,10,42,100,100]
Delivers rawData: 4_3.43:1638657275608,[0,0,0,42,0,0]43
MyVectorClock :[0,100,10,43,100,100]
Delivers rawData: 5_3.44:1638657275609,[0,0,0,43,0,0]44
MyVectorClock :[0,100,10,44,100,100]
Delivers rawData: 1_3.45:1638657275609,[0,0,0,44,0,0]45
MyVectorClock :[0,100,10,45,100,100]
Delivers rawData: 4_3.46:1638657275610,[0,0,0,45,0,0]46
MyVectorClock :[0,100,10,46,100,100]
Delivers rawData: 2_3.47:1638657275610,[0,0,0,46,0,0]47
MyVectorClock :[0,100,10,47,100,100]
Delivers rawData: 3_3.48:1638657275611,[0,0,0,47,0,0]48
MyVectorClock :[0,100,10,48,100,100]
Delivers rawData: 3_3.49:1638657275617,[0,0,0,48,0,0]49
MyVectorClock :[0,100,10,49,100,100]
Delivers rawData: 2_3.50:1638657275618,[0,0,0,49,0,0]50
MyVectorClock :[0,100,10,50,100,100]
Delivers rawData: 1_3.51:1638657275618,[0,0,0,50,0,0]51
MyVectorClock :[0,100,10,51,100,100]
Delivers rawData: 3_3.52:1638657275618,[0,0,0,51,0,0]52
MyVectorClock :[0,100,10,52,100,100]
Delivers rawData: 1_3.53:1638657275619,[0,0,0,52,0,0]53
MyVectorClock :[0,100,10,53,100,100]
Delivers rawData: 5_3.54:1638657275619,[0,0,0,53,0,0]54
MyVectorClock :[0,100,10,54,100,100]
Delivers rawData: 5_3.55:1638657275619,[0,0,0,54,0,0]55
MyVectorClock :[0,100,10,55,100,100]
Delivers rawData: 4_3.56:1638657275619,[0,0,0,55,0,0]56
MyVectorClock :[0,100,10,56,100,100]
Delivers rawData: 5_3.57:1638657275620,[0,0,0,56,0,0]57
MyVectorClock :[0,100,10,57,100,100]
Delivers rawData: 3_3.58:1638657275620,[0,0,0,57,0,0]58
MyVectorClock :[0,100,10,58,100,100]
Delivers rawData: 5_3.59:1638657275620,[0,0,0,58,0,0]59
MyVectorClock :[0,100,10,59,100,100]
Delivers rawData: 1_3.60:1638657275620,[0,0,0,59,0,0]60
MyVectorClock :[0,100,10,60,100,100]
Delivers rawData: 4_3.61:1638657275621,[0,0,0,60,0,0]61
MyVectorClock :[0,100,10,61,100,100]
Delivers rawData: 3_3.62:1638657275621,[0,0,0,61,0,0]62
MyVectorClock :[0,100,10,62,100,100]
Delivers rawData: 2_3.63:1638657275621,[0,0,0,62,0,0]63
CausalReceived: 3_3.64:1638657275621,[0,0,0,63,0,0]64
MyVectorClock :[0,100,10,63,100,100]
MyVectorClock :[0,100,10,63,100,100]
Delivers rawData: 3_3.64:1638657275621,[0,0,0,63,0,0]64
MyVectorClock :[0,100,10,64,100,100]
Delivers rawData: 1_3.65:1638657275622,[0,0,0,64,0,0]65
MyVectorClock :[0,100,10,65,100,100]
Delivers rawData: 5_3.66:1638657275622,[0,0,0,65,0,0]66
MyVectorClock :[0,100,10,66,100,100]
Delivers rawData: 3_3.67:1638657275622,[0,0,0,66,0,0]67
MyVectorClock :[0,100,10,67,100,100]
Delivers rawData: 4_3.68:1638657275622,[0,0,0,67,0,0]68
MyVectorClock :[0,100,10,68,100,100]
Delivers rawData: 3_3.69:1638657275623,[0,0,0,68,0,0]69
MyVectorClock :[0,100,10,69,100,100]
Delivers rawData: 3_3.70:1638657275623,[0,0,0,69,0,0]70
MyVectorClock :[0,100,10,70,100,100]
Delivers rawData: 3_3.71:1638657275623,[0,0,0,70,0,0]71
MyVectorClock :[0,100,10,71,100,100]
Delivers rawData: 1_3.72:1638657275624,[0,0,0,71,0,0]72
MyVectorClock :[0,100,10,72,100,100]
Delivers rawData: 1_3.73:1638657275624,[0,0,0,72,0,0]73
MyVectorClock :[0,100,10,73,100,100]
Delivers rawData: 3_3.74:1638657275624,[0,0,0,73,0,0]74
MyVectorClock :[0,100,10,74,100,100]
Delivers rawData: 5_3.75:1638657275626,[0,0,0,74,0,0]75
MyVectorClock :[0,100,10,75,100,100]
Delivers rawData: 4_3.76:1638657275626,[0,0,0,75,0,0]76
MyVectorClock :[0,100,10,76,100,100]
Delivers rawData: 5_3.77:1638657275626,[0,0,0,76,0,0]77
MyVectorClock :[0,100,10,77,100,100]
Delivers rawData: 5_3.78:1638657275626,[0,0,0,77,0,0]78
MyVectorClock :[0,100,10,78,100,100]
Delivers rawData: 5_3.79:1638657275627,[0,0,0,78,0,0]79
MyVectorClock :[0,100,10,79,100,100]
Delivers rawData: 3_3.80:1638657275627,[0,0,0,79,0,0]80
MyVectorClock :[0,100,10,80,100,100]
Delivers rawData: 4_3.81:1638657275627,[0,0,0,80,0,0]81
MyVectorClock :[0,100,10,81,100,100]
Delivers rawData: 5_3.82:1638657275627,[0,0,0,81,0,0]82
MyVectorClock :[0,100,10,82,100,100]
Delivers rawData: 5_3.83:1638657275629,[0,0,0,82,0,0]83
MyVectorClock :[0,100,10,83,100,100]
Delivers rawData: 3_3.84:1638657275630,[0,0,0,83,0,0]84
MyVectorClock :[0,100,10,84,100,100]
Delivers rawData: 4_3.85:1638657275630,[0,0,0,84,0,0]85
MyVectorClock :[0,100,10,85,100,100]
Delivers rawData: 5_3.86:1638657275630,[0,0,0,85,0,0]86
MyVectorClock :[0,100,10,86,100,100]
Delivers rawData: 4_3.87:1638657275630,[0,0,0,86,0,0]87
MyVectorClock :[0,100,10,87,100,100]
Delivers rawData: 3_3.88:1638657275631,[0,0,0,87,0,0]88
MyVectorClock :[0,100,10,88,100,100]
Delivers rawData: 4_3.89:1638657275631,[0,0,0,88,0,0]89
MyVectorClock :[0,100,10,89,100,100]
Delivers rawData: 5_3.90:1638657275631,[0,0,0,89,0,0]90
MyVectorClock :[0,100,10,90,100,100]
Delivers rawData: 4_3.91:1638657275636,[0,0,0,90,0,0]91
MyVectorClock :[0,100,10,91,100,100]
Delivers rawData: 3_3.92:1638657275636,[0,0,0,91,0,0]92
MyVectorClock :[0,100,10,92,100,100]
Delivers rawData: 3_3.93:1638657275637,[0,0,0,92,0,0]93
MyVectorClock :[0,100,10,93,100,100]
Delivers rawData: 4_3.94:1638657275637,[0,0,0,93,0,0]94
MyVectorClock :[0,100,10,94,100,100]
Delivers rawData: 4_3.95:1638657275637,[0,0,0,94,0,0]95
MyVectorClock :[0,100,10,95,100,100]
Delivers rawData: 5_3.96:1638657275637,[0,0,0,95,0,0]96
MyVectorClock :[0,100,10,96,100,100]
Delivers rawData: 3_3.97:1638657275638,[0,0,0,96,0,0]97
MyVectorClock :[0,100,10,97,100,100]
Delivers rawData: 4_3.98:1638657275638,[0,0,0,97,0,0]98
MyVectorClock :[0,100,10,98,100,100]
Delivers rawData: 4_3.99:1638657275638,[0,0,0,98,0,0]99
MyVectorClock :[0,100,10,99,100,100]
Delivers rawData: 1_3.100:1638657275639,[0,0,0,99,0,0]100
CausalReceived: 4_2.56:1638657276850,[0,0,55,0,0,0]56
MyVectorClock :[0,100,10,100,100,100]
CausalReceived: 2_2.11:1638657276836,[0,0,10,0,0,0]11
MyVectorClock :[0,100,10,100,100,100]
MyVectorClock :[0,100,10,100,100,100]
Delivers rawData: 2_2.11:1638657276836,[0,0,10,0,0,0]11
MyVectorClock :[0,100,11,100,100,100]
Delivers rawData: 2_2.12:1638657276837,[0,0,11,0,0,0]12
MyVectorClock :[0,100,12,100,100,100]
Delivers rawData: 5_2.13:1638657276837,[0,0,12,0,0,0]13
MyVectorClock :[0,100,13,100,100,100]
Delivers rawData: 4_2.14:1638657276838,[0,0,13,0,0,0]14
CausalReceived: 5_2.57:1638657276851,[0,0,56,0,0,0]57
MyVectorClock :[0,100,14,100,100,100]
CausalReceived: 5_2.88:1638657276878,[0,0,87,0,0,0]88
MyVectorClock :[0,100,14,100,100,100]
CausalReceived: 4_2.27:1638657276841,[0,0,26,0,0,0]27
MyVectorClock :[0,100,14,100,100,100]
CausalReceived: 2_2.62:1638657276853,[0,0,61,0,0,0]62
MyVectorClock :[0,100,14,100,100,100]
CausalReceived: 4_2.98:1638657276902,[0,0,97,0,0,0]98
MyVectorClock :[0,100,14,100,100,100]
CausalReceived: 4_2.35:1638657276845,[0,0,34,0,0,0]35
MyVectorClock :[0,100,14,100,100,100]
CausalReceived: 5_2.76:1638657276857,[0,0,75,0,0,0]76
MyVectorClock :[0,100,14,100,100,100]
CausalReceived: 2_2.86:1638657276869,[0,0,85,0,0,0]86
MyVectorClock :[0,100,14,100,100,100]
CausalReceived: 5_2.15:1638657276838,[0,0,14,0,0,0]15
MyVectorClock :[0,100,14,100,100,100]
MyVectorClock :[0,100,14,100,100,100]
Delivers rawData: 5_2.15:1638657276838,[0,0,14,0,0,0]15
MyVectorClock :[0,100,15,100,100,100]
Delivers rawData: 2_2.16:1638657276838,[0,0,15,0,0,0]16
MyVectorClock :[0,100,16,100,100,100]
Delivers rawData: 5_2.17:1638657276839,[0,0,16,0,0,0]17
CausalReceived: 5_2.81:1638657276860,[0,0,80,0,0,0]81
MyVectorClock :[0,100,17,100,100,100]
CausalReceived: 5_2.64:1638657276854,[0,0,63,0,0,0]64
MyVectorClock :[0,100,17,100,100,100]
CausalReceived: 5_2.18:1638657276839,[0,0,17,0,0,0]18
MyVectorClock :[0,100,17,100,100,100]
MyVectorClock :[0,100,17,100,100,100]
Delivers rawData: 5_2.18:1638657276839,[0,0,17,0,0,0]18
MyVectorClock :[0,100,18,100,100,100]
Delivers rawData: 5_2.19:1638657276839,[0,0,18,0,0,0]19
MyVectorClock :[0,100,19,100,100,100]
Delivers rawData: 4_2.20:1638657276840,[0,0,19,0,0,0]20
MyVectorClock :[0,100,20,100,100,100]
Delivers rawData: 4_2.21:1638657276840,[0,0,20,0,0,0]21
MyVectorClock :[0,100,21,100,100,100]
Delivers rawData: 5_2.22:1638657276840,[0,0,21,0,0,0]22
CausalReceived: 4_2.58:1638657276851,[0,0,57,0,0,0]58
MyVectorClock :[0,100,22,100,100,100]
CausalReceived: 5_2.29:1638657276842,[0,0,28,0,0,0]29
MyVectorClock :[0,100,22,100,100,100]
CausalReceived: 5_2.23:1638657276840,[0,0,22,0,0,0]23
MyVectorClock :[0,100,22,100,100,100]
MyVectorClock :[0,100,22,100,100,100]
Delivers rawData: 5_2.23:1638657276840,[0,0,22,0,0,0]23
MyVectorClock :[0,100,23,100,100,100]
Delivers rawData: 2_2.24:1638657276841,[0,0,23,0,0,0]24
MyVectorClock :[0,100,24,100,100,100]
Delivers rawData: 5_2.25:1638657276841,[0,0,24,0,0,0]25
MyVectorClock :[0,100,25,100,100,100]
Delivers rawData: 5_2.26:1638657276841,[0,0,25,0,0,0]26
MyVectorClock :[0,100,26,100,100,100]
Delivers rawData: 4_2.27:1638657276841,[0,0,26,0,0,0]27
MyVectorClock :[0,100,27,100,100,100]
Delivers rawData: 2_2.28:1638657276842,[0,0,27,0,0,0]28
MyVectorClock :[0,100,28,100,100,100]
Delivers rawData: 5_2.29:1638657276842,[0,0,28,0,0,0]29
MyVectorClock :[0,100,29,100,100,100]
Delivers rawData: 2_2.30:1638657276842,[0,0,29,0,0,0]30
MyVectorClock :[0,100,30,100,100,100]
Delivers rawData: 5_2.31:1638657276843,[0,0,30,0,0,0]31
MyVectorClock :[0,100,31,100,100,100]
Delivers rawData: 2_2.32:1638657276843,[0,0,31,0,0,0]32
MyVectorClock :[0,100,32,100,100,100]
Delivers rawData: 4_2.33:1638657276844,[0,0,32,0,0,0]33
MyVectorClock :[0,100,33,100,100,100]
Delivers rawData: 4_2.34:1638657276844,[0,0,33,0,0,0]34
MyVectorClock :[0,100,34,100,100,100]
Delivers rawData: 4_2.35:1638657276845,[0,0,34,0,0,0]35
MyVectorClock :[0,100,35,100,100,100]
Delivers rawData: 4_2.36:1638657276845,[0,0,35,0,0,0]36
MyVectorClock :[0,100,36,100,100,100]
Delivers rawData: 4_2.37:1638657276846,[0,0,36,0,0,0]37
MyVectorClock :[0,100,37,100,100,100]
Delivers rawData: 2_2.38:1638657276846,[0,0,37,0,0,0]38
MyVectorClock :[0,100,38,100,100,100]
Delivers rawData: 4_2.39:1638657276846,[0,0,38,0,0,0]39
MyVectorClock :[0,100,39,100,100,100]
Delivers rawData: 5_2.40:1638657276846,[0,0,39,0,0,0]40
MyVectorClock :[0,100,40,100,100,100]
Delivers rawData: 4_2.41:1638657276847,[0,0,40,0,0,0]41
MyVectorClock :[0,100,41,100,100,100]
Delivers rawData: 2_2.42:1638657276847,[0,0,41,0,0,0]42
MyVectorClock :[0,100,42,100,100,100]
Delivers rawData: 2_2.43:1638657276847,[0,0,42,0,0,0]43
MyVectorClock :[0,100,43,100,100,100]
Delivers rawData: 4_2.44:1638657276847,[0,0,43,0,0,0]44
MyVectorClock :[0,100,44,100,100,100]
Delivers rawData: 2_2.45:1638657276848,[0,0,44,0,0,0]45
MyVectorClock :[0,100,45,100,100,100]
Delivers rawData: 2_2.46:1638657276848,[0,0,45,0,0,0]46
MyVectorClock :[0,100,46,100,100,100]
Delivers rawData: 5_2.47:1638657276848,[0,0,46,0,0,0]47
MyVectorClock :[0,100,47,100,100,100]
Delivers rawData: 5_2.48:1638657276848,[0,0,47,0,0,0]48
MyVectorClock :[0,100,48,100,100,100]
Delivers rawData: 2_2.49:1638657276848,[0,0,48,0,0,0]49
MyVectorClock :[0,100,49,100,100,100]
Delivers rawData: 5_2.50:1638657276849,[0,0,49,0,0,0]50
MyVectorClock :[0,100,50,100,100,100]
Delivers rawData: 5_2.51:1638657276849,[0,0,50,0,0,0]51
MyVectorClock :[0,100,51,100,100,100]
Delivers rawData: 5_2.52:1638657276849,[0,0,51,0,0,0]52
MyVectorClock :[0,100,52,100,100,100]
Delivers rawData: 5_2.53:1638657276849,[0,0,52,0,0,0]53
MyVectorClock :[0,100,53,100,100,100]
Delivers rawData: 5_2.54:1638657276850,[0,0,53,0,0,0]54
MyVectorClock :[0,100,54,100,100,100]
Delivers rawData: 4_2.55:1638657276850,[0,0,54,0,0,0]55
MyVectorClock :[0,100,55,100,100,100]
Delivers rawData: 4_2.56:1638657276850,[0,0,55,0,0,0]56
MyVectorClock :[0,100,56,100,100,100]
Delivers rawData: 5_2.57:1638657276851,[0,0,56,0,0,0]57
MyVectorClock :[0,100,57,100,100,100]
Delivers rawData: 4_2.58:1638657276851,[0,0,57,0,0,0]58
MyVectorClock :[0,100,58,100,100,100]
Delivers rawData: 4_2.59:1638657276851,[0,0,58,0,0,0]59
MyVectorClock :[0,100,59,100,100,100]
Delivers rawData: 2_2.60:1638657276852,[0,0,59,0,0,0]60
MyVectorClock :[0,100,60,100,100,100]
Delivers rawData: 2_2.61:1638657276852,[0,0,60,0,0,0]61
MyVectorClock :[0,100,61,100,100,100]
Delivers rawData: 2_2.62:1638657276853,[0,0,61,0,0,0]62
MyVectorClock :[0,100,62,100,100,100]
Delivers rawData: 2_2.63:1638657276853,[0,0,62,0,0,0]63
MyVectorClock :[0,100,63,100,100,100]
Delivers rawData: 5_2.64:1638657276854,[0,0,63,0,0,0]64
MyVectorClock :[0,100,64,100,100,100]
Delivers rawData: 5_2.65:1638657276854,[0,0,64,0,0,0]65
CausalReceived: 5_2.100:1638657276907,[0,0,99,0,0,0]100
MyVectorClock :[0,100,65,100,100,100]
CausalReceived: 4_2.66:1638657276855,[0,0,65,0,0,0]66
MyVectorClock :[0,100,65,100,100,100]
MyVectorClock :[0,100,65,100,100,100]
Delivers rawData: 4_2.66:1638657276855,[0,0,65,0,0,0]66
MyVectorClock :[0,100,66,100,100,100]
Delivers rawData: 5_2.67:1638657276855,[0,0,66,0,0,0]67
MyVectorClock :[0,100,67,100,100,100]
Delivers rawData: 4_2.68:1638657276855,[0,0,67,0,0,0]68
MyVectorClock :[0,100,68,100,100,100]
Delivers rawData: 4_2.69:1638657276855,[0,0,68,0,0,0]69
MyVectorClock :[0,100,69,100,100,100]
Delivers rawData: 4_2.70:1638657276856,[0,0,69,0,0,0]70
MyVectorClock :[0,100,70,100,100,100]
Delivers rawData: 4_2.71:1638657276856,[0,0,70,0,0,0]71
MyVectorClock :[0,100,71,100,100,100]
Delivers rawData: 2_2.72:1638657276856,[0,0,71,0,0,0]72
MyVectorClock :[0,100,72,100,100,100]
Delivers rawData: 1_2.73:1638657276856,[0,0,72,0,0,0]73
MyVectorClock :[0,100,73,100,100,100]
Delivers rawData: 4_2.74:1638657276856,[0,0,73,0,0,0]74
MyVectorClock :[0,100,74,100,100,100]
Delivers rawData: 5_2.75:1638657276857,[0,0,74,0,0,0]75
MyVectorClock :[0,100,75,100,100,100]
Delivers rawData: 5_2.76:1638657276857,[0,0,75,0,0,0]76
MyVectorClock :[0,100,76,100,100,100]
Delivers rawData: 5_2.77:1638657276857,[0,0,76,0,0,0]77
MyVectorClock :[0,100,77,100,100,100]
Delivers rawData: 5_2.78:1638657276858,[0,0,77,0,0,0]78
MyVectorClock :[0,100,78,100,100,100]
Delivers rawData: 4_2.79:1638657276859,[0,0,78,0,0,0]79
MyVectorClock :[0,100,79,100,100,100]
Delivers rawData: 4_2.80:1638657276859,[0,0,79,0,0,0]80
MyVectorClock :[0,100,80,100,100,100]
Delivers rawData: 5_2.81:1638657276860,[0,0,80,0,0,0]81
MyVectorClock :[0,100,81,100,100,100]
Delivers rawData: 4_2.82:1638657276860,[0,0,81,0,0,0]82
MyVectorClock :[0,100,82,100,100,100]
Delivers rawData: 5_2.83:1638657276861,[0,0,82,0,0,0]83
MyVectorClock :[0,100,83,100,100,100]
Delivers rawData: 4_2.84:1638657276861,[0,0,83,0,0,0]84
MyVectorClock :[0,100,84,100,100,100]
Delivers rawData: 4_2.85:1638657276861,[0,0,84,0,0,0]85
MyVectorClock :[0,100,85,100,100,100]
Delivers rawData: 2_2.86:1638657276869,[0,0,85,0,0,0]86
MyVectorClock :[0,100,86,100,100,100]
Delivers rawData: 4_2.87:1638657276877,[0,0,86,0,0,0]87
MyVectorClock :[0,100,87,100,100,100]
Delivers rawData: 5_2.88:1638657276878,[0,0,87,0,0,0]88
MyVectorClock :[0,100,88,100,100,100]
Delivers rawData: 2_2.89:1638657276879,[0,0,88,0,0,0]89
MyVectorClock :[0,100,89,100,100,100]
Delivers rawData: 2_2.90:1638657276881,[0,0,89,0,0,0]90
MyVectorClock :[0,100,90,100,100,100]
Delivers rawData: 2_2.91:1638657276896,[0,0,90,0,0,0]91
MyVectorClock :[0,100,91,100,100,100]
Delivers rawData: 2_2.92:1638657276896,[0,0,91,0,0,0]92
MyVectorClock :[0,100,92,100,100,100]
Delivers rawData: 4_2.93:1638657276897,[0,0,92,0,0,0]93
MyVectorClock :[0,100,93,100,100,100]
Delivers rawData: 2_2.94:1638657276897,[0,0,93,0,0,0]94
MyVectorClock :[0,100,94,100,100,100]
Delivers rawData: 4_2.95:1638657276898,[0,0,94,0,0,0]95
MyVectorClock :[0,100,95,100,100,100]
Delivers rawData: 2_2.96:1638657276900,[0,0,95,0,0,0]96
MyVectorClock :[0,100,96,100,100,100]
Delivers rawData: 4_2.97:1638657276901,[0,0,96,0,0,0]97
MyVectorClock :[0,100,97,100,100,100]
Delivers rawData: 4_2.98:1638657276902,[0,0,97,0,0,0]98
MyVectorClock :[0,100,98,100,100,100]
Delivers rawData: 4_2.99:1638657276906,[0,0,98,0,0,0]99
MyVectorClock :[0,100,99,100,100,100]
Delivers rawData: 5_2.100:1638657276907,[0,0,99,0,0,0]100
Immediately stopping network packet processing.
Writing output.
