My PID: 6470

From a new terminal type `kill -SIGINT 6470` or `kill -SIGTERM 6470` to stop processing packets

My ID: 1

List of resolved hosts is:
==========================
1
Human-readable IP: 127.0.0.1
Human-readable Port: 11001

2
Human-readable IP: 127.0.0.1
Human-readable Port: 11002


Path to output:
===============
/home/dcl/Desktop/MostUpToDate/CS451_DistributedAlgorithms/example/output/proc01.output

Path to config:
===============
../example/output/config

Doing some initialization

Broadcasting and delivering messages...

Immediately stopping network packet processing.
Writing output.
