My PID: 24270

From a new terminal type `kill -SIGINT 24270` or `kill -SIGTERM 24270` to stop processing packets

My ID: 8

List of resolved hosts is:
==========================
1
Human-readable IP: 127.0.0.1
Human-readable Port: 11001

2
Human-readable IP: 127.0.0.1
Human-readable Port: 11002

3
Human-readable IP: 127.0.0.1
Human-readable Port: 11003

4
Human-readable IP: 127.0.0.1
Human-readable Port: 11004

5
Human-readable IP: 127.0.0.1
Human-readable Port: 11005

6
Human-readable IP: 127.0.0.1
Human-readable Port: 11006

7
Human-readable IP: 127.0.0.1
Human-readable Port: 11007

8
Human-readable IP: 127.0.0.1
Human-readable Port: 11008

9
Human-readable IP: 127.0.0.1
Human-readable Port: 11009


Path to output:
===============
/home/dcl/Desktop/CS451_DistributedAlgorithms/example/output/proc08.output

Path to config:
===============
../example/output/config

Doing some initialization

myCausallyAffectingHosts: [3, 4, 6, 7]
Broadcasting and delivering messages...

CausalReceived: _9.1:1638027440401,[0,0,0,0,0,0,0,0,0,0]1
OgSrcID : 9 myId: 8
Delivers rawData: _9.1:1638027440401,[0,0,0,0,0,0,0,0,0,0]1
finished Deliver
CausalReceived: _8.1:1638027440276,[0,0,0,0,0,0,0,0,0,0]1
OgSrcID : 8 myId: 8
CausalReceived: _7.1:1638027440067,[0,0,0,0,0,0,0,0,0,0]1
OgSrcID : 7 myId: 8
Goes in deliver for affecting hosts
Delivers rawData: _7.1:1638027440067,[0,0,0,0,0,0,0,0,0,0]1
finished Deliver
CausalReceived: _6.1:1638027440464,[0,0,0,0,0,0,0,0,0,0]1
OgSrcID : 6 myId: 8
Goes in deliver for affecting hosts
Delivers rawData: _6.1:1638027440464,[0,0,0,0,0,0,0,0,0,0]1
finished Deliver
CausalReceived: _5.1:1638027440388,[0,0,0,0,0,0,0,0,0,0]1
OgSrcID : 5 myId: 8
Delivers rawData: _5.1:1638027440388,[0,0,0,0,0,0,0,0,0,0]1
finished Deliver
CausalReceived: _3.1:1638027440340,[0,0,0,0,0,0,0,0,0,0]1
OgSrcID : 3 myId: 8
Goes in deliver for affecting hosts
Delivers rawData: _3.1:1638027440340,[0,0,0,0,0,0,0,0,0,0]1
finished Deliver
CausalReceived: _4.1:1638027440037,[0,0,0,0,0,0,0,0,0,0]1
OgSrcID : 4 myId: 8
Goes in deliver for affecting hosts
Delivers rawData: _4.1:1638027440037,[0,0,0,0,0,0,0,0,0,0]1
finished Deliver
CausalReceived: _2.1:1638027440284,[0,0,0,0,0,0,0,0,0,0]1
OgSrcID : 2 myId: 8
Delivers rawData: _2.1:1638027440284,[0,0,0,0,0,0,0,0,0,0]1
finished Deliver
CausalReceived: _8.2:1638027442941,[0,0,0,0,0,0,0,0,1,0]2
OgSrcID : 8 myId: 8
CausalReceived: _4.2:1638027443263,[0,0,0,0,1,0,0,0,0,0]2
OgSrcID : 4 myId: 8
Goes in deliver for affecting hosts
Delivers rawData: _4.2:1638027443263,[0,0,0,0,1,0,0,0,0,0]2
finished Deliver
CausalReceived: _9.2:1638027442906,[0,0,0,0,0,0,0,0,0,1]2
OgSrcID : 9 myId: 8
Delivers rawData: _9.2:1638027442906,[0,0,0,0,0,0,0,0,0,1]2
finished Deliver
CausalReceived: _5.2:1638027443148,[0,0,0,0,0,1,0,0,0,0]2
OgSrcID : 5 myId: 8
Delivers rawData: _5.2:1638027443148,[0,0,0,0,0,1,0,0,0,0]2
finished Deliver
CausalReceived: _7.2:1638027443017,[0,0,0,0,0,0,0,1,0,0]2
OgSrcID : 7 myId: 8
Goes in deliver for affecting hosts
Delivers rawData: _7.2:1638027443017,[0,0,0,0,0,0,0,1,0,0]2
finished Deliver
CausalReceived: _3.2:1638027443301,[0,0,0,1,0,0,0,0,0,0]2
OgSrcID : 3 myId: 8
Goes in deliver for affecting hosts
Delivers rawData: _3.2:1638027443301,[0,0,0,1,0,0,0,0,0,0]2
finished Deliver
CausalReceived: _1.1:1638027440296,[0,0,0,0,0,0,0,0,0,0]1
OgSrcID : 1 myId: 8
Delivers rawData: _1.1:1638027440296,[0,0,0,0,0,0,0,0,0,0]1
finished Deliver
CausalReceived: _6.2:1638027443181,[0,0,0,0,0,0,1,0,0,0]2
OgSrcID : 6 myId: 8
Goes in deliver for affecting hosts
Delivers rawData: _6.2:1638027443181,[0,0,0,0,0,0,1,0,0,0]2
finished Deliver
Immediately stopping network packet processing.
Writing output.
