Exception in thread "Thread-13" java.lang.ArrayIndexOutOfBoundsException: Index 3 out of bounds for length 3
	at cs451.Broadcasts.FIFOBroadcast.deliver(FIFOBroadcast.java:53)
	at cs451.Broadcasts.UniformReliableBroadcast.actuallyDeliver(UniformReliableBroadcast.java:93)
	at cs451.Broadcasts.UniformReliableBroadcast.deliverIfCan(UniformReliableBroadcast.java:80)
	at cs451.Broadcasts.UniformReliableBroadcast.deliver(UniformReliableBroadcast.java:68)
	at cs451.Broadcasts.BestEffortBroadcast.deliver(BestEffortBroadcast.java:42)
	at cs451.Links.PerfectLink.deliver(PerfectLink.java:66)
	at cs451.Links.StubbornLinkWithAck.deliver(StubbornLinkWithAck.java:78)
	at cs451.Receiver$1.run(Receiver.java:32)
	at java.base/java.lang.Thread.run(Thread.java:834)
Exception in thread "Thread-3" java.lang.ArrayIndexOutOfBoundsException: Index 3 out of bounds for length 3
	at cs451.Broadcasts.FIFOBroadcast.deliver(FIFOBroadcast.java:53)
	at cs451.Broadcasts.UniformReliableBroadcast.actuallyDeliver(UniformReliableBroadcast.java:93)
	at cs451.Broadcasts.UniformReliableBroadcast.deliverIfCan(UniformReliableBroadcast.java:80)
	at cs451.Broadcasts.UniformReliableBroadcast.deliver(UniformReliableBroadcast.java:68)
	at cs451.Broadcasts.BestEffortBroadcast.deliver(BestEffortBroadcast.java:42)
	at cs451.Links.PerfectLink.deliver(PerfectLink.java:66)
	at cs451.Links.StubbornLinkWithAck.deliver(StubbornLinkWithAck.java:78)
	at cs451.Receiver$1.run(Receiver.java:32)
	at java.base/java.lang.Thread.run(Thread.java:834)
Exception in thread "Thread-6" java.lang.ArrayIndexOutOfBoundsException: Index 3 out of bounds for length 3
	at cs451.Broadcasts.FIFOBroadcast.deliver(FIFOBroadcast.java:53)
	at cs451.Broadcasts.UniformReliableBroadcast.actuallyDeliver(UniformReliableBroadcast.java:93)
	at cs451.Broadcasts.UniformReliableBroadcast.deliverIfCan(UniformReliableBroadcast.java:80)
	at cs451.Broadcasts.UniformReliableBroadcast.deliver(UniformReliableBroadcast.java:68)
	at cs451.Broadcasts.BestEffortBroadcast.deliver(BestEffortBroadcast.java:42)
	at cs451.Links.PerfectLink.deliver(PerfectLink.java:66)
	at cs451.Links.StubbornLinkWithAck.deliver(StubbornLinkWithAck.java:78)
	at cs451.Receiver$1.run(Receiver.java:32)
	at java.base/java.lang.Thread.run(Thread.java:834)
Exception in thread "Thread-38" java.lang.ArrayIndexOutOfBoundsException: Index 3 out of bounds for length 3
	at cs451.Broadcasts.FIFOBroadcast.deliver(FIFOBroadcast.java:53)
	at cs451.Broadcasts.UniformReliableBroadcast.actuallyDeliver(UniformReliableBroadcast.java:93)
	at cs451.Broadcasts.UniformReliableBroadcast.deliverIfCan(UniformReliableBroadcast.java:80)
	at cs451.Broadcasts.UniformReliableBroadcast.deliver(UniformReliableBroadcast.java:68)
	at cs451.Broadcasts.BestEffortBroadcast.deliver(BestEffortBroadcast.java:42)
	at cs451.Links.PerfectLink.deliver(PerfectLink.java:66)
	at cs451.Links.StubbornLinkWithAck.deliver(StubbornLinkWithAck.java:78)
	at cs451.Receiver$1.run(Receiver.java:32)
	at java.base/java.lang.Thread.run(Thread.java:834)
Exception in thread "Thread-1" java.lang.ArrayIndexOutOfBoundsException: Index 3 out of bounds for length 3
	at cs451.Broadcasts.FIFOBroadcast.deliver(FIFOBroadcast.java:53)
	at cs451.Broadcasts.UniformReliableBroadcast.actuallyDeliver(UniformReliableBroadcast.java:93)
	at cs451.Broadcasts.UniformReliableBroadcast.deliverIfCan(UniformReliableBroadcast.java:80)
	at cs451.Broadcasts.UniformReliableBroadcast.broadcast(UniformReliableBroadcast.java:47)
	at cs451.Broadcasts.FIFOBroadcast.broadcast(FIFOBroadcast.java:36)
	at cs451.Sender.run(Sender.java:30)
Exception in thread "Thread-50" java.lang.ArrayIndexOutOfBoundsException: Index 3 out of bounds for length 3
	at cs451.Broadcasts.FIFOBroadcast.deliver(FIFOBroadcast.java:53)
	at cs451.Broadcasts.UniformReliableBroadcast.actuallyDeliver(UniformReliableBroadcast.java:93)
	at cs451.Broadcasts.UniformReliableBroadcast.deliverIfCan(UniformReliableBroadcast.java:80)
	at cs451.Broadcasts.UniformReliableBroadcast.deliver(UniformReliableBroadcast.java:68)
	at cs451.Broadcasts.BestEffortBroadcast.deliver(BestEffortBroadcast.java:42)
	at cs451.Links.PerfectLink.deliver(PerfectLink.java:66)
	at cs451.Links.StubbornLinkWithAck.deliver(StubbornLinkWithAck.java:78)
	at cs451.Receiver$1.run(Receiver.java:32)
	at java.base/java.lang.Thread.run(Thread.java:834)
