My PID: 9607

From a new terminal type `kill -SIGINT 9607` or `kill -SIGTERM 9607` to stop processing packets

My ID: 3

List of resolved hosts is:
==========================
1
Human-readable IP: 127.0.0.1
Human-readable Port: 11001

2
Human-readable IP: 127.0.0.1
Human-readable Port: 11002

3
Human-readable IP: 127.0.0.1
Human-readable Port: 11003

4
Human-readable IP: 127.0.0.1
Human-readable Port: 11004

5
Human-readable IP: 127.0.0.1
Human-readable Port: 11005

6
Human-readable IP: 127.0.0.1
Human-readable Port: 11006

7
Human-readable IP: 127.0.0.1
Human-readable Port: 11007

8
Human-readable IP: 127.0.0.1
Human-readable Port: 11008

9
Human-readable IP: 127.0.0.1
Human-readable Port: 11009


Path to output:
===============
/home/dcl/Desktop/CS451_DistributedAlgorithms/example/stress/proc03.output

Path to config:
===============
../example/stress/config

Doing some initialization

Broadcasting and delivering messages...

3retransmitting3.1:1634986937791
3retransmitting3.6:1634986938013
3retransmitting3.7:1634986938104
3retransmitting3.3:1634986937840
3retransmitting3.5:1634986937938
3retransmitting3.4:1634986937921
3retransmitting3.0:1634986937430
3retransmitting3.9:1634986938202
3retransmitting3.2:1634986937815
3retransmitting3.5:1634986937938
3retransmitting3.8:1634986938152
3retransmitting3.2:1634986937815
3retransmitting3.7:1634986938104
3retransmitting3.8:1634986938152
3retransmitting3.3:1634986937840
3retransmitting3.3:1634986937840
3retransmitting3.6:1634986938013
3retransmitting3.0:1634986937430
3retransmitting3.10:1634986938220
3retransmitting3.11:1634986938220
3retransmitting3.12:1634986938221
3retransmitting3.13:1634986938221
3retransmitting3.15:1634986938222
3retransmitting3.14:1634986938221
3retransmitting3.16:1634986938222
3retransmitting3.17:1634986938223
3retransmitting3.19:1634986938313
3retransmitting3.18:1634986938310
3retransmitting3.20:1634986938314
3retransmitting3.21:1634986938318
3retransmitting3.22:1634986938319
3retransmitting3.23:1634986938319
3retransmitting3.24:1634986938320
3retransmitting3.25:1634986938320
3retransmitting3.26:1634986938320
3retransmitting3.27:1634986938321
3retransmitting3.28:1634986938321
3retransmitting3.28:1634986938321
3retransmitting3.25:1634986938320
3retransmitting3.29:1634986938321
3retransmitting3.30:1634986938322
3retransmitting3.26:1634986938320
3retransmitting3.30:1634986938322
3retransmitting3.23:1634986938319
3retransmitting3.31:1634986938322
3retransmitting3.27:1634986938321
3retransmitting3.30:1634986938322
3retransmitting3.30:1634986938322
3retransmitting3.29:1634986938321
3retransmitting3.22:1634986938319
3retransmitting3.26:1634986938320
3retransmitting3.28:1634986938321
3retransmitting3.27:1634986938321
3retransmitting3.28:1634986938321
3retransmitting3.25:1634986938320
3retransmitting3.31:1634986938322
3retransmitting3.24:1634986938320
3retransmitting3.23:1634986938319
3retransmitting3.31:1634986938322
3retransmitting3.26:1634986938320
3retransmitting3.27:1634986938321
3retransmitting3.22:1634986938319
3retransmitting3.28:1634986938321
3retransmitting3.25:1634986938320
3retransmitting3.29:1634986938321
3retransmitting3.30:1634986938322
3retransmitting3.24:1634986938320
3retransmitting3.30:1634986938322
3retransmitting3.32:1634986938366
3retransmitting3.33:1634986938367
3retransmitting3.33:1634986938367
3retransmitting3.34:1634986938378
3retransmitting3.35:1634986938382
3retransmitting3.36:1634986938383
3retransmitting3.37:1634986938403
3retransmitting3.38:1634986938404
3retransmitting3.39:1634986938428
3retransmitting3.40:1634986938432
3retransmitting3.43:1634986938433
3retransmitting3.42:1634986938432
3retransmitting3.41:1634986938432
3retransmitting3.44:1634986938433
3retransmitting3.45:1634986938433
3retransmitting3.46:1634986938434
3retransmitting3.47:1634986938434
3retransmitting3.48:1634986938434
3retransmitting3.48:1634986938434
3retransmitting3.49:1634986938435
3retransmitting3.48:1634986938434
3retransmitting3.47:1634986938434
3retransmitting3.50:1634986940072
3retransmitting3.51:1634986940073
3retransmitting3.52:1634986940105
3retransmitting3.59:1634986940400
3retransmitting3.60:1634986940401
3retransmitting3.53:1634986940106
3retransmitting3.58:1634986940400
3retransmitting3.57:1634986940399
3retransmitting3.56:1634986940395
3retransmitting3.55:1634986940138
3retransmitting3.54:1634986940134
3retransmitting3.61:1634986940404
3retransmitting3.62:1634986940405
3retransmitting3.63:1634986940418
3retransmitting3.64:1634986940419
3retransmitting3.65:1634986940419
3retransmitting3.67:1634986940420
3retransmitting3.68:1634986940420
3retransmitting3.69:1634986940421
3retransmitting3.70:1634986940429
3retransmitting3.71:1634986940429
3retransmitting3.72:1634986940430
3retransmitting3.73:1634986940430
3retransmitting3.74:1634986940430
3retransmitting3.66:1634986940420
3retransmitting3.65:1634986940419
3retransmitting3.75:1634986940448
3retransmitting3.76:1634986940449
3retransmitting3.77:1634986940449
3retransmitting3.78:1634986940451
3retransmitting3.79:1634986940451
3retransmitting3.80:1634986940451
3retransmitting3.81:1634986940452
3retransmitting3.82:1634986940452
3retransmitting3.83:1634986940452
3retransmitting3.84:1634986940454
3retransmitting3.85:1634986940455
3retransmitting3.86:1634986940456
3retransmitting3.87:1634986940458
3retransmitting3.89:1634986940460
3retransmitting3.88:1634986940459
3retransmitting3.90:1634986940460
3retransmitting3.91:1634986940461
3retransmitting3.92:1634986940461
3retransmitting3.93:1634986940463
3retransmitting3.94:1634986940465
3retransmitting3.95:1634986940466
3retransmitting3.96:1634986940471
3retransmitting3.98:1634986940472
3retransmitting3.99:1634986940474
3retransmitting3.101:1634986940481
3retransmitting3.102:1634986940481
3retransmitting3.103:1634986940481
3retransmitting3.104:1634986940482
3retransmitting3.97:1634986940471
3retransmitting3.105:1634986940483
3retransmitting3.100:1634986940481
3retransmitting3.97:1634986940471
3retransmitting3.99:1634986940474
3retransmitting3.98:1634986940472
3retransmitting3.100:1634986940481
3retransmitting3.96:1634986940471
3retransmitting3.102:1634986940481
3retransmitting3.102:1634986940481
3retransmitting3.106:1634986940483
3retransmitting3.107:1634986940483
3retransmitting3.108:1634986940483
3retransmitting3.109:1634986940484
3retransmitting3.110:1634986940488
3retransmitting3.111:1634986940489
3retransmitting3.112:1634986940491
3retransmitting3.113:1634986940494
3retransmitting3.114:1634986940495
3retransmitting3.115:1634986940496
3retransmitting3.116:1634986940496
3retransmitting3.117:1634986940496
3retransmitting3.118:1634986940497
3retransmitting3.119:1634986940497
3retransmitting3.120:1634986940498
3retransmitting3.121:1634986940498
3retransmitting3.122:1634986940499
3retransmitting3.123:1634986940499
3retransmitting3.117:1634986940496
3retransmitting3.117:1634986940496
3retransmitting3.124:1634986940500
3retransmitting3.125:1634986940516
3retransmitting3.120:1634986940498
3retransmitting3.126:1634986940516
3retransmitting3.127:1634986940517
3retransmitting3.128:1634986940517
3retransmitting3.129:1634986940517
3retransmitting3.130:1634986940517
3retransmitting3.131:1634986940518
3retransmitting3.132:1634986940518
3retransmitting3.133:1634986940567
3retransmitting3.134:1634986940568
3retransmitting3.135:1634986940568
3retransmitting3.136:1634986940568
3retransmitting3.137:1634986940572
3retransmitting3.138:1634986940573
3retransmitting3.139:1634986940585
3retransmitting3.140:1634986940586
3retransmitting3.141:1634986940586
3retransmitting3.142:1634986940586
3retransmitting3.143:1634986940586
3retransmitting3.145:1634986940587
3retransmitting3.146:1634986940587
3retransmitting3.147:1634986940587
3retransmitting3.148:1634986940587
3retransmitting3.150:1634986940588
3retransmitting3.151:1634986940588
3retransmitting3.144:1634986940587
3retransmitting3.152:1634986940589
3retransmitting3.149:1634986940588
3retransmitting3.149:1634986940588
3retransmitting3.151:1634986940588
3retransmitting3.153:1634986940589
3retransmitting3.154:1634986940590
3retransmitting3.157:1634986940595
3retransmitting3.158:1634986940596
3retransmitting3.159:1634986940621
3retransmitting3.160:1634986940621
3retransmitting3.156:1634986940594
3retransmitting3.161:1634986940628
3retransmitting3.162:1634986940633
3retransmitting3.155:1634986940591
3retransmitting3.163:1634986940635
3retransmitting3.164:1634986940636
3retransmitting3.165:1634986940636
3retransmitting3.163:1634986940635
3retransmitting3.166:1634986940636
3retransmitting3.165:1634986940636
3retransmitting3.167:1634986940637
3retransmitting3.167:1634986940637
3retransmitting3.168:1634986940637
3retransmitting3.164:1634986940636
3retransmitting3.165:1634986940636
3retransmitting3.169:1634986940637
3retransmitting3.168:1634986940637
3retransmitting3.170:1634986940637
3retransmitting3.167:1634986940637
3retransmitting3.165:1634986940636
3retransmitting3.170:1634986940637
3retransmitting3.171:1634986940638
3retransmitting3.172:1634986940638
3retransmitting3.173:1634986940638
3retransmitting3.174:1634986940638
3retransmitting3.176:1634986940653
3retransmitting3.177:1634986940653
3retransmitting3.175:1634986940639
3retransmitting3.178:1634986940653
3retransmitting3.179:1634986940654
3retransmitting3.180:1634986940654
3retransmitting3.181:1634986940654
3retransmitting3.182:1634986940654
3retransmitting3.183:1634986940654
3retransmitting3.184:1634986940655
3retransmitting3.185:1634986940667
3retransmitting3.186:1634986940668
3retransmitting3.187:1634986940668
3retransmitting3.188:1634986940677
3retransmitting3.189:1634986940682
3retransmitting3.189:1634986940682
3retransmitting3.190:1634986940682
3retransmitting3.189:1634986940682
3retransmitting3.191:1634986940683
3retransmitting3.192:1634986940683
3retransmitting3.189:1634986940682
3retransmitting3.193:1634986940683
3retransmitting3.194:1634986940685
3retransmitting3.195:1634986940694
3retransmitting3.196:1634986940695
3retransmitting3.196:1634986940695
3retransmitting3.188:1634986940677
3retransmitting3.193:1634986940683
3retransmitting3.189:1634986940682
3retransmitting3.187:1634986940668
3retransmitting3.193:1634986940683
3retransmitting3.190:1634986940682
3retransmitting3.196:1634986940695
3retransmitting3.195:1634986940694
3retransmitting3.192:1634986940683
3retransmitting3.191:1634986940683
3retransmitting3.189:1634986940682
3retransmitting3.194:1634986940685
3retransmitting3.191:1634986940683
3retransmitting3.193:1634986940683
3retransmitting3.190:1634986940682
3retransmitting3.194:1634986940685
3retransmitting3.188:1634986940677
3retransmitting3.187:1634986940668
3retransmitting3.195:1634986940694
3retransmitting3.197:1634986940696
3retransmitting3.198:1634986940697
3retransmitting3.199:1634986940697
3retransmitting3.200:1634986940698
3retransmitting3.201:1634986940698
3retransmitting3.202:1634986940698
3retransmitting3.203:1634986940698
3retransmitting3.204:1634986940698
3retransmitting3.205:1634986940699
3retransmitting3.206:1634986940702
3retransmitting3.207:1634986940702
3retransmitting3.208:1634986940702
3retransmitting3.209:1634986940704
3retransmitting3.210:1634986940704
3retransmitting3.211:1634986940704
3retransmitting3.212:1634986940704
3retransmitting3.213:1634986940704
3retransmitting3.214:1634986940705
3retransmitting3.215:1634986940705
3retransmitting3.216:1634986940733
3retransmitting3.217:1634986940734
3retransmitting3.218:1634986940734
3retransmitting3.219:1634986940735
3retransmitting3.220:1634986940745
3retransmitting3.221:1634986940745
3retransmitting3.222:1634986940746
3retransmitting3.223:1634986940747
3retransmitting3.224:1634986940751
3retransmitting3.225:1634986940752
3retransmitting3.226:1634986940752
3retransmitting3.227:1634986940754
3retransmitting3.228:1634986940758
3retransmitting3.229:1634986940763
3retransmitting3.230:1634986940764
3retransmitting3.231:1634986940764
3retransmitting3.232:1634986940765
3retransmitting3.233:1634986940765
3retransmitting3.234:1634986940765
3retransmitting3.235:1634986940766
3retransmitting3.236:1634986940766
3retransmitting3.237:1634986940766
3retransmitting3.238:1634986940766
3retransmitting3.235:1634986940766
3retransmitting3.239:1634986940766
3retransmitting3.240:1634986940767
3retransmitting3.241:1634986940776
3retransmitting3.240:1634986940767
3retransmitting3.242:1634986940777
3retransmitting3.243:1634986940777
3retransmitting3.244:1634986940778
3retransmitting3.241:1634986940776
3retransmitting3.238:1634986940766
3retransmitting3.240:1634986940767
3retransmitting3.245:1634986940788
3retransmitting3.246:1634986940788
3retransmitting3.247:1634986940788
3retransmitting3.249:1634986940817
3retransmitting3.248:1634986940789
3retransmitting3.250:1634986940818
3retransmitting3.251:1634986940818
3retransmitting3.252:1634986940818
3retransmitting3.253:1634986940818
3retransmitting3.254:1634986940819
3retransmitting3.255:1634986940819
3retransmitting3.256:1634986940819
3retransmitting3.257:1634986940819
3retransmitting3.258:1634986940820
3retransmitting3.259:1634986940820
3retransmitting3.260:1634986940820
3retransmitting3.261:1634986940820
3retransmitting3.262:1634986940829
3retransmitting3.263:1634986940832
3retransmitting3.264:1634986940840
3retransmitting3.265:1634986940850
3retransmitting3.266:1634986941138
3retransmitting3.267:1634986941143
3retransmitting3.268:1634986941146
3retransmitting3.269:1634986941146
3retransmitting3.270:1634986941149
3retransmitting3.271:1634986941150
3retransmitting3.272:1634986941150
3retransmitting3.273:1634986941151
3retransmitting3.274:1634986941151
3retransmitting3.273:1634986941151
3retransmitting3.268:1634986941146
3retransmitting3.273:1634986941151
3retransmitting3.265:1634986940850
3retransmitting3.269:1634986941146
3retransmitting3.269:1634986941146
3retransmitting3.274:1634986941151
3retransmitting3.267:1634986941143
3retransmitting3.275:1634986941152
3retransmitting3.276:1634986941154
3retransmitting3.277:1634986941154
3retransmitting3.278:1634986941154
3retransmitting3.279:1634986941154
3retransmitting3.280:1634986941160
3retransmitting3.281:1634986941160
3retransmitting3.282:1634986941161
3retransmitting3.283:1634986941185
3retransmitting3.284:1634986941226
3retransmitting3.285:1634986941228
3retransmitting3.286:1634986941232
3retransmitting3.287:1634986941235
3retransmitting3.288:1634986941236
3retransmitting3.289:1634986941236
3retransmitting3.290:1634986941236
3retransmitting3.291:1634986941237
3retransmitting3.289:1634986941236
3retransmitting3.292:1634986941237
3retransmitting3.289:1634986941236
3retransmitting3.287:1634986941235
3retransmitting3.291:1634986941237
3retransmitting3.290:1634986941236
3retransmitting3.293:1634986941243
3retransmitting3.292:1634986941237
3retransmitting3.285:1634986941228
3retransmitting3.286:1634986941232
3retransmitting3.294:1634986941277
3retransmitting3.288:1634986941236
3retransmitting3.286:1634986941232
3retransmitting3.288:1634986941236
3retransmitting3.286:1634986941232
3retransmitting3.285:1634986941228
3retransmitting3.293:1634986941243
3retransmitting3.290:1634986941236
3retransmitting3.291:1634986941237
3retransmitting3.288:1634986941236
3retransmitting3.292:1634986941237
3retransmitting3.287:1634986941235
3retransmitting3.292:1634986941237
3retransmitting3.289:1634986941236
3retransmitting3.294:1634986941277
3retransmitting3.293:1634986941243
3retransmitting3.286:1634986941232
3retransmitting3.294:1634986941277
3retransmitting3.291:1634986941237
3retransmitting3.290:1634986941236
3retransmitting3.285:1634986941228
3retransmitting3.288:1634986941236
3retransmitting3.287:1634986941235
3retransmitting3.289:1634986941236
3retransmitting3.292:1634986941237
3retransmitting3.293:1634986941243
3retransmitting3.291:1634986941237
3retransmitting3.290:1634986941236
3retransmitting3.286:1634986941232
3retransmitting3.294:1634986941277
3retransmitting3.290:1634986941236
3retransmitting3.292:1634986941237
3retransmitting3.290:1634986941236
3retransmitting3.291:1634986941237
3retransmitting3.292:1634986941237
3retransmitting3.294:1634986941277
3retransmitting3.291:1634986941237
3retransmitting3.295:1634986941279
3retransmitting3.295:1634986941279
3retransmitting3.296:1634986941284
3retransmitting3.297:1634986941285
3retransmitting3.298:1634986941285
3retransmitting3.299:1634986941285
3retransmitting3.293:1634986941243
3retransmitting3.300:1634986941285
3retransmitting3.301:1634986941286
3retransmitting3.302:1634986941286
3retransmitting3.303:1634986941286
3retransmitting3.304:1634986941286
3retransmitting3.305:1634986941286
3retransmitting3.306:1634986941286
3retransmitting3.307:1634986941287
3retransmitting3.308:1634986941287
3retransmitting3.309:1634986941302
3retransmitting3.310:1634986941302
3retransmitting3.311:1634986941327
3retransmitting3.312:1634986941337
3retransmitting3.313:1634986941337
3retransmitting3.294:1634986941277
3retransmitting3.306:1634986941286
3retransmitting3.305:1634986941286
3retransmitting3.314:1634986941338
3retransmitting3.315:1634986941347
3retransmitting3.316:1634986941348
3retransmitting3.317:1634986941348
3retransmitting3.318:1634986941348
3retransmitting3.319:1634986941348
3retransmitting3.320:1634986941349
3retransmitting3.321:1634986941349
3retransmitting3.322:1634986941349
3retransmitting3.323:1634986941349
3retransmitting3.324:1634986941349
3retransmitting3.325:1634986941350
3retransmitting3.326:1634986941350
3retransmitting3.327:1634986941350
3retransmitting3.328:1634986941350
3retransmitting3.329:1634986941350
3retransmitting3.328:1634986941350
3retransmitting3.326:1634986941350
3retransmitting3.330:1634986941351
3retransmitting3.331:1634986941351
3retransmitting3.332:1634986941368
3retransmitting3.333:1634986941368
3retransmitting3.327:1634986941350
3retransmitting3.333:1634986941368
3retransmitting3.326:1634986941350
3retransmitting3.334:1634986941368
3retransmitting3.332:1634986941368
3retransmitting3.327:1634986941350
3retransmitting3.329:1634986941350
3retransmitting3.335:1634986941369
3retransmitting3.333:1634986941368
3retransmitting3.327:1634986941350
3retransmitting3.328:1634986941350
3retransmitting3.331:1634986941351
3retransmitting3.334:1634986941368
3retransmitting3.335:1634986941369
3retransmitting3.330:1634986941351
3retransmitting3.326:1634986941350
3retransmitting3.332:1634986941368
3retransmitting3.327:1634986941350
3retransmitting3.335:1634986941369
3retransmitting3.329:1634986941350
3retransmitting3.327:1634986941350
3retransmitting3.336:1634986941369
3retransmitting3.337:1634986941369
3retransmitting3.338:1634986941369
3retransmitting3.339:1634986941383
3retransmitting3.340:1634986941383
3retransmitting3.341:1634986941427
3retransmitting3.342:1634986941427
3retransmitting3.343:1634986941428
3retransmitting3.344:1634986941428
3retransmitting3.345:1634986941462
3retransmitting3.346:1634986941483
3retransmitting3.347:1634986941484
3retransmitting3.348:1634986941484
3retransmitting3.349:1634986941484
3retransmitting3.350:1634986941484
3retransmitting3.347:1634986941484
3retransmitting3.351:1634986941485
3retransmitting3.352:1634986941485
3retransmitting3.353:1634986941485
3retransmitting3.354:1634986941485
3retransmitting3.355:1634986941498
3retransmitting3.356:1634986941499
3retransmitting3.357:1634986941501
3retransmitting3.358:1634986941501
3retransmitting3.359:1634986941501
3retransmitting3.360:1634986941501
3retransmitting3.361:1634986941502
3retransmitting3.362:1634986941514
3retransmitting3.363:1634986941514
3retransmitting3.364:1634986941518
3retransmitting3.365:1634986941518
3retransmitting3.366:1634986941518
3retransmitting3.367:1634986941526
3retransmitting3.368:1634986941527
3retransmitting3.369:1634986941527
3retransmitting3.370:1634986941528
3retransmitting3.371:1634986941528
3retransmitting3.372:1634986941529
3retransmitting3.373:1634986941529
3retransmitting3.374:1634986941538
3retransmitting3.375:1634986941538
3retransmitting3.376:1634986941557
3retransmitting3.377:1634986941558
3retransmitting3.379:1634986941574
3retransmitting3.380:1634986941752
3retransmitting3.381:1634986941752
3retransmitting3.382:1634986941753
3retransmitting3.383:1634986941753
3retransmitting3.384:1634986941753
3retransmitting3.378:1634986941571
3retransmitting3.385:1634986941753
3retransmitting3.378:1634986941571
3retransmitting3.383:1634986941753
3retransmitting3.376:1634986941557
3retransmitting3.384:1634986941753
3retransmitting3.379:1634986941574
3retransmitting3.383:1634986941753
3retransmitting3.383:1634986941753
3retransmitting3.377:1634986941558
3retransmitting3.384:1634986941753
3retransmitting3.381:1634986941752
3retransmitting3.381:1634986941752
3retransmitting3.376:1634986941557
3retransmitting3.386:1634986941754
3retransmitting3.378:1634986941571
3retransmitting3.387:1634986941754
3retransmitting3.385:1634986941753
3retransmitting3.388:1634986941754
3retransmitting3.389:1634986941763
3retransmitting3.390:1634986941763
3retransmitting3.391:1634986941763
3retransmitting3.392:1634986941764
3retransmitting3.393:1634986941764
3retransmitting3.394:1634986941764
3retransmitting3.395:1634986941764
3retransmitting3.396:1634986941764
3retransmitting3.397:1634986941765
3retransmitting3.398:1634986941765
3retransmitting3.399:1634986941765
3retransmitting3.400:1634986941765
3retransmitting3.401:1634986941765
3retransmitting3.403:1634986941766
3retransmitting3.405:1634986941766
3retransmitting3.402:1634986941766
3retransmitting3.406:1634986941766
3retransmitting3.407:1634986941776
3retransmitting3.404:1634986941766
3retransmitting3.408:1634986941783
3retransmitting3.403:1634986941766
3retransmitting3.399:1634986941765
3retransmitting3.399:1634986941765
3retransmitting3.401:1634986941765
3retransmitting3.399:1634986941765
3retransmitting3.400:1634986941765
3retransmitting3.407:1634986941776
3retransmitting3.402:1634986941766
3retransmitting3.406:1634986941766
3retransmitting3.406:1634986941766
3retransmitting3.403:1634986941766
3retransmitting3.401:1634986941765
3retransmitting3.400:1634986941765
3retransmitting3.408:1634986941783
3retransmitting3.405:1634986941766
3retransmitting3.404:1634986941766
3retransmitting3.409:1634986941784
3retransmitting3.410:1634986941784
3retransmitting3.411:1634986941800
3retransmitting3.412:1634986941801
3retransmitting3.413:1634986941801
3retransmitting3.414:1634986941801
3retransmitting3.415:1634986941804
3retransmitting3.416:1634986941805
3retransmitting3.417:1634986941806
3retransmitting3.418:1634986941806
3retransmitting3.419:1634986941807
3retransmitting3.420:1634986941817
3retransmitting3.421:1634986941817
3retransmitting3.422:1634986941818
3retransmitting3.423:1634986941818
3retransmitting3.424:1634986941818
3retransmitting3.425:1634986941828
3retransmitting3.427:1634986941828
3retransmitting3.426:1634986941828
3retransmitting3.428:1634986941832
3retransmitting3.429:1634986941832
3retransmitting3.430:1634986941832
3retransmitting3.427:1634986941828
3retransmitting3.427:1634986941828
3retransmitting3.431:1634986941832
3retransmitting3.427:1634986941828
3retransmitting3.428:1634986941832
3retransmitting3.432:1634986941837
3retransmitting3.426:1634986941828
3retransmitting3.429:1634986941832
3retransmitting3.431:1634986941832
3retransmitting3.425:1634986941828
3retransmitting3.426:1634986941828
3retransmitting3.426:1634986941828
3retransmitting3.430:1634986941832
3retransmitting3.429:1634986941832
3retransmitting3.424:1634986941818
3retransmitting3.432:1634986941837
3retransmitting3.429:1634986941832
3retransmitting3.423:1634986941818
3retransmitting3.426:1634986941828
3retransmitting3.430:1634986941832
3retransmitting3.433:1634986941837
3retransmitting3.435:1634986941837
3retransmitting3.436:1634986941838
3retransmitting3.434:1634986941837
3retransmitting3.437:1634986941838
3retransmitting3.438:1634986941838
3retransmitting3.439:1634986941838
3retransmitting3.440:1634986941838
3retransmitting3.441:1634986941839
3retransmitting3.442:1634986941839
3retransmitting3.443:1634986941845
3retransmitting3.444:1634986941860
3retransmitting3.445:1634986941861
3retransmitting3.446:1634986941861
3retransmitting3.447:1634986941866
3retransmitting3.448:1634986941867
3retransmitting3.449:1634986941867
3retransmitting3.447:1634986941866
3retransmitting3.450:1634986941867
3retransmitting3.451:1634986941875
3retransmitting3.452:1634986941876
3retransmitting3.453:1634986941876
3retransmitting3.454:1634986941876
3retransmitting3.455:1634986941876
3retransmitting3.456:1634986941876
3retransmitting3.457:1634986941877
3retransmitting3.458:1634986941877
3retransmitting3.459:1634986941877
3retransmitting3.460:1634986941877
3retransmitting3.461:1634986941887
3retransmitting3.462:1634986941888
3retransmitting3.463:1634986941888
3retransmitting3.464:1634986941888
3retransmitting3.465:1634986941888
3retransmitting3.466:1634986941888
3retransmitting3.467:1634986941889
3retransmitting3.468:1634986941889
3retransmitting3.469:1634986941889
3retransmitting3.470:1634986941890
3retransmitting3.471:1634986941910
3retransmitting3.472:1634986941913
3retransmitting3.479:1634986941915
3retransmitting3.478:1634986941915
3retransmitting3.476:1634986941914
3retransmitting3.475:1634986941914
3retransmitting3.474:1634986941914
3retransmitting3.473:1634986941914
3retransmitting3.477:1634986941914
3retransmitting3.480:1634986941915
3retransmitting3.481:1634986941915
3retransmitting3.481:1634986941915
3retransmitting3.482:1634986941926
3retransmitting3.483:1634986941926
3retransmitting3.484:1634986941928
3retransmitting3.485:1634986941928
3retransmitting3.486:1634986941932
3retransmitting3.482:1634986941926
3retransmitting3.482:1634986941926
3retransmitting3.483:1634986941926
3retransmitting3.483:1634986941926
3retransmitting3.485:1634986941928
3retransmitting3.487:1634986941932
3retransmitting3.488:1634986941934
3retransmitting3.484:1634986941928
3retransmitting3.489:1634986941934
3retransmitting3.485:1634986941928
3retransmitting3.490:1634986941934
3retransmitting3.485:1634986941928
3retransmitting3.487:1634986941932
3retransmitting3.482:1634986941926
3retransmitting3.481:1634986941915
3retransmitting3.491:1634986941935
3retransmitting3.492:1634986941942
3retransmitting3.493:1634986941948
3retransmitting3.494:1634986941948
3retransmitting3.495:1634986941948
3retransmitting3.496:1634986941953
3retransmitting3.497:1634986941954
3retransmitting3.498:1634986941954
3retransmitting3.499:1634986941954
Immediately stopping network packet processing.
Writing output.
