My PID: 9608

From a new terminal type `kill -SIGINT 9608` or `kill -SIGTERM 9608` to stop processing packets

My ID: 4

List of resolved hosts is:
==========================
1
Human-readable IP: 127.0.0.1
Human-readable Port: 11001

2
Human-readable IP: 127.0.0.1
Human-readable Port: 11002

3
Human-readable IP: 127.0.0.1
Human-readable Port: 11003

4
Human-readable IP: 127.0.0.1
Human-readable Port: 11004

5
Human-readable IP: 127.0.0.1
Human-readable Port: 11005

6
Human-readable IP: 127.0.0.1
Human-readable Port: 11006

7
Human-readable IP: 127.0.0.1
Human-readable Port: 11007

8
Human-readable IP: 127.0.0.1
Human-readable Port: 11008

9
Human-readable IP: 127.0.0.1
Human-readable Port: 11009


Path to output:
===============
/home/dcl/Desktop/CS451_DistributedAlgorithms/example/stress/proc04.output

Path to config:
===============
../example/stress/config

Doing some initialization

Broadcasting and delivering messages...

4retransmitting4.1:1634986938696
4retransmitting4.4:1634986938728
4retransmitting4.5:1634986938753
4retransmitting4.8:1634986938845
4retransmitting4.0:1634986937067
4retransmitting4.2:1634986938705
4retransmitting4.7:1634986938827
4retransmitting4.6:1634986938781
4retransmitting4.3:1634986938719
4retransmitting4.9:1634986938854
4retransmitting4.9:1634986938854
4retransmitting4.2:1634986938705
4retransmitting4.0:1634986937067
4retransmitting4.6:1634986938781
4retransmitting4.5:1634986938753
4retransmitting4.4:1634986938728
4retransmitting4.7:1634986938827
4retransmitting4.3:1634986938719
4retransmitting4.8:1634986938845
4retransmitting4.1:1634986938696
4retransmitting4.9:1634986938854
4retransmitting4.10:1634986938881
4retransmitting4.11:1634986938882
4retransmitting4.12:1634986938882
4retransmitting4.13:1634986938882
4retransmitting4.18:1634986938899
4retransmitting4.11:1634986938882
4retransmitting4.19:1634986938900
4retransmitting4.17:1634986938898
4retransmitting4.16:1634986938887
4retransmitting4.15:1634986938885
4retransmitting4.14:1634986938883
4retransmitting4.10:1634986938881
4retransmitting4.12:1634986938882
4retransmitting4.16:1634986938887
4retransmitting4.14:1634986938883
4retransmitting4.20:1634986938900
4retransmitting4.21:1634986938911
4retransmitting4.22:1634986938912
4retransmitting4.23:1634986938932
4retransmitting4.24:1634986940353
4retransmitting4.25:1634986940358
4retransmitting4.26:1634986940361
4retransmitting4.27:1634986940361
4retransmitting4.28:1634986940362
4retransmitting4.29:1634986940363
4retransmitting4.30:1634986940365
4retransmitting4.31:1634986940365
4retransmitting4.32:1634986940372
4retransmitting4.33:1634986940378
4retransmitting4.34:1634986940381
4retransmitting4.35:1634986940382
4retransmitting4.36:1634986940384
4retransmitting4.37:1634986940386
4retransmitting4.38:1634986940386
4retransmitting4.39:1634986940386
4retransmitting4.40:1634986940387
4retransmitting4.41:1634986940387
4retransmitting4.42:1634986940387
4retransmitting4.43:1634986940388
4retransmitting4.44:1634986940388
4retransmitting4.45:1634986940388
4retransmitting4.46:1634986940389
4retransmitting4.47:1634986940418
4retransmitting4.45:1634986940388
4retransmitting4.47:1634986940418
4retransmitting4.40:1634986940387
4retransmitting4.48:1634986940424
4retransmitting4.49:1634986940431
4retransmitting4.50:1634986940434
4retransmitting4.51:1634986940435
4retransmitting4.52:1634986940441
4retransmitting4.53:1634986940443
4retransmitting4.54:1634986940443
4retransmitting4.55:1634986940444
4retransmitting4.56:1634986940458
4retransmitting4.57:1634986940464
4retransmitting4.58:1634986940465
4retransmitting4.59:1634986940468
4retransmitting4.60:1634986940469
4retransmitting4.61:1634986940471
4retransmitting4.62:1634986940485
4retransmitting4.63:1634986940485
4retransmitting4.64:1634986940486
4retransmitting4.65:1634986940487
4retransmitting4.66:1634986942109
4retransmitting4.67:1634986942110
4retransmitting4.64:1634986940486
4retransmitting4.68:1634986942110
4retransmitting4.69:1634986942116
4retransmitting4.70:1634986942120
4retransmitting4.71:1634986942120
4retransmitting4.72:1634986942121
4retransmitting4.71:1634986942120
4retransmitting4.73:1634986942123
4retransmitting4.74:1634986942126
4retransmitting4.75:1634986942168
4retransmitting4.76:1634986942195
4retransmitting4.77:1634986942202
4retransmitting4.78:1634986942204
4retransmitting4.79:1634986942211
4retransmitting4.80:1634986942212
4retransmitting4.81:1634986942213
4retransmitting4.82:1634986942213
4retransmitting4.83:1634986942214
4retransmitting4.84:1634986942214
4retransmitting4.85:1634986942214
4retransmitting4.86:1634986942215
4retransmitting4.87:1634986942239
4retransmitting4.88:1634986942240
4retransmitting4.89:1634986942241
4retransmitting4.90:1634986942242
4retransmitting4.91:1634986942280
4retransmitting4.92:1634986942281
4retransmitting4.93:1634986942281
4retransmitting4.90:1634986942242
4retransmitting4.90:1634986942242
4retransmitting4.94:1634986942282
4retransmitting4.95:1634986942282
4retransmitting4.93:1634986942281
4retransmitting4.96:1634986942282
4retransmitting4.97:1634986942291
4retransmitting4.98:1634986942294
4retransmitting4.91:1634986942280
4retransmitting4.99:1634986942295
4retransmitting4.100:1634986942296
4retransmitting4.101:1634986942297
4retransmitting4.102:1634986942298
4retransmitting4.103:1634986942299
4retransmitting4.104:1634986942299
4retransmitting4.105:1634986942300
4retransmitting4.106:1634986942300
4retransmitting4.107:1634986942300
4retransmitting4.108:1634986942300
4retransmitting4.109:1634986942301
4retransmitting4.110:1634986942301
4retransmitting4.111:1634986942302
4retransmitting4.112:1634986942302
4retransmitting4.113:1634986942306
4retransmitting4.114:1634986942308
4retransmitting4.115:1634986942309
4retransmitting4.116:1634986942309
4retransmitting4.117:1634986942310
4retransmitting4.113:1634986942306
4retransmitting4.110:1634986942301
4retransmitting4.110:1634986942301
4retransmitting4.110:1634986942301
4retransmitting4.117:1634986942310
4retransmitting4.118:1634986942311
4retransmitting4.119:1634986942311
4retransmitting4.120:1634986942312
4retransmitting4.121:1634986942314
4retransmitting4.122:1634986942315
4retransmitting4.123:1634986942315
4retransmitting4.124:1634986942316
4retransmitting4.125:1634986942326
4retransmitting4.126:1634986942335
4retransmitting4.127:1634986942336
4retransmitting4.128:1634986942336
4retransmitting4.129:1634986942337
4retransmitting4.130:1634986942337
4retransmitting4.131:1634986942337
4retransmitting4.132:1634986942337
4retransmitting4.133:1634986942338
4retransmitting4.134:1634986942338
4retransmitting4.135:1634986942339
4retransmitting4.136:1634986942339
4retransmitting4.137:1634986942340
4retransmitting4.138:1634986942343
4retransmitting4.139:1634986942344
4retransmitting4.140:1634986942344
4retransmitting4.141:1634986942345
4retransmitting4.136:1634986942339
4retransmitting4.142:1634986942345
4retransmitting4.143:1634986942345
4retransmitting4.144:1634986942346
4retransmitting4.145:1634986942346
4retransmitting4.146:1634986942346
4retransmitting4.147:1634986942346
4retransmitting4.148:1634986942347
4retransmitting4.149:1634986942347
4retransmitting4.150:1634986942347
4retransmitting4.151:1634986942348
4retransmitting4.152:1634986942348
4retransmitting4.153:1634986942348
4retransmitting4.154:1634986942349
4retransmitting4.155:1634986942349
4retransmitting4.156:1634986942349
4retransmitting4.157:1634986942349
4retransmitting4.158:1634986942350
4retransmitting4.159:1634986942350
4retransmitting4.160:1634986942350
4retransmitting4.161:1634986942351
4retransmitting4.162:1634986942351
4retransmitting4.163:1634986942352
4retransmitting4.164:1634986942352
4retransmitting4.165:1634986942352
4retransmitting4.166:1634986942353
4retransmitting4.167:1634986942353
4retransmitting4.168:1634986942354
4retransmitting4.169:1634986942354
4retransmitting4.170:1634986942361
4retransmitting4.171:1634986942362
4retransmitting4.172:1634986942362
4retransmitting4.173:1634986942362
4retransmitting4.174:1634986942362
4retransmitting4.175:1634986942363
4retransmitting4.176:1634986942383
4retransmitting4.176:1634986942383
4retransmitting4.177:1634986942384
4retransmitting4.178:1634986942386
4retransmitting4.179:1634986942387
4retransmitting4.180:1634986942387
4retransmitting4.181:1634986942387
4retransmitting4.182:1634986942388
4retransmitting4.184:1634986942388
4retransmitting4.185:1634986942389
4retransmitting4.186:1634986942389
4retransmitting4.187:1634986942391
4retransmitting4.188:1634986942392
4retransmitting4.189:1634986942396
4retransmitting4.190:1634986942397
4retransmitting4.191:1634986942397
4retransmitting4.192:1634986942397
4retransmitting4.183:1634986942388
4retransmitting4.193:1634986942398
4retransmitting4.194:1634986942398
4retransmitting4.195:1634986942398
4retransmitting4.196:1634986942398
4retransmitting4.197:1634986942398
4retransmitting4.196:1634986942398
4retransmitting4.197:1634986942398
4retransmitting4.198:1634986942399
4retransmitting4.199:1634986942399
4retransmitting4.200:1634986942399
4retransmitting4.201:1634986942400
4retransmitting4.202:1634986942403
4retransmitting4.203:1634986942404
4retransmitting4.204:1634986942404
4retransmitting4.197:1634986942398
4retransmitting4.203:1634986942404
4retransmitting4.203:1634986942404
4retransmitting4.205:1634986942404
4retransmitting4.199:1634986942399
4retransmitting4.200:1634986942399
4retransmitting4.200:1634986942399
4retransmitting4.196:1634986942398
4retransmitting4.198:1634986942399
4retransmitting4.202:1634986942403
4retransmitting4.206:1634986942405
4retransmitting4.201:1634986942400
4retransmitting4.207:1634986942414
4retransmitting4.208:1634986942414
4retransmitting4.204:1634986942404
4retransmitting4.209:1634986942415
4retransmitting4.210:1634986942416
4retransmitting4.205:1634986942404
4retransmitting4.211:1634986942417
4retransmitting4.212:1634986942417
4retransmitting4.213:1634986942417
4retransmitting4.214:1634986942417
4retransmitting4.215:1634986942418
4retransmitting4.216:1634986942418
4retransmitting4.217:1634986942418
4retransmitting4.219:1634986942418
4retransmitting4.218:1634986942418
4retransmitting4.220:1634986942419
4retransmitting4.219:1634986942418
4retransmitting4.221:1634986942419
4retransmitting4.217:1634986942418
4retransmitting4.222:1634986942419
4retransmitting4.223:1634986942420
4retransmitting4.221:1634986942419
4retransmitting4.224:1634986942420
4retransmitting4.225:1634986942420
4retransmitting4.218:1634986942418
4retransmitting4.219:1634986942418
4retransmitting4.220:1634986942419
4retransmitting4.226:1634986942421
4retransmitting4.226:1634986942421
4retransmitting4.225:1634986942420
4retransmitting4.224:1634986942420
4retransmitting4.222:1634986942419
4retransmitting4.225:1634986942420
4retransmitting4.219:1634986942418
4retransmitting4.223:1634986942420
4retransmitting4.222:1634986942419
4retransmitting4.224:1634986942420
4retransmitting4.217:1634986942418
4retransmitting4.218:1634986942418
4retransmitting4.220:1634986942419
4retransmitting4.221:1634986942419
4retransmitting4.222:1634986942419
4retransmitting4.226:1634986942421
4retransmitting4.217:1634986942418
4retransmitting4.223:1634986942420
4retransmitting4.224:1634986942420
4retransmitting4.219:1634986942418
4retransmitting4.226:1634986942421
4retransmitting4.225:1634986942420
4retransmitting4.222:1634986942419
4retransmitting4.218:1634986942418
4retransmitting4.217:1634986942418
4retransmitting4.221:1634986942419
4retransmitting4.220:1634986942419
4retransmitting4.217:1634986942418
4retransmitting4.218:1634986942418
4retransmitting4.217:1634986942418
4retransmitting4.219:1634986942418
4retransmitting4.223:1634986942420
4retransmitting4.221:1634986942419
4retransmitting4.224:1634986942420
4retransmitting4.221:1634986942419
4retransmitting4.225:1634986942420
4retransmitting4.222:1634986942419
4retransmitting4.223:1634986942420
4retransmitting4.223:1634986942420
4retransmitting4.224:1634986942420
4retransmitting4.220:1634986942419
4retransmitting4.226:1634986942421
4retransmitting4.222:1634986942419
4retransmitting4.224:1634986942420
4retransmitting4.218:1634986942418
4retransmitting4.221:1634986942419
4retransmitting4.217:1634986942418
4retransmitting4.218:1634986942418
4retransmitting4.226:1634986942421
4retransmitting4.219:1634986942418
4retransmitting4.220:1634986942419
4retransmitting4.223:1634986942420
4retransmitting4.221:1634986942419
4retransmitting4.217:1634986942418
4retransmitting4.225:1634986942420
4retransmitting4.217:1634986942418
4retransmitting4.224:1634986942420
4retransmitting4.222:1634986942419
4retransmitting4.218:1634986942418
4retransmitting4.221:1634986942419
4retransmitting4.219:1634986942418
4retransmitting4.219:1634986942418
4retransmitting4.225:1634986942420
4retransmitting4.226:1634986942421
4retransmitting4.218:1634986942418
4retransmitting4.220:1634986942419
4retransmitting4.221:1634986942419
4retransmitting4.217:1634986942418
4retransmitting4.217:1634986942418
4retransmitting4.223:1634986942420
4retransmitting4.225:1634986942420
4retransmitting4.222:1634986942419
4retransmitting4.224:1634986942420
4retransmitting4.226:1634986942421
4retransmitting4.217:1634986942418
4retransmitting4.219:1634986942418
4retransmitting4.223:1634986942420
4retransmitting4.221:1634986942419
4retransmitting4.225:1634986942420
4retransmitting4.218:1634986942418
4retransmitting4.220:1634986942419
4retransmitting4.224:1634986942420
4retransmitting4.226:1634986942421
4retransmitting4.222:1634986942419
4retransmitting4.217:1634986942418
4retransmitting4.223:1634986942420
4retransmitting4.218:1634986942418
4retransmitting4.224:1634986942420
4retransmitting4.222:1634986942419
4retransmitting4.221:1634986942419
4retransmitting4.220:1634986942419
4retransmitting4.218:1634986942418
4retransmitting4.221:1634986942419
4retransmitting4.217:1634986942418
4retransmitting4.223:1634986942420
4retransmitting4.226:1634986942421
4retransmitting4.225:1634986942420
4retransmitting4.219:1634986942418
4retransmitting4.227:1634986942421
4retransmitting4.228:1634986942421
4retransmitting4.229:1634986942421
4retransmitting4.230:1634986942422
4retransmitting4.231:1634986942422
4retransmitting4.232:1634986942423
4retransmitting4.232:1634986942423
4retransmitting4.233:1634986942425
4retransmitting4.234:1634986942426
4retransmitting4.235:1634986942426
4retransmitting4.236:1634986942427
4retransmitting4.237:1634986942427
4retransmitting4.238:1634986942428
4retransmitting4.239:1634986942428
4retransmitting4.240:1634986942429
4retransmitting4.241:1634986942429
4retransmitting4.242:1634986942430
4retransmitting4.243:1634986942431
4retransmitting4.244:1634986942431
4retransmitting4.245:1634986942431
4retransmitting4.246:1634986942431
4retransmitting4.247:1634986942432
4retransmitting4.248:1634986942432
4retransmitting4.249:1634986942432
4retransmitting4.250:1634986942432
4retransmitting4.251:1634986942432
4retransmitting4.252:1634986942433
4retransmitting4.253:1634986942433
4retransmitting4.254:1634986942433
4retransmitting4.255:1634986942434
4retransmitting4.256:1634986942434
4retransmitting4.257:1634986942434
4retransmitting4.258:1634986942434
4retransmitting4.259:1634986942434
4retransmitting4.260:1634986942435
4retransmitting4.261:1634986942435
4retransmitting4.262:1634986942435
4retransmitting4.263:1634986942436
4retransmitting4.264:1634986942436
4retransmitting4.265:1634986942436
4retransmitting4.266:1634986942436
4retransmitting4.267:1634986942436
4retransmitting4.268:1634986942437
4retransmitting4.269:1634986942437
4retransmitting4.270:1634986942437
4retransmitting4.271:1634986942438
4retransmitting4.272:1634986942438
4retransmitting4.273:1634986942438
4retransmitting4.274:1634986942439
4retransmitting4.275:1634986942440
4retransmitting4.276:1634986942441
4retransmitting4.277:1634986942442
4retransmitting4.278:1634986942443
4retransmitting4.279:1634986942443
4retransmitting4.280:1634986942443
4retransmitting4.281:1634986942443
4retransmitting4.282:1634986942444
4retransmitting4.283:1634986942444
4retransmitting4.284:1634986942444
4retransmitting4.285:1634986942446
4retransmitting4.286:1634986942446
4retransmitting4.287:1634986942447
4retransmitting4.288:1634986942447
4retransmitting4.289:1634986942447
4retransmitting4.290:1634986942448
4retransmitting4.291:1634986942448
4retransmitting4.292:1634986942448
4retransmitting4.293:1634986942448
4retransmitting4.294:1634986942448
4retransmitting4.293:1634986942448
4retransmitting4.293:1634986942448
4retransmitting4.295:1634986942449
4retransmitting4.296:1634986942449
4retransmitting4.297:1634986942449
4retransmitting4.298:1634986942449
4retransmitting4.299:1634986942449
4retransmitting4.300:1634986942450
4retransmitting4.301:1634986942450
4retransmitting4.302:1634986942450
4retransmitting4.303:1634986942451
4retransmitting4.304:1634986942451
4retransmitting4.305:1634986942451
4retransmitting4.306:1634986942451
4retransmitting4.307:1634986942452
4retransmitting4.308:1634986942452
4retransmitting4.309:1634986942452
4retransmitting4.310:1634986942452
4retransmitting4.311:1634986942452
4retransmitting4.312:1634986942452
4retransmitting4.313:1634986942453
4retransmitting4.314:1634986942453
4retransmitting4.314:1634986942453
4retransmitting4.315:1634986942453
4retransmitting4.314:1634986942453
4retransmitting4.316:1634986942453
4retransmitting4.317:1634986942453
4retransmitting4.318:1634986942454
4retransmitting4.319:1634986942454
4retransmitting4.320:1634986942454
4retransmitting4.321:1634986942454
4retransmitting4.315:1634986942453
4retransmitting4.320:1634986942454
4retransmitting4.322:1634986942455
4retransmitting4.323:1634986942456
4retransmitting4.322:1634986942455
4retransmitting4.321:1634986942454
4retransmitting4.317:1634986942453
4retransmitting4.318:1634986942454
4retransmitting4.317:1634986942453
4retransmitting4.316:1634986942453
4retransmitting4.323:1634986942456
4retransmitting4.314:1634986942453
4retransmitting4.314:1634986942453
4retransmitting4.324:1634986942456
4retransmitting4.325:1634986942456
4retransmitting4.326:1634986942464
4retransmitting4.327:1634986942464
4retransmitting4.328:1634986942464
4retransmitting4.329:1634986942464
4retransmitting4.330:1634986942464
4retransmitting4.331:1634986942465
4retransmitting4.332:1634986942465
4retransmitting4.330:1634986942464
4retransmitting4.331:1634986942465
4retransmitting4.330:1634986942464
4retransmitting4.328:1634986942464
4retransmitting4.333:1634986942466
4retransmitting4.327:1634986942464
4retransmitting4.324:1634986942456
4retransmitting4.329:1634986942464
4retransmitting4.327:1634986942464
4retransmitting4.326:1634986942464
4retransmitting4.330:1634986942464
4retransmitting4.328:1634986942464
4retransmitting4.329:1634986942464
4retransmitting4.330:1634986942464
4retransmitting4.325:1634986942456
4retransmitting4.332:1634986942465
4retransmitting4.325:1634986942456
4retransmitting4.333:1634986942466
4retransmitting4.327:1634986942464
4retransmitting4.325:1634986942456
4retransmitting4.333:1634986942466
4retransmitting4.329:1634986942464
4retransmitting4.324:1634986942456
4retransmitting4.331:1634986942465
4retransmitting4.327:1634986942464
4retransmitting4.324:1634986942456
4retransmitting4.328:1634986942464
4retransmitting4.326:1634986942464
4retransmitting4.332:1634986942465
4retransmitting4.330:1634986942464
4retransmitting4.329:1634986942464
4retransmitting4.325:1634986942456
4retransmitting4.333:1634986942466
4retransmitting4.325:1634986942456
4retransmitting4.330:1634986942464
4retransmitting4.333:1634986942466
4retransmitting4.334:1634986942466
4retransmitting4.335:1634986942466
4retransmitting4.336:1634986942467
4retransmitting4.337:1634986942467
4retransmitting4.338:1634986942467
4retransmitting4.339:1634986942467
4retransmitting4.340:1634986942467
4retransmitting4.341:1634986942468
4retransmitting4.342:1634986942468
4retransmitting4.343:1634986942468
4retransmitting4.344:1634986942468
4retransmitting4.345:1634986942468
4retransmitting4.346:1634986942469
4retransmitting4.347:1634986942469
4retransmitting4.348:1634986942469
4retransmitting4.349:1634986942469
4retransmitting4.350:1634986942469
4retransmitting4.351:1634986942469
4retransmitting4.352:1634986942470
4retransmitting4.349:1634986942469
4retransmitting4.353:1634986942470
4retransmitting4.351:1634986942469
4retransmitting4.354:1634986942470
4retransmitting4.354:1634986942470
4retransmitting4.355:1634986942470
4retransmitting4.355:1634986942470
4retransmitting4.350:1634986942469
4retransmitting4.350:1634986942469
4retransmitting4.352:1634986942470
4retransmitting4.356:1634986942470
4retransmitting4.357:1634986942471
4retransmitting4.353:1634986942470
4retransmitting4.351:1634986942469
4retransmitting4.358:1634986942471
4retransmitting4.350:1634986942469
4retransmitting4.352:1634986942470
4retransmitting4.354:1634986942470
4retransmitting4.355:1634986942470
4retransmitting4.358:1634986942471
4retransmitting4.354:1634986942470
4retransmitting4.349:1634986942469
4retransmitting4.359:1634986942471
4retransmitting4.360:1634986942471
4retransmitting4.361:1634986942472
4retransmitting4.362:1634986942475
4retransmitting4.363:1634986942476
4retransmitting4.364:1634986942476
4retransmitting4.365:1634986942477
4retransmitting4.366:1634986942477
4retransmitting4.367:1634986942477
4retransmitting4.368:1634986942478
4retransmitting4.369:1634986942478
4retransmitting4.370:1634986942478
4retransmitting4.371:1634986942479
4retransmitting4.372:1634986942479
4retransmitting4.373:1634986942479
4retransmitting4.375:1634986942480
4retransmitting4.376:1634986942480
4retransmitting4.377:1634986942480
4retransmitting4.374:1634986942480
4retransmitting4.379:1634986942481
4retransmitting4.378:1634986942480
4retransmitting4.380:1634986942481
4retransmitting4.372:1634986942479
4retransmitting4.381:1634986942481
4retransmitting4.382:1634986942481
4retransmitting4.383:1634986942482
4retransmitting4.384:1634986942482
4retransmitting4.385:1634986942482
4retransmitting4.386:1634986942482
4retransmitting4.387:1634986942482
4retransmitting4.388:1634986942483
4retransmitting4.389:1634986942483
4retransmitting4.390:1634986942483
4retransmitting4.391:1634986942484
4retransmitting4.392:1634986942484
4retransmitting4.393:1634986942488
4retransmitting4.394:1634986942490
4retransmitting4.395:1634986942492
4retransmitting4.396:1634986942492
4retransmitting4.397:1634986942493
4retransmitting4.398:1634986942493
4retransmitting4.398:1634986942493
4retransmitting4.389:1634986942483
4retransmitting4.397:1634986942493
4retransmitting4.394:1634986942490
4retransmitting4.394:1634986942490
4retransmitting4.391:1634986942484
4retransmitting4.396:1634986942492
4retransmitting4.398:1634986942493
4retransmitting4.397:1634986942493
4retransmitting4.399:1634986942494
4retransmitting4.400:1634986942494
4retransmitting4.401:1634986942494
4retransmitting4.402:1634986942495
4retransmitting4.403:1634986942495
4retransmitting4.404:1634986942496
4retransmitting4.405:1634986942496
4retransmitting4.406:1634986942496
4retransmitting4.403:1634986942495
4retransmitting4.407:1634986942497
4retransmitting4.408:1634986942497
4retransmitting4.405:1634986942496
4retransmitting4.409:1634986942498
4retransmitting4.407:1634986942497
4retransmitting4.409:1634986942498
4retransmitting4.402:1634986942495
4retransmitting4.410:1634986942498
4retransmitting4.403:1634986942495
4retransmitting4.404:1634986942496
4retransmitting4.406:1634986942496
4retransmitting4.408:1634986942497
4retransmitting4.411:1634986942498
4retransmitting4.412:1634986942498
4retransmitting4.413:1634986942498
4retransmitting4.414:1634986942499
4retransmitting4.415:1634986942499
4retransmitting4.416:1634986942499
4retransmitting4.417:1634986942499
4retransmitting4.414:1634986942499
4retransmitting4.418:1634986942499
4retransmitting4.419:1634986942500
4retransmitting4.420:1634986942500
4retransmitting4.421:1634986942500
4retransmitting4.422:1634986942500
4retransmitting4.423:1634986942500
4retransmitting4.423:1634986942500
4retransmitting4.419:1634986942500
4retransmitting4.414:1634986942499
4retransmitting4.418:1634986942499
4retransmitting4.420:1634986942500
4retransmitting4.415:1634986942499
4retransmitting4.416:1634986942499
4retransmitting4.423:1634986942500
4retransmitting4.421:1634986942500
4retransmitting4.417:1634986942499
4retransmitting4.423:1634986942500
4retransmitting4.421:1634986942500
4retransmitting4.414:1634986942499
4retransmitting4.423:1634986942500
4retransmitting4.415:1634986942499
4retransmitting4.416:1634986942499
4retransmitting4.415:1634986942499
4retransmitting4.418:1634986942499
4retransmitting4.422:1634986942500
4retransmitting4.417:1634986942499
4retransmitting4.414:1634986942499
4retransmitting4.419:1634986942500
4retransmitting4.420:1634986942500
4retransmitting4.422:1634986942500
4retransmitting4.423:1634986942500
4retransmitting4.416:1634986942499
4retransmitting4.421:1634986942500
4retransmitting4.420:1634986942500
4retransmitting4.418:1634986942499
4retransmitting4.414:1634986942499
4retransmitting4.417:1634986942499
4retransmitting4.415:1634986942499
4retransmitting4.419:1634986942500
4retransmitting4.423:1634986942500
4retransmitting4.415:1634986942499
4retransmitting4.424:1634986942500
4retransmitting4.432:1634986942502
4retransmitting4.433:1634986942502
4retransmitting4.431:1634986942502
4retransmitting4.430:1634986942502
4retransmitting4.429:1634986942502
4retransmitting4.425:1634986942500
4retransmitting4.428:1634986942501
4retransmitting4.427:1634986942501
4retransmitting4.426:1634986942501
4retransmitting4.434:1634986942502
4retransmitting4.435:1634986942503
4retransmitting4.436:1634986942503
4retransmitting4.437:1634986942503
4retransmitting4.438:1634986942503
4retransmitting4.439:1634986942503
4retransmitting4.440:1634986942503
4retransmitting4.441:1634986942504
4retransmitting4.442:1634986942504
4retransmitting4.443:1634986942504
4retransmitting4.444:1634986942504
4retransmitting4.445:1634986942504
4retransmitting4.446:1634986942510
4retransmitting4.447:1634986942510
4retransmitting4.448:1634986942511
4retransmitting4.449:1634986942511
4retransmitting4.450:1634986942512
4retransmitting4.451:1634986942512
4retransmitting4.452:1634986942512
4retransmitting4.453:1634986942512
4retransmitting4.454:1634986942512
4retransmitting4.455:1634986942520
4retransmitting4.456:1634986942520
4retransmitting4.457:1634986942520
4retransmitting4.458:1634986942521
4retransmitting4.459:1634986942521
4retransmitting4.460:1634986942521
4retransmitting4.461:1634986942521
4retransmitting4.462:1634986942525
4retransmitting4.463:1634986942526
4retransmitting4.464:1634986942526
4retransmitting4.465:1634986942531
4retransmitting4.466:1634986942531
4retransmitting4.467:1634986942532
4retransmitting4.468:1634986942532
4retransmitting4.469:1634986942532
4retransmitting4.470:1634986942532
4retransmitting4.471:1634986942532
4retransmitting4.472:1634986942533
4retransmitting4.473:1634986942533
4retransmitting4.474:1634986942533
4retransmitting4.475:1634986942533
4retransmitting4.476:1634986942533
4retransmitting4.477:1634986942533
4retransmitting4.478:1634986942533
4retransmitting4.479:1634986942533
4retransmitting4.480:1634986942534
4retransmitting4.481:1634986942534
4retransmitting4.482:1634986942534
4retransmitting4.483:1634986942534
4retransmitting4.484:1634986942534
4retransmitting4.485:1634986942534
4retransmitting4.486:1634986942534
4retransmitting4.487:1634986942535
4retransmitting4.488:1634986942535
4retransmitting4.489:1634986942535
4retransmitting4.490:1634986942535
4retransmitting4.491:1634986942535
4retransmitting4.492:1634986942536
4retransmitting4.493:1634986942536
4retransmitting4.494:1634986942536
4retransmitting4.495:1634986942536
4retransmitting4.496:1634986942536
4retransmitting4.497:1634986942536
4retransmitting4.498:1634986942537
4retransmitting4.499:1634986942537
Immediately stopping network packet processing.
Writing output.
