d 6 6
d 6 3
d 6 1
d 6 8
d 6 0
d 6 5
d 6 4
d 6 9
d 6 7
d 6 2
d 3 3
d 3 5
d 3 4
d 3 0
d 3 1
d 3 7
d 3 6
d 3 9
d 3 2
d 3 8
d 6 10
d 6 11
d 6 12
d 6 13
d 6 14
d 6 15
d 6 16
d 6 17
d 6 18
d 6 19
d 6 20
d 6 21
d 6 22
d 4 1
d 4 4
d 4 5
d 4 8
d 4 0
d 4 2
d 4 7
d 4 6
d 4 3
d 4 9
d 6 23
d 9 0
d 9 2
d 9 1
d 9 3
d 9 5
d 9 6
d 9 4
d 6 25
d 6 24
d 6 26
d 6 27
d 6 28
d 6 29
d 9 7
d 9 8
d 9 9
d 6 30
d 8 6
d 6 31
d 8 2
d 8 8
d 8 9
d 8 1
d 8 7
d 8 3
d 6 32
d 8 0
d 8 4
d 8 5
d 6 33
d 6 34
d 6 35
d 9 10
d 6 38
d 6 37
d 6 36
d 8 10
d 8 11
d 9 11
d 6 39
d 8 12
d 9 12
d 9 13
d 6 40
d 9 14
d 8 13
d 9 15
d 9 16
d 8 14
d 6 41
d 6 42
d 6 43
d 6 44
d 9 17
d 9 18
d 8 15
d 9 19
d 8 16
d 6 45
d 6 46
d 6 47
d 3 10
d 3 11
d 3 12
d 3 13
d 3 15
d 3 14
d 9 20
d 8 17
d 6 48
d 3 16
d 8 18
d 3 17
d 3 19
d 3 18
d 8 19
d 8 20
d 3 20
d 3 21
d 6 49
d 9 21
d 6 50
d 7 5
d 7 0
d 7 3
d 7 2
d 7 9
d 7 8
d 7 4
d 7 1
d 7 7
d 7 6
d 7 10
d 6 51
d 7 11
d 7 12
d 7 13
d 7 14
d 7 15
d 7 16
d 4 10
d 3 22
d 3 23
d 3 24
d 3 25
d 3 26
d 3 27
d 3 28
d 4 11
d 3 29
d 4 12
d 3 30
d 8 21
d 8 30
d 8 28
d 8 22
d 8 29
d 8 26
d 3 31
d 8 25
d 8 24
d 8 27
d 8 23
d 9 29
d 9 30
d 9 28
d 9 27
d 9 25
d 9 26
d 9 24
d 9 23
d 9 22
d 9 31
d 7 17
d 7 18
d 7 21
d 7 20
d 7 19
d 5 5
d 5 0
d 5 1
d 5 3
d 5 2
d 5 7
d 5 6
d 5 8
d 5 4
d 5 9
d 2 8
d 2 4
d 2 7
d 2 6
d 2 1
d 2 0
d 2 3
d 2 5
d 2 2
d 2 9
d 6 52
d 6 61
d 6 53
d 6 60
d 6 59
d 6 58
d 6 57
d 6 56
d 6 54
d 6 55
d 9 32
d 9 33
d 9 34
d 3 32
d 9 35
d 3 33
d 5 10
d 2 10
d 2 11
d 9 36
d 2 12
d 2 13
d 9 37
d 3 34
d 2 14
d 3 35
d 3 36
d 2 15
d 2 16
d 9 38
d 3 37
d 2 17
d 9 39
d 8 31
d 3 38
d 8 32
d 3 39
d 9 40
d 8 33
d 2 18
d 9 41
d 2 19
d 9 42
d 9 43
d 9 44
d 8 34
d 2 20
d 8 35
d 2 21
d 2 22
d 7 29
d 7 27
d 7 26
d 7 25
d 9 45
d 9 46
d 7 24
d 7 23
d 7 28
d 7 22
d 2 23
d 9 47
d 9 48
d 9 49
d 9 50
d 7 30
d 9 51
d 2 24
d 9 52
d 2 25
d 9 53
d 9 54
d 2 26
d 7 31
d 2 27
d 9 55
d 7 32
d 3 43
d 3 41
d 3 42
d 3 40
d 7 33
d 9 56
d 3 44
d 2 28
d 3 45
d 2 29
d 7 34
d 7 35
d 2 30
d 9 57
d 2 31
d 9 58
d 3 46
d 3 47
d 2 32
d 2 33
d 7 36
d 7 37
d 9 59
d 2 34
d 3 48
d 2 35
d 9 60
d 3 49
d 2 36
d 2 37
d 3 50
d 3 51
d 2 38
d 6 66
d 6 65
d 6 64
d 6 63
d 6 62
d 6 67
d 6 69
d 6 68
d 4 13
d 4 18
d 4 19
d 4 17
d 4 16
d 4 15
d 4 14
d 2 39
d 2 40
d 2 41
d 6 70
d 4 20
d 4 21
d 6 71
d 4 22
d 4 23
d 9 61
d 9 68
d 9 66
d 9 65
d 9 62
d 9 67
d 9 64
d 9 63
d 2 42
d 2 43
d 6 72
d 4 24
d 9 69
d 6 73
d 2 44
d 2 45
d 9 70
d 4 25
d 6 74
d 9 71
d 6 75
d 9 72
d 9 73
d 2 46
d 9 74
d 4 26
d 2 47
d 3 52
d 3 59
d 3 60
d 3 53
d 3 58
d 3 57
d 3 56
d 3 55
d 3 54
d 9 75
d 4 27
d 4 28
d 3 61
d 3 62
d 9 76
d 4 29
d 9 77
d 9 78
d 9 79
d 3 63
d 4 30
d 3 64
d 4 31
d 9 80
d 9 81
d 9 82
d 9 83
d 9 84
d 5 11
d 5 12
d 5 14
d 5 16
d 5 17
d 5 18
d 5 19
d 5 15
d 5 13
d 9 85
d 9 86
d 9 87
d 4 32
d 4 33
d 4 34
d 4 35
d 4 36
d 4 37
d 4 38
d 9 88
d 9 89
d 5 20
d 4 39
d 9 90
d 9 91
d 5 21
d 6 76
d 9 92
d 6 78
d 6 77
d 6 79
d 6 80
d 6 81
d 6 82
d 6 83
d 6 84
d 6 85
d 9 93
d 9 94
d 9 95
d 2 49
d 2 50
d 2 51
d 2 52
d 2 53
d 5 22
d 5 23
d 5 24
d 5 25
d 2 54
d 2 55
d 2 56
d 5 26
d 2 57
d 2 48
d 5 27
d 5 28
d 2 58
d 9 96
d 2 59
d 5 29
d 9 97
d 2 60
d 2 61
d 9 98
d 9 99
d 2 62
d 2 63
d 9 100
d 2 64
d 9 101
d 9 102
d 9 103
d 4 40
d 4 41
d 4 42
d 4 43
d 2 65
d 4 44
d 4 45
d 4 46
d 4 47
d 9 104
d 5 30
d 5 31
d 5 32
d 5 33
d 5 34
d 5 35
d 5 36
d 5 37
d 2 66
d 4 48
d 4 49
d 7 38
d 7 39
d 7 41
d 7 44
d 7 45
d 7 40
d 7 43
d 7 42
d 7 46
d 7 47
d 9 105
d 9 106
d 2 67
d 2 68
d 4 50
d 4 51
d 9 107
d 7 48
d 4 52
d 5 38
d 7 49
d 2 69
d 5 39
d 9 108
d 7 50
d 7 51
d 2 70
d 2 71
d 9 109
d 5 40
d 7 52
d 5 41
d 5 42
d 5 43
d 5 44
d 7 53
d 9 110
d 2 72
d 2 73
d 9 111
d 3 65
d 3 67
d 9 112
d 3 68
d 3 69
d 3 70
d 3 71
d 3 72
d 3 73
d 2 74
d 3 74
d 3 66
d 7 54
d 2 75
d 7 55
d 9 113
d 7 56
d 9 114
d 2 76
d 9 115
d 2 77
d 9 116
d 9 117
d 3 75
d 2 78
d 2 79
d 9 118
d 3 76
d 2 80
d 2 81
d 2 82
d 9 119
d 9 120
d 3 77
d 3 78
d 9 121
d 9 122
d 2 83
d 9 123
d 2 84
d 2 85
d 2 86
d 9 124
d 9 125
d 3 79
d 3 80
d 9 126
d 2 87
d 3 81
d 9 127
d 9 128
d 9 129
d 9 130
d 3 82
d 6 87
d 6 86
d 6 95
d 6 94
d 6 93
d 6 92
d 6 91
d 6 90
d 6 89
d 6 88
d 7 57
d 7 58
d 3 83
d 7 59
d 7 60
d 7 61
d 3 84
d 7 62
d 7 63
d 7 64
d 7 65
d 3 85
d 2 88
d 3 86
d 7 66
d 3 87
d 3 89
d 3 88
d 9 131
d 9 132
d 7 67
d 7 68
d 7 69
d 3 90
d 3 91
d 2 89
d 2 90
d 2 91
d 2 92
d 2 93
d 3 92
d 6 96
d 2 94
d 3 93
d 2 95
d 3 94
d 6 97
d 2 96
d 3 95
d 6 98
d 6 99
d 2 97
d 2 98
d 6 100
d 2 99
d 6 101
d 6 102
d 2 100
d 6 103
d 6 104
d 6 105
d 2 101
d 2 102
d 9 133
d 9 135
d 9 134
d 9 136
d 9 137
d 2 104
d 6 106
d 2 105
d 9 138
d 9 139
d 2 106
d 2 107
d 2 103
d 9 140
d 9 141
d 6 107
d 9 142
d 2 108
d 6 108
d 6 109
d 5 47
d 5 52
d 5 49
d 5 51
d 5 48
d 5 50
d 5 45
d 2 109
d 5 46
d 6 110
d 5 53
d 9 143
d 6 111
d 6 112
d 5 54
d 7 70
d 7 74
d 7 73
d 6 113
d 7 75
d 6 114
d 7 76
d 7 77
d 7 78
d 7 79
d 5 55
d 7 72
d 7 71
d 9 144
d 9 145
d 5 56
d 7 80
d 5 57
d 5 58
d 5 59
d 7 81
d 7 82
d 6 115
d 6 117
d 6 118
d 6 119
d 6 120
d 6 121
d 6 122
d 6 116
d 7 83
d 7 84
d 7 85
d 7 86
d 6 123
d 9 146
d 9 147
d 9 148
d 9 149
d 9 150
d 9 151
d 9 152
d 2 110
d 2 111
d 2 112
d 2 113
d 9 153
d 2 115
d 2 116
d 9 154
d 2 114
d 2 117
d 2 118
d 2 119
d 9 155
d 6 124
d 9 156
d 6 125
d 6 126
d 9 157
d 9 158
d 6 127
d 3 96
d 3 98
d 3 99
d 3 101
d 3 102
d 3 103
d 3 104
d 3 97
d 3 105
d 3 100
d 7 87
d 7 88
d 7 89
d 7 90
d 7 91
d 7 92
d 9 159
d 9 160
d 6 128
d 6 129
d 6 130
d 7 93
d 6 131
d 6 132
d 9 161
d 6 133
d 5 60
d 5 61
d 5 62
d 5 63
d 5 64
d 5 65
d 5 66
d 5 67
d 5 68
d 5 69
d 9 162
d 9 163
d 6 134
d 7 94
d 6 135
d 7 95
d 4 53
d 4 54
d 4 55
d 4 56
d 4 57
d 4 58
d 4 59
d 4 60
d 4 61
d 7 96
d 4 62
d 9 164
d 3 106
d 3 107
d 3 108
d 9 165
d 6 136
d 5 70
d 6 137
d 9 166
d 6 138
d 5 71
d 5 72
d 6 139
d 9 167
d 3 109
d 5 73
d 7 97
d 7 98
d 9 168
d 7 99
d 3 110
d 3 111
d 7 100
d 2 120
d 2 122
d 2 123
d 6 140
d 2 125
d 2 121
d 2 126
d 2 124
d 2 127
d 2 128
d 2 129
d 3 112
d 3 113
d 2 130
d 7 101
d 3 114
d 3 115
d 2 131
d 3 116
d 6 141
d 7 102
d 3 117
d 2 132
d 6 142
d 3 118
d 4 63
d 7 103
d 4 64
d 3 119
d 6 143
d 8 36
d 8 37
d 8 38
d 7 104
d 8 39
d 8 40
d 2 133
d 8 42
d 8 43
d 8 44
d 8 41
d 8 45
d 6 144
d 3 120
d 6 145
d 4 65
d 2 134
d 2 135
d 4 66
d 7 105
d 4 67
d 3 121
d 6 146
d 3 122
d 7 106
d 7 107
d 4 68
d 2 136
d 3 123
d 4 69
d 6 147
d 4 70
d 7 108
d 4 71
d 4 72
d 3 124
d 9 169
d 9 170
d 3 125
d 9 172
d 9 173
d 9 175
d 9 171
d 2 137
d 9 176
d 9 174
d 9 177
d 6 148
d 6 149
d 4 73
d 9 178
d 6 150
d 3 126
d 4 74
d 3 127
d 9 179
d 4 75
d 3 128
d 8 46
d 6 151
d 6 152
d 9 180
d 2 138
d 4 76
d 2 139
d 3 129
d 4 77
d 3 130
d 6 153
d 4 78
d 6 154
d 6 155
d 6 156
d 3 131
d 2 140
d 2 141
d 9 181
d 5 74
d 5 83
d 5 82
d 5 81
d 5 80
d 5 79
d 5 78
d 8 47
d 5 76
d 5 75
d 5 77
d 3 132
d 6 157
d 9 182
d 4 79
d 2 142
d 6 158
d 4 80
d 8 48
d 2 143
d 3 133
d 2 144
d 9 183
d 6 159
d 9 184
d 8 49
d 2 145
d 3 134
d 8 50
d 2 146
d 6 160
d 3 135
d 8 51
d 3 136
d 3 137
d 3 138
d 4 81
d 8 52
d 4 82
d 6 161
d 4 83
d 2 147
d 4 84
d 8 53
d 3 139
d 3 140
d 6 163
d 3 141
d 6 162
d 8 54
d 2 148
d 9 185
d 2 149
d 3 142
d 6 164
d 9 186
d 6 165
d 8 55
d 9 187
d 8 56
d 2 150
d 8 57
d 2 151
d 2 152
d 8 58
d 9 188
d 4 85
d 9 189
d 2 153
d 9 190
d 9 191
d 4 86
d 4 87
d 4 88
d 4 89
d 9 192
d 2 154
d 2 155
d 9 193
d 2 156
d 9 194
d 4 90
d 9 195
d 4 91
d 8 59
d 8 60
d 8 61
d 8 62
d 4 92
d 4 93
d 2 157
d 8 63
d 9 196
d 2 158
d 2 159
d 2 160
d 9 197
d 2 161
d 9 198
d 8 64
d 4 94
d 2 162
d 4 95
d 2 163
d 9 199
d 8 65
d 8 66
d 8 67
d 8 68
d 4 96
d 4 97
d 9 200
d 6 166
d 6 167
d 6 168
d 6 169
d 6 170
d 6 171
d 6 172
d 6 173
d 6 174
d 4 98
d 8 69
d 8 70
d 6 175
d 7 109
d 7 110
d 7 111
d 9 201
d 7 112
d 7 113
d 6 176
d 7 114
d 7 115
d 7 116
d 9 202
d 7 117
d 9 203
d 8 71
d 2 164
d 2 165
d 2 166
d 2 167
d 2 168
d 4 99
d 4 100
d 9 204
d 9 205
d 2 169
d 9 206
d 7 118
d 8 72
d 3 143
d 3 145
d 3 146
d 3 147
d 3 148
d 3 150
d 3 151
d 3 144
d 3 152
d 3 149
d 4 101
d 8 73
d 6 177
d 8 74
d 4 102
d 2 170
d 8 75
d 6 178
d 3 153
d 4 103
d 9 207
d 9 208
d 4 104
d 9 209
d 8 76
d 2 171
d 7 119
d 6 179
d 2 172
d 4 105
d 4 106
d 7 120
d 9 210
d 2 173
d 9 211
d 4 107
d 8 77
d 6 180
d 2 174
d 9 212
d 7 121
d 6 181
d 6 182
d 6 183
d 9 213
d 9 214
d 2 175
d 2 176
d 6 184
d 2 177
d 9 215
d 9 216
d 7 122
d 7 123
d 9 217
d 9 218
d 5 84
d 5 85
d 5 86
d 9 219
d 7 124
d 7 125
d 5 88
d 5 87
d 5 92
d 5 93
d 5 89
d 5 91
d 5 90
d 5 94
d 3 154
d 3 157
d 3 158
d 3 159
d 3 160
d 3 156
d 9 220
d 9 221
d 3 161
d 3 162
d 3 155
d 3 163
d 5 95
d 9 222
d 3 164
d 5 96
d 3 165
d 9 223
d 9 224
d 7 126
d 7 127
d 7 128
d 7 129
d 9 225
d 5 97
d 5 98
d 7 130
d 7 131
d 9 226
d 3 166
d 7 132
d 9 227
d 7 133
d 5 99
d 9 228
d 6 185
d 6 188
d 6 187
d 6 186
d 6 189
d 6 190
d 6 191
d 7 134
d 6 192
d 6 193
d 3 167
d 4 108
d 4 109
d 4 110
d 4 111
d 4 112
d 4 113
d 4 114
d 4 115
d 4 116
d 4 117
d 7 135
d 3 168
d 2 178
d 2 180
d 2 181
d 2 179
d 2 183
d 2 184
d 2 185
d 2 186
d 2 187
d 2 182
d 3 169
d 3 170
d 8 78
d 8 79
d 8 81
d 8 82
d 3 171
d 8 83
d 3 172
d 8 84
d 8 85
d 8 87
d 8 80
d 8 86
d 3 173
d 2 188
d 3 174
d 8 88
d 8 89
d 2 189
d 8 90
d 3 176
d 3 177
d 3 175
d 2 190
d 3 178
d 3 179
d 4 118
d 2 191
d 4 119
d 4 120
d 4 121
d 8 91
d 3 180
d 8 92
d 4 122
d 8 93
d 4 123
d 3 181
d 2 192
d 4 124
d 2 193
d 8 94
d 2 194
d 4 125
d 4 126
d 2 195
d 2 196
d 3 182
d 4 127
d 2 197
d 4 128
d 3 183
d 8 95
d 4 129
d 8 96
d 3 184
d 4 130
d 4 131
d 3 185
d 4 132
d 2 198
d 2 199
d 2 200
d 4 133
d 2 201
d 5 100
d 2 202
d 5 102
d 3 186
d 4 134
d 8 97
d 8 98
d 8 99
d 8 100
d 8 101
d 5 101
d 5 103
d 5 110
d 5 109
d 5 108
d 5 107
d 5 106
d 5 105
d 5 104
d 3 188
d 3 189
d 2 203
d 3 187
d 8 102
d 3 190
d 8 103
d 8 104
d 7 138
d 7 136
d 7 139
d 7 142
d 2 204
d 7 143
d 7 137
d 7 145
d 7 144
d 7 141
d 7 140
d 4 135
d 3 191
d 4 136
d 2 205
d 3 192
d 2 206
d 4 137
d 2 207
d 3 193
d 2 208
d 4 138
d 2 209
d 4 139
d 9 229
d 9 230
d 9 231
d 9 232
d 9 233
d 3 194
d 9 234
d 9 235
d 9 236
d 9 237
d 4 140
d 4 141
d 9 238
d 3 195
d 4 142
d 2 210
d 3 196
d 6 194
d 6 195
d 6 196
d 6 197
d 6 198
d 6 199
d 6 200
d 6 201
d 2 211
d 2 212
d 6 202
d 6 203
d 8 105
d 8 106
d 9 239
d 6 204
d 6 205
d 3 197
d 2 213
d 6 206
d 9 240
d 9 241
d 9 242
d 2 214
d 5 111
d 5 112
d 5 113
d 2 215
d 5 115
d 5 119
d 5 118
d 5 117
d 5 116
d 5 114
d 9 243
d 3 198
d 5 120
d 9 244
d 3 199
d 2 216
d 5 121
d 8 107
d 3 200
d 3 201
d 8 108
d 6 207
d 9 245
d 6 208
d 2 217
d 9 246
d 8 109
d 6 209
d 3 202
d 6 210
d 8 110
d 8 111
d 2 218
d 8 112
d 5 122
d 2 219
d 2 220
d 6 211
d 5 123
d 3 203
d 8 113
d 2 221
d 2 222
d 2 223
d 3 204
d 3 205
d 6 212
d 6 213
d 6 214
d 6 215
d 2 224
d 3 206
d 6 216
d 3 207
d 2 225
d 6 217
d 6 218
d 3 208
d 3 209
d 6 219
d 3 210
d 5 124
d 6 220
d 6 221
d 3 211
d 5 125
d 2 226
d 3 212
d 6 222
d 2 228
d 2 227
d 3 213
d 5 126
d 3 214
d 5 127
d 3 215
d 6 223
d 7 146
d 3 216
d 2 229
d 6 224
d 6 225
d 5 128
d 2 230
d 7 147
d 6 226
d 3 217
d 5 129
d 3 218
d 7 148
d 4 143
d 4 144
d 4 145
d 4 146
d 4 147
d 4 148
d 6 227
d 4 149
d 6 228
d 5 130
d 4 150
d 4 151
d 4 152
d 6 229
d 3 219
d 6 230
d 5 131
d 5 132
d 4 153
d 6 231
d 5 133
d 5 134
d 6 232
d 5 135
d 6 233
d 8 114
d 8 115
d 8 116
d 8 117
d 8 118
d 8 120
d 8 121
d 8 119
d 8 122
d 4 154
d 3 220
d 6 234
d 4 155
d 5 136
d 7 149
d 5 137
d 3 221
d 6 235
d 4 156
d 8 123
d 4 157
d 6 236
d 4 158
d 3 222
d 6 237
d 3 223
d 8 124
d 7 150
d 6 238
d 5 138
d 3 224
d 7 151
d 8 125
d 7 152
d 8 126
d 7 153
d 3 225
d 7 154
d 4 159
d 5 139
d 9 247
d 9 248
d 9 249
d 9 250
d 9 251
d 9 252
d 9 253
d 9 254
d 9 255
d 9 256
d 8 127
d 8 128
d 3 226
d 5 140
d 6 239
d 9 257
d 5 141
d 5 142
d 7 155
d 9 258
d 5 143
d 3 227
d 3 228
d 5 144
d 7 156
d 9 259
d 7 157
d 9 260
d 4 160
d 5 145
d 5 146
d 4 161
d 3 229
d 9 261
d 7 158
d 4 162
d 2 231
d 2 232
d 2 233
d 2 234
d 7 159
d 2 235
d 2 236
d 2 237
d 2 238
d 5 147
d 3 230
d 2 239
d 7 160
d 5 148
d 3 231
d 9 262
d 3 232
d 5 149
d 2 240
d 5 150
d 7 161
d 3 233
d 2 241
d 2 242
d 7 162
d 9 263
d 7 163
d 3 234
d 2 243
d 7 164
d 7 165
d 9 264
d 2 244
d 5 151
d 7 166
d 5 152
d 7 167
d 3 235
d 6 240
d 6 242
d 6 243
d 6 241
d 6 244
d 6 245
d 3 236
d 7 168
d 8 129
d 8 130
d 8 131
d 8 132
d 8 133
d 8 134
d 8 135
d 7 169
d 6 246
d 3 237
d 5 153
d 2 245
d 5 154
d 8 136
d 3 238
d 7 170
d 2 246
d 5 155
d 6 247
d 6 248
d 3 239
d 8 137
d 2 247
d 3 240
d 3 241
d 3 242
d 2 248
d 6 249
d 2 249
d 3 243
d 8 138
d 2 250
d 3 244
d 2 251
d 2 252
d 2 253
d 8 139
d 6 250
d 2 254
d 6 251
d 6 252
d 6 253
d 6 254
d 6 255
d 8 140
d 8 141
d 8 142
d 2 255
d 7 171
d 7 172
d 7 173
d 7 178
d 7 177
d 7 179
d 7 176
d 7 174
d 7 175
d 8 143
d 8 144
d 8 145
d 6 256
d 2 256
d 8 146
d 8 147
d 5 156
d 5 157
d 5 158
d 5 159
d 5 160
d 5 161
d 5 162
d 5 163
d 5 164
d 5 165
d 2 257
d 8 148
d 6 257
d 2 258
d 2 259
d 6 258
d 2 260
d 8 149
d 6 259
d 2 261
d 8 150
d 6 260
d 8 151
d 2 262
d 2 263
d 6 261
d 6 262
d 6 263
d 2 264
d 8 152
d 7 180
d 7 181
d 6 264
d 3 245
d 3 246
d 3 247
d 3 249
d 3 248
d 3 250
d 3 251
d 3 252
d 3 253
d 2 265
d 7 182
d 6 265
d 3 254
d 6 266
d 7 183
d 8 153
d 7 184
d 6 267
d 7 185
d 8 154
d 8 155
d 6 268
d 3 255
d 6 269
d 6 270
d 8 156
d 2 266
d 2 267
d 2 268
d 6 271
d 2 269
d 8 157
d 7 186
d 7 187
d 7 188
d 3 256
d 2 270
d 3 257
d 2 271
d 2 272
d 7 189
d 8 158
d 7 190
d 6 272
d 3 258
d 8 159
d 7 191
d 7 192
d 6 273
d 3 259
d 6 274
d 3 260
d 3 261
d 6 275
d 8 160
d 6 276
d 6 277
d 3 262
d 3 263
d 3 264
d 2 273
d 8 161
d 6 278
d 2 275
d 2 274
d 6 279
d 8 162
d 6 280
d 8 163
d 2 276
d 9 265
d 9 266
d 8 164
d 9 267
d 9 268
d 9 269
d 9 270
d 9 271
d 9 272
d 6 281
d 9 273
d 9 274
d 8 165
d 8 166
d 2 277
d 2 278
d 8 167
d 9 275
d 2 279
d 6 282
d 8 168
d 6 283
d 2 280
d 8 169
d 2 281
d 5 166
d 5 167
d 5 168
d 5 169
d 5 170
d 5 171
d 5 172
d 5 173
d 5 174
d 2 282
d 5 175
d 2 283
d 9 276
d 9 277
d 9 278
d 9 279
d 9 280
d 6 284
d 6 285
d 8 170
d 2 284
d 8 171
d 2 285
d 9 281
d 8 172
d 2 286
d 6 286
d 6 287
d 8 173
d 8 174
d 9 282
d 6 288
d 6 289
d 9 283
d 4 163
d 4 165
d 4 166
d 8 176
d 6 290
d 2 287
d 4 167
d 4 168
d 4 169
d 4 170
d 4 171
d 4 172
d 4 164
d 6 291
d 2 288
d 6 292
d 8 177
d 8 178
d 8 175
d 6 293
d 8 179
d 2 289
d 6 294
d 2 290
d 8 180
d 8 181
d 8 182
d 4 173
d 5 176
d 8 183
d 5 177
d 4 174
d 5 178
d 5 179
d 5 180
d 5 181
d 5 182
d 8 184
d 5 183
d 5 184
d 4 175
d 6 295
d 8 185
d 8 186
d 4 176
d 8 187
d 2 291
d 6 296
d 5 185
d 2 292
d 2 293
d 8 188
d 2 294
d 2 295
d 2 296
d 2 297
d 2 298
d 5 186
d 2 299
d 4 177
d 8 189
d 4 178
d 9 285
d 9 287
d 9 288
d 9 289
d 9 286
d 9 284
d 9 290
d 2 300
d 8 190
d 8 191
d 5 187
d 8 192
d 9 291
d 9 292
d 6 297
d 4 179
d 8 193
d 6 298
d 4 180
d 4 181
d 4 182
d 6 299
d 6 300
d 6 301
d 6 302
d 2 301
d 6 303
d 9 293
d 6 304
d 8 194
d 8 195
d 6 305
d 6 306
d 2 303
d 2 302
d 9 294
d 8 196
d 8 197
d 6 307
d 6 308
d 8 198
d 8 199
d 9 295
d 6 309
d 2 304
d 2 305
d 6 310
d 2 306
d 8 201
d 8 200
d 2 307
d 9 296
d 2 308
d 2 309
d 8 202
d 9 297
d 8 203
d 8 204
d 2 310
d 8 205
d 9 298
d 8 206
d 2 311
d 8 207
d 8 208
d 6 311
d 6 312
d 6 313
d 8 209
d 8 210
d 8 211
d 6 314
d 2 312
d 2 313
d 6 315
d 7 196
d 7 193
d 7 197
d 7 198
d 7 199
d 7 200
d 7 195
d 7 201
d 7 194
d 7 202
d 2 314
d 7 203
d 2 315
d 8 212
d 6 316
d 2 316
d 6 317
d 8 213
d 8 214
d 5 188
d 5 189
d 5 190
d 2 317
d 5 191
d 5 192
d 5 193
d 5 194
d 2 318
d 8 215
d 5 195
d 5 196
d 5 197
d 8 216
d 6 318
d 2 319
d 8 217
d 6 319
d 5 198
d 2 320
d 7 204
d 2 321
d 6 320
d 6 321
d 7 205
d 5 199
d 4 184
d 4 185
d 4 186
d 4 187
d 4 188
d 4 189
d 4 190
d 4 191
d 4 192
d 4 183
d 5 200
d 4 193
d 6 322
d 2 322
d 8 218
d 2 323
d 4 194
d 6 323
d 6 324
d 6 325
d 9 300
d 9 299
d 6 326
d 9 301
d 9 303
d 9 304
d 9 305
d 9 306
d 9 308
d 9 302
d 9 307
d 8 219
d 5 201
d 4 195
d 7 206
d 2 324
d 5 202
d 7 207
d 9 309
d 5 203
d 9 310
d 2 325
d 8 220
d 2 326
d 2 327
d 5 204
d 7 208
d 6 327
d 7 209
d 7 210
d 6 328
d 2 328
d 5 205
d 5 206
d 8 221
d 6 329
d 7 211
d 5 207
d 6 330
d 6 331
d 2 329
d 7 212
d 9 311
d 5 208
d 9 312
d 8 222
d 6 332
d 8 223
d 9 313
d 7 213
d 8 224
d 6 333
d 4 196
d 7 214
d 4 197
d 7 215
d 9 314
d 5 209
d 7 216
d 7 217
d 2 330
d 9 315
d 2 331
d 2 332
d 8 225
d 7 218
d 9 316
d 2 333
d 7 219
d 9 317
d 2 334
d 9 318
d 4 198
d 8 226
d 8 227
d 5 210
d 7 220
d 9 319
d 4 199
d 4 200
d 2 335
d 4 201
d 5 211
d 8 228
d 2 336
d 4 202
d 5 212
d 4 203
d 4 204
d 5 213
d 9 320
d 8 229
d 9 321
d 4 205
d 8 230
d 8 231
d 6 334
d 3 266
d 3 265
d 3 268
d 3 267
d 3 269
d 3 270
d 3 271
d 3 272
d 2 337
d 6 335
d 6 336
d 6 337
d 3 273
d 6 338
d 3 274
d 6 339
d 6 340
d 2 338
d 7 221
d 6 341
d 2 339
d 9 322
d 7 222
d 8 232
d 7 223
d 6 342
d 2 340
d 6 343
d 7 224
d 7 225
d 2 341
d 6 344
d 9 323
d 8 233
d 8 234
d 9 324
d 7 226
d 6 345
d 9 325
d 9 326
d 2 342
d 6 346
d 2 343
d 2 344
d 4 206
d 4 207
d 4 208
d 4 209
d 8 235
d 4 210
d 4 211
d 4 212
d 6 347
d 6 348
d 9 327
d 8 236
d 2 345
d 8 237
d 4 213
d 2 346
d 9 328
d 9 329
d 2 347
d 8 238
d 8 239
d 8 240
d 4 215
d 4 214
d 9 330
d 4 216
d 3 275
d 3 276
d 3 277
d 3 278
d 3 279
d 3 280
d 3 281
d 3 282
d 8 241
d 3 283
d 9 331
d 9 332
d 2 348
d 3 284
d 8 242
d 9 333
d 2 349
d 2 350
d 9 334
d 8 243
d 8 244
d 2 351
d 8 245
d 4 217
d 9 335
d 2 352
d 4 219
d 4 218
d 9 336
d 9 337
d 4 220
d 8 246
d 4 221
d 9 338
d 3 285
d 2 353
d 8 247
d 2 354
d 8 248
d 3 286
d 8 249
d 9 339
d 3 287
d 3 288
d 2 355
d 9 340
d 8 250
d 3 289
d 8 251
d 9 341
d 2 356
d 3 290
d 3 291
d 2 357
d 3 292
d 9 342
d 7 227
d 7 228
d 7 229
d 7 230
d 7 231
d 7 232
d 7 233
d 7 234
d 7 235
d 7 236
d 2 358
d 8 252
d 4 222
d 4 223
d 4 224
d 4 225
d 4 226
d 5 218
d 5 217
d 5 219
d 5 220
d 5 221
d 5 222
d 5 216
d 5 215
d 5 214
d 5 223
d 6 349
d 6 351
d 6 352
d 6 353
d 6 354
d 6 355
d 6 356
d 6 357
d 6 358
d 6 350
d 7 237
d 7 238
d 7 239
d 2 360
d 3 295
d 2 361
d 8 253
d 7 240
d 7 241
d 6 359
d 2 362
d 5 224
d 2 363
d 6 360
d 8 254
d 5 225
d 7 242
d 7 243
d 5 226
d 8 255
d 4 227
d 3 296
d 6 361
d 3 297
d 7 244
d 4 228
d 8 256
d 3 298
d 3 299
d 8 257
d 5 227
d 3 293
d 6 362
d 5 228
d 7 245
d 3 300
d 5 229
d 3 301
d 4 229
d 7 246
d 6 363
d 4 230
d 4 231
d 6 364
d 5 230
d 3 302
d 3 303
d 6 365
d 6 366
d 3 304
d 5 231
d 4 232
d 5 232
d 6 367
d 5 233
d 5 234
d 5 235
d 5 236
d 4 233
d 6 368
d 5 237
d 7 247
d 6 369
d 6 370
d 8 258
d 8 262
d 8 261
d 8 260
d 4 234
d 6 371
d 5 238
d 8 259
d 8 263
d 5 239
d 5 240
d 4 235
d 5 241
d 8 264
d 7 248
d 7 249
d 6 372
d 7 250
d 6 373
d 7 251
d 8 265
d 7 252
d 8 266
d 9 343
d 9 344
d 9 346
d 9 347
d 9 348
d 9 345
d 9 350
d 9 351
d 9 349
d 7 253
d 7 254
d 4 236
d 4 237
d 4 238
d 7 255
d 6 374
d 7 256
d 8 267
d 6 375
d 4 239
d 8 268
d 8 269
d 7 257
d 6 376
d 8 270
d 6 377
d 4 240
d 8 271
d 8 272
d 6 378
d 4 241
d 7 258
d 6 379
d 9 352
d 8 273
d 9 353
d 8 274
d 4 242
d 8 275
d 7 259
d 7 260
d 4 243
d 4 244
d 4 245
d 5 242
d 5 243
d 5 244
d 5 245
d 5 246
d 4 246
d 8 276
d 9 354
d 9 355
d 5 247
d 8 277
d 5 248
d 8 278
d 5 249
d 9 356
d 9 357
d 8 279
d 5 250
d 9 358
d 5 251
d 9 359
d 9 360
d 8 280
d 9 361
d 9 362
d 9 363
d 9 364
d 8 281
d 8 282
d 8 283
d 8 284
d 8 285
d 8 286
d 8 287
d 7 261
d 7 262
d 7 263
d 7 264
d 7 266
d 7 267
d 7 269
d 7 268
d 7 265
d 7 270
d 2 364
d 2 365
d 2 366
d 2 367
d 2 359
d 2 371
d 2 369
d 2 370
d 2 368
d 8 288
d 5 252
d 5 254
d 5 255
d 8 289
d 5 256
d 5 257
d 5 258
d 5 253
d 5 259
d 9 365
d 9 366
d 9 367
d 5 260
d 5 261
d 8 290
d 9 368
d 8 291
d 2 372
d 9 369
d 9 370
d 5 262
d 9 371
d 2 373
d 8 292
d 8 293
d 5 263
d 9 372
d 9 373
d 2 374
d 5 264
d 2 375
d 5 265
d 9 374
d 2 376
d 5 266
d 2 377
d 8 294
d 2 378
d 5 267
d 8 295
d 2 379
d 5 268
d 5 269
d 2 380
d 2 381
d 8 296
d 2 382
d 5 270
d 8 297
d 5 271
d 9 375
d 9 376
d 5 272
d 5 273
d 9 377
d 8 298
d 9 378
d 8 299
d 9 379
d 8 300
d 8 301
d 5 274
d 9 380
d 5 275
d 5 276
d 9 381
d 9 382
d 9 384
d 9 383
d 8 302
d 8 303
d 8 304
d 7 271
d 7 272
d 7 274
d 7 275
d 7 276
d 7 277
d 7 278
d 7 279
d 7 280
d 7 273
d 5 277
d 5 278
d 9 385
d 8 305
d 5 279
d 9 386
d 8 306
d 5 280
d 9 387
d 8 307
d 7 281
d 9 388
d 7 282
d 5 281
d 8 308
d 8 309
d 8 310
d 8 311
d 5 282
d 3 305
d 3 306
d 3 307
d 3 308
d 3 309
d 7 283
d 3 310
d 3 311
d 3 312
d 3 313
d 3 294
d 8 312
d 5 283
d 7 284
d 7 285
d 2 384
d 2 385
d 2 386
d 2 383
d 2 387
d 2 388
d 2 389
d 2 390
d 2 391
d 5 284
d 2 392
d 5 285
d 8 313
d 7 286
d 7 287
d 7 288
d 3 314
d 8 314
d 3 315
d 3 316
d 8 315
d 3 317
d 8 316
d 3 318
d 7 289
d 7 290
d 3 319
d 8 317
d 3 320
d 7 291
d 8 318
d 7 292
d 7 293
d 3 321
d 8 319
d 9 390
d 9 391
d 9 392
d 9 393
d 9 394
d 9 395
d 9 396
d 9 389
d 3 322
d 8 320
d 9 397
d 9 398
d 7 294
d 7 295
d 8 321
d 9 399
d 3 323
d 8 322
d 7 296
d 8 323
d 3 324
d 3 325
d 8 324
d 3 326
d 3 327
d 7 297
d 3 328
d 3 329
d 8 325
d 8 326
d 7 298
d 7 299
d 8 327
d 7 300
d 2 393
d 2 395
d 2 394
d 2 396
d 2 397
d 2 398
d 2 399
d 2 400
d 2 401
d 7 301
d 7 302
d 2 402
d 5 286
d 5 288
d 5 289
d 5 290
d 5 291
d 5 292
d 5 293
d 5 294
d 5 287
d 5 295
d 3 330
d 3 331
d 3 332
d 3 333
d 6 380
d 6 381
d 6 382
d 6 383
d 6 385
d 6 386
d 6 384
d 6 387
d 6 389
d 6 388
d 3 334
d 8 328
d 8 330
d 8 331
d 8 329
d 8 333
d 8 332
d 3 335
d 9 400
d 9 401
d 9 402
d 9 409
d 9 408
d 9 403
d 9 407
d 9 406
d 9 405
d 9 404
d 3 336
d 3 337
d 5 296
d 9 410
d 9 411
d 9 412
d 5 297
d 9 413
d 9 414
d 5 298
d 5 299
d 9 415
d 9 416
d 3 338
d 3 339
d 3 340
d 9 417
d 5 300
d 7 303
d 7 304
d 7 305
d 7 306
d 7 307
d 7 308
d 7 309
d 7 310
d 7 311
d 5 301
d 3 341
d 7 312
d 3 342
d 3 343
d 9 418
d 9 419
d 9 420
d 8 334
d 8 335
d 9 421
d 8 336
d 8 337
d 8 338
d 8 339
d 8 340
d 8 341
d 3 344
d 3 345
d 3 346
d 8 342
d 7 313
d 9 422
d 5 302
d 5 303
d 5 304
d 5 305
d 8 343
d 8 344
d 7 314
d 5 306
d 8 345
d 3 347
d 5 307
d 8 346
d 7 315
d 5 308
d 5 309
d 3 348
d 7 316
d 3 349
d 3 350
d 5 310
d 3 351
d 8 347
d 2 403
d 2 405
d 2 406
d 2 407
d 2 408
d 2 409
d 2 410
d 2 411
d 2 404
d 8 348
d 8 349
d 8 350
d 7 317
d 4 247
d 4 248
d 4 249
d 4 250
d 4 251
d 4 252
d 4 253
d 4 255
d 7 318
d 4 256
d 4 254
d 5 311
d 3 352
d 4 257
d 5 312
d 5 313
d 7 319
d 7 320
d 7 321
d 4 258
d 4 259
d 4 260
d 8 351
d 5 314
d 5 315
d 3 353
d 7 322
d 7 323
d 7 324
d 3 354
d 3 355
d 2 412
d 4 262
d 4 261
d 2 413
d 5 316
d 7 325
d 2 414
d 2 415
d 3 356
d 3 357
d 5 317
d 8 352
d 8 353
d 8 354
d 8 355
d 2 416
d 5 318
d 3 358
d 4 263
d 8 356
d 8 357
d 3 359
d 8 358
d 4 264
d 5 319
d 7 326
d 9 423
d 9 424
d 9 425
d 9 426
d 9 427
d 9 428
d 9 429
d 9 430
d 9 431
d 9 432
d 3 360
d 2 417
d 2 418
d 7 327
d 4 265
d 4 266
d 3 361
d 3 362
d 3 363
d 7 328
d 9 433
d 5 320
d 7 329
d 8 359
d 3 364
d 8 360
d 5 321
d 3 365
d 7 330
d 8 361
d 3 366
d 7 331
d 2 419
d 7 332
d 8 362
d 2 420
d 4 267
d 7 333
d 4 268
d 4 269
d 9 434
d 2 421
d 2 422
d 8 363
d 8 364
d 2 423
d 4 270
d 4 271
d 5 322
d 4 272
d 4 273
d 8 365
d 5 323
d 4 274
d 7 334
d 7 335
d 4 275
d 5 324
d 8 366
d 9 435
d 7 336
d 5 325
d 7 337
d 3 367
d 3 368
d 9 436
d 3 369
d 5 326
d 5 327
d 3 370
d 4 276
d 9 437
d 9 438
d 3 371
d 7 338
d 7 339
d 9 439
d 7 340
d 9 440
d 3 372
d 7 341
d 7 342
d 3 373
d 7 343
d 3 374
d 7 344
d 4 277
d 4 278
d 5 328
d 7 345
d 5 329
d 5 330
d 3 375
d 7 346
d 5 331
d 5 332
d 5 333
d 5 334
d 4 279
d 5 335
d 5 336
d 5 337
d 4 280
d 4 281
d 2 424
d 2 425
d 2 426
d 2 427
d 2 428
d 2 429
d 2 430
d 2 431
d 2 432
d 2 433
d 6 390
d 6 391
d 6 392
d 4 282
d 4 283
d 4 284
d 5 338
d 6 393
d 5 339
d 2 434
d 5 340
d 5 341
d 5 342
d 5 343
d 6 394
d 7 347
d 7 350
d 7 348
d 7 349
d 6 395
d 2 435
d 6 396
d 7 351
d 2 436
d 7 352
d 7 353
d 7 354
d 7 355
d 7 356
d 6 397
d 2 437
d 6 398
d 7 357
d 7 358
d 2 438
d 2 439
d 7 359
d 2 440
d 2 441
d 6 399
d 2 442
d 5 346
d 5 345
d 5 347
d 5 348
d 5 349
d 5 350
d 5 344
d 5 351
d 5 352
d 2 443
d 5 353
d 6 400
d 6 401
d 6 402
d 5 354
d 7 360
d 7 361
d 6 403
d 7 362
d 6 404
d 6 405
d 6 406
d 7 363
d 5 355
d 5 356
d 5 357
d 5 358
d 6 407
d 6 408
d 5 359
d 6 409
d 7 364
d 6 410
d 7 365
d 6 411
d 6 412
d 4 285
d 4 286
d 4 287
d 4 288
d 4 289
d 7 366
d 7 367
d 4 290
d 4 291
d 7 368
d 4 292
d 4 293
d 4 294
d 7 369
d 9 442
d 9 443
d 9 444
d 9 445
d 9 441
d 9 446
d 9 447
d 9 448
d 9 449
d 9 450
d 6 413
d 7 370
d 4 295
d 4 296
d 9 451
d 4 297
d 2 444
d 2 445
d 2 446
d 2 447
d 2 448
d 2 449
d 2 450
d 2 451
d 4 298
d 2 452
d 7 371
d 4 299
d 2 453
d 6 414
d 2 454
d 6 415
d 2 455
d 6 416
d 2 456
d 9 452
d 7 372
d 6 417
d 2 457
d 7 373
d 9 453
d 6 418
d 9 454
d 6 419
d 2 458
d 7 374
d 4 300
d 7 375
d 2 459
d 2 460
d 7 376
d 4 301
d 7 377
d 9 455
d 7 378
d 2 461
d 4 302
d 9 456
d 2 462
d 5 360
d 5 362
d 5 363
d 5 365
d 5 361
d 5 368
d 5 369
d 5 366
d 5 364
d 5 367
d 9 457
d 9 458
d 9 459
d 2 463
d 2 464
d 5 370
d 2 465
d 4 303
d 4 304
d 2 466
d 9 460
d 9 461
d 4 305
d 9 462
d 2 467
d 9 463
d 4 306
d 4 307
d 4 308
d 2 468
d 2 469
d 9 464
d 9 465
d 4 309
d 9 466
d 4 310
d 2 470
d 9 467
d 9 468
d 2 471
d 9 469
d 2 472
d 2 473
d 9 470
d 4 311
d 2 474
d 9 471
d 9 472
d 9 473
d 9 474
d 6 420
d 6 421
d 6 422
d 6 423
d 6 424
d 6 425
d 6 426
d 2 475
d 6 427
d 9 475
d 6 428
d 6 429
d 9 476
d 6 430
d 9 477
d 4 312
d 9 478
d 6 431
d 4 313
d 6 432
d 6 433
d 6 434
d 4 314
d 8 367
d 8 368
d 8 369
d 8 370
d 8 371
d 8 372
d 8 373
d 8 374
d 8 375
d 8 376
d 6 435
d 9 479
d 6 436
d 6 437
d 9 480
d 6 438
d 4 315
d 4 316
d 4 317
d 4 318
d 4 319
d 4 320
d 9 481
d 9 482
d 9 483
d 4 321
d 4 322
d 5 371
d 5 372
d 5 373
d 5 374
d 9 484
d 5 375
d 5 376
d 5 377
d 5 378
d 5 379
d 5 380
d 4 323
d 6 439
d 6 440
d 6 441
d 9 485
d 6 442
d 9 486
d 9 487
d 9 488
d 3 376
d 3 377
d 3 379
d 3 380
d 3 381
d 3 382
d 3 383
d 3 384
d 3 378
d 3 385
d 7 379
d 7 380
d 7 381
d 7 382
d 7 383
d 7 384
d 7 385
d 7 386
d 7 388
d 7 387
d 2 476
d 2 478
d 2 479
d 2 480
d 2 481
d 2 477
d 2 485
d 2 484
d 2 483
d 2 482
d 6 444
d 5 381
d 2 486
d 7 389
d 2 487
d 7 390
d 9 489
d 5 382
d 9 490
d 9 497
d 9 496
d 9 495
d 9 494
d 9 491
d 9 493
d 9 492
d 9 498
d 6 445
d 6 446
d 7 391
d 6 447
d 6 448
d 9 499
d 6 449
d 7 392
d 7 393
d 6 450
d 7 394
d 6 451
d 7 395
d 5 383
d 5 384
d 7 396
d 6 452
d 5 385
d 7 397
d 5 386
d 5 387
d 5 388
d 6 453
d 5 389
d 5 390
d 7 398
d 5 391
d 6 454
d 5 392
d 7 399
d 7 400
d 6 455
d 7 401
d 7 402
d 7 403
d 8 378
d 8 379
d 8 380
d 8 381
d 8 382
d 8 383
d 8 384
d 8 385
d 8 386
d 8 387
d 8 377
d 7 404
d 7 405
d 6 456
d 7 406
d 8 388
d 7 407
d 7 408
d 8 389
d 5 394
d 5 393
d 5 395
d 5 396
d 5 397
d 5 398
d 5 399
d 5 400
d 5 401
d 7 409
d 8 390
d 7 410
d 8 391
d 7 411
d 8 392
d 5 402
d 2 488
d 2 490
d 2 491
d 2 492
d 2 493
d 2 494
d 2 495
d 2 496
d 2 489
d 2 497
d 7 412
d 5 403
d 5 404
d 7 413
d 2 498
d 5 405
d 5 406
d 2 499
d 8 393
d 5 407
d 8 394
d 8 395
d 5 408
d 5 409
d 7 414
d 7 415
d 7 416
d 5 410
d 7 417
d 7 418
d 7 419
d 5 411
d 5 412
d 7 420
d 5 413
d 7 421
d 7 422
d 3 386
d 3 387
d 3 388
d 3 389
d 3 390
d 3 391
d 3 392
d 3 393
d 3 394
d 7 423
d 7 424
d 7 425
d 3 395
d 7 426
d 7 427
d 3 396
d 7 428
d 3 397
d 3 398
d 6 461
d 6 458
d 6 462
d 6 463
d 6 443
d 6 460
d 6 464
d 6 465
d 6 459
d 6 457
d 6 466
d 6 467
d 6 468
d 6 469
d 6 470
d 6 471
d 6 472
d 6 473
d 6 474
d 4 324
d 4 325
d 4 326
d 4 327
d 4 328
d 4 329
d 4 330
d 4 331
d 4 332
d 6 475
d 6 476
d 8 396
d 8 400
d 8 397
d 8 398
d 8 401
d 8 399
d 8 402
d 8 403
d 8 404
d 8 405
d 7 429
d 7 431
d 7 430
d 7 432
d 7 433
d 7 434
d 7 435
d 7 436
d 7 437
d 7 438
d 4 333
d 6 477
d 6 478
d 6 479
d 6 480
d 6 481
d 3 399
d 3 400
d 3 401
d 3 403
d 3 405
d 3 402
d 3 406
d 3 407
d 3 404
d 3 408
d 5 414
d 5 415
d 5 416
d 5 418
d 5 419
d 5 420
d 5 422
d 5 421
d 5 417
d 5 423
d 6 482
d 3 409
d 6 483
d 7 439
d 3 410
d 6 484
d 6 485
d 6 486
d 7 440
d 3 411
d 6 487
d 7 441
d 7 442
d 7 443
d 5 424
d 3 412
d 7 444
d 7 445
d 7 446
d 6 488
d 4 334
d 3 413
d 4 335
d 5 425
d 3 414
d 6 489
d 4 336
d 4 337
d 6 490
d 6 491
d 6 492
d 5 426
d 3 415
d 5 427
d 5 428
d 6 493
d 6 494
d 5 429
d 4 338
d 3 416
d 5 430
d 3 417
d 5 431
d 4 339
d 3 418
d 6 495
d 3 419
d 4 340
d 5 432
d 4 341
d 3 420
d 5 433
d 4 342
d 3 421
d 4 343
d 6 496
d 4 344
d 4 345
d 3 422
d 6 497
d 6 498
d 5 434
d 4 346
d 5 435
d 5 436
d 6 499
d 4 347
d 5 437
d 4 348
d 4 349
d 5 438
d 4 350
d 5 439
d 5 440
d 4 351
d 4 352
d 5 441
d 5 442
d 5 443
d 5 444
d 7 448
d 7 449
d 7 450
d 7 451
d 7 453
d 7 454
d 7 455
d 7 456
d 7 447
d 7 452
d 4 353
d 5 445
d 3 423
d 3 425
d 3 424
d 3 427
d 3 426
d 3 428
d 3 429
d 3 430
d 4 354
d 4 355
d 5 446
d 3 431
d 4 356
d 4 357
d 3 432
d 4 358
d 5 447
d 8 406
d 8 407
d 8 408
d 8 409
d 8 410
d 8 411
d 8 412
d 8 413
d 8 414
d 4 359
d 7 457
d 4 360
d 4 361
d 4 362
d 7 458
d 4 363
d 8 415
d 8 416
d 7 459
d 8 417
d 7 460
d 8 418
d 7 461
d 4 364
d 8 419
d 4 365
d 4 366
d 4 367
d 4 368
d 8 420
d 7 462
d 4 369
d 4 370
d 7 463
d 4 371
d 7 464
d 7 465
d 7 466
d 7 467
d 7 468
d 7 469
d 4 372
d 7 470
d 7 471
d 7 472
d 7 473
d 7 474
d 7 475
d 7 476
d 7 477
d 4 373
d 4 375
d 4 376
d 4 377
d 4 374
d 4 379
d 4 378
d 4 380
d 7 478
d 4 381
d 7 479
d 7 480
d 7 481
d 4 382
d 7 482
d 4 383
d 4 384
d 4 385
d 4 386
d 4 387
d 4 388
d 3 433
d 3 435
d 3 436
d 3 434
d 3 437
d 3 438
d 3 439
d 3 440
d 3 441
d 3 442
d 3 443
d 3 444
d 3 445
d 3 446
d 3 447
d 7 483
d 7 484
d 7 485
d 7 486
d 7 487
d 7 488
d 7 489
d 7 490
d 3 448
d 3 449
d 8 421
d 8 422
d 8 423
d 8 424
d 8 425
d 8 426
d 8 427
d 8 428
d 8 429
d 8 430
d 7 491
d 3 450
d 3 451
d 3 452
d 7 492
d 7 493
d 8 431
d 7 494
d 8 432
d 8 433
d 7 495
d 7 496
d 3 453
d 8 434
d 7 497
d 3 454
d 3 455
d 3 456
d 8 435
d 8 436
d 8 437
d 7 498
d 8 438
d 8 439
d 8 440
d 3 457
d 8 441
d 3 458
d 8 442
d 3 459
d 3 460
d 8 443
d 3 461
d 3 462
d 8 444
d 3 463
d 3 464
d 8 445
d 3 465
d 3 466
d 7 499
d 3 467
d 3 468
d 3 469
d 4 389
d 4 390
d 4 391
d 4 392
d 4 393
d 4 394
d 4 395
d 4 396
d 4 397
d 4 398
d 3 470
d 3 471
d 8 446
d 8 447
d 8 448
d 8 450
d 8 449
d 8 451
d 8 452
d 8 453
d 8 454
d 5 448
d 5 449
d 5 450
d 5 451
d 5 453
d 5 455
d 5 456
d 5 452
d 5 454
d 5 457
d 8 455
d 5 458
d 8 456
d 8 457
d 8 458
d 8 459
d 5 459
d 5 460
d 8 460
d 3 472
d 3 479
d 3 478
d 3 476
d 3 475
d 3 474
d 3 473
d 3 477
d 8 461
d 4 399
d 3 480
d 4 400
d 5 461
d 4 401
d 8 462
d 5 462
d 5 463
d 4 402
d 4 403
d 4 404
d 5 464
d 4 405
d 3 481
d 3 482
d 4 406
d 4 407
d 8 463
d 4 408
d 3 483
d 3 484
d 8 464
d 8 465
d 3 485
d 3 486
d 4 409
d 8 466
d 8 467
d 3 487
d 8 468
d 3 488
d 3 489
d 3 490
d 3 491
d 3 492
d 3 493
d 3 494
d 3 495
d 4 410
d 4 411
d 4 412
d 3 496
d 3 497
d 3 498
d 3 499
d 4 413
d 8 469
d 8 470
d 8 471
d 8 472
d 8 474
d 8 473
d 4 414
d 4 415
d 4 416
d 8 475
d 4 417
d 8 476
d 4 418
d 4 419
d 8 477
d 4 420
d 4 421
d 4 422
d 4 423
d 8 478
d 5 465
d 5 467
d 5 468
d 5 469
d 5 470
d 5 471
d 5 472
d 5 473
d 5 474
d 5 466
d 5 475
d 5 477
d 8 479
d 5 476
d 5 478
d 5 479
d 5 480
d 8 480
d 5 481
d 8 481
d 5 482
d 5 483
d 8 482
d 8 483
d 5 484
d 8 484
d 8 485
d 5 485
d 5 486
d 8 486
d 5 487
d 5 488
d 8 487
d 8 488
d 8 489
d 8 490
d 8 491
d 5 489
d 5 490
d 5 491
d 8 492
d 5 492
d 5 493
d 5 494
d 5 495
d 5 496
d 5 497
d 5 498
d 5 499
d 4 424
d 4 432
d 4 433
d 4 430
d 4 431
d 4 429
d 4 425
d 4 428
d 4 427
d 4 426
d 4 434
d 4 435
d 4 436
d 4 437
d 4 438
d 4 439
d 4 440
d 4 441
d 8 493
d 8 494
d 8 495
d 8 497
d 8 498
d 8 499
d 8 496
d 4 442
d 4 443
d 4 444
d 4 445
d 4 446
d 4 447
d 4 448
d 4 449
d 4 450
d 4 451
d 4 452
d 4 453
d 4 454
d 4 455
d 4 456
d 4 457
d 4 458
d 4 459
d 4 460
d 4 461
d 4 462
d 4 463
d 4 464
d 4 465
d 4 466
d 4 467
d 4 468
d 4 469
d 4 471
d 4 470
d 4 472
d 4 473
d 4 474
d 4 475
d 4 476
d 4 477
d 4 478
d 4 479
d 4 480
d 4 481
d 4 482
d 4 483
d 4 484
d 4 485
d 4 486
d 4 487
d 4 488
d 4 489
d 4 490
d 4 491
d 4 492
d 4 493
d 4 494
d 4 495
d 4 496
d 4 497
d 4 498
d 4 499
