b 1
b 7
b 4
b 5
b 3
b 8
b 13
b 6
b 0
b 10
b 9
b 2
b 11
b 14
b 16
b 19
b 15
b 18
b 17
b 20
b 12
b 24
b 28
b 21
b 22
b 30
b 29
b 35
b 32
b 34
b 23
b 27
b 33
b 31
b 25
b 26
b 40
b 46
b 42
b 37
b 49
b 45
b 44
b 43
b 38
b 36
b 51
b 41
b 39
b 58
b 55
b 57
b 54
b 52
b 48
b 47
b 50
b 56
b 53
b 61
b 62
b 64
b 60
b 59
b 66
b 63
b 75
b 67
b 69
b 68
b 65
b 74
b 71
b 73
b 76
b 77
b 72
b 70
b 78
b 84
b 83
b 79
b 89
b 81
b 91
b 93
b 92
b 80
b 85
b 94
b 86
b 87
b 88
b 82
b 96
b 90
b 95
b 104
b 103
b 98
b 101
b 102
b 100
b 105
b 97
b 112
b 107
b 111
b 109
b 110
b 108
b 106
b 99
b 115
b 123
b 113
b 125
b 122
b 114
b 118
b 126
b 116
b 124
b 127
b 119
b 117
b 120
b 121
b 128
b 131
b 130
b 133
b 136
b 132
b 135
b 142
b 139
b 138
b 137
b 141
b 129
b 134
b 140
b 151
b 149
b 147
b 146
b 143
b 148
b 154
b 155
b 158
b 144
b 150
b 152
b 157
b 162
b 145
b 153
b 156
b 160
b 161
b 167
b 159
b 166
b 163
b 164
b 172
b 171
b 165
b 176
b 168
b 173
b 177
b 175
b 180
b 169
b 179
b 174
b 178
b 184
b 170
b 189
b 188
b 183
b 187
b 192
b 191
b 196
b 181
b 182
b 197
b 200
b 202
b 193
b 204
b 194
b 186
b 190
b 185
b 206
b 195
b 208
b 210
b 198
b 214
b 211
b 201
b 199
b 203
b 205
b 216
b 207
b 217
b 209
b 212
b 220
b 213
b 215
b 221
b 218
b 219
b 223
b 228
b 229
b 224
b 234
b 222
b 232
b 225
b 230
b 226
b 237
b 233
b 231
b 227
b 239
b 241
b 235
b 236
b 242
b 240
b 238
b 247
b 248
b 246
b 245
b 244
b 249
b 250
b 252
b 251
b 257
b 261
b 253
b 243
b 256
b 263
b 258
b 267
b 260
b 262
b 254
b 255
b 271
b 274
b 266
b 269
b 259
b 275
b 264
b 265
b 268
b 272
b 270
b 273
b 277
b 278
b 276
b 279
b 287
b 290
b 286
b 288
b 280
b 292
b 291
b 284
b 295
b 293
b 294
b 283
b 281
b 282
b 289
b 296
b 302
b 285
b 304
b 308
b 297
b 310
b 306
b 299
b 305
b 300
b 307
b 298
b 309
b 315
b 319
b 301
b 303
b 317
b 322
b 312
b 311
b 318
b 316
b 314
b 313
b 320
b 323
b 321
b 330
b 333
b 329
b 327
b 332
b 325
b 328
b 324
b 339
b 342
b 326
b 337
b 331
b 340
b 345
b 341
b 347
b 335
b 338
b 343
b 350
b 334
b 336
b 349
b 346
b 348
b 353
b 351
b 344
b 360
b 357
b 352
b 355
b 356
b 366
b 358
b 362
b 364
b 359
b 365
b 361
b 363
b 354
b 372
b 374
b 368
b 370
b 367
b 371
b 376
b 373
b 375
b 369
b 382
b 380
b 379
b 384
b 385
b 377
b 383
b 391
b 378
b 389
b 395
b 393
b 381
b 388
b 394
b 390
b 387
b 386
b 392
b 402
b 399
b 396
b 404
b 403
b 405
b 400
b 401
b 398
b 410
b 411
b 406
b 408
b 409
b 397
b 419
b 413
b 414
b 420
b 407
b 417
b 416
b 412
b 415
b 418
b 427
b 425
b 430
b 421
b 426
b 428
b 434
b 436
b 432
b 433
b 438
b 441
b 429
b 422
b 440
b 424
b 423
b 431
b 444
b 435
b 439
b 437
b 442
b 445
b 443
b 448
b 452
b 447
b 450
b 455
b 454
b 453
b 449
b 461
b 451
b 457
b 446
b 460
b 467
b 468
b 464
b 456
b 465
b 458
b 463
b 459
b 462
b 466
b 475
b 470
b 469
b 478
b 479
b 480
b 474
b 472
b 484
b 477
b 486
b 476
b 489
b 487
b 490
b 482
b 485
b 473
b 492
b 481
b 488
b 471
b 491
b 483
b 494
b 499
b 498
b 497
b 493
b 496
b 495
