b 4
b 6
b 5
b 3
b 7
b 1
b 8
b 0
b 2
b 9
b 13
b 18
b 19
b 20
b 11
b 15
b 23
b 12
b 10
b 17
b 24
b 14
b 16
b 21
b 26
b 28
b 22
b 25
b 30
b 27
b 32
b 31
b 35
b 37
b 33
b 39
b 29
b 36
b 38
b 34
b 46
b 42
b 41
b 50
b 47
b 52
b 45
b 40
b 48
b 44
b 51
b 49
b 43
b 59
b 56
b 62
b 57
b 54
b 58
b 61
b 53
b 55
b 60
b 69
b 68
b 65
b 64
b 73
b 71
b 76
b 63
b 67
b 74
b 66
b 77
b 70
b 79
b 83
b 75
b 72
b 82
b 87
b 80
b 88
b 78
b 81
b 84
b 85
b 86
b 89
b 92
b 93
b 97
b 94
b 90
b 98
b 103
b 95
b 91
b 101
b 96
b 100
b 102
b 99
b 104
b 107
b 105
b 106
b 114
b 113
b 109
b 117
b 116
b 119
b 111
b 108
b 112
b 120
b 121
b 115
b 110
b 128
b 126
b 130
b 118
b 125
b 129
b 131
b 122
b 127
b 123
b 133
b 132
b 124
b 134
b 140
b 138
b 139
b 136
b 135
b 141
b 142
b 137
b 148
b 149
b 143
b 152
b 145
b 155
b 158
b 144
b 159
b 156
b 147
b 161
b 157
b 146
b 153
b 151
b 154
b 160
b 150
b 162
b 164
b 169
b 172
b 166
b 168
b 167
b 165
b 170
b 176
b 163
b 181
b 178
b 179
b 171
b 175
b 182
b 173
b 180
b 177
b 174
b 185
b 193
b 186
b 183
b 184
b 191
b 189
b 190
b 194
b 188
b 187
b 192
b 195
b 199
b 198
b 196
b 197
b 200
b 203
b 202
b 205
b 208
b 207
b 211
b 209
b 213
b 215
b 201
b 212
b 206
b 210
b 214
b 204
b 216
b 218
b 220
b 222
b 224
b 217
b 228
b 221
b 219
b 225
b 226
b 223
b 230
b 231
b 235
b 227
b 232
b 234
b 229
b 240
b 233
b 241
b 237
b 239
b 243
b 245
b 236
b 242
b 244
b 238
b 246
b 254
b 250
b 255
b 251
b 249
b 248
b 257
b 260
b 263
b 262
b 256
b 253
b 252
b 258
b 247
b 266
b 259
b 261
b 269
b 264
b 267
b 265
b 273
b 274
b 270
b 275
b 279
b 268
b 277
b 271
b 280
b 283
b 276
b 281
b 282
b 272
b 278
b 284
b 293
b 288
b 287
b 294
b 295
b 297
b 290
b 300
b 296
b 289
b 301
b 299
b 298
b 286
b 285
b 292
b 291
b 302
b 306
b 304
b 307
b 312
b 313
b 310
b 305
b 311
b 303
b 308
b 309
b 318
b 315
b 317
b 320
b 322
b 316
b 323
b 319
b 321
b 314
b 327
b 333
b 332
b 329
b 325
b 324
b 331
b 330
b 341
b 328
b 326
b 338
b 339
b 334
b 336
b 335
b 344
b 340
b 342
b 348
b 345
b 337
b 346
b 343
b 347
b 356
b 359
b 352
b 350
b 349
b 357
b 355
b 353
b 361
b 351
b 354
b 369
b 363
b 360
b 367
b 364
b 368
b 362
b 358
b 366
b 371
b 365
b 370
b 376
b 379
b 375
b 380
b 382
b 374
b 373
b 377
b 385
b 388
b 387
b 383
b 384
b 372
b 386
b 381
b 378
b 393
b 399
b 391
b 392
b 390
b 396
b 400
b 398
b 395
b 389
b 394
b 397
b 401
b 405
b 409
b 404
b 410
b 403
b 413
b 407
b 402
b 406
b 412
b 408
b 411
b 422
b 416
b 420
b 415
b 423
b 414
b 418
b 419
b 421
b 417
b 429
b 434
b 435
b 428
b 425
b 427
b 431
b 432
b 439
b 433
b 430
b 424
b 443
b 426
b 440
b 444
b 436
b 438
b 447
b 441
b 437
b 449
b 454
b 450
b 453
b 442
b 452
b 456
b 448
b 451
b 445
b 446
b 457
b 455
b 464
b 467
b 463
b 462
b 458
b 460
b 466
b 468
b 461
b 465
b 477
b 459
b 475
b 479
b 480
b 474
b 476
b 478
b 481
b 469
b 473
b 470
b 483
b 471
b 490
b 487
b 484
b 492
b 493
b 482
b 472
b 489
b 485
b 486
b 498
b 491
b 488
b 495
b 494
b 499
b 497
b 496
