My PID: 9613

From a new terminal type `kill -SIGINT 9613` or `kill -SIGTERM 9613` to stop processing packets

My ID: 5

List of resolved hosts is:
==========================
1
Human-readable IP: 127.0.0.1
Human-readable Port: 11001

2
Human-readable IP: 127.0.0.1
Human-readable Port: 11002

3
Human-readable IP: 127.0.0.1
Human-readable Port: 11003

4
Human-readable IP: 127.0.0.1
Human-readable Port: 11004

5
Human-readable IP: 127.0.0.1
Human-readable Port: 11005

6
Human-readable IP: 127.0.0.1
Human-readable Port: 11006

7
Human-readable IP: 127.0.0.1
Human-readable Port: 11007

8
Human-readable IP: 127.0.0.1
Human-readable Port: 11008

9
Human-readable IP: 127.0.0.1
Human-readable Port: 11009


Path to output:
===============
/home/dcl/Desktop/CS451_DistributedAlgorithms/example/stress/proc05.output

Path to config:
===============
../example/stress/config

Doing some initialization

Broadcasting and delivering messages...

5retransmitting5.4:1634986939604
5retransmitting5.5:1634986939612
5retransmitting5.3:1634986939571
5retransmitting5.1:1634986939533
5retransmitting5.0:1634986937706
5retransmitting5.2:1634986939565
5retransmitting5.7:1634986939665
5retransmitting5.6:1634986939635
5retransmitting5.8:1634986940860
5retransmitting5.9:1634986940876
5retransmitting5.5:1634986939612
5retransmitting5.9:1634986940876
5retransmitting5.5:1634986939612
5retransmitting5.6:1634986939635
5retransmitting5.3:1634986939571
5retransmitting5.4:1634986939604
5retransmitting5.5:1634986939612
5retransmitting5.1:1634986939533
5retransmitting5.10:1634986940901
5retransmitting5.10:1634986940901
5retransmitting5.11:1634986940902
5retransmitting5.12:1634986940918
5retransmitting5.14:1634986940919
5retransmitting5.16:1634986940932
5retransmitting5.17:1634986940932
5retransmitting5.18:1634986940935
5retransmitting5.19:1634986940936
5retransmitting5.10:1634986940901
5retransmitting5.15:1634986940931
5retransmitting5.13:1634986940918
5retransmitting5.18:1634986940935
5retransmitting5.20:1634986940947
5retransmitting5.21:1634986940965
5retransmitting5.22:1634986940972
5retransmitting5.23:1634986940972
5retransmitting5.24:1634986940975
5retransmitting5.25:1634986941022
5retransmitting5.26:1634986941023
5retransmitting5.27:1634986941073
5retransmitting5.28:1634986941115
5retransmitting5.29:1634986941118
5retransmitting5.30:1634986941126
5retransmitting5.31:1634986941169
5retransmitting5.32:1634986941170
5retransmitting5.33:1634986941189
5retransmitting5.34:1634986941190
5retransmitting5.35:1634986941238
5retransmitting5.36:1634986941247
5retransmitting5.37:1634986941247
5retransmitting5.38:1634986941281
5retransmitting5.39:1634986941305
5retransmitting5.40:1634986941335
5retransmitting5.41:1634986942694
5retransmitting5.42:1634986942695
5retransmitting5.43:1634986942696
5retransmitting5.44:1634986942697
5retransmitting5.44:1634986942697
5retransmitting5.43:1634986942696
5retransmitting5.49:1634986942699
5retransmitting5.47:1634986942698
5retransmitting5.46:1634986942698
5retransmitting5.45:1634986942697
5retransmitting5.52:1634986942700
5retransmitting5.51:1634986942699
5retransmitting5.48:1634986942698
5retransmitting5.50:1634986942699
5retransmitting5.53:1634986942700
5retransmitting5.54:1634986942700
5retransmitting5.55:1634986942702
5retransmitting5.56:1634986942702
5retransmitting5.57:1634986942703
5retransmitting5.58:1634986942703
5retransmitting5.59:1634986942703
5retransmitting5.60:1634986942703
5retransmitting5.61:1634986942704
5retransmitting5.62:1634986942704
5retransmitting5.63:1634986942705
5retransmitting5.64:1634986942706
5retransmitting5.65:1634986942709
5retransmitting5.66:1634986942710
5retransmitting5.67:1634986942711
5retransmitting5.68:1634986942711
5retransmitting5.69:1634986942712
5retransmitting5.66:1634986942710
5retransmitting5.70:1634986942713
5retransmitting5.71:1634986942713
5retransmitting5.72:1634986942714
5retransmitting5.73:1634986942714
5retransmitting5.74:1634986942715
5retransmitting5.83:1634986942717
5retransmitting5.82:1634986942717
5retransmitting5.81:1634986942717
5retransmitting5.80:1634986942717
5retransmitting5.79:1634986942716
5retransmitting5.78:1634986942716
5retransmitting5.77:1634986942716
5retransmitting5.76:1634986942715
5retransmitting5.75:1634986942715
5retransmitting5.84:1634986942718
5retransmitting5.85:1634986942718
5retransmitting5.86:1634986942718
5retransmitting5.87:1634986942718
5retransmitting5.88:1634986942719
5retransmitting5.92:1634986942727
5retransmitting5.93:1634986942727
5retransmitting5.89:1634986942719
5retransmitting5.91:1634986942723
5retransmitting5.90:1634986942719
5retransmitting5.94:1634986942728
5retransmitting5.95:1634986942728
5retransmitting5.96:1634986942729
5retransmitting5.97:1634986942730
5retransmitting5.98:1634986942730
5retransmitting5.99:1634986942731
5retransmitting5.100:1634986942731
5retransmitting5.101:1634986942732
5retransmitting5.102:1634986942732
5retransmitting5.103:1634986942732
5retransmitting5.110:1634986942734
5retransmitting5.109:1634986942734
5retransmitting5.108:1634986942733
5retransmitting5.107:1634986942733
5retransmitting5.106:1634986942733
5retransmitting5.105:1634986942733
5retransmitting5.104:1634986942732
5retransmitting5.109:1634986942734
5retransmitting5.110:1634986942734
5retransmitting5.109:1634986942734
5retransmitting5.106:1634986942733
5retransmitting5.103:1634986942732
5retransmitting5.106:1634986942733
5retransmitting5.103:1634986942732
5retransmitting5.111:1634986942734
5retransmitting5.112:1634986942734
5retransmitting5.113:1634986942734
5retransmitting5.115:1634986942735
5retransmitting5.114:1634986942735
5retransmitting5.119:1634986942736
5retransmitting5.118:1634986942736
5retransmitting5.117:1634986942736
5retransmitting5.116:1634986942735
5retransmitting5.120:1634986942737
5retransmitting5.121:1634986942737
5retransmitting5.122:1634986942737
5retransmitting5.123:1634986942737
5retransmitting5.124:1634986942738
5retransmitting5.125:1634986942744
5retransmitting5.126:1634986942745
5retransmitting5.127:1634986942746
5retransmitting5.128:1634986942746
5retransmitting5.129:1634986942747
5retransmitting5.130:1634986942748
5retransmitting5.131:1634986942748
5retransmitting5.132:1634986942749
5retransmitting5.133:1634986942749
5retransmitting5.134:1634986942749
5retransmitting5.135:1634986942749
5retransmitting5.136:1634986942749
5retransmitting5.137:1634986942750
5retransmitting5.138:1634986942750
5retransmitting5.139:1634986942751
5retransmitting5.140:1634986942754
5retransmitting5.141:1634986942756
5retransmitting5.142:1634986942757
5retransmitting5.143:1634986942759
5retransmitting5.144:1634986942760
5retransmitting5.145:1634986942762
5retransmitting5.146:1634986942762
5retransmitting5.147:1634986942763
5retransmitting5.148:1634986942764
5retransmitting5.149:1634986942764
5retransmitting5.150:1634986942768
5retransmitting5.151:1634986942768
5retransmitting5.152:1634986942768
5retransmitting5.153:1634986942769
5retransmitting5.154:1634986942769
5retransmitting5.155:1634986942769
5retransmitting5.156:1634986942770
5retransmitting5.157:1634986942770
5retransmitting5.158:1634986942770
5retransmitting5.159:1634986942771
5retransmitting5.160:1634986942771
5retransmitting5.161:1634986942772
5retransmitting5.162:1634986942773
5retransmitting5.163:1634986942775
5retransmitting5.164:1634986942775
5retransmitting5.165:1634986942777
5retransmitting5.157:1634986942770
5retransmitting5.161:1634986942772
5retransmitting5.162:1634986942773
5retransmitting5.165:1634986942777
5retransmitting5.158:1634986942770
5retransmitting5.158:1634986942770
5retransmitting5.160:1634986942771
5retransmitting5.158:1634986942770
5retransmitting5.165:1634986942777
5retransmitting5.166:1634986942777
5retransmitting5.167:1634986942780
5retransmitting5.168:1634986942780
5retransmitting5.169:1634986942781
5retransmitting5.170:1634986942782
5retransmitting5.171:1634986942782
5retransmitting5.172:1634986942787
5retransmitting5.173:1634986942788
5retransmitting5.174:1634986942789
5retransmitting5.175:1634986942796
5retransmitting5.166:1634986942777
5retransmitting5.166:1634986942777
5retransmitting5.175:1634986942796
5retransmitting5.176:1634986942797
5retransmitting5.177:1634986942798
5retransmitting5.178:1634986942798
5retransmitting5.179:1634986942799
5retransmitting5.180:1634986942799
5retransmitting5.181:1634986942800
5retransmitting5.182:1634986942803
5retransmitting5.183:1634986942803
5retransmitting5.184:1634986942804
5retransmitting5.181:1634986942800
5retransmitting5.180:1634986942799
5retransmitting5.178:1634986942798
5retransmitting5.185:1634986942804
5retransmitting5.186:1634986942806
5retransmitting5.187:1634986942809
5retransmitting5.188:1634986942810
5retransmitting5.189:1634986942811
5retransmitting5.190:1634986942977
5retransmitting5.191:1634986942984
5retransmitting5.192:1634986942986
5retransmitting5.193:1634986942986
5retransmitting5.194:1634986942987
5retransmitting5.195:1634986942988
5retransmitting5.196:1634986942991
5retransmitting5.197:1634986943010
5retransmitting5.198:1634986943011
5retransmitting5.199:1634986943012
5retransmitting5.200:1634986943012
5retransmitting5.201:1634986943013
5retransmitting5.202:1634986943013
5retransmitting5.203:1634986943019
5retransmitting5.204:1634986943019
5retransmitting5.205:1634986943019
5retransmitting5.206:1634986943020
5retransmitting5.207:1634986943020
5retransmitting5.208:1634986943020
5retransmitting5.209:1634986943021
5retransmitting5.210:1634986943021
5retransmitting5.211:1634986943021
5retransmitting5.212:1634986943022
5retransmitting5.213:1634986943022
5retransmitting5.209:1634986943021
5retransmitting5.211:1634986943021
5retransmitting5.218:1634986943026
5retransmitting5.217:1634986943026
5retransmitting5.219:1634986943027
5retransmitting5.220:1634986943027
5retransmitting5.221:1634986943028
5retransmitting5.222:1634986943029
5retransmitting5.216:1634986943025
5retransmitting5.215:1634986943024
5retransmitting5.214:1634986943023
5retransmitting5.221:1634986943028
5retransmitting5.216:1634986943025
5retransmitting5.216:1634986943025
5retransmitting5.220:1634986943027
5retransmitting5.214:1634986943023
5retransmitting5.223:1634986943029
5retransmitting5.218:1634986943026
5retransmitting5.220:1634986943027
5retransmitting5.216:1634986943025
5retransmitting5.217:1634986943026
5retransmitting5.215:1634986943024
5retransmitting5.216:1634986943025
5retransmitting5.214:1634986943023
5retransmitting5.218:1634986943026
5retransmitting5.219:1634986943027
5retransmitting5.222:1634986943029
5retransmitting5.220:1634986943027
5retransmitting5.221:1634986943028
5retransmitting5.223:1634986943029
5retransmitting5.216:1634986943025
5retransmitting5.214:1634986943023
5retransmitting5.219:1634986943027
5retransmitting5.217:1634986943026
5retransmitting5.223:1634986943029
5retransmitting5.219:1634986943027
5retransmitting5.219:1634986943027
5retransmitting5.216:1634986943025
5retransmitting5.215:1634986943024
5retransmitting5.222:1634986943029
5retransmitting5.214:1634986943023
5retransmitting5.222:1634986943029
5retransmitting5.222:1634986943029
5retransmitting5.222:1634986943029
5retransmitting5.219:1634986943027
5retransmitting5.220:1634986943027
5retransmitting5.219:1634986943027
5retransmitting5.221:1634986943028
5retransmitting5.215:1634986943024
5retransmitting5.218:1634986943026
5retransmitting5.217:1634986943026
5retransmitting5.223:1634986943029
5retransmitting5.216:1634986943025
5retransmitting5.222:1634986943029
5retransmitting5.219:1634986943027
5retransmitting5.223:1634986943029
5retransmitting5.214:1634986943023
5retransmitting5.221:1634986943028
5retransmitting5.218:1634986943026
5retransmitting5.219:1634986943027
5retransmitting5.221:1634986943028
5retransmitting5.214:1634986943023
5retransmitting5.217:1634986943026
5retransmitting5.220:1634986943027
5retransmitting5.216:1634986943025
5retransmitting5.223:1634986943029
5retransmitting5.215:1634986943024
5retransmitting5.222:1634986943029
5retransmitting5.218:1634986943026
5retransmitting5.214:1634986943023
5retransmitting5.220:1634986943027
5retransmitting5.217:1634986943026
5retransmitting5.222:1634986943029
5retransmitting5.223:1634986943029
5retransmitting5.215:1634986943024
5retransmitting5.221:1634986943028
5retransmitting5.219:1634986943027
5retransmitting5.216:1634986943025
5retransmitting5.223:1634986943029
5retransmitting5.222:1634986943029
5retransmitting5.218:1634986943026
5retransmitting5.221:1634986943028
5retransmitting5.216:1634986943025
5retransmitting5.214:1634986943023
5retransmitting5.222:1634986943029
5retransmitting5.220:1634986943027
5retransmitting5.220:1634986943027
5retransmitting5.215:1634986943024
5retransmitting5.216:1634986943025
5retransmitting5.218:1634986943026
5retransmitting5.223:1634986943029
5retransmitting5.217:1634986943026
5retransmitting5.219:1634986943027
5retransmitting5.216:1634986943025
5retransmitting5.221:1634986943028
5retransmitting5.217:1634986943026
5retransmitting5.219:1634986943027
5retransmitting5.217:1634986943026
5retransmitting5.214:1634986943023
5retransmitting5.220:1634986943027
5retransmitting5.222:1634986943029
5retransmitting5.216:1634986943025
5retransmitting5.218:1634986943026
5retransmitting5.224:1634986943029
5retransmitting5.225:1634986943029
5retransmitting5.226:1634986943030
5retransmitting5.227:1634986943030
5retransmitting5.228:1634986943030
5retransmitting5.229:1634986943030
5retransmitting5.230:1634986943031
5retransmitting5.231:1634986943031
5retransmitting5.232:1634986943031
5retransmitting5.233:1634986943031
5retransmitting5.234:1634986943032
5retransmitting5.235:1634986943032
5retransmitting5.234:1634986943032
5retransmitting5.236:1634986943032
5retransmitting5.237:1634986943032
5retransmitting5.235:1634986943032
5retransmitting5.236:1634986943032
5retransmitting5.238:1634986943032
5retransmitting5.239:1634986943033
5retransmitting5.240:1634986943033
5retransmitting5.241:1634986943033
5retransmitting5.242:1634986943033
5retransmitting5.243:1634986943034
5retransmitting5.244:1634986943034
5retransmitting5.245:1634986943034
5retransmitting5.246:1634986943034
5retransmitting5.247:1634986943035
5retransmitting5.248:1634986943035
5retransmitting5.249:1634986943035
5retransmitting5.250:1634986943036
5retransmitting5.251:1634986943036
5retransmitting5.252:1634986943036
5retransmitting5.254:1634986943037
5retransmitting5.255:1634986943037
5retransmitting5.251:1634986943036
5retransmitting5.256:1634986943038
5retransmitting5.257:1634986943038
5retransmitting5.258:1634986943038
5retransmitting5.253:1634986943036
5retransmitting5.259:1634986943039
5retransmitting5.251:1634986943036
5retransmitting5.260:1634986943043
5retransmitting5.255:1634986943037
5retransmitting5.259:1634986943039
5retransmitting5.260:1634986943043
5retransmitting5.252:1634986943036
5retransmitting5.258:1634986943038
5retransmitting5.254:1634986943037
5retransmitting5.261:1634986943044
5retransmitting5.262:1634986943045
5retransmitting5.263:1634986943047
5retransmitting5.264:1634986943048
5retransmitting5.265:1634986943048
5retransmitting5.266:1634986943048
5retransmitting5.267:1634986943049
5retransmitting5.268:1634986943049
5retransmitting5.269:1634986943049
5retransmitting5.270:1634986943049
5retransmitting5.271:1634986943049
5retransmitting5.272:1634986943050
5retransmitting5.273:1634986943050
5retransmitting5.274:1634986943051
5retransmitting5.275:1634986943051
5retransmitting5.276:1634986943051
5retransmitting5.277:1634986943051
5retransmitting5.278:1634986943256
5retransmitting5.279:1634986943257
5retransmitting5.280:1634986943262
5retransmitting5.281:1634986943263
5retransmitting5.282:1634986943264
5retransmitting5.283:1634986943264
5retransmitting5.284:1634986943276
5retransmitting5.285:1634986943276
5retransmitting5.286:1634986943277
5retransmitting5.288:1634986943277
5retransmitting5.284:1634986943276
5retransmitting5.289:1634986943278
5retransmitting5.290:1634986943278
5retransmitting5.291:1634986943278
5retransmitting5.292:1634986943278
5retransmitting5.293:1634986943279
5retransmitting5.294:1634986943279
5retransmitting5.287:1634986943277
5retransmitting5.295:1634986943279
5retransmitting5.295:1634986943279
5retransmitting5.287:1634986943277
5retransmitting5.291:1634986943278
5retransmitting5.286:1634986943277
5retransmitting5.289:1634986943278
5retransmitting5.294:1634986943279
5retransmitting5.292:1634986943278
5retransmitting5.293:1634986943279
5retransmitting5.291:1634986943278
5retransmitting5.288:1634986943277
5retransmitting5.290:1634986943278
5retransmitting5.295:1634986943279
5retransmitting5.287:1634986943277
5retransmitting5.287:1634986943277
5retransmitting5.292:1634986943278
5retransmitting5.288:1634986943277
5retransmitting5.296:1634986943279
5retransmitting5.297:1634986943280
5retransmitting5.298:1634986943280
5retransmitting5.299:1634986943280
5retransmitting5.300:1634986943280
5retransmitting5.301:1634986943280
5retransmitting5.302:1634986943281
5retransmitting5.303:1634986943281
5retransmitting5.304:1634986943281
5retransmitting5.305:1634986943281
5retransmitting5.306:1634986943282
5retransmitting5.302:1634986943281
5retransmitting5.307:1634986943282
5retransmitting5.308:1634986943282
5retransmitting5.309:1634986943282
5retransmitting5.309:1634986943282
5retransmitting5.310:1634986943282
5retransmitting5.311:1634986943282
5retransmitting5.312:1634986943283
5retransmitting5.313:1634986943283
5retransmitting5.314:1634986943297
5retransmitting5.315:1634986943297
5retransmitting5.316:1634986943298
5retransmitting5.317:1634986943298
5retransmitting5.318:1634986943298
5retransmitting5.319:1634986943298
5retransmitting5.320:1634986943299
5retransmitting5.321:1634986943299
5retransmitting5.322:1634986943299
5retransmitting5.323:1634986943299
5retransmitting5.324:1634986943300
5retransmitting5.325:1634986943319
5retransmitting5.326:1634986943319
5retransmitting5.327:1634986943320
5retransmitting5.328:1634986943320
5retransmitting5.329:1634986943320
5retransmitting5.330:1634986943320
5retransmitting5.331:1634986943329
5retransmitting5.332:1634986943329
5retransmitting5.333:1634986943330
5retransmitting5.334:1634986943330
5retransmitting5.335:1634986943330
5retransmitting5.336:1634986943330
5retransmitting5.337:1634986943330
5retransmitting5.338:1634986943331
5retransmitting5.339:1634986943331
5retransmitting5.340:1634986943331
5retransmitting5.341:1634986943332
5retransmitting5.342:1634986943332
5retransmitting5.343:1634986943333
5retransmitting5.345:1634986943333
5retransmitting5.346:1634986943333
5retransmitting5.347:1634986943334
5retransmitting5.348:1634986943334
5retransmitting5.349:1634986943334
5retransmitting5.350:1634986943334
5retransmitting5.344:1634986943333
5retransmitting5.351:1634986943335
5retransmitting5.352:1634986943335
5retransmitting5.353:1634986943361
5retransmitting5.354:1634986943362
5retransmitting5.355:1634986943365
5retransmitting5.356:1634986943365
5retransmitting5.357:1634986943365
5retransmitting5.358:1634986943371
5retransmitting5.359:1634986943371
5retransmitting5.360:1634986943373
5retransmitting5.362:1634986943386
5retransmitting5.363:1634986943386
5retransmitting5.365:1634986943397
5retransmitting5.361:1634986943380
5retransmitting5.368:1634986943398
5retransmitting5.369:1634986943398
5retransmitting5.367:1634986943398
5retransmitting5.366:1634986943397
5retransmitting5.364:1634986943386
5retransmitting5.370:1634986943399
5retransmitting5.371:1634986943399
5retransmitting5.372:1634986943399
5retransmitting5.373:1634986943400
5retransmitting5.374:1634986943400
5retransmitting5.375:1634986943400
5retransmitting5.376:1634986943400
5retransmitting5.377:1634986943401
5retransmitting5.378:1634986943401
5retransmitting5.379:1634986943401
5retransmitting5.380:1634986943402
5retransmitting5.376:1634986943400
5retransmitting5.373:1634986943400
5retransmitting5.377:1634986943401
5retransmitting5.379:1634986943401
5retransmitting5.374:1634986943400
5retransmitting5.371:1634986943399
5retransmitting5.377:1634986943401
5retransmitting5.374:1634986943400
5retransmitting5.378:1634986943401
5retransmitting5.378:1634986943401
5retransmitting5.380:1634986943402
5retransmitting5.371:1634986943399
5retransmitting5.377:1634986943401
5retransmitting5.373:1634986943400
5retransmitting5.375:1634986943400
5retransmitting5.377:1634986943401
5retransmitting5.372:1634986943399
5retransmitting5.376:1634986943400
5retransmitting5.376:1634986943400
5retransmitting5.378:1634986943401
5retransmitting5.376:1634986943400
5retransmitting5.374:1634986943400
5retransmitting5.374:1634986943400
5retransmitting5.372:1634986943399
5retransmitting5.373:1634986943400
5retransmitting5.378:1634986943401
5retransmitting5.377:1634986943401
5retransmitting5.376:1634986943400
5retransmitting5.379:1634986943401
5retransmitting5.371:1634986943399
5retransmitting5.380:1634986943402
5retransmitting5.375:1634986943400
5retransmitting5.374:1634986943400
5retransmitting5.381:1634986943402
5retransmitting5.382:1634986943403
5retransmitting5.383:1634986943406
5retransmitting5.384:1634986943408
5retransmitting5.385:1634986943409
5retransmitting5.386:1634986943410
5retransmitting5.387:1634986943410
5retransmitting5.388:1634986943411
5retransmitting5.389:1634986943411
5retransmitting5.390:1634986943412
5retransmitting5.391:1634986943412
5retransmitting5.392:1634986943412
5retransmitting5.394:1634986943413
5retransmitting5.393:1634986943413
5retransmitting5.395:1634986943413
5retransmitting5.396:1634986943414
5retransmitting5.397:1634986943414
5retransmitting5.398:1634986943414
5retransmitting5.399:1634986943415
5retransmitting5.400:1634986943415
5retransmitting5.401:1634986943415
5retransmitting5.402:1634986943416
5retransmitting5.403:1634986943416
5retransmitting5.404:1634986943416
5retransmitting5.405:1634986943416
5retransmitting5.406:1634986943416
5retransmitting5.407:1634986943417
5retransmitting5.408:1634986943417
5retransmitting5.409:1634986943417
5retransmitting5.410:1634986943417
5retransmitting5.411:1634986943417
5retransmitting5.412:1634986943418
5retransmitting5.413:1634986943431
5retransmitting5.414:1634986943431
5retransmitting5.415:1634986943432
5retransmitting5.416:1634986943432
5retransmitting5.418:1634986943432
5retransmitting5.419:1634986943432
5retransmitting5.420:1634986943432
5retransmitting5.421:1634986943433
5retransmitting5.422:1634986943433
5retransmitting5.417:1634986943432
5retransmitting5.423:1634986943433
5retransmitting5.420:1634986943432
5retransmitting5.421:1634986943433
5retransmitting5.424:1634986943433
5retransmitting5.425:1634986943433
5retransmitting5.426:1634986943433
5retransmitting5.427:1634986943433
5retransmitting5.428:1634986943434
5retransmitting5.429:1634986943434
5retransmitting5.430:1634986943434
5retransmitting5.431:1634986943434
5retransmitting5.432:1634986943434
5retransmitting5.433:1634986943434
5retransmitting5.434:1634986943435
5retransmitting5.435:1634986943435
5retransmitting5.436:1634986943435
5retransmitting5.437:1634986943435
5retransmitting5.438:1634986943435
5retransmitting5.439:1634986943436
5retransmitting5.440:1634986943436
5retransmitting5.441:1634986943436
5retransmitting5.442:1634986943436
5retransmitting5.443:1634986943436
5retransmitting5.444:1634986943438
5retransmitting5.445:1634986943439
5retransmitting5.439:1634986943436
5retransmitting5.446:1634986943442
5retransmitting5.444:1634986943438
5retransmitting5.443:1634986943436
5retransmitting5.441:1634986943436
5retransmitting5.438:1634986943435
5retransmitting5.439:1634986943436
5retransmitting5.444:1634986943438
5retransmitting5.447:1634986943447
5retransmitting5.442:1634986943436
5retransmitting5.446:1634986943442
5retransmitting5.438:1634986943435
5retransmitting5.439:1634986943436
5retransmitting5.443:1634986943436
5retransmitting5.443:1634986943436
5retransmitting5.440:1634986943436
5retransmitting5.441:1634986943436
5retransmitting5.444:1634986943438
5retransmitting5.441:1634986943436
5retransmitting5.445:1634986943439
5retransmitting5.448:1634986943447
5retransmitting5.449:1634986943447
5retransmitting5.450:1634986943447
5retransmitting5.451:1634986943448
5retransmitting5.452:1634986943455
5retransmitting5.453:1634986944393
5retransmitting5.455:1634986944394
5retransmitting5.456:1634986944394
5retransmitting5.454:1634986944394
5retransmitting5.457:1634986944394
5retransmitting5.448:1634986943447
5retransmitting5.452:1634986943455
5retransmitting5.448:1634986943447
5retransmitting5.458:1634986944395
5retransmitting5.459:1634986944413
5retransmitting5.460:1634986944414
5retransmitting5.461:1634986944414
5retransmitting5.462:1634986944414
5retransmitting5.463:1634986944417
5retransmitting5.464:1634986944417
5retransmitting5.464:1634986944417
5retransmitting5.465:1634986944417
5retransmitting5.467:1634986944418
5retransmitting5.468:1634986944418
5retransmitting5.469:1634986944418
5retransmitting5.470:1634986944418
5retransmitting5.471:1634986944418
5retransmitting5.472:1634986944419
5retransmitting5.473:1634986944419
5retransmitting5.474:1634986944419
5retransmitting5.466:1634986944418
5retransmitting5.474:1634986944419
5retransmitting5.471:1634986944418
5retransmitting5.467:1634986944418
5retransmitting5.473:1634986944419
5retransmitting5.472:1634986944419
5retransmitting5.469:1634986944418
5retransmitting5.466:1634986944418
5retransmitting5.465:1634986944417
5retransmitting5.467:1634986944418
5retransmitting5.471:1634986944418
5retransmitting5.465:1634986944417
5retransmitting5.470:1634986944418
5retransmitting5.475:1634986944419
5retransmitting5.476:1634986944419
5retransmitting5.477:1634986944419
5retransmitting5.478:1634986944419
5retransmitting5.479:1634986944420
5retransmitting5.480:1634986944420
5retransmitting5.481:1634986944420
5retransmitting5.482:1634986944420
5retransmitting5.483:1634986944420
5retransmitting5.484:1634986944420
5retransmitting5.485:1634986944420
5retransmitting5.486:1634986944421
5retransmitting5.487:1634986944430
5retransmitting5.488:1634986944430
5retransmitting5.489:1634986944430
5retransmitting5.490:1634986944430
5retransmitting5.491:1634986944430
5retransmitting5.492:1634986944431
5retransmitting5.493:1634986944435
5retransmitting5.494:1634986944435
5retransmitting5.495:1634986944435
5retransmitting5.496:1634986944436
5retransmitting5.497:1634986944437
5retransmitting5.498:1634986944437
5retransmitting5.499:1634986944437
Immediately stopping network packet processing.
Writing output.
