My PID: 9628

From a new terminal type `kill -SIGINT 9628` or `kill -SIGTERM 9628` to stop processing packets

My ID: 9

List of resolved hosts is:
==========================
1
Human-readable IP: 127.0.0.1
Human-readable Port: 11001

2
Human-readable IP: 127.0.0.1
Human-readable Port: 11002

3
Human-readable IP: 127.0.0.1
Human-readable Port: 11003

4
Human-readable IP: 127.0.0.1
Human-readable Port: 11004

5
Human-readable IP: 127.0.0.1
Human-readable Port: 11005

6
Human-readable IP: 127.0.0.1
Human-readable Port: 11006

7
Human-readable IP: 127.0.0.1
Human-readable Port: 11007

8
Human-readable IP: 127.0.0.1
Human-readable Port: 11008

9
Human-readable IP: 127.0.0.1
Human-readable Port: 11009


Path to output:
===============
/home/dcl/Desktop/CS451_DistributedAlgorithms/example/stress/proc09.output

Path to config:
===============
../example/stress/config

Doing some initialization

Broadcasting and delivering messages...

9retransmitting9.0:1634986939169
9retransmitting9.2:1634986939347
9retransmitting9.1:1634986939315
9retransmitting9.3:1634986939365
9retransmitting9.5:1634986939420
9retransmitting9.1:1634986939315
9retransmitting9.6:1634986939431
9retransmitting9.4:1634986939379
9retransmitting9.7:1634986939435
9retransmitting9.8:1634986939455
9retransmitting9.9:1634986939467
9retransmitting9.2:1634986939347
9retransmitting9.3:1634986939365
9retransmitting9.4:1634986939379
9retransmitting9.3:1634986939365
9retransmitting9.6:1634986939431
9retransmitting9.3:1634986939365
9retransmitting9.4:1634986939379
9retransmitting9.10:1634986939483
9retransmitting9.11:1634986939484
9retransmitting9.12:1634986939484
9retransmitting9.13:1634986939485
9retransmitting9.14:1634986939485
9retransmitting9.15:1634986939485
9retransmitting9.16:1634986939485
9retransmitting9.17:1634986939486
9retransmitting9.18:1634986939487
9retransmitting9.19:1634986939488
9retransmitting9.20:1634986939488
9retransmitting9.21:1634986939517
9retransmitting9.22:1634986939521
9retransmitting9.29:1634986939579
9retransmitting9.28:1634986939575
9retransmitting9.30:1634986939605
9retransmitting9.27:1634986939572
9retransmitting9.26:1634986939566
9retransmitting9.25:1634986939541
9retransmitting9.24:1634986939535
9retransmitting9.23:1634986939531
9retransmitting9.31:1634986939608
9retransmitting9.27:1634986939572
9retransmitting9.24:1634986939535
9retransmitting9.26:1634986939566
9retransmitting9.28:1634986939575
9retransmitting9.27:1634986939572
9retransmitting9.29:1634986939579
9retransmitting9.25:1634986939541
9retransmitting9.31:1634986939608
9retransmitting9.25:1634986939541
9retransmitting9.23:1634986939531
9retransmitting9.26:1634986939566
9retransmitting9.30:1634986939605
9retransmitting9.25:1634986939541
9retransmitting9.22:1634986939521
9retransmitting9.31:1634986939608
9retransmitting9.28:1634986939575
9retransmitting9.26:1634986939566
9retransmitting9.23:1634986939531
9retransmitting9.24:1634986939535
9retransmitting9.29:1634986939579
9retransmitting9.29:1634986939579
9retransmitting9.32:1634986939615
9retransmitting9.33:1634986939630
9retransmitting9.34:1634986939631
9retransmitting9.35:1634986939642
9retransmitting9.36:1634986939650
9retransmitting9.37:1634986939651
9retransmitting9.37:1634986939651
9retransmitting9.38:1634986939654
9retransmitting9.39:1634986939664
9retransmitting9.39:1634986939664
9retransmitting9.40:1634986939666
9retransmitting9.41:1634986939692
9retransmitting9.42:1634986939737
9retransmitting9.43:1634986939738
9retransmitting9.44:1634986939738
9retransmitting9.45:1634986939744
9retransmitting9.46:1634986939748
9retransmitting9.47:1634986939749
9retransmitting9.48:1634986939761
9retransmitting9.49:1634986939768
9retransmitting9.50:1634986939768
9retransmitting9.51:1634986939769
9retransmitting9.52:1634986939769
9retransmitting9.53:1634986939769
9retransmitting9.54:1634986939770
9retransmitting9.55:1634986939770
9retransmitting9.56:1634986939771
9retransmitting9.57:1634986939796
9retransmitting9.58:1634986939805
9retransmitting9.58:1634986939805
9retransmitting9.59:1634986939808
9retransmitting9.60:1634986939809
9retransmitting9.61:1634986939809
9retransmitting9.68:1634986939835
9retransmitting9.67:1634986939835
9retransmitting9.66:1634986939830
9retransmitting9.65:1634986939830
9retransmitting9.62:1634986939827
9retransmitting9.64:1634986939829
9retransmitting9.63:1634986939829
9retransmitting9.69:1634986939836
9retransmitting9.70:1634986939836
9retransmitting9.71:1634986939836
9retransmitting9.72:1634986939836
9retransmitting9.73:1634986939847
9retransmitting9.74:1634986939848
9retransmitting9.75:1634986939850
9retransmitting9.76:1634986939865
9retransmitting9.77:1634986939866
9retransmitting9.78:1634986939866
9retransmitting9.79:1634986939872
9retransmitting9.80:1634986939873
9retransmitting9.81:1634986939874
9retransmitting9.82:1634986939876
9retransmitting9.83:1634986939889
9retransmitting9.84:1634986939901
9retransmitting9.85:1634986939914
9retransmitting9.86:1634986939917
9retransmitting9.87:1634986939917
9retransmitting9.84:1634986939901
9retransmitting9.88:1634986939917
9retransmitting9.89:1634986939918
9retransmitting9.90:1634986939918
9retransmitting9.91:1634986939918
9retransmitting9.92:1634986939918
9retransmitting9.93:1634986939933
9retransmitting9.94:1634986939933
9retransmitting9.95:1634986939933
9retransmitting9.96:1634986939937
9retransmitting9.97:1634986939937
9retransmitting9.98:1634986939938
9retransmitting9.99:1634986939938
9retransmitting9.100:1634986939939
9retransmitting9.97:1634986939937
9retransmitting9.101:1634986939951
9retransmitting9.102:1634986939962
9retransmitting9.103:1634986939962
9retransmitting9.102:1634986939962
9retransmitting9.104:1634986939962
9retransmitting9.103:1634986939962
9retransmitting9.105:1634986939976
9retransmitting9.106:1634986939979
9retransmitting9.107:1634986939980
9retransmitting9.108:1634986939980
9retransmitting9.109:1634986939980
9retransmitting9.110:1634986939987
9retransmitting9.111:1634986939988
9retransmitting9.112:1634986939988
9retransmitting9.113:1634986939991
9retransmitting9.111:1634986939988
9retransmitting9.114:1634986939992
9retransmitting9.115:1634986939993
9retransmitting9.116:1634986939993
9retransmitting9.117:1634986939994
9retransmitting9.118:1634986940015
9retransmitting9.119:1634986940016
9retransmitting9.120:1634986940129
9retransmitting9.121:1634986940130
9retransmitting9.122:1634986940130
9retransmitting9.123:1634986940130
9retransmitting9.124:1634986940147
9retransmitting9.125:1634986940147
9retransmitting9.124:1634986940147
9retransmitting9.126:1634986940148
9retransmitting9.124:1634986940147
9retransmitting9.127:1634986940148
9retransmitting9.128:1634986940152
9retransmitting9.129:1634986940602
9retransmitting9.130:1634986940602
9retransmitting9.131:1634986940602
9retransmitting9.132:1634986940603
9retransmitting9.133:1634986940608
9retransmitting9.134:1634986940609
9retransmitting9.132:1634986940603
9retransmitting9.135:1634986940610
9retransmitting9.136:1634986940611
9retransmitting9.137:1634986940616
9retransmitting9.138:1634986940617
9retransmitting9.139:1634986940617
9retransmitting9.140:1634986940620
9retransmitting9.141:1634986940620
9retransmitting9.142:1634986940624
9retransmitting9.143:1634986940634
9retransmitting9.144:1634986940635
9retransmitting9.145:1634986940645
9retransmitting9.146:1634986940646
9retransmitting9.147:1634986940648
9retransmitting9.148:1634986940649
9retransmitting9.149:1634986940651
9retransmitting9.150:1634986940651
9retransmitting9.151:1634986940652
9retransmitting9.152:1634986940652
9retransmitting9.153:1634986940664
9retransmitting9.154:1634986940665
9retransmitting9.155:1634986940665
9retransmitting9.156:1634986940665
9retransmitting9.157:1634986940666
9retransmitting9.158:1634986940666
9retransmitting9.158:1634986940666
9retransmitting9.159:1634986940666
9retransmitting9.160:1634986940667
9retransmitting9.161:1634986940671
9retransmitting9.162:1634986940671
9retransmitting9.157:1634986940666
9retransmitting9.163:1634986940671
9retransmitting9.160:1634986940667
9retransmitting9.159:1634986940666
9retransmitting9.161:1634986940671
9retransmitting9.164:1634986940672
9retransmitting9.165:1634986940697
9retransmitting9.166:1634986940699
9retransmitting9.167:1634986940699
9retransmitting9.168:1634986940700
9retransmitting9.169:1634986940700
9retransmitting9.170:1634986940701
9retransmitting9.172:1634986940701
9retransmitting9.173:1634986940703
9retransmitting9.175:1634986940703
9retransmitting9.171:1634986940701
9retransmitting9.176:1634986940703
9retransmitting9.174:1634986940703
9retransmitting9.177:1634986940713
9retransmitting9.176:1634986940703
9retransmitting9.178:1634986940713
9retransmitting9.179:1634986940715
9retransmitting9.180:1634986940716
9retransmitting9.181:1634986940716
9retransmitting9.182:1634986940716
9retransmitting9.183:1634986940717
9retransmitting9.184:1634986940717
9retransmitting9.185:1634986940717
9retransmitting9.186:1634986940717
9retransmitting9.187:1634986940718
9retransmitting9.188:1634986940718
9retransmitting9.189:1634986940730
9retransmitting9.190:1634986940730
9retransmitting9.191:1634986940731
9retransmitting9.192:1634986940731
9retransmitting9.193:1634986940733
9retransmitting9.194:1634986940734
9retransmitting9.195:1634986940737
9retransmitting9.196:1634986940738
9retransmitting9.197:1634986940738
9retransmitting9.198:1634986940738
9retransmitting9.196:1634986940738
9retransmitting9.199:1634986940738
9retransmitting9.200:1634986940748
9retransmitting9.199:1634986940738
9retransmitting9.201:1634986940750
9retransmitting9.202:1634986940750
9retransmitting9.203:1634986940751
9retransmitting9.204:1634986940751
9retransmitting9.205:1634986940754
9retransmitting9.206:1634986940754
9retransmitting9.207:1634986940761
9retransmitting9.208:1634986940762
9retransmitting9.209:1634986940762
9retransmitting9.210:1634986940763
9retransmitting9.211:1634986940769
9retransmitting9.212:1634986940769
9retransmitting9.213:1634986940779
9retransmitting9.214:1634986940779
9retransmitting9.215:1634986940779
9retransmitting9.216:1634986940779
9retransmitting9.217:1634986940780
9retransmitting9.218:1634986940780
9retransmitting9.219:1634986940780
9retransmitting9.220:1634986940780
9retransmitting9.221:1634986940783
9retransmitting9.222:1634986940783
9retransmitting9.223:1634986940784
9retransmitting9.224:1634986940784
9retransmitting9.222:1634986940783
9retransmitting9.225:1634986940784
9retransmitting9.223:1634986940784
9retransmitting9.223:1634986940784
9retransmitting9.226:1634986940784
9retransmitting9.227:1634986940785
9retransmitting9.224:1634986940784
9retransmitting9.228:1634986940785
9retransmitting9.227:1634986940785
9retransmitting9.229:1634986940785
9retransmitting9.230:1634986940786
9retransmitting9.231:1634986940786
9retransmitting9.232:1634986940786
9retransmitting9.233:1634986940786
9retransmitting9.234:1634986940786
9retransmitting9.235:1634986940797
9retransmitting9.236:1634986940798
9retransmitting9.237:1634986940798
9retransmitting9.238:1634986940801
9retransmitting9.233:1634986940786
9retransmitting9.231:1634986940786
9retransmitting9.229:1634986940785
9retransmitting9.236:1634986940798
9retransmitting9.233:1634986940786
9retransmitting9.234:1634986940786
9retransmitting9.232:1634986940786
9retransmitting9.237:1634986940798
9retransmitting9.230:1634986940786
9retransmitting9.234:1634986940786
9retransmitting9.238:1634986940801
9retransmitting9.236:1634986940798
9retransmitting9.235:1634986940797
9retransmitting9.235:1634986940797
9retransmitting9.231:1634986940786
9retransmitting9.231:1634986940786
9retransmitting9.230:1634986940786
9retransmitting9.229:1634986940785
9retransmitting9.239:1634986940802
9retransmitting9.240:1634986940802
9retransmitting9.241:1634986940802
9retransmitting9.242:1634986940802
9retransmitting9.243:1634986940803
9retransmitting9.244:1634986940803
9retransmitting9.245:1634986940803
9retransmitting9.246:1634986940804
9retransmitting9.247:1634986940809
9retransmitting9.248:1634986940810
9retransmitting9.249:1634986940810
9retransmitting9.250:1634986940810
9retransmitting9.251:1634986940828
9retransmitting9.252:1634986940830
9retransmitting9.253:1634986940836
9retransmitting9.254:1634986940851
9retransmitting9.255:1634986940852
9retransmitting9.256:1634986940852
9retransmitting9.257:1634986940867
9retransmitting9.258:1634986940868
9retransmitting9.259:1634986940868
9retransmitting9.260:1634986940868
9retransmitting9.261:1634986940869
9retransmitting9.262:1634986940869
9retransmitting9.263:1634986940895
9retransmitting9.264:1634986940895
9retransmitting9.265:1634986940904
9retransmitting9.266:1634986940910
9retransmitting9.267:1634986940910
9retransmitting9.268:1634986940911
9retransmitting9.269:1634986940912
9retransmitting9.270:1634986940912
9retransmitting9.271:1634986940915
9retransmitting9.272:1634986940919
9retransmitting9.273:1634986940920
9retransmitting9.274:1634986940929
9retransmitting9.275:1634986940929
9retransmitting9.276:1634986940933
9retransmitting9.277:1634986940933
9retransmitting9.278:1634986940933
9retransmitting9.279:1634986940933
9retransmitting9.280:1634986940934
9retransmitting9.277:1634986940933
9retransmitting9.281:1634986940934
9retransmitting9.276:1634986940933
9retransmitting9.279:1634986940933
9retransmitting9.282:1634986940934
9retransmitting9.283:1634986940934
9retransmitting9.283:1634986940934
9retransmitting9.284:1634986940934
9retransmitting9.285:1634986940976
9retransmitting9.280:1634986940934
9retransmitting9.287:1634986940993
9retransmitting9.282:1634986940934
9retransmitting9.288:1634986941022
9retransmitting9.289:1634986941022
9retransmitting9.281:1634986940934
9retransmitting9.286:1634986940981
9retransmitting9.290:1634986941023
9retransmitting9.291:1634986941050
9retransmitting9.292:1634986941050
9retransmitting9.293:1634986941063
9retransmitting9.294:1634986941069
9retransmitting9.295:1634986941073
9retransmitting9.296:1634986941102
9retransmitting9.297:1634986941102
9retransmitting9.298:1634986941102
9retransmitting9.299:1634986941114
9retransmitting9.300:1634986941115
9retransmitting9.301:1634986941115
9retransmitting9.303:1634986941116
9retransmitting9.304:1634986941116
9retransmitting9.305:1634986941116
9retransmitting9.306:1634986941117
9retransmitting9.302:1634986941115
9retransmitting9.308:1634986941117
9retransmitting9.307:1634986941117
9retransmitting9.309:1634986941117
9retransmitting9.310:1634986941117
9retransmitting9.311:1634986941118
9retransmitting9.312:1634986941118
9retransmitting9.313:1634986941118
9retransmitting9.314:1634986941118
9retransmitting9.315:1634986941118
9retransmitting9.316:1634986941119
9retransmitting9.317:1634986941186
9retransmitting9.318:1634986941200
9retransmitting9.319:1634986941201
9retransmitting9.319:1634986941201
9retransmitting9.314:1634986941118
9retransmitting9.320:1634986941201
9retransmitting9.321:1634986941264
9retransmitting9.315:1634986941118
9retransmitting9.316:1634986941119
9retransmitting9.322:1634986941264
9retransmitting9.320:1634986941201
9retransmitting9.314:1634986941118
9retransmitting9.318:1634986941200
9retransmitting9.313:1634986941118
9retransmitting9.319:1634986941201
9retransmitting9.320:1634986941201
9retransmitting9.317:1634986941186
9retransmitting9.321:1634986941264
9retransmitting9.318:1634986941200
9retransmitting9.320:1634986941201
9retransmitting9.315:1634986941118
9retransmitting9.316:1634986941119
9retransmitting9.315:1634986941118
9retransmitting9.320:1634986941201
9retransmitting9.317:1634986941186
9retransmitting9.317:1634986941186
9retransmitting9.321:1634986941264
9retransmitting9.316:1634986941119
9retransmitting9.319:1634986941201
9retransmitting9.314:1634986941118
9retransmitting9.320:1634986941201
9retransmitting9.319:1634986941201
9retransmitting9.319:1634986941201
9retransmitting9.318:1634986941200
9retransmitting9.322:1634986941264
9retransmitting9.320:1634986941201
9retransmitting9.323:1634986941265
9retransmitting9.324:1634986941265
9retransmitting9.325:1634986941265
9retransmitting9.326:1634986941266
9retransmitting9.327:1634986941266
9retransmitting9.328:1634986941266
9retransmitting9.329:1634986941267
9retransmitting9.330:1634986941267
9retransmitting9.331:1634986941267
9retransmitting9.332:1634986941288
9retransmitting9.333:1634986941289
9retransmitting9.334:1634986941316
9retransmitting9.335:1634986941316
9retransmitting9.336:1634986941317
9retransmitting9.337:1634986941317
9retransmitting9.338:1634986941336
9retransmitting9.339:1634986941344
9retransmitting9.340:1634986941344
9retransmitting9.341:1634986941353
9retransmitting9.338:1634986941336
9retransmitting9.342:1634986941353
9retransmitting9.336:1634986941317
9retransmitting9.340:1634986941344
9retransmitting9.339:1634986941344
9retransmitting9.334:1634986941316
9retransmitting9.337:1634986941317
9retransmitting9.335:1634986941316
9retransmitting9.339:1634986941344
9retransmitting9.333:1634986941289
9retransmitting9.335:1634986941316
9retransmitting9.333:1634986941289
9retransmitting9.337:1634986941317
9retransmitting9.334:1634986941316
9retransmitting9.341:1634986941353
9retransmitting9.338:1634986941336
9retransmitting9.334:1634986941316
9retransmitting9.333:1634986941289
9retransmitting9.337:1634986941317
9retransmitting9.342:1634986941353
9retransmitting9.336:1634986941317
9retransmitting9.336:1634986941317
9retransmitting9.333:1634986941289
9retransmitting9.335:1634986941316
9retransmitting9.336:1634986941317
9retransmitting9.340:1634986941344
9retransmitting9.339:1634986941344
9retransmitting9.334:1634986941316
9retransmitting9.342:1634986941353
9retransmitting9.343:1634986941353
9retransmitting9.344:1634986941360
9retransmitting9.346:1634986941363
9retransmitting9.347:1634986941366
9retransmitting9.348:1634986941367
9retransmitting9.349:1634986941368
9retransmitting9.345:1634986941362
9retransmitting9.350:1634986941378
9retransmitting9.351:1634986941385
9retransmitting9.352:1634986941399
9retransmitting9.353:1634986941400
9retransmitting9.354:1634986941402
9retransmitting9.355:1634986941403
9retransmitting9.356:1634986941411
9retransmitting9.357:1634986941419
9retransmitting9.358:1634986941419
9retransmitting9.359:1634986941420
9retransmitting9.360:1634986941420
9retransmitting9.361:1634986941420
9retransmitting9.362:1634986941420
9retransmitting9.363:1634986941434
9retransmitting9.364:1634986941471
9retransmitting9.364:1634986941471
9retransmitting9.365:1634986941472
9retransmitting9.362:1634986941420
9retransmitting9.359:1634986941420
9retransmitting9.360:1634986941420
9retransmitting9.358:1634986941419
9retransmitting9.366:1634986941472
9retransmitting9.367:1634986941473
9retransmitting9.361:1634986941420
9retransmitting9.363:1634986941434
9retransmitting9.366:1634986941472
9retransmitting9.358:1634986941419
9retransmitting9.367:1634986941473
9retransmitting9.368:1634986941473
9retransmitting9.369:1634986941521
9retransmitting9.370:1634986941522
9retransmitting9.371:1634986941549
9retransmitting9.372:1634986941551
9retransmitting9.373:1634986941551
9retransmitting9.374:1634986941554
9retransmitting9.375:1634986941564
9retransmitting9.376:1634986941564
9retransmitting9.377:1634986941564
9retransmitting9.378:1634986941564
9retransmitting9.379:1634986941565
9retransmitting9.380:1634986941565
9retransmitting9.381:1634986941565
9retransmitting9.382:1634986941565
9retransmitting9.383:1634986941565
9retransmitting9.384:1634986941566
9retransmitting9.385:1634986941566
9retransmitting9.386:1634986941566
9retransmitting9.387:1634986941566
9retransmitting9.388:1634986941628
9retransmitting9.390:1634986941629
9retransmitting9.391:1634986941630
9retransmitting9.392:1634986941631
9retransmitting9.393:1634986941631
9retransmitting9.394:1634986941634
9retransmitting9.395:1634986941635
9retransmitting9.396:1634986941635
9retransmitting9.389:1634986941629
9retransmitting9.391:1634986941630
9retransmitting9.397:1634986941635
9retransmitting9.395:1634986941635
9retransmitting9.398:1634986941635
9retransmitting9.399:1634986941636
9retransmitting9.400:1634986941636
9retransmitting9.401:1634986941636
9retransmitting9.402:1634986941637
9retransmitting9.409:1634986941650
9retransmitting9.408:1634986941650
9retransmitting9.403:1634986941637
9retransmitting9.407:1634986941649
9retransmitting9.406:1634986941649
9retransmitting9.405:1634986941649
9retransmitting9.404:1634986941644
9retransmitting9.404:1634986941644
9retransmitting9.409:1634986941650
9retransmitting9.403:1634986941637
9retransmitting9.402:1634986941637
9retransmitting9.401:1634986941636
9retransmitting9.400:1634986941636
9retransmitting9.409:1634986941650
9retransmitting9.401:1634986941636
9retransmitting9.410:1634986941650
9retransmitting9.411:1634986941650
9retransmitting9.412:1634986941650
9retransmitting9.407:1634986941649
9retransmitting9.413:1634986941650
9retransmitting9.414:1634986941654
9retransmitting9.415:1634986941662
9retransmitting9.416:1634986941664
9retransmitting9.417:1634986941665
9retransmitting9.418:1634986941665
9retransmitting9.419:1634986941665
9retransmitting9.420:1634986941665
9retransmitting9.421:1634986941665
9retransmitting9.422:1634986941665
9retransmitting9.423:1634986941666
9retransmitting9.424:1634986941666
9retransmitting9.425:1634986941666
9retransmitting9.426:1634986941666
9retransmitting9.427:1634986941666
9retransmitting9.428:1634986941667
9retransmitting9.429:1634986941667
9retransmitting9.430:1634986941677
9retransmitting9.431:1634986941678
9retransmitting9.432:1634986941678
9retransmitting9.433:1634986941679
9retransmitting9.434:1634986941679
9retransmitting9.435:1634986941679
9retransmitting9.436:1634986941680
9retransmitting9.437:1634986941680
9retransmitting9.438:1634986941680
9retransmitting9.439:1634986941697
9retransmitting9.440:1634986941698
9retransmitting9.442:1634986941700
9retransmitting9.443:1634986941704
9retransmitting9.444:1634986941705
9retransmitting9.445:1634986941705
9retransmitting9.441:1634986941698
9retransmitting9.446:1634986941713
9retransmitting9.447:1634986941713
9retransmitting9.448:1634986941721
9retransmitting9.449:1634986941729
9retransmitting9.450:1634986941729
9retransmitting9.451:1634986941729
9retransmitting9.452:1634986941729
9retransmitting9.453:1634986941736
9retransmitting9.454:1634986941745
9retransmitting9.455:1634986941746
9retransmitting9.456:1634986941746
9retransmitting9.457:1634986941746
9retransmitting9.458:1634986941746
9retransmitting9.459:1634986941747
9retransmitting9.460:1634986941747
9retransmitting9.461:1634986941747
9retransmitting9.462:1634986941747
9retransmitting9.463:1634986941747
9retransmitting9.464:1634986941747
9retransmitting9.465:1634986941747
9retransmitting9.466:1634986941748
9retransmitting9.467:1634986941748
9retransmitting9.468:1634986941758
9retransmitting9.469:1634986941759
9retransmitting9.470:1634986941760
9retransmitting9.471:1634986941760
9retransmitting9.472:1634986941760
9retransmitting9.473:1634986941761
9retransmitting9.474:1634986941761
9retransmitting9.475:1634986941761
9retransmitting9.476:1634986941779
9retransmitting9.477:1634986941780
9retransmitting9.478:1634986941780
9retransmitting9.479:1634986941780
9retransmitting9.480:1634986941780
9retransmitting9.480:1634986941780
9retransmitting9.481:1634986941781
9retransmitting9.482:1634986941796
9retransmitting9.483:1634986941796
9retransmitting9.484:1634986941797
9retransmitting9.479:1634986941780
9retransmitting9.483:1634986941796
9retransmitting9.481:1634986941781
9retransmitting9.485:1634986941797
9retransmitting9.486:1634986941797
9retransmitting9.479:1634986941780
9retransmitting9.483:1634986941796
9retransmitting9.487:1634986941804
9retransmitting9.486:1634986941797
9retransmitting9.488:1634986941805
9retransmitting9.482:1634986941796
9retransmitting9.487:1634986941804
9retransmitting9.482:1634986941796
9retransmitting9.484:1634986941797
9retransmitting9.481:1634986941781
9retransmitting9.488:1634986941805
9retransmitting9.485:1634986941797
9retransmitting9.480:1634986941780
9retransmitting9.480:1634986941780
9retransmitting9.484:1634986941797
9retransmitting9.479:1634986941780
9retransmitting9.484:1634986941797
9retransmitting9.483:1634986941796
9retransmitting9.488:1634986941805
9retransmitting9.487:1634986941804
9retransmitting9.483:1634986941796
9retransmitting9.479:1634986941780
9retransmitting9.486:1634986941797
9retransmitting9.489:1634986941812
9retransmitting9.490:1634986941816
9retransmitting9.497:1634986941830
9retransmitting9.496:1634986941829
9retransmitting9.495:1634986941826
9retransmitting9.494:1634986941821
9retransmitting9.491:1634986941817
9retransmitting9.493:1634986941821
9retransmitting9.492:1634986941821
9retransmitting9.498:1634986941830
9retransmitting9.499:1634986941835
Immediately stopping network packet processing.
Writing output.
