My PID: 9605

From a new terminal type `kill -SIGINT 9605` or `kill -SIGTERM 9605` to stop processing packets

My ID: 2

List of resolved hosts is:
==========================
1
Human-readable IP: 127.0.0.1
Human-readable Port: 11001

2
Human-readable IP: 127.0.0.1
Human-readable Port: 11002

3
Human-readable IP: 127.0.0.1
Human-readable Port: 11003

4
Human-readable IP: 127.0.0.1
Human-readable Port: 11004

5
Human-readable IP: 127.0.0.1
Human-readable Port: 11005

6
Human-readable IP: 127.0.0.1
Human-readable Port: 11006

7
Human-readable IP: 127.0.0.1
Human-readable Port: 11007

8
Human-readable IP: 127.0.0.1
Human-readable Port: 11008

9
Human-readable IP: 127.0.0.1
Human-readable Port: 11009


Path to output:
===============
/home/dcl/Desktop/CS451_DistributedAlgorithms/example/stress/proc02.output

Path to config:
===============
../example/stress/config

Doing some initialization

Broadcasting and delivering messages...

2retransmitting2.2:1634986939471
2retransmitting2.8:1634986939571
2retransmitting2.9:1634986939574
2retransmitting2.4:1634986939533
2retransmitting2.5:1634986939545
2retransmitting2.7:1634986939569
2retransmitting2.6:1634986939562
2retransmitting2.1:1634986939464
2retransmitting2.0:1634986938064
2retransmitting2.3:1634986939503
2retransmitting2.4:1634986939533
2retransmitting2.7:1634986939569
2retransmitting2.0:1634986938064
2retransmitting2.1:1634986939464
2retransmitting2.5:1634986939545
2retransmitting2.2:1634986939471
2retransmitting2.7:1634986939569
2retransmitting2.4:1634986939533
2retransmitting2.8:1634986939571
2retransmitting2.10:1634986939583
2retransmitting2.9:1634986939574
2retransmitting2.10:1634986939583
2retransmitting2.11:1634986939583
2retransmitting2.12:1634986939583
2retransmitting2.13:1634986939584
2retransmitting2.14:1634986939584
2retransmitting2.15:1634986939585
2retransmitting2.16:1634986939585
2retransmitting2.17:1634986939585
2retransmitting2.13:1634986939584
2retransmitting2.12:1634986939583
2retransmitting2.18:1634986939586
2retransmitting2.19:1634986939611
2retransmitting2.20:1634986939616
2retransmitting2.21:1634986939616
2retransmitting2.22:1634986939636
2retransmitting2.23:1634986939636
2retransmitting2.24:1634986939637
2retransmitting2.25:1634986939637
2retransmitting2.26:1634986940936
2retransmitting2.27:1634986940937
2retransmitting2.28:1634986940937
2retransmitting2.29:1634986940937
2retransmitting2.30:1634986940938
2retransmitting2.31:1634986940938
2retransmitting2.32:1634986940939
2retransmitting2.33:1634986940961
2retransmitting2.33:1634986940961
2retransmitting2.34:1634986940962
2retransmitting2.35:1634986940969
2retransmitting2.35:1634986940969
2retransmitting2.34:1634986940962
2retransmitting2.36:1634986940970
2retransmitting2.37:1634986940970
2retransmitting2.38:1634986940971
2retransmitting2.34:1634986940962
2retransmitting2.35:1634986940969
2retransmitting2.31:1634986940938
2retransmitting2.36:1634986940970
2retransmitting2.39:1634986940982
2retransmitting2.40:1634986940994
2retransmitting2.41:1634986940997
2retransmitting2.42:1634986941021
2retransmitting2.43:1634986941029
2retransmitting2.44:1634986941029
2retransmitting2.45:1634986941030
2retransmitting2.46:1634986941046
2retransmitting2.47:1634986941064
2retransmitting2.49:1634986941065
2retransmitting2.50:1634986941081
2retransmitting2.51:1634986941083
2retransmitting2.52:1634986941097
2retransmitting2.53:1634986941098
2retransmitting2.54:1634986941098
2retransmitting2.55:1634986941111
2retransmitting2.56:1634986941112
2retransmitting2.57:1634986941127
2retransmitting2.48:1634986941065
2retransmitting2.58:1634986941128
2retransmitting2.59:1634986941133
2retransmitting2.60:1634986941134
2retransmitting2.61:1634986941134
2retransmitting2.62:1634986941162
2retransmitting2.63:1634986941178
2retransmitting2.64:1634986941186
2retransmitting2.62:1634986941162
2retransmitting2.63:1634986941178
2retransmitting2.65:1634986941186
2retransmitting2.66:1634986941187
2retransmitting2.64:1634986941186
2retransmitting2.67:1634986941187
2retransmitting2.68:1634986941187
2retransmitting2.69:1634986941187
2retransmitting2.70:1634986941249
2retransmitting2.71:1634986941250
2retransmitting2.72:1634986941261
2retransmitting2.73:1634986941267
2retransmitting2.74:1634986941268
2retransmitting2.75:1634986941283
2retransmitting2.76:1634986941284
2retransmitting2.77:1634986941303
2retransmitting2.78:1634986941303
2retransmitting2.79:1634986941304
2retransmitting2.80:1634986941304
2retransmitting2.81:1634986941304
2retransmitting2.82:1634986941305
2retransmitting2.83:1634986941312
2retransmitting2.84:1634986941321
2retransmitting2.85:1634986941331
2retransmitting2.86:1634986941338
2retransmitting2.87:1634986941339
2retransmitting2.88:1634986941340
2retransmitting2.89:1634986941342
2retransmitting2.90:1634986941343
2retransmitting2.91:1634986941370
2retransmitting2.92:1634986941370
2retransmitting2.93:1634986941376
2retransmitting2.94:1634986941377
2retransmitting2.95:1634986941384
2retransmitting2.96:1634986941386
2retransmitting2.97:1634986941400
2retransmitting2.98:1634986941403
2retransmitting2.99:1634986941416
2retransmitting2.100:1634986941417
2retransmitting2.101:1634986941417
2retransmitting2.102:1634986941417
2retransmitting2.104:1634986941418
2retransmitting2.105:1634986941418
2retransmitting2.106:1634986941418
2retransmitting2.107:1634986941418
2retransmitting2.103:1634986941417
2retransmitting2.108:1634986941419
2retransmitting2.109:1634986941467
2retransmitting2.110:1634986941468
2retransmitting2.111:1634986941468
2retransmitting2.112:1634986941468
2retransmitting2.113:1634986941469
2retransmitting2.115:1634986941469
2retransmitting2.116:1634986941470
2retransmitting2.114:1634986941469
2retransmitting2.117:1634986941470
2retransmitting2.118:1634986941470
2retransmitting2.119:1634986941471
2retransmitting2.120:1634986941510
2retransmitting2.122:1634986941518
2retransmitting2.123:1634986941519
2retransmitting2.125:1634986941531
2retransmitting2.121:1634986941510
2retransmitting2.126:1634986941532
2retransmitting2.124:1634986941520
2retransmitting2.127:1634986941534
2retransmitting2.128:1634986941534
2retransmitting2.129:1634986941535
2retransmitting2.130:1634986941535
2retransmitting2.131:1634986941535
2retransmitting2.132:1634986941541
2retransmitting2.133:1634986941544
2retransmitting2.134:1634986941552
2retransmitting2.135:1634986941559
2retransmitting2.132:1634986941541
2retransmitting2.136:1634986941560
2retransmitting2.137:1634986941566
2retransmitting2.137:1634986941566
2retransmitting2.135:1634986941559
2retransmitting2.138:1634986941567
2retransmitting2.139:1634986941567
2retransmitting2.140:1634986941567
2retransmitting2.141:1634986941568
2retransmitting2.142:1634986941568
2retransmitting2.143:1634986941568
2retransmitting2.144:1634986941569
2retransmitting2.145:1634986941569
2retransmitting2.146:1634986941569
2retransmitting2.147:1634986941569
2retransmitting2.148:1634986941569
2retransmitting2.149:1634986941570
2retransmitting2.150:1634986941570
2retransmitting2.151:1634986941570
2retransmitting2.152:1634986941570
2retransmitting2.153:1634986941571
2retransmitting2.154:1634986941583
2retransmitting2.155:1634986941583
2retransmitting2.156:1634986941584
2retransmitting2.157:1634986941585
2retransmitting2.158:1634986941586
2retransmitting2.159:1634986941588
2retransmitting2.160:1634986941592
2retransmitting2.161:1634986941592
2retransmitting2.162:1634986941593
2retransmitting2.163:1634986941593
2retransmitting2.164:1634986941594
2retransmitting2.165:1634986941594
2retransmitting2.166:1634986941595
2retransmitting2.167:1634986941595
2retransmitting2.168:1634986941595
2retransmitting2.169:1634986941596
2retransmitting2.170:1634986941596
2retransmitting2.171:1634986941596
2retransmitting2.172:1634986941596
2retransmitting2.173:1634986941597
2retransmitting2.174:1634986941597
2retransmitting2.175:1634986941597
2retransmitting2.176:1634986941597
2retransmitting2.177:1634986941598
2retransmitting2.178:1634986941598
2retransmitting2.180:1634986941598
2retransmitting2.181:1634986941599
2retransmitting2.179:1634986941598
2retransmitting2.183:1634986941599
2retransmitting2.184:1634986941599
2retransmitting2.185:1634986941600
2retransmitting2.186:1634986941600
2retransmitting2.187:1634986941600
2retransmitting2.182:1634986941599
2retransmitting2.183:1634986941599
2retransmitting2.188:1634986941600
2retransmitting2.189:1634986941601
2retransmitting2.190:1634986941601
2retransmitting2.191:1634986941601
2retransmitting2.192:1634986941601
2retransmitting2.193:1634986941602
2retransmitting2.194:1634986941645
2retransmitting2.195:1634986941646
2retransmitting2.196:1634986941646
2retransmitting2.197:1634986941652
2retransmitting2.198:1634986941652
2retransmitting2.199:1634986941664
2retransmitting2.200:1634986941667
2retransmitting2.201:1634986941668
2retransmitting2.202:1634986941685
2retransmitting2.203:1634986941686
2retransmitting2.204:1634986941686
2retransmitting2.205:1634986941686
2retransmitting2.206:1634986941687
2retransmitting2.207:1634986941687
2retransmitting2.208:1634986941687
2retransmitting2.209:1634986941687
2retransmitting2.204:1634986941686
2retransmitting2.210:1634986941688
2retransmitting2.208:1634986941687
2retransmitting2.203:1634986941686
2retransmitting2.206:1634986941687
2retransmitting2.206:1634986941687
2retransmitting2.207:1634986941687
2retransmitting2.208:1634986941687
2retransmitting2.211:1634986941688
2retransmitting2.212:1634986941688
2retransmitting2.210:1634986941688
2retransmitting2.209:1634986941687
2retransmitting2.204:1634986941686
2retransmitting2.208:1634986941687
2retransmitting2.205:1634986941686
2retransmitting2.211:1634986941688
2retransmitting2.207:1634986941687
2retransmitting2.205:1634986941686
2retransmitting2.206:1634986941687
2retransmitting2.210:1634986941688
2retransmitting2.207:1634986941687
2retransmitting2.203:1634986941686
2retransmitting2.208:1634986941687
2retransmitting2.204:1634986941686
2retransmitting2.205:1634986941686
2retransmitting2.207:1634986941687
2retransmitting2.205:1634986941686
2retransmitting2.212:1634986941688
2retransmitting2.206:1634986941687
2retransmitting2.210:1634986941688
2retransmitting2.213:1634986941688
2retransmitting2.214:1634986941689
2retransmitting2.215:1634986941689
2retransmitting2.216:1634986941696
2retransmitting2.217:1634986941698
2retransmitting2.218:1634986941703
2retransmitting2.219:1634986941703
2retransmitting2.220:1634986941704
2retransmitting2.221:1634986941708
2retransmitting2.222:1634986941711
2retransmitting2.223:1634986941712
2retransmitting2.224:1634986941720
2retransmitting2.225:1634986941725
2retransmitting2.226:1634986941725
2retransmitting2.227:1634986941726
2retransmitting2.228:1634986941726
2retransmitting2.229:1634986941726
2retransmitting2.230:1634986941727
2retransmitting2.231:1634986941727
2retransmitting2.232:1634986941728
2retransmitting2.233:1634986941728
2retransmitting2.234:1634986941728
2retransmitting2.235:1634986941728
2retransmitting2.236:1634986941729
2retransmitting2.237:1634986941737
2retransmitting2.238:1634986941737
2retransmitting2.239:1634986941738
2retransmitting2.240:1634986941741
2retransmitting2.241:1634986941742
2retransmitting2.242:1634986941742
2retransmitting2.243:1634986941743
2retransmitting2.244:1634986941744
2retransmitting2.245:1634986941744
2retransmitting2.246:1634986941745
2retransmitting2.247:1634986941745
2retransmitting2.244:1634986941744
2retransmitting2.248:1634986941775
2retransmitting2.244:1634986941744
2retransmitting2.249:1634986941781
2retransmitting2.250:1634986941786
2retransmitting2.249:1634986941781
2retransmitting2.244:1634986941744
2retransmitting2.249:1634986941781
2retransmitting2.251:1634986941786
2retransmitting2.252:1634986941787
2retransmitting2.248:1634986941775
2retransmitting2.253:1634986941801
2retransmitting2.252:1634986941787
2retransmitting2.251:1634986941786
2retransmitting2.248:1634986941775
2retransmitting2.246:1634986941745
2retransmitting2.248:1634986941775
2retransmitting2.254:1634986941802
2retransmitting2.255:1634986941802
2retransmitting2.256:1634986941802
2retransmitting2.257:1634986941803
2retransmitting2.258:1634986941813
2retransmitting2.259:1634986941814
2retransmitting2.257:1634986941803
2retransmitting2.260:1634986941814
2retransmitting2.260:1634986941814
2retransmitting2.261:1634986941814
2retransmitting2.257:1634986941803
2retransmitting2.262:1634986941815
2retransmitting2.263:1634986941815
2retransmitting2.257:1634986941803
2retransmitting2.261:1634986941814
2retransmitting2.264:1634986941825
2retransmitting2.257:1634986941803
2retransmitting2.265:1634986941826
2retransmitting2.266:1634986941833
2retransmitting2.267:1634986941833
2retransmitting2.268:1634986941834
2retransmitting2.269:1634986941834
2retransmitting2.270:1634986941834
2retransmitting2.271:1634986941842
2retransmitting2.272:1634986941844
2retransmitting2.273:1634986941846
2retransmitting2.275:1634986941847
2retransmitting2.274:1634986941847
2retransmitting2.276:1634986941847
2retransmitting2.277:1634986941848
2retransmitting2.278:1634986941848
2retransmitting2.279:1634986941848
2retransmitting2.280:1634986941848
2retransmitting2.281:1634986941849
2retransmitting2.282:1634986941849
2retransmitting2.283:1634986941849
2retransmitting2.284:1634986941849
2retransmitting2.283:1634986941849
2retransmitting2.285:1634986941850
2retransmitting2.286:1634986941850
2retransmitting2.286:1634986941850
2retransmitting2.283:1634986941849
2retransmitting2.280:1634986941848
2retransmitting2.287:1634986941850
2retransmitting2.288:1634986941850
2retransmitting2.289:1634986941851
2retransmitting2.290:1634986941851
2retransmitting2.291:1634986941851
2retransmitting2.292:1634986941851
2retransmitting2.293:1634986941852
2retransmitting2.294:1634986941852
2retransmitting2.295:1634986941852
2retransmitting2.296:1634986941852
2retransmitting2.297:1634986941852
2retransmitting2.298:1634986941853
2retransmitting2.299:1634986941853
2retransmitting2.300:1634986941853
2retransmitting2.301:1634986941853
2retransmitting2.302:1634986941896
2retransmitting2.303:1634986941897
2retransmitting2.304:1634986941897
2retransmitting2.305:1634986941897
2retransmitting2.306:1634986941900
2retransmitting2.307:1634986941901
2retransmitting2.308:1634986941901
2retransmitting2.309:1634986941903
2retransmitting2.310:1634986941903
2retransmitting2.311:1634986941903
2retransmitting2.312:1634986941904
2retransmitting2.313:1634986941904
2retransmitting2.314:1634986941904
2retransmitting2.315:1634986941904
2retransmitting2.316:1634986941904
2retransmitting2.317:1634986941905
2retransmitting2.318:1634986941905
2retransmitting2.319:1634986941916
2retransmitting2.320:1634986941916
2retransmitting2.321:1634986941916
2retransmitting2.322:1634986941917
2retransmitting2.323:1634986941917
2retransmitting2.324:1634986941917
2retransmitting2.325:1634986941917
2retransmitting2.326:1634986941917
2retransmitting2.327:1634986941918
2retransmitting2.328:1634986941918
2retransmitting2.329:1634986941918
2retransmitting2.330:1634986941918
2retransmitting2.331:1634986941918
2retransmitting2.332:1634986941919
2retransmitting2.333:1634986941919
2retransmitting2.334:1634986941919
2retransmitting2.332:1634986941919
2retransmitting2.335:1634986941919
2retransmitting2.336:1634986941920
2retransmitting2.330:1634986941918
2retransmitting2.334:1634986941919
2retransmitting2.337:1634986941920
2retransmitting2.338:1634986941920
2retransmitting2.334:1634986941919
2retransmitting2.332:1634986941919
2retransmitting2.333:1634986941919
2retransmitting2.333:1634986941919
2retransmitting2.339:1634986941920
2retransmitting2.339:1634986941920
2retransmitting2.333:1634986941919
2retransmitting2.331:1634986941918
2retransmitting2.339:1634986941920
2retransmitting2.330:1634986941918
2retransmitting2.336:1634986941920
2retransmitting2.335:1634986941919
2retransmitting2.331:1634986941918
2retransmitting2.338:1634986941920
2retransmitting2.336:1634986941920
2retransmitting2.332:1634986941919
2retransmitting2.337:1634986941920
2retransmitting2.331:1634986941918
2retransmitting2.338:1634986941920
2retransmitting2.334:1634986941919
2retransmitting2.335:1634986941919
2retransmitting2.330:1634986941918
2retransmitting2.334:1634986941919
2retransmitting2.338:1634986941920
2retransmitting2.338:1634986941920
2retransmitting2.334:1634986941919
2retransmitting2.340:1634986941920
2retransmitting2.341:1634986941921
2retransmitting2.342:1634986941921
2retransmitting2.343:1634986941921
2retransmitting2.344:1634986941921
2retransmitting2.345:1634986941922
2retransmitting2.346:1634986941961
2retransmitting2.347:1634986941961
2retransmitting2.348:1634986941967
2retransmitting2.348:1634986941967
2retransmitting2.349:1634986941967
2retransmitting2.350:1634986941972
2retransmitting2.351:1634986941979
2retransmitting2.352:1634986941980
2retransmitting2.353:1634986941981
2retransmitting2.354:1634986941982
2retransmitting2.350:1634986941972
2retransmitting2.355:1634986941983
2retransmitting2.351:1634986941979
2retransmitting2.356:1634986941986
2retransmitting2.349:1634986941967
2retransmitting2.357:1634986941986
2retransmitting2.358:1634986941986
2retransmitting2.349:1634986941967
2retransmitting2.352:1634986941980
2retransmitting2.358:1634986941986
2retransmitting2.353:1634986941981
2retransmitting2.354:1634986941982
2retransmitting2.355:1634986941983
2retransmitting2.357:1634986941986
2retransmitting2.351:1634986941979
2retransmitting2.356:1634986941986
2retransmitting2.350:1634986941972
2retransmitting2.349:1634986941967
2retransmitting2.353:1634986941981
2retransmitting2.355:1634986941983
2retransmitting2.352:1634986941980
2retransmitting2.352:1634986941980
2retransmitting2.354:1634986941982
2retransmitting2.355:1634986941983
2retransmitting2.355:1634986941983
2retransmitting2.349:1634986941967
2retransmitting2.351:1634986941979
2retransmitting2.358:1634986941986
2retransmitting2.353:1634986941981
2retransmitting2.350:1634986941972
2retransmitting2.354:1634986941982
2retransmitting2.356:1634986941986
2retransmitting2.357:1634986941986
2retransmitting2.351:1634986941979
2retransmitting2.349:1634986941967
2retransmitting2.352:1634986941980
2retransmitting2.355:1634986941983
2retransmitting2.351:1634986941979
2retransmitting2.351:1634986941979
2retransmitting2.352:1634986941980
2retransmitting2.358:1634986941986
2retransmitting2.351:1634986941979
2retransmitting2.358:1634986941986
2retransmitting2.349:1634986941967
2retransmitting2.349:1634986941967
2retransmitting2.358:1634986941986
2retransmitting2.357:1634986941986
2retransmitting2.350:1634986941972
2retransmitting2.357:1634986941986
2retransmitting2.353:1634986941981
2retransmitting2.354:1634986941982
2retransmitting2.351:1634986941979
2retransmitting2.349:1634986941967
2retransmitting2.355:1634986941983
2retransmitting2.353:1634986941981
2retransmitting2.351:1634986941979
2retransmitting2.354:1634986941982
2retransmitting2.358:1634986941986
2retransmitting2.356:1634986941986
2retransmitting2.353:1634986941981
2retransmitting2.355:1634986941983
2retransmitting2.358:1634986941986
2retransmitting2.354:1634986941982
2retransmitting2.349:1634986941967
2retransmitting2.352:1634986941980
2retransmitting2.357:1634986941986
2retransmitting2.350:1634986941972
2retransmitting2.351:1634986941979
2retransmitting2.356:1634986941986
2retransmitting2.358:1634986941986
2retransmitting2.350:1634986941972
2retransmitting2.357:1634986941986
2retransmitting2.353:1634986941981
2retransmitting2.358:1634986941986
2retransmitting2.351:1634986941979
2retransmitting2.350:1634986941972
2retransmitting2.352:1634986941980
2retransmitting2.355:1634986941983
2retransmitting2.349:1634986941967
2retransmitting2.350:1634986941972
2retransmitting2.356:1634986941986
2retransmitting2.354:1634986941982
2retransmitting2.356:1634986941986
2retransmitting2.352:1634986941980
2retransmitting2.353:1634986941981
2retransmitting2.349:1634986941967
2retransmitting2.358:1634986941986
2retransmitting2.355:1634986941983
2retransmitting2.349:1634986941967
2retransmitting2.354:1634986941982
2retransmitting2.357:1634986941986
2retransmitting2.359:1634986941987
2retransmitting2.360:1634986941987
2retransmitting2.361:1634986941987
2retransmitting2.362:1634986941988
2retransmitting2.363:1634986941994
2retransmitting2.361:1634986941987
2retransmitting2.364:1634986941995
2retransmitting2.365:1634986941996
2retransmitting2.366:1634986941996
2retransmitting2.367:1634986941996
2retransmitting2.359:1634986941987
2retransmitting2.371:1634986941998
2retransmitting2.369:1634986941997
2retransmitting2.370:1634986941997
2retransmitting2.368:1634986941997
2retransmitting2.359:1634986941987
2retransmitting2.365:1634986941996
2retransmitting2.365:1634986941996
2retransmitting2.365:1634986941996
2retransmitting2.371:1634986941998
2retransmitting2.372:1634986941998
2retransmitting2.373:1634986941998
2retransmitting2.374:1634986941998
2retransmitting2.375:1634986941999
2retransmitting2.376:1634986941999
2retransmitting2.377:1634986942010
2retransmitting2.378:1634986942010
2retransmitting2.379:1634986942013
2retransmitting2.380:1634986942013
2retransmitting2.381:1634986942013
2retransmitting2.382:1634986942014
2retransmitting2.384:1634986942015
2retransmitting2.385:1634986942015
2retransmitting2.386:1634986942033
2retransmitting2.383:1634986942014
2retransmitting2.387:1634986942034
2retransmitting2.388:1634986942034
2retransmitting2.389:1634986942034
2retransmitting2.390:1634986942035
2retransmitting2.391:1634986942035
2retransmitting2.392:1634986942035
2retransmitting2.389:1634986942034
2retransmitting2.390:1634986942035
2retransmitting2.392:1634986942035
2retransmitting2.384:1634986942015
2retransmitting2.393:1634986942036
2retransmitting2.395:1634986942036
2retransmitting2.394:1634986942036
2retransmitting2.396:1634986942036
2retransmitting2.397:1634986942037
2retransmitting2.398:1634986942037
2retransmitting2.399:1634986942037
2retransmitting2.400:1634986942045
2retransmitting2.401:1634986942049
2retransmitting2.402:1634986942050
2retransmitting2.398:1634986942037
2retransmitting2.400:1634986942045
2retransmitting2.400:1634986942045
2retransmitting2.402:1634986942050
2retransmitting2.394:1634986942036
2retransmitting2.396:1634986942036
2retransmitting2.402:1634986942050
2retransmitting2.393:1634986942036
2retransmitting2.394:1634986942036
2retransmitting2.401:1634986942049
2retransmitting2.401:1634986942049
2retransmitting2.395:1634986942036
2retransmitting2.402:1634986942050
2retransmitting2.396:1634986942036
2retransmitting2.397:1634986942037
2retransmitting2.398:1634986942037
2retransmitting2.399:1634986942037
2retransmitting2.400:1634986942045
2retransmitting2.394:1634986942036
2retransmitting2.393:1634986942036
2retransmitting2.395:1634986942036
2retransmitting2.403:1634986942050
2retransmitting2.405:1634986942051
2retransmitting2.406:1634986942051
2retransmitting2.407:1634986942051
2retransmitting2.408:1634986942053
2retransmitting2.409:1634986942065
2retransmitting2.410:1634986942065
2retransmitting2.411:1634986942065
2retransmitting2.404:1634986942050
2retransmitting2.412:1634986942066
2retransmitting2.413:1634986942066
2retransmitting2.414:1634986942066
2retransmitting2.415:1634986942066
2retransmitting2.416:1634986942067
2retransmitting2.417:1634986942067
2retransmitting2.418:1634986942078
2retransmitting2.419:1634986942081
2retransmitting2.420:1634986942082
2retransmitting2.421:1634986942082
2retransmitting2.422:1634986942090
2retransmitting2.423:1634986942092
2retransmitting2.424:1634986942094
2retransmitting2.425:1634986942094
2retransmitting2.426:1634986942095
2retransmitting2.427:1634986942095
2retransmitting2.428:1634986942096
2retransmitting2.429:1634986942096
2retransmitting2.430:1634986942097
2retransmitting2.431:1634986942098
2retransmitting2.432:1634986942098
2retransmitting2.433:1634986942098
2retransmitting2.434:1634986942098
2retransmitting2.435:1634986942099
2retransmitting2.436:1634986942099
2retransmitting2.437:1634986942099
2retransmitting2.438:1634986942099
2retransmitting2.439:1634986942099
2retransmitting2.440:1634986942100
2retransmitting2.441:1634986942100
2retransmitting2.442:1634986942100
2retransmitting2.443:1634986942101
2retransmitting2.444:1634986942102
2retransmitting2.445:1634986942102
2retransmitting2.446:1634986942102
2retransmitting2.447:1634986942157
2retransmitting2.448:1634986942169
2retransmitting2.449:1634986942169
2retransmitting2.450:1634986942169
2retransmitting2.451:1634986942169
2retransmitting2.452:1634986942170
2retransmitting2.453:1634986942170
2retransmitting2.454:1634986942170
2retransmitting2.455:1634986942170
2retransmitting2.456:1634986942170
2retransmitting2.457:1634986942170
2retransmitting2.458:1634986942171
2retransmitting2.459:1634986942171
2retransmitting2.460:1634986942171
2retransmitting2.461:1634986942171
2retransmitting2.462:1634986942171
2retransmitting2.463:1634986942172
2retransmitting2.464:1634986942172
2retransmitting2.465:1634986942172
2retransmitting2.466:1634986942197
2retransmitting2.467:1634986942197
2retransmitting2.468:1634986942197
2retransmitting2.469:1634986942197
2retransmitting2.470:1634986942197
2retransmitting2.471:1634986942198
2retransmitting2.472:1634986942198
2retransmitting2.473:1634986942204
2retransmitting2.474:1634986942204
2retransmitting2.475:1634986942205
2retransmitting2.476:1634986942205
2retransmitting2.478:1634986942209
2retransmitting2.479:1634986942214
2retransmitting2.480:1634986942214
2retransmitting2.481:1634986942215
2retransmitting2.477:1634986942208
2retransmitting2.485:1634986942216
2retransmitting2.484:1634986942215
2retransmitting2.483:1634986942215
2retransmitting2.482:1634986942215
2retransmitting2.478:1634986942209
2retransmitting2.482:1634986942215
2retransmitting2.481:1634986942215
2retransmitting2.485:1634986942216
2retransmitting2.476:1634986942205
2retransmitting2.481:1634986942215
2retransmitting2.481:1634986942215
2retransmitting2.478:1634986942209
2retransmitting2.481:1634986942215
2retransmitting2.483:1634986942215
2retransmitting2.477:1634986942208
2retransmitting2.478:1634986942209
2retransmitting2.486:1634986942232
2retransmitting2.487:1634986942232
2retransmitting2.488:1634986942233
2retransmitting2.490:1634986942234
2retransmitting2.491:1634986942235
2retransmitting2.492:1634986942269
2retransmitting2.493:1634986942270
2retransmitting2.494:1634986942270
2retransmitting2.495:1634986942270
2retransmitting2.496:1634986942270
2retransmitting2.489:1634986942234
2retransmitting2.497:1634986942270
2retransmitting2.498:1634986942270
2retransmitting2.499:1634986942270
Immediately stopping network packet processing.
Writing output.
