My PID: 9622

From a new terminal type `kill -SIGINT 9622` or `kill -SIGTERM 9622` to stop processing packets

My ID: 7

List of resolved hosts is:
==========================
1
Human-readable IP: 127.0.0.1
Human-readable Port: 11001

2
Human-readable IP: 127.0.0.1
Human-readable Port: 11002

3
Human-readable IP: 127.0.0.1
Human-readable Port: 11003

4
Human-readable IP: 127.0.0.1
Human-readable Port: 11004

5
Human-readable IP: 127.0.0.1
Human-readable Port: 11005

6
Human-readable IP: 127.0.0.1
Human-readable Port: 11006

7
Human-readable IP: 127.0.0.1
Human-readable Port: 11007

8
Human-readable IP: 127.0.0.1
Human-readable Port: 11008

9
Human-readable IP: 127.0.0.1
Human-readable Port: 11009


Path to output:
===============
/home/dcl/Desktop/CS451_DistributedAlgorithms/example/stress/proc07.output

Path to config:
===============
../example/stress/config

Doing some initialization

Broadcasting and delivering messages...

7retransmitting7.6:1634986938710
7retransmitting7.7:1634986938732
7retransmitting7.1:1634986938578
7retransmitting7.4:1634986938685
7retransmitting7.8:1634986938745
7retransmitting7.9:1634986938786
7retransmitting7.2:1634986938612
7retransmitting7.3:1634986938668
7retransmitting7.5:1634986938702
7retransmitting7.0:1634986937712
7retransmitting7.10:1634986938796
7retransmitting7.11:1634986938797
7retransmitting7.12:1634986938798
7retransmitting7.12:1634986938798
7retransmitting7.13:1634986938798
7retransmitting7.14:1634986938804
7retransmitting7.12:1634986938798
7retransmitting7.15:1634986938804
7retransmitting7.16:1634986938805
7retransmitting7.13:1634986938798
7retransmitting7.17:1634986938806
7retransmitting7.18:1634986938821
7retransmitting7.16:1634986938805
7retransmitting7.21:1634986938871
7retransmitting7.13:1634986938798
7retransmitting7.20:1634986938824
7retransmitting7.12:1634986938798
7retransmitting7.14:1634986938804
7retransmitting7.19:1634986938821
7retransmitting7.15:1634986938804
7retransmitting7.13:1634986938798
7retransmitting7.14:1634986938804
7retransmitting7.17:1634986938806
7retransmitting7.21:1634986938871
7retransmitting7.13:1634986938798
7retransmitting7.20:1634986938824
7retransmitting7.21:1634986938871
7retransmitting7.19:1634986938821
7retransmitting7.13:1634986938798
7retransmitting7.21:1634986938871
7retransmitting7.17:1634986938806
7retransmitting7.14:1634986938804
7retransmitting7.12:1634986938798
7retransmitting7.16:1634986938805
7retransmitting7.18:1634986938821
7retransmitting7.21:1634986938871
7retransmitting7.29:1634986940018
7retransmitting7.28:1634986940002
7retransmitting7.27:1634986940002
7retransmitting7.26:1634986940001
7retransmitting7.25:1634986940001
7retransmitting7.24:1634986940001
7retransmitting7.23:1634986940000
7retransmitting7.22:1634986940000
7retransmitting7.30:1634986940019
7retransmitting7.31:1634986940019
7retransmitting7.32:1634986940020
7retransmitting7.33:1634986940020
7retransmitting7.34:1634986940020
7retransmitting7.35:1634986940021
7retransmitting7.36:1634986940021
7retransmitting7.37:1634986940021
7retransmitting7.38:1634986940115
7retransmitting7.39:1634986940118
7retransmitting7.41:1634986940125
7retransmitting7.42:1634986940126
7retransmitting7.43:1634986940127
7retransmitting7.44:1634986940129
7retransmitting7.45:1634986940130
7retransmitting7.40:1634986940123
7retransmitting7.46:1634986940130
7retransmitting7.47:1634986940131
7retransmitting7.48:1634986940131
7retransmitting7.49:1634986940142
7retransmitting7.50:1634986940143
7retransmitting7.51:1634986940144
7retransmitting7.52:1634986940145
7retransmitting7.53:1634986940146
7retransmitting7.54:1634986940146
7retransmitting7.55:1634986940146
7retransmitting7.56:1634986940147
7retransmitting7.53:1634986940146
7retransmitting7.57:1634986940170
7retransmitting7.58:1634986940171
7retransmitting7.59:1634986940171
7retransmitting7.60:1634986940171
7retransmitting7.61:1634986940172
7retransmitting7.62:1634986940172
7retransmitting7.63:1634986940173
7retransmitting7.64:1634986940180
7retransmitting7.65:1634986940181
7retransmitting7.66:1634986940181
7retransmitting7.67:1634986940182
7retransmitting7.68:1634986940182
7retransmitting7.69:1634986940182
7retransmitting7.70:1634986940183
7retransmitting7.74:1634986940184
7retransmitting7.73:1634986940184
7retransmitting7.75:1634986940184
7retransmitting7.76:1634986940185
7retransmitting7.77:1634986940185
7retransmitting7.78:1634986940185
7retransmitting7.79:1634986940186
7retransmitting7.72:1634986940184
7retransmitting7.71:1634986940183
7retransmitting7.80:1634986940186
7retransmitting7.81:1634986940186
7retransmitting7.82:1634986940186
7retransmitting7.83:1634986940187
7retransmitting7.84:1634986940187
7retransmitting7.85:1634986940187
7retransmitting7.86:1634986940188
7retransmitting7.87:1634986940188
7retransmitting7.88:1634986940188
7retransmitting7.89:1634986940189
7retransmitting7.90:1634986940190
7retransmitting7.91:1634986940193
7retransmitting7.92:1634986940195
7retransmitting7.93:1634986940205
7retransmitting7.94:1634986940206
7retransmitting7.95:1634986940209
7retransmitting7.96:1634986940210
7retransmitting7.97:1634986940211
7retransmitting7.98:1634986940211
7retransmitting7.99:1634986940212
7retransmitting7.100:1634986940212
7retransmitting7.101:1634986940213
7retransmitting7.102:1634986940214
7retransmitting7.103:1634986940214
7retransmitting7.104:1634986940215
7retransmitting7.105:1634986940215
7retransmitting7.106:1634986940216
7retransmitting7.107:1634986940216
7retransmitting7.108:1634986940216
7retransmitting7.107:1634986940216
7retransmitting7.106:1634986940216
7retransmitting7.109:1634986940216
7retransmitting7.110:1634986940217
7retransmitting7.111:1634986940217
7retransmitting7.104:1634986940215
7retransmitting7.112:1634986940217
7retransmitting7.113:1634986940218
7retransmitting7.114:1634986940218
7retransmitting7.115:1634986940218
7retransmitting7.116:1634986940218
7retransmitting7.117:1634986940219
7retransmitting7.118:1634986940220
7retransmitting7.119:1634986940220
7retransmitting7.120:1634986940221
7retransmitting7.121:1634986940221
7retransmitting7.122:1634986940221
7retransmitting7.123:1634986940221
7retransmitting7.124:1634986940222
7retransmitting7.125:1634986940222
7retransmitting7.126:1634986940224
7retransmitting7.127:1634986940226
7retransmitting7.128:1634986940226
7retransmitting7.129:1634986940227
7retransmitting7.130:1634986940227
7retransmitting7.131:1634986940228
7retransmitting7.132:1634986940228
7retransmitting7.133:1634986940228
7retransmitting7.133:1634986940228
7retransmitting7.134:1634986940229
7retransmitting7.127:1634986940226
7retransmitting7.135:1634986940229
7retransmitting7.130:1634986940227
7retransmitting7.131:1634986940228
7retransmitting7.132:1634986940228
7retransmitting7.132:1634986940228
7retransmitting7.133:1634986940228
7retransmitting7.136:1634986940229
7retransmitting7.138:1634986940230
7retransmitting7.139:1634986940230
7retransmitting7.141:1634986940231
7retransmitting7.142:1634986940231
7retransmitting7.143:1634986940231
7retransmitting7.137:1634986940230
7retransmitting7.145:1634986940232
7retransmitting7.144:1634986940232
7retransmitting7.140:1634986940230
7retransmitting7.138:1634986940230
7retransmitting7.140:1634986940230
7retransmitting7.139:1634986940230
7retransmitting7.143:1634986940231
7retransmitting7.136:1634986940229
7retransmitting7.139:1634986940230
7retransmitting7.140:1634986940230
7retransmitting7.144:1634986940232
7retransmitting7.145:1634986940232
7retransmitting7.143:1634986940231
7retransmitting7.139:1634986940230
7retransmitting7.142:1634986940231
7retransmitting7.137:1634986940230
7retransmitting7.141:1634986940231
7retransmitting7.138:1634986940230
7retransmitting7.146:1634986940232
7retransmitting7.147:1634986940233
7retransmitting7.148:1634986940233
7retransmitting7.149:1634986940233
7retransmitting7.150:1634986940234
7retransmitting7.151:1634986940234
7retransmitting7.152:1634986940234
7retransmitting7.153:1634986940234
7retransmitting7.154:1634986940235
7retransmitting7.155:1634986940235
7retransmitting7.156:1634986940235
7retransmitting7.157:1634986940235
7retransmitting7.158:1634986940236
7retransmitting7.159:1634986940244
7retransmitting7.160:1634986940244
7retransmitting7.161:1634986940246
7retransmitting7.162:1634986940246
7retransmitting7.163:1634986940246
7retransmitting7.164:1634986940246
7retransmitting7.165:1634986940247
7retransmitting7.166:1634986940248
7retransmitting7.167:1634986940248
7retransmitting7.168:1634986940249
7retransmitting7.169:1634986940249
7retransmitting7.170:1634986940249
7retransmitting7.169:1634986940249
7retransmitting7.171:1634986940250
7retransmitting7.168:1634986940249
7retransmitting7.172:1634986940250
7retransmitting7.173:1634986940250
7retransmitting7.178:1634986940251
7retransmitting7.177:1634986940251
7retransmitting7.179:1634986940256
7retransmitting7.176:1634986940251
7retransmitting7.174:1634986940250
7retransmitting7.175:1634986940250
7retransmitting7.177:1634986940251
7retransmitting7.176:1634986940251
7retransmitting7.177:1634986940251
7retransmitting7.180:1634986940257
7retransmitting7.181:1634986940259
7retransmitting7.178:1634986940251
7retransmitting7.176:1634986940251
7retransmitting7.174:1634986940250
7retransmitting7.175:1634986940250
7retransmitting7.182:1634986940261
7retransmitting7.183:1634986940261
7retransmitting7.184:1634986940262
7retransmitting7.185:1634986940262
7retransmitting7.186:1634986940262
7retransmitting7.187:1634986940263
7retransmitting7.188:1634986940263
7retransmitting7.189:1634986940264
7retransmitting7.190:1634986940264
7retransmitting7.191:1634986940264
7retransmitting7.192:1634986940265
7retransmitting7.193:1634986940265
7retransmitting7.196:1634986940266
7retransmitting7.197:1634986940266
7retransmitting7.198:1634986940266
7retransmitting7.199:1634986940266
7retransmitting7.200:1634986940267
7retransmitting7.195:1634986940265
7retransmitting7.201:1634986940267
7retransmitting7.194:1634986940265
7retransmitting7.202:1634986940267
7retransmitting7.203:1634986940267
7retransmitting7.204:1634986940267
7retransmitting7.205:1634986940268
7retransmitting7.206:1634986940268
7retransmitting7.207:1634986940276
7retransmitting7.208:1634986940277
7retransmitting7.209:1634986940278
7retransmitting7.210:1634986940278
7retransmitting7.211:1634986940279
7retransmitting7.212:1634986940280
7retransmitting7.213:1634986940280
7retransmitting7.214:1634986940280
7retransmitting7.215:1634986940280
7retransmitting7.216:1634986940280
7retransmitting7.217:1634986940281
7retransmitting7.218:1634986940281
7retransmitting7.219:1634986940281
7retransmitting7.219:1634986940281
7retransmitting7.220:1634986940281
7retransmitting7.214:1634986940280
7retransmitting7.216:1634986940280
7retransmitting7.215:1634986940280
7retransmitting7.218:1634986940281
7retransmitting7.216:1634986940280
7retransmitting7.217:1634986940281
7retransmitting7.221:1634986940282
7retransmitting7.218:1634986940281
7retransmitting7.221:1634986940282
7retransmitting7.222:1634986940282
7retransmitting7.219:1634986940281
7retransmitting7.221:1634986940282
7retransmitting7.217:1634986940281
7retransmitting7.222:1634986940282
7retransmitting7.213:1634986940280
7retransmitting7.214:1634986940280
7retransmitting7.216:1634986940280
7retransmitting7.218:1634986940281
7retransmitting7.218:1634986940281
7retransmitting7.220:1634986940281
7retransmitting7.215:1634986940280
7retransmitting7.220:1634986940281
7retransmitting7.213:1634986940280
7retransmitting7.220:1634986940281
7retransmitting7.213:1634986940280
7retransmitting7.218:1634986940281
7retransmitting7.223:1634986940282
7retransmitting7.224:1634986940283
7retransmitting7.225:1634986940283
7retransmitting7.226:1634986940291
7retransmitting7.227:1634986940292
7retransmitting7.228:1634986940293
7retransmitting7.229:1634986940293
7retransmitting7.230:1634986940294
7retransmitting7.231:1634986940294
7retransmitting7.232:1634986940294
7retransmitting7.233:1634986940295
7retransmitting7.234:1634986940295
7retransmitting7.235:1634986940296
7retransmitting7.236:1634986940296
7retransmitting7.229:1634986940293
7retransmitting7.235:1634986940296
7retransmitting7.234:1634986940295
7retransmitting7.236:1634986940296
7retransmitting7.230:1634986940294
7retransmitting7.227:1634986940292
7retransmitting7.231:1634986940294
7retransmitting7.228:1634986940293
7retransmitting7.232:1634986940294
7retransmitting7.234:1634986940295
7retransmitting7.230:1634986940294
7retransmitting7.233:1634986940295
7retransmitting7.227:1634986940292
7retransmitting7.235:1634986940296
7retransmitting7.228:1634986940293
7retransmitting7.229:1634986940293
7retransmitting7.232:1634986940294
7retransmitting7.228:1634986940293
7retransmitting7.231:1634986940294
7retransmitting7.234:1634986940295
7retransmitting7.235:1634986940296
7retransmitting7.230:1634986940294
7retransmitting7.236:1634986940296
7retransmitting7.227:1634986940292
7retransmitting7.233:1634986940295
7retransmitting7.230:1634986940294
7retransmitting7.235:1634986940296
7retransmitting7.235:1634986940296
7retransmitting7.235:1634986940296
7retransmitting7.231:1634986940294
7retransmitting7.233:1634986940295
7retransmitting7.233:1634986940295
7retransmitting7.230:1634986940294
7retransmitting7.236:1634986940296
7retransmitting7.232:1634986940294
7retransmitting7.235:1634986940296
7retransmitting7.227:1634986940292
7retransmitting7.234:1634986940295
7retransmitting7.230:1634986940294
7retransmitting7.228:1634986940293
7retransmitting7.232:1634986940294
7retransmitting7.229:1634986940293
7retransmitting7.227:1634986940292
7retransmitting7.230:1634986940294
7retransmitting7.234:1634986940295
7retransmitting7.236:1634986940296
7retransmitting7.233:1634986940295
7retransmitting7.235:1634986940296
7retransmitting7.232:1634986940294
7retransmitting7.228:1634986940293
7retransmitting7.231:1634986940294
7retransmitting7.228:1634986940293
7retransmitting7.229:1634986940293
7retransmitting7.227:1634986940292
7retransmitting7.236:1634986940296
7retransmitting7.236:1634986940296
7retransmitting7.231:1634986940294
7retransmitting7.231:1634986940294
7retransmitting7.227:1634986940292
7retransmitting7.232:1634986940294
7retransmitting7.232:1634986940294
7retransmitting7.228:1634986940293
7retransmitting7.233:1634986940295
7retransmitting7.236:1634986940296
7retransmitting7.235:1634986940296
7retransmitting7.237:1634986940296
7retransmitting7.238:1634986940297
7retransmitting7.239:1634986940297
7retransmitting7.240:1634986940297
7retransmitting7.241:1634986940297
7retransmitting7.242:1634986940297
7retransmitting7.243:1634986940298
7retransmitting7.244:1634986940298
7retransmitting7.245:1634986940298
7retransmitting7.246:1634986940299
7retransmitting7.247:1634986940305
7retransmitting7.248:1634986940306
7retransmitting7.249:1634986940306
7retransmitting7.250:1634986940307
7retransmitting7.251:1634986940309
7retransmitting7.252:1634986940310
7retransmitting7.253:1634986940310
7retransmitting7.254:1634986940311
7retransmitting7.255:1634986940311
7retransmitting7.256:1634986940320
7retransmitting7.257:1634986940320
7retransmitting7.258:1634986940329
7retransmitting7.259:1634986940330
7retransmitting7.260:1634986940330
7retransmitting7.261:1634986940330
7retransmitting7.262:1634986940330
7retransmitting7.263:1634986940331
7retransmitting7.264:1634986940331
7retransmitting7.265:1634986940331
7retransmitting7.266:1634986940331
7retransmitting7.267:1634986940332
7retransmitting7.269:1634986940332
7retransmitting7.268:1634986940332
7retransmitting7.264:1634986940331
7retransmitting7.270:1634986940332
7retransmitting7.261:1634986940330
7retransmitting7.262:1634986940330
7retransmitting7.268:1634986940332
7retransmitting7.266:1634986940331
7retransmitting7.271:1634986940332
7retransmitting7.272:1634986940332
7retransmitting7.274:1634986940333
7retransmitting7.275:1634986940333
7retransmitting7.276:1634986940333
7retransmitting7.277:1634986940334
7retransmitting7.278:1634986940334
7retransmitting7.279:1634986940334
7retransmitting7.280:1634986940334
7retransmitting7.273:1634986940333
7retransmitting7.281:1634986940334
7retransmitting7.282:1634986940335
7retransmitting7.283:1634986940335
7retransmitting7.284:1634986940335
7retransmitting7.285:1634986940335
7retransmitting7.286:1634986940336
7retransmitting7.287:1634986940336
7retransmitting7.288:1634986940336
7retransmitting7.289:1634986940336
7retransmitting7.290:1634986940337
7retransmitting7.291:1634986940337
7retransmitting7.292:1634986940337
7retransmitting7.293:1634986940337
7retransmitting7.294:1634986940337
7retransmitting7.295:1634986940338
7retransmitting7.296:1634986940338
7retransmitting7.297:1634986940338
7retransmitting7.298:1634986940338
7retransmitting7.299:1634986940338
7retransmitting7.300:1634986940339
7retransmitting7.301:1634986940339
7retransmitting7.302:1634986940341
7retransmitting7.297:1634986940338
7retransmitting7.303:1634986940342
7retransmitting7.304:1634986940342
7retransmitting7.305:1634986940343
7retransmitting7.306:1634986940343
7retransmitting7.307:1634986940344
7retransmitting7.308:1634986940344
7retransmitting7.309:1634986940344
7retransmitting7.310:1634986940345
7retransmitting7.311:1634986940345
7retransmitting7.312:1634986940345
7retransmitting7.313:1634986940346
7retransmitting7.314:1634986940346
7retransmitting7.315:1634986940346
7retransmitting7.316:1634986940346
7retransmitting7.317:1634986940347
7retransmitting7.318:1634986940347
7retransmitting7.319:1634986940347
7retransmitting7.320:1634986940348
7retransmitting7.321:1634986940348
7retransmitting7.322:1634986940348
7retransmitting7.323:1634986940348
7retransmitting7.324:1634986940348
7retransmitting7.325:1634986940348
7retransmitting7.326:1634986940349
7retransmitting7.327:1634986940349
7retransmitting7.328:1634986940349
7retransmitting7.329:1634986940349
7retransmitting7.330:1634986940349
7retransmitting7.331:1634986940350
7retransmitting7.332:1634986940350
7retransmitting7.333:1634986940350
7retransmitting7.334:1634986940350
7retransmitting7.335:1634986940350
7retransmitting7.336:1634986940350
7retransmitting7.337:1634986940356
7retransmitting7.338:1634986940365
7retransmitting7.339:1634986940365
7retransmitting7.340:1634986940365
7retransmitting7.341:1634986940739
7retransmitting7.342:1634986940739
7retransmitting7.343:1634986940740
7retransmitting7.344:1634986940786
7retransmitting7.345:1634986940786
7retransmitting7.346:1634986940786
7retransmitting7.347:1634986940787
7retransmitting7.350:1634986940844
7retransmitting7.348:1634986940836
7retransmitting7.349:1634986940838
7retransmitting7.351:1634986940849
7retransmitting7.352:1634986940849
7retransmitting7.353:1634986940849
7retransmitting7.354:1634986940849
7retransmitting7.355:1634986940878
7retransmitting7.356:1634986940880
7retransmitting7.357:1634986940880
7retransmitting7.358:1634986940880
7retransmitting7.359:1634986940885
7retransmitting7.360:1634986940886
7retransmitting7.361:1634986940886
7retransmitting7.362:1634986940900
7retransmitting7.363:1634986940900
7retransmitting7.364:1634986940900
7retransmitting7.365:1634986940900
7retransmitting7.366:1634986940901
7retransmitting7.367:1634986940901
7retransmitting7.368:1634986940901
7retransmitting7.369:1634986940901
7retransmitting7.368:1634986940901
7retransmitting7.370:1634986940902
7retransmitting7.371:1634986940902
7retransmitting7.372:1634986940902
7retransmitting7.373:1634986940902
7retransmitting7.374:1634986940902
7retransmitting7.375:1634986940903
7retransmitting7.376:1634986940913
7retransmitting7.377:1634986940917
7retransmitting7.378:1634986940918
7retransmitting7.379:1634986940930
7retransmitting7.380:1634986940930
7retransmitting7.381:1634986940931
7retransmitting7.382:1634986940931
7retransmitting7.383:1634986940931
7retransmitting7.384:1634986940931
7retransmitting7.385:1634986940931
7retransmitting7.386:1634986940932
7retransmitting7.387:1634986940932
7retransmitting7.388:1634986940932
7retransmitting7.381:1634986940931
7retransmitting7.382:1634986940931
7retransmitting7.388:1634986940932
7retransmitting7.388:1634986940932
7retransmitting7.386:1634986940932
7retransmitting7.380:1634986940930
7retransmitting7.384:1634986940931
7retransmitting7.388:1634986940932
7retransmitting7.384:1634986940931
7retransmitting7.386:1634986940932
7retransmitting7.383:1634986940931
7retransmitting7.385:1634986940931
7retransmitting7.381:1634986940931
7retransmitting7.382:1634986940931
7retransmitting7.385:1634986940931
7retransmitting7.379:1634986940930
7retransmitting7.381:1634986940931
7retransmitting7.387:1634986940932
7retransmitting7.384:1634986940931
7retransmitting7.387:1634986940932
7retransmitting7.379:1634986940930
7retransmitting7.381:1634986940931
7retransmitting7.386:1634986940932
7retransmitting7.383:1634986940931
7retransmitting7.388:1634986940932
7retransmitting7.389:1634986940932
7retransmitting7.390:1634986940977
7retransmitting7.390:1634986940977
7retransmitting7.391:1634986940979
7retransmitting7.392:1634986940979
7retransmitting7.393:1634986940982
7retransmitting7.394:1634986940983
7retransmitting7.395:1634986940983
7retransmitting7.396:1634986940983
7retransmitting7.397:1634986940984
7retransmitting7.398:1634986940984
7retransmitting7.399:1634986940984
7retransmitting7.400:1634986940984
7retransmitting7.401:1634986940984
7retransmitting7.402:1634986940985
7retransmitting7.403:1634986940985
7retransmitting7.404:1634986940985
7retransmitting7.405:1634986940985
7retransmitting7.406:1634986940986
7retransmitting7.407:1634986940986
7retransmitting7.408:1634986940986
7retransmitting7.409:1634986940986
7retransmitting7.410:1634986940986
7retransmitting7.411:1634986940987
7retransmitting7.412:1634986940987
7retransmitting7.413:1634986941033
7retransmitting7.414:1634986941034
7retransmitting7.415:1634986941037
7retransmitting7.416:1634986941037
7retransmitting7.417:1634986941037
7retransmitting7.418:1634986941060
7retransmitting7.419:1634986941062
7retransmitting7.420:1634986941062
7retransmitting7.421:1634986941069
7retransmitting7.422:1634986941069
7retransmitting7.423:1634986941070
7retransmitting7.424:1634986941070
7retransmitting7.425:1634986941070
7retransmitting7.426:1634986941070
7retransmitting7.427:1634986941070
7retransmitting7.428:1634986941071
7retransmitting7.429:1634986941071
7retransmitting7.431:1634986941087
7retransmitting7.430:1634986941087
7retransmitting7.432:1634986941087
7retransmitting7.433:1634986941093
7retransmitting7.434:1634986941093
7retransmitting7.435:1634986941101
7retransmitting7.436:1634986941108
7retransmitting7.437:1634986941119
7retransmitting7.438:1634986941119
7retransmitting7.430:1634986941087
7retransmitting7.436:1634986941108
7retransmitting7.432:1634986941087
7retransmitting7.436:1634986941108
7retransmitting7.429:1634986941071
7retransmitting7.436:1634986941108
7retransmitting7.431:1634986941087
7retransmitting7.431:1634986941087
7retransmitting7.435:1634986941101
7retransmitting7.434:1634986941093
7retransmitting7.429:1634986941071
7retransmitting7.430:1634986941087
7retransmitting7.437:1634986941119
7retransmitting7.430:1634986941087
7retransmitting7.433:1634986941093
7retransmitting7.431:1634986941087
7retransmitting7.437:1634986941119
7retransmitting7.435:1634986941101
7retransmitting7.438:1634986941119
7retransmitting7.432:1634986941087
7retransmitting7.436:1634986941108
7retransmitting7.431:1634986941087
7retransmitting7.437:1634986941119
7retransmitting7.429:1634986941071
7retransmitting7.434:1634986941093
7retransmitting7.436:1634986941108
7retransmitting7.431:1634986941087
7retransmitting7.429:1634986941071
7retransmitting7.432:1634986941087
7retransmitting7.431:1634986941087
7retransmitting7.433:1634986941093
7retransmitting7.433:1634986941093
7retransmitting7.436:1634986941108
7retransmitting7.430:1634986941087
7retransmitting7.436:1634986941108
7retransmitting7.434:1634986941093
7retransmitting7.437:1634986941119
7retransmitting7.432:1634986941087
7retransmitting7.435:1634986941101
7retransmitting7.438:1634986941119
7retransmitting7.429:1634986941071
7retransmitting7.439:1634986941119
7retransmitting7.440:1634986941120
7retransmitting7.441:1634986941120
7retransmitting7.442:1634986941120
7retransmitting7.443:1634986941120
7retransmitting7.444:1634986941120
7retransmitting7.445:1634986941120
7retransmitting7.446:1634986941121
7retransmitting7.448:1634986941121
7retransmitting7.449:1634986941121
7retransmitting7.450:1634986941121
7retransmitting7.451:1634986941121
7retransmitting7.453:1634986941122
7retransmitting7.454:1634986941137
7retransmitting7.455:1634986941168
7retransmitting7.456:1634986941170
7retransmitting7.447:1634986941121
7retransmitting7.452:1634986941122
7retransmitting7.448:1634986941121
7retransmitting7.455:1634986941168
7retransmitting7.454:1634986941137
7retransmitting7.456:1634986941170
7retransmitting7.449:1634986941121
7retransmitting7.451:1634986941121
7retransmitting7.454:1634986941137
7retransmitting7.452:1634986941122
7retransmitting7.455:1634986941168
7retransmitting7.453:1634986941122
7retransmitting7.452:1634986941122
7retransmitting7.450:1634986941121
7retransmitting7.448:1634986941121
7retransmitting7.456:1634986941170
7retransmitting7.447:1634986941121
7retransmitting7.449:1634986941121
7retransmitting7.457:1634986941170
7retransmitting7.458:1634986941602
7retransmitting7.459:1634986941602
7retransmitting7.460:1634986941603
7retransmitting7.461:1634986941603
7retransmitting7.462:1634986941603
7retransmitting7.463:1634986941603
7retransmitting7.464:1634986941604
7retransmitting7.465:1634986941614
7retransmitting7.466:1634986941616
7retransmitting7.467:1634986941616
7retransmitting7.468:1634986941616
7retransmitting7.469:1634986941616
7retransmitting7.470:1634986941617
7retransmitting7.470:1634986941617
7retransmitting7.471:1634986941618
7retransmitting7.472:1634986941620
7retransmitting7.473:1634986941620
7retransmitting7.474:1634986941621
7retransmitting7.475:1634986941621
7retransmitting7.476:1634986941621
7retransmitting7.477:1634986941621
7retransmitting7.476:1634986941621
7retransmitting7.475:1634986941621
7retransmitting7.471:1634986941618
7retransmitting7.478:1634986941621
7retransmitting7.479:1634986941622
7retransmitting7.480:1634986941622
7retransmitting7.481:1634986941651
7retransmitting7.482:1634986941651
7retransmitting7.483:1634986941652
7retransmitting7.484:1634986941653
7retransmitting7.485:1634986941653
7retransmitting7.486:1634986941653
7retransmitting7.487:1634986941653
7retransmitting7.488:1634986941654
7retransmitting7.489:1634986941654
7retransmitting7.490:1634986941654
7retransmitting7.490:1634986941654
7retransmitting7.489:1634986941654
7retransmitting7.491:1634986941668
7retransmitting7.492:1634986941668
7retransmitting7.493:1634986941669
7retransmitting7.494:1634986941669
7retransmitting7.495:1634986941669
7retransmitting7.496:1634986941669
7retransmitting7.497:1634986941669
7retransmitting7.498:1634986941669
7retransmitting7.499:1634986941670
7retransmitting7.499:1634986941670
7retransmitting7.499:1634986941670
Immediately stopping network packet processing.
Writing output.
