My PID: 9624

From a new terminal type `kill -SIGINT 9624` or `kill -SIGTERM 9624` to stop processing packets

My ID: 8

List of resolved hosts is:
==========================
1
Human-readable IP: 127.0.0.1
Human-readable Port: 11001

2
Human-readable IP: 127.0.0.1
Human-readable Port: 11002

3
Human-readable IP: 127.0.0.1
Human-readable Port: 11003

4
Human-readable IP: 127.0.0.1
Human-readable Port: 11004

5
Human-readable IP: 127.0.0.1
Human-readable Port: 11005

6
Human-readable IP: 127.0.0.1
Human-readable Port: 11006

7
Human-readable IP: 127.0.0.1
Human-readable Port: 11007

8
Human-readable IP: 127.0.0.1
Human-readable Port: 11008

9
Human-readable IP: 127.0.0.1
Human-readable Port: 11009


Path to output:
===============
/home/dcl/Desktop/CS451_DistributedAlgorithms/example/stress/proc08.output

Path to config:
===============
../example/stress/config

Doing some initialization

Broadcasting and delivering messages...

8retransmitting8.2:1634986939131
8retransmitting8.6:1634986939154
8retransmitting8.8:1634986939162
8retransmitting8.3:1634986939145
8retransmitting8.9:1634986939170
8retransmitting8.1:1634986939129
8retransmitting8.7:1634986939160
8retransmitting8.0:1634986938918
8retransmitting8.5:1634986939147
8retransmitting8.4:1634986939146
8retransmitting8.10:1634986939184
8retransmitting8.11:1634986939184
8retransmitting8.12:1634986939185
8retransmitting8.13:1634986939185
8retransmitting8.14:1634986939186
8retransmitting8.15:1634986939186
8retransmitting8.16:1634986939186
8retransmitting8.17:1634986939187
8retransmitting8.18:1634986939229
8retransmitting8.19:1634986939229
8retransmitting8.20:1634986939238
8retransmitting8.21:1634986939242
8retransmitting8.30:1634986939717
8retransmitting8.29:1634986939702
8retransmitting8.28:1634986939701
8retransmitting8.22:1634986939242
8retransmitting8.27:1634986939697
8retransmitting8.26:1634986939672
8retransmitting8.25:1634986939671
8retransmitting8.24:1634986939671
8retransmitting8.23:1634986939243
8retransmitting8.28:1634986939701
8retransmitting8.30:1634986939717
8retransmitting8.22:1634986939242
8retransmitting8.23:1634986939243
8retransmitting8.22:1634986939242
8retransmitting8.27:1634986939697
8retransmitting8.24:1634986939671
8retransmitting8.21:1634986939242
8retransmitting8.25:1634986939671
8retransmitting8.26:1634986939672
8retransmitting8.28:1634986939701
8retransmitting8.21:1634986939242
8retransmitting8.30:1634986939717
8retransmitting8.30:1634986939717
8retransmitting8.26:1634986939672
8retransmitting8.29:1634986939702
8retransmitting8.23:1634986939243
8retransmitting8.24:1634986939671
8retransmitting8.25:1634986939671
8retransmitting8.21:1634986939242
8retransmitting8.27:1634986939697
8retransmitting8.22:1634986939242
8retransmitting8.28:1634986939701
8retransmitting8.30:1634986939717
8retransmitting8.31:1634986939717
8retransmitting8.32:1634986939717
8retransmitting8.33:1634986939718
8retransmitting8.34:1634986939729
8retransmitting8.35:1634986939735
8retransmitting8.36:1634986939746
8retransmitting8.37:1634986939746
8retransmitting8.38:1634986939749
8retransmitting8.39:1634986939750
8retransmitting8.40:1634986939755
8retransmitting8.42:1634986939766
8retransmitting8.43:1634986939770
8retransmitting8.44:1634986939778
8retransmitting8.41:1634986939765
8retransmitting8.45:1634986939782
8retransmitting8.36:1634986939746
8retransmitting8.41:1634986939765
8retransmitting8.36:1634986939746
8retransmitting8.39:1634986939750
8retransmitting8.46:1634986939784
8retransmitting8.47:1634986939785
8retransmitting8.48:1634986939785
8retransmitting8.49:1634986939786
8retransmitting8.50:1634986939797
8retransmitting8.51:1634986939798
8retransmitting8.52:1634986939798
8retransmitting8.53:1634986939798
8retransmitting8.54:1634986939799
8retransmitting8.55:1634986939800
8retransmitting8.56:1634986939800
8retransmitting8.57:1634986939801
8retransmitting8.58:1634986939802
8retransmitting8.59:1634986939803
8retransmitting8.60:1634986939803
8retransmitting8.61:1634986939803
8retransmitting8.62:1634986939814
8retransmitting8.63:1634986939815
8retransmitting8.60:1634986939803
8retransmitting8.62:1634986939814
8retransmitting8.64:1634986939815
8retransmitting8.65:1634986939816
8retransmitting8.66:1634986939816
8retransmitting8.67:1634986939816
8retransmitting8.68:1634986939817
8retransmitting8.65:1634986939816
8retransmitting8.63:1634986939815
8retransmitting8.69:1634986939817
8retransmitting8.70:1634986939817
8retransmitting8.71:1634986939817
8retransmitting8.72:1634986939818
8retransmitting8.73:1634986939818
8retransmitting8.74:1634986939828
8retransmitting8.75:1634986939829
8retransmitting8.76:1634986939830
8retransmitting8.77:1634986939830
8retransmitting8.78:1634986939831
8retransmitting8.79:1634986939832
8retransmitting8.81:1634986939833
8retransmitting8.82:1634986939833
8retransmitting8.83:1634986939845
8retransmitting8.84:1634986939846
8retransmitting8.85:1634986939851
8retransmitting8.87:1634986939852
8retransmitting8.80:1634986939832
8retransmitting8.86:1634986939851
8retransmitting8.86:1634986939851
8retransmitting8.88:1634986939852
8retransmitting8.89:1634986939852
8retransmitting8.90:1634986939852
8retransmitting8.91:1634986939853
8retransmitting8.92:1634986939853
8retransmitting8.93:1634986939853
8retransmitting8.94:1634986939853
8retransmitting8.95:1634986939854
8retransmitting8.96:1634986939862
8retransmitting8.97:1634986939864
8retransmitting8.98:1634986939865
8retransmitting8.99:1634986939865
8retransmitting8.100:1634986939865
8retransmitting8.101:1634986939865
8retransmitting8.102:1634986939866
8retransmitting8.102:1634986939866
8retransmitting8.103:1634986939866
8retransmitting8.102:1634986939866
8retransmitting8.104:1634986939866
8retransmitting8.98:1634986939865
8retransmitting8.103:1634986939866
8retransmitting8.97:1634986939864
8retransmitting8.100:1634986939865
8retransmitting8.105:1634986939867
8retransmitting8.99:1634986939865
8retransmitting8.101:1634986939865
8retransmitting8.102:1634986939866
8retransmitting8.104:1634986939866
8retransmitting8.98:1634986939865
8retransmitting8.97:1634986939864
8retransmitting8.103:1634986939866
8retransmitting8.106:1634986939867
8retransmitting8.105:1634986939867
8retransmitting8.102:1634986939866
8retransmitting8.98:1634986939865
8retransmitting8.106:1634986939867
8retransmitting8.98:1634986939865
8retransmitting8.97:1634986939864
8retransmitting8.107:1634986939871
8retransmitting8.108:1634986939871
8retransmitting8.109:1634986939872
8retransmitting8.110:1634986939872
8retransmitting8.111:1634986939872
8retransmitting8.112:1634986939873
8retransmitting8.113:1634986939874
8retransmitting8.114:1634986939883
8retransmitting8.115:1634986939883
8retransmitting8.116:1634986939884
8retransmitting8.117:1634986939884
8retransmitting8.118:1634986939885
8retransmitting8.120:1634986939886
8retransmitting8.121:1634986939887
8retransmitting8.119:1634986939886
8retransmitting8.122:1634986939887
8retransmitting8.123:1634986939888
8retransmitting8.124:1634986939901
8retransmitting8.125:1634986939911
8retransmitting8.126:1634986939919
8retransmitting8.127:1634986939919
8retransmitting8.128:1634986939937
8retransmitting8.129:1634986939937
8retransmitting8.130:1634986939937
8retransmitting8.131:1634986939937
8retransmitting8.132:1634986939938
8retransmitting8.133:1634986939938
8retransmitting8.134:1634986939938
8retransmitting8.135:1634986939938
8retransmitting8.135:1634986939938
8retransmitting8.136:1634986939938
8retransmitting8.137:1634986939955
8retransmitting8.136:1634986939938
8retransmitting8.138:1634986939960
8retransmitting8.137:1634986939955
8retransmitting8.132:1634986939938
8retransmitting8.136:1634986939938
8retransmitting8.135:1634986939938
8retransmitting8.135:1634986939938
8retransmitting8.134:1634986939938
8retransmitting8.129:1634986939937
8retransmitting8.139:1634986939961
8retransmitting8.140:1634986939967
8retransmitting8.141:1634986939968
8retransmitting8.142:1634986939968
8retransmitting8.143:1634986939968
8retransmitting8.144:1634986939979
8retransmitting8.145:1634986939981
8retransmitting8.146:1634986939981
8retransmitting8.147:1634986939981
8retransmitting8.148:1634986939981
8retransmitting8.149:1634986939982
8retransmitting8.150:1634986939982
8retransmitting8.151:1634986939982
8retransmitting8.149:1634986939982
8retransmitting8.150:1634986939982
8retransmitting8.144:1634986939979
8retransmitting8.152:1634986939982
8retransmitting8.146:1634986939981
8retransmitting8.151:1634986939982
8retransmitting8.144:1634986939979
8retransmitting8.151:1634986939982
8retransmitting8.145:1634986939981
8retransmitting8.153:1634986939982
8retransmitting8.154:1634986939983
8retransmitting8.155:1634986939983
8retransmitting8.156:1634986939983
8retransmitting8.157:1634986939983
8retransmitting8.158:1634986939983
8retransmitting8.159:1634986939984
8retransmitting8.160:1634986939984
8retransmitting8.161:1634986939984
8retransmitting8.162:1634986939984
8retransmitting8.163:1634986939985
8retransmitting8.164:1634986939985
8retransmitting8.165:1634986939985
8retransmitting8.166:1634986939985
8retransmitting8.167:1634986939985
8retransmitting8.168:1634986939986
8retransmitting8.169:1634986939986
8retransmitting8.170:1634986939986
8retransmitting8.171:1634986939986
8retransmitting8.171:1634986939986
8retransmitting8.172:1634986939987
8retransmitting8.169:1634986939986
8retransmitting8.173:1634986939987
8retransmitting8.174:1634986940002
8retransmitting8.168:1634986939986
8retransmitting8.176:1634986940031
8retransmitting8.171:1634986939986
8retransmitting8.177:1634986940031
8retransmitting8.178:1634986940032
8retransmitting8.175:1634986940016
8retransmitting8.179:1634986940032
8retransmitting8.180:1634986940037
8retransmitting8.181:1634986940037
8retransmitting8.182:1634986940054
8retransmitting8.183:1634986940065
8retransmitting8.184:1634986940066
8retransmitting8.185:1634986940071
8retransmitting8.186:1634986940078
8retransmitting8.187:1634986940080
8retransmitting8.188:1634986940080
8retransmitting8.189:1634986940082
8retransmitting8.190:1634986940083
8retransmitting8.191:1634986940086
8retransmitting8.192:1634986940087
8retransmitting8.193:1634986940088
8retransmitting8.194:1634986940111
8retransmitting8.195:1634986940113
8retransmitting8.196:1634986940522
8retransmitting8.197:1634986940535
8retransmitting8.198:1634986940536
8retransmitting8.199:1634986940536
8retransmitting8.200:1634986940536
8retransmitting8.201:1634986940537
8retransmitting8.202:1634986940537
8retransmitting8.203:1634986940538
8retransmitting8.204:1634986940551
8retransmitting8.205:1634986940552
8retransmitting8.206:1634986940559
8retransmitting8.207:1634986940560
8retransmitting8.208:1634986940560
8retransmitting8.209:1634986940561
8retransmitting8.210:1634986940561
8retransmitting8.211:1634986940561
8retransmitting8.212:1634986940561
8retransmitting8.213:1634986940562
8retransmitting8.214:1634986940562
8retransmitting8.215:1634986940562
8retransmitting8.216:1634986940562
8retransmitting8.217:1634986940563
8retransmitting8.218:1634986940571
8retransmitting8.219:1634986940571
8retransmitting8.220:1634986940576
8retransmitting8.221:1634986940577
8retransmitting8.222:1634986940577
8retransmitting8.223:1634986940578
8retransmitting8.224:1634986940578
8retransmitting8.225:1634986940579
8retransmitting8.226:1634986940579
8retransmitting8.227:1634986940579
8retransmitting8.228:1634986940580
8retransmitting8.225:1634986940579
8retransmitting8.227:1634986940579
8retransmitting8.226:1634986940579
8retransmitting8.228:1634986940580
8retransmitting8.229:1634986940580
8retransmitting8.227:1634986940579
8retransmitting8.230:1634986940580
8retransmitting8.231:1634986940581
8retransmitting8.224:1634986940578
8retransmitting8.224:1634986940578
8retransmitting8.225:1634986940579
8retransmitting8.223:1634986940578
8retransmitting8.231:1634986940581
8retransmitting8.230:1634986940580
8retransmitting8.223:1634986940578
8retransmitting8.226:1634986940579
8retransmitting8.222:1634986940577
8retransmitting8.229:1634986940580
8retransmitting8.223:1634986940578
8retransmitting8.231:1634986940581
8retransmitting8.222:1634986940577
8retransmitting8.227:1634986940579
8retransmitting8.225:1634986940579
8retransmitting8.224:1634986940578
8retransmitting8.226:1634986940579
8retransmitting8.228:1634986940580
8retransmitting8.223:1634986940578
8retransmitting8.226:1634986940579
8retransmitting8.227:1634986940579
8retransmitting8.231:1634986940581
8retransmitting8.224:1634986940578
8retransmitting8.230:1634986940580
8retransmitting8.232:1634986940581
8retransmitting8.233:1634986940581
8retransmitting8.234:1634986940581
8retransmitting8.235:1634986940582
8retransmitting8.236:1634986940582
8retransmitting8.237:1634986940582
8retransmitting8.238:1634986940582
8retransmitting8.239:1634986940583
8retransmitting8.240:1634986940595
8retransmitting8.241:1634986940596
8retransmitting8.242:1634986940596
8retransmitting8.243:1634986940597
8retransmitting8.244:1634986940597
8retransmitting8.245:1634986940597
8retransmitting8.246:1634986940598
8retransmitting8.247:1634986940598
8retransmitting8.248:1634986940598
8retransmitting8.247:1634986940598
8retransmitting8.249:1634986940599
8retransmitting8.250:1634986940599
8retransmitting8.251:1634986940599
8retransmitting8.245:1634986940597
8retransmitting8.246:1634986940598
8retransmitting8.248:1634986940598
8retransmitting8.252:1634986940599
8retransmitting8.243:1634986940597
8retransmitting8.247:1634986940598
8retransmitting8.247:1634986940598
8retransmitting8.244:1634986940597
8retransmitting8.248:1634986940598
8retransmitting8.252:1634986940599
8retransmitting8.247:1634986940598
8retransmitting8.245:1634986940597
8retransmitting8.249:1634986940599
8retransmitting8.248:1634986940598
8retransmitting8.245:1634986940597
8retransmitting8.246:1634986940598
8retransmitting8.252:1634986940599
8retransmitting8.251:1634986940599
8retransmitting8.247:1634986940598
8retransmitting8.243:1634986940597
8retransmitting8.244:1634986940597
8retransmitting8.250:1634986940599
8retransmitting8.249:1634986940599
8retransmitting8.246:1634986940598
8retransmitting8.247:1634986940598
8retransmitting8.247:1634986940598
8retransmitting8.245:1634986940597
8retransmitting8.244:1634986940597
8retransmitting8.243:1634986940597
8retransmitting8.252:1634986940599
8retransmitting8.248:1634986940598
8retransmitting8.249:1634986940599
8retransmitting8.246:1634986940598
8retransmitting8.251:1634986940599
8retransmitting8.252:1634986940599
8retransmitting8.249:1634986940599
8retransmitting8.246:1634986940598
8retransmitting8.250:1634986940599
8retransmitting8.249:1634986940599
8retransmitting8.251:1634986940599
8retransmitting8.247:1634986940598
8retransmitting8.252:1634986940599
8retransmitting8.247:1634986940598
8retransmitting8.243:1634986940597
8retransmitting8.249:1634986940599
8retransmitting8.253:1634986940600
8retransmitting8.254:1634986940600
8retransmitting8.255:1634986940600
8retransmitting8.256:1634986940601
8retransmitting8.257:1634986940601
8retransmitting8.258:1634986940635
8retransmitting8.262:1634986940636
8retransmitting8.261:1634986940636
8retransmitting8.260:1634986940636
8retransmitting8.259:1634986940635
8retransmitting8.263:1634986940636
8retransmitting8.264:1634986940636
8retransmitting8.265:1634986940637
8retransmitting8.266:1634986940637
8retransmitting8.267:1634986940667
8retransmitting8.268:1634986940667
8retransmitting8.269:1634986940667
8retransmitting8.270:1634986940668
8retransmitting8.271:1634986940668
8retransmitting8.272:1634986940668
8retransmitting8.273:1634986940668
8retransmitting8.274:1634986940669
8retransmitting8.275:1634986940669
8retransmitting8.276:1634986940669
8retransmitting8.277:1634986940669
8retransmitting8.278:1634986940681
8retransmitting8.279:1634986940681
8retransmitting8.280:1634986940682
8retransmitting8.281:1634986940682
8retransmitting8.282:1634986940682
8retransmitting8.280:1634986940682
8retransmitting8.283:1634986940682
8retransmitting8.283:1634986940682
8retransmitting8.284:1634986940682
8retransmitting8.281:1634986940682
8retransmitting8.285:1634986940683
8retransmitting8.281:1634986940682
8retransmitting8.286:1634986940683
8retransmitting8.287:1634986940683
8retransmitting8.286:1634986940683
8retransmitting8.288:1634986940683
8retransmitting8.289:1634986940683
8retransmitting8.280:1634986940682
8retransmitting8.284:1634986940682
8retransmitting8.284:1634986940682
8retransmitting8.283:1634986940682
8retransmitting8.286:1634986940683
8retransmitting8.283:1634986940682
8retransmitting8.282:1634986940682
8retransmitting8.289:1634986940683
8retransmitting8.281:1634986940682
8retransmitting8.285:1634986940683
8retransmitting8.290:1634986940684
8retransmitting8.291:1634986940684
8retransmitting8.292:1634986940684
8retransmitting8.293:1634986940684
8retransmitting8.294:1634986940685
8retransmitting8.295:1634986940685
8retransmitting8.296:1634986940685
8retransmitting8.297:1634986940685
8retransmitting8.298:1634986940717
8retransmitting8.299:1634986940718
8retransmitting8.300:1634986940718
8retransmitting8.301:1634986940718
8retransmitting8.302:1634986940718
8retransmitting8.303:1634986940718
8retransmitting8.304:1634986940719
8retransmitting8.305:1634986940719
8retransmitting8.306:1634986940719
8retransmitting8.307:1634986940719
8retransmitting8.308:1634986940719
8retransmitting8.309:1634986940720
8retransmitting8.310:1634986940819
8retransmitting8.311:1634986940819
8retransmitting8.312:1634986940820
8retransmitting8.313:1634986940820
8retransmitting8.314:1634986940820
8retransmitting8.313:1634986940820
8retransmitting8.315:1634986940820
8retransmitting8.315:1634986940820
8retransmitting8.316:1634986940820
8retransmitting8.317:1634986940821
8retransmitting8.318:1634986940821
8retransmitting8.319:1634986940821
8retransmitting8.320:1634986940821
8retransmitting8.321:1634986940821
8retransmitting8.322:1634986940821
8retransmitting8.323:1634986940822
8retransmitting8.324:1634986940822
8retransmitting8.325:1634986940822
8retransmitting8.326:1634986940853
8retransmitting8.327:1634986940853
8retransmitting8.327:1634986940853
8retransmitting8.328:1634986940853
8retransmitting8.324:1634986940822
8retransmitting8.330:1634986940854
8retransmitting8.331:1634986940854
8retransmitting8.329:1634986940853
8retransmitting8.326:1634986940853
8retransmitting8.333:1634986940854
8retransmitting8.332:1634986940854
8retransmitting8.328:1634986940853
8retransmitting8.325:1634986940822
8retransmitting8.328:1634986940853
8retransmitting8.332:1634986940854
8retransmitting8.324:1634986940822
8retransmitting8.326:1634986940853
8retransmitting8.328:1634986940853
8retransmitting8.331:1634986940854
8retransmitting8.329:1634986940853
8retransmitting8.331:1634986940854
8retransmitting8.334:1634986940854
8retransmitting8.335:1634986940854
8retransmitting8.336:1634986940855
8retransmitting8.337:1634986940855
8retransmitting8.338:1634986940855
8retransmitting8.339:1634986940856
8retransmitting8.340:1634986940856
8retransmitting8.341:1634986940867
8retransmitting8.342:1634986940868
8retransmitting8.343:1634986940868
8retransmitting8.343:1634986940868
8retransmitting8.344:1634986940868
8retransmitting8.345:1634986940868
8retransmitting8.346:1634986940868
8retransmitting8.345:1634986940868
8retransmitting8.347:1634986940868
8retransmitting8.348:1634986940869
8retransmitting8.349:1634986940869
8retransmitting8.350:1634986940869
8retransmitting8.351:1634986940869
8retransmitting8.352:1634986940869
8retransmitting8.353:1634986940869
8retransmitting8.354:1634986940874
8retransmitting8.355:1634986940875
8retransmitting8.356:1634986940885
8retransmitting8.357:1634986940886
8retransmitting8.358:1634986940886
8retransmitting8.359:1634986940886
8retransmitting8.360:1634986940886
8retransmitting8.361:1634986940893
8retransmitting8.362:1634986940894
8retransmitting8.363:1634986940895
8retransmitting8.364:1634986940895
8retransmitting8.365:1634986941454
8retransmitting8.366:1634986941454
8retransmitting8.367:1634986941454
8retransmitting8.368:1634986941455
8retransmitting8.369:1634986941455
8retransmitting8.370:1634986941471
8retransmitting8.371:1634986941472
8retransmitting8.372:1634986941473
8retransmitting8.373:1634986941473
8retransmitting8.374:1634986941474
8retransmitting8.375:1634986941481
8retransmitting8.376:1634986941481
8retransmitting8.373:1634986941473
8retransmitting8.370:1634986941471
8retransmitting8.367:1634986941454
8retransmitting8.374:1634986941474
8retransmitting8.373:1634986941473
8retransmitting8.373:1634986941473
8retransmitting8.368:1634986941455
8retransmitting8.369:1634986941455
8retransmitting8.369:1634986941455
8retransmitting8.374:1634986941474
8retransmitting8.368:1634986941455
8retransmitting8.376:1634986941481
8retransmitting8.367:1634986941454
8retransmitting8.375:1634986941481
8retransmitting8.368:1634986941455
8retransmitting8.372:1634986941473
8retransmitting8.371:1634986941472
8retransmitting8.370:1634986941471
8retransmitting8.373:1634986941473
8retransmitting8.368:1634986941455
8retransmitting8.375:1634986941481
8retransmitting8.367:1634986941454
8retransmitting8.376:1634986941481
8retransmitting8.371:1634986941472
8retransmitting8.372:1634986941473
8retransmitting8.370:1634986941471
8retransmitting8.374:1634986941474
8retransmitting8.369:1634986941455
8retransmitting8.371:1634986941472
8retransmitting8.371:1634986941472
8retransmitting8.373:1634986941473
8retransmitting8.368:1634986941455
8retransmitting8.372:1634986941473
8retransmitting8.375:1634986941481
8retransmitting8.370:1634986941471
8retransmitting8.374:1634986941474
8retransmitting8.376:1634986941481
8retransmitting8.369:1634986941455
8retransmitting8.373:1634986941473
8retransmitting8.374:1634986941474
8retransmitting8.375:1634986941481
8retransmitting8.370:1634986941471
8retransmitting8.375:1634986941481
8retransmitting8.368:1634986941455
8retransmitting8.367:1634986941454
8retransmitting8.374:1634986941474
8retransmitting8.373:1634986941473
8retransmitting8.369:1634986941455
8retransmitting8.368:1634986941455
8retransmitting8.377:1634986941481
8retransmitting8.378:1634986941481
8retransmitting8.378:1634986941481
8retransmitting8.379:1634986941481
8retransmitting8.380:1634986941481
8retransmitting8.381:1634986941482
8retransmitting8.382:1634986941482
8retransmitting8.383:1634986941527
8retransmitting8.384:1634986941528
8retransmitting8.385:1634986941528
8retransmitting8.386:1634986941534
8retransmitting8.387:1634986941535
8retransmitting8.377:1634986941481
8retransmitting8.388:1634986941535
8retransmitting8.389:1634986941535
8retransmitting8.390:1634986941535
8retransmitting8.391:1634986941536
8retransmitting8.392:1634986941536
8retransmitting8.393:1634986941536
8retransmitting8.394:1634986941548
8retransmitting8.395:1634986941548
8retransmitting8.396:1634986941549
8retransmitting8.397:1634986941549
8retransmitting8.398:1634986941580
8retransmitting8.400:1634986941581
8retransmitting8.401:1634986941581
8retransmitting8.399:1634986941580
8retransmitting8.402:1634986941581
8retransmitting8.403:1634986941581
8retransmitting8.404:1634986941582
8retransmitting8.405:1634986941582
8retransmitting8.401:1634986941581
8retransmitting8.401:1634986941581
8retransmitting8.398:1634986941580
8retransmitting8.398:1634986941580
8retransmitting8.396:1634986941549
8retransmitting8.399:1634986941580
8retransmitting8.403:1634986941581
8retransmitting8.403:1634986941581
8retransmitting8.398:1634986941580
8retransmitting8.399:1634986941580
8retransmitting8.401:1634986941581
8retransmitting8.399:1634986941580
8retransmitting8.400:1634986941581
8retransmitting8.404:1634986941582
8retransmitting8.405:1634986941582
8retransmitting8.397:1634986941549
8retransmitting8.402:1634986941581
8retransmitting8.396:1634986941549
8retransmitting8.398:1634986941580
8retransmitting8.398:1634986941580
8retransmitting8.397:1634986941549
8retransmitting8.406:1634986941582
8retransmitting8.407:1634986941582
8retransmitting8.408:1634986941599
8retransmitting8.409:1634986941599
8retransmitting8.410:1634986941600
8retransmitting8.411:1634986941600
8retransmitting8.412:1634986941600
8retransmitting8.413:1634986941600
8retransmitting8.413:1634986941600
8retransmitting8.410:1634986941600
8retransmitting8.414:1634986941600
8retransmitting8.410:1634986941600
8retransmitting8.407:1634986941582
8retransmitting8.415:1634986941600
8retransmitting8.416:1634986941600
8retransmitting8.417:1634986941601
8retransmitting8.418:1634986941601
8retransmitting8.419:1634986941601
8retransmitting8.420:1634986941601
8retransmitting8.421:1634986941601
8retransmitting8.422:1634986941601
8retransmitting8.423:1634986941601
8retransmitting8.424:1634986941602
8retransmitting8.425:1634986945456
8retransmitting8.426:1634986945464
8retransmitting8.427:1634986945464
8retransmitting8.428:1634986945465
8retransmitting8.429:1634986945465
8retransmitting8.430:1634986945466
8retransmitting8.431:1634986945467
8retransmitting8.432:1634986945471
8retransmitting8.433:1634986945472
8retransmitting8.434:1634986945477
8retransmitting8.435:1634986945477
8retransmitting8.436:1634986945478
8retransmitting8.437:1634986945483
8retransmitting8.438:1634986945485
8retransmitting8.438:1634986945485
8retransmitting8.439:1634986945485
8retransmitting8.440:1634986945485
8retransmitting8.441:1634986945485
8retransmitting8.442:1634986945486
8retransmitting8.443:1634986945486
8retransmitting8.444:1634986945486
8retransmitting8.445:1634986945486
8retransmitting8.446:1634986945486
8retransmitting8.447:1634986945487
8retransmitting8.448:1634986945487
8retransmitting8.450:1634986945487
8retransmitting8.449:1634986945487
8retransmitting8.451:1634986945487
8retransmitting8.452:1634986945487
8retransmitting8.453:1634986945488
8retransmitting8.454:1634986945488
8retransmitting8.455:1634986945488
8retransmitting8.449:1634986945487
8retransmitting8.455:1634986945488
8retransmitting8.451:1634986945487
8retransmitting8.446:1634986945486
8retransmitting8.449:1634986945487
8retransmitting8.456:1634986945489
8retransmitting8.457:1634986945489
8retransmitting8.458:1634986945499
8retransmitting8.459:1634986945500
8retransmitting8.460:1634986945500
8retransmitting8.461:1634986945500
8retransmitting8.462:1634986945500
8retransmitting8.463:1634986945500
8retransmitting8.464:1634986945500
8retransmitting8.465:1634986945500
8retransmitting8.463:1634986945500
8retransmitting8.465:1634986945500
8retransmitting8.466:1634986945501
8retransmitting8.463:1634986945500
8retransmitting8.467:1634986945501
8retransmitting8.468:1634986945501
8retransmitting8.462:1634986945500
8retransmitting8.466:1634986945501
8retransmitting8.462:1634986945500
8retransmitting8.469:1634986945501
8retransmitting8.470:1634986945501
8retransmitting8.471:1634986945501
8retransmitting8.472:1634986945501
8retransmitting8.473:1634986945501
8retransmitting8.474:1634986945502
8retransmitting8.475:1634986945502
8retransmitting8.476:1634986945502
8retransmitting8.471:1634986945501
8retransmitting8.469:1634986945501
8retransmitting8.473:1634986945501
8retransmitting8.477:1634986945502
8retransmitting8.469:1634986945501
8retransmitting8.477:1634986945502
8retransmitting8.475:1634986945502
8retransmitting8.477:1634986945502
8retransmitting8.472:1634986945501
8retransmitting8.469:1634986945501
8retransmitting8.477:1634986945502
8retransmitting8.474:1634986945502
8retransmitting8.477:1634986945502
8retransmitting8.470:1634986945501
8retransmitting8.473:1634986945501
8retransmitting8.474:1634986945502
8retransmitting8.471:1634986945501
8retransmitting8.478:1634986945502
8retransmitting8.476:1634986945502
8retransmitting8.476:1634986945502
8retransmitting8.472:1634986945501
8retransmitting8.469:1634986945501
8retransmitting8.476:1634986945502
8retransmitting8.475:1634986945502
8retransmitting8.477:1634986945502
8retransmitting8.473:1634986945501
8retransmitting8.478:1634986945502
8retransmitting8.472:1634986945501
8retransmitting8.475:1634986945502
8retransmitting8.471:1634986945501
8retransmitting8.478:1634986945502
8retransmitting8.470:1634986945501
8retransmitting8.478:1634986945502
8retransmitting8.469:1634986945501
8retransmitting8.474:1634986945502
8retransmitting8.477:1634986945502
8retransmitting8.476:1634986945502
8retransmitting8.472:1634986945501
8retransmitting8.473:1634986945501
8retransmitting8.471:1634986945501
8retransmitting8.479:1634986945502
8retransmitting8.480:1634986945502
8retransmitting8.481:1634986945502
8retransmitting8.482:1634986945503
8retransmitting8.483:1634986945503
8retransmitting8.484:1634986945503
8retransmitting8.485:1634986945503
8retransmitting8.486:1634986945503
8retransmitting8.487:1634986945503
8retransmitting8.488:1634986945503
8retransmitting8.489:1634986945503
8retransmitting8.490:1634986945504
8retransmitting8.491:1634986945504
8retransmitting8.492:1634986945504
8retransmitting8.493:1634986945504
8retransmitting8.494:1634986945504
8retransmitting8.495:1634986945505
8retransmitting8.497:1634986945515
8retransmitting8.498:1634986945516
8retransmitting8.499:1634986945516
8retransmitting8.496:1634986945515
Immediately stopping network packet processing.
Writing output.
