My PID: 9614

From a new terminal type `kill -SIGINT 9614` or `kill -SIGTERM 9614` to stop processing packets

My ID: 6

List of resolved hosts is:
==========================
1
Human-readable IP: 127.0.0.1
Human-readable Port: 11001

2
Human-readable IP: 127.0.0.1
Human-readable Port: 11002

3
Human-readable IP: 127.0.0.1
Human-readable Port: 11003

4
Human-readable IP: 127.0.0.1
Human-readable Port: 11004

5
Human-readable IP: 127.0.0.1
Human-readable Port: 11005

6
Human-readable IP: 127.0.0.1
Human-readable Port: 11006

7
Human-readable IP: 127.0.0.1
Human-readable Port: 11007

8
Human-readable IP: 127.0.0.1
Human-readable Port: 11008

9
Human-readable IP: 127.0.0.1
Human-readable Port: 11009


Path to output:
===============
/home/dcl/Desktop/CS451_DistributedAlgorithms/example/stress/proc06.output

Path to config:
===============
../example/stress/config

Doing some initialization

Broadcasting and delivering messages...

6retransmitting6.6:1634986937801
6retransmitting6.3:1634986937765
6retransmitting6.1:1634986937731
6retransmitting6.4:1634986937771
6retransmitting6.8:1634986937830
6retransmitting6.0:1634986937453
6retransmitting6.5:1634986937788
6retransmitting6.9:1634986937837
6retransmitting6.7:1634986937817
6retransmitting6.2:1634986937745
6retransmitting6.1:1634986937731
6retransmitting6.0:1634986937453
6retransmitting6.2:1634986937745
6retransmitting6.0:1634986937453
6retransmitting6.9:1634986937837
6retransmitting6.1:1634986937731
6retransmitting6.10:1634986937882
6retransmitting6.11:1634986937896
6retransmitting6.12:1634986937904
6retransmitting6.13:1634986937905
6retransmitting6.14:1634986937905
6retransmitting6.15:1634986937906
6retransmitting6.16:1634986937972
6retransmitting6.17:1634986938062
6retransmitting6.18:1634986938079
6retransmitting6.19:1634986938110
6retransmitting6.20:1634986938181
6retransmitting6.21:1634986938182
6retransmitting6.22:1634986938186
6retransmitting6.19:1634986938110
6retransmitting6.23:1634986938187
6retransmitting6.22:1634986938186
6retransmitting6.16:1634986937972
6retransmitting6.20:1634986938181
6retransmitting6.25:1634986938200
6retransmitting6.24:1634986938200
6retransmitting6.17:1634986938062
6retransmitting6.22:1634986938186
6retransmitting6.26:1634986938201
6retransmitting6.27:1634986938216
6retransmitting6.28:1634986938266
6retransmitting6.29:1634986938270
6retransmitting6.25:1634986938200
6retransmitting6.27:1634986938216
6retransmitting6.28:1634986938266
6retransmitting6.30:1634986938334
6retransmitting6.28:1634986938266
6retransmitting6.29:1634986938270
6retransmitting6.31:1634986938335
6retransmitting6.32:1634986938336
6retransmitting6.33:1634986938382
6retransmitting6.34:1634986938395
6retransmitting6.35:1634986938397
6retransmitting6.37:1634986938629
6retransmitting6.38:1634986938642
6retransmitting6.36:1634986938410
6retransmitting6.39:1634986938652
6retransmitting6.40:1634986938655
6retransmitting6.41:1634986938656
6retransmitting6.42:1634986938657
6retransmitting6.43:1634986938658
6retransmitting6.44:1634986938671
6retransmitting6.45:1634986938684
6retransmitting6.46:1634986938684
6retransmitting6.47:1634986938699
6retransmitting6.48:1634986938700
6retransmitting6.49:1634986938701
6retransmitting6.50:1634986938702
6retransmitting6.51:1634986938702
6retransmitting6.52:1634986938704
6retransmitting6.53:1634986938709
6retransmitting6.61:1634986938769
6retransmitting6.60:1634986938747
6retransmitting6.59:1634986938746
6retransmitting6.58:1634986938740
6retransmitting6.57:1634986938739
6retransmitting6.56:1634986938733
6retransmitting6.55:1634986938733
6retransmitting6.54:1634986938725
6retransmitting6.59:1634986938746
6retransmitting6.59:1634986938746
6retransmitting6.52:1634986938704
6retransmitting6.53:1634986938709
6retransmitting6.53:1634986938709
6retransmitting6.56:1634986938733
6retransmitting6.53:1634986938709
6retransmitting6.60:1634986938747
6retransmitting6.53:1634986938709
6retransmitting6.57:1634986938739
6retransmitting6.66:1634986938789
6retransmitting6.65:1634986938788
6retransmitting6.64:1634986938788
6retransmitting6.63:1634986938780
6retransmitting6.62:1634986938779
6retransmitting6.67:1634986938790
6retransmitting6.61:1634986938769
6retransmitting6.69:1634986938797
6retransmitting6.68:1634986938795
6retransmitting6.70:1634986938798
6retransmitting6.71:1634986938798
6retransmitting6.72:1634986938799
6retransmitting6.73:1634986938810
6retransmitting6.74:1634986938811
6retransmitting6.75:1634986938812
6retransmitting6.76:1634986938812
6retransmitting6.77:1634986938814
6retransmitting6.78:1634986938815
6retransmitting6.79:1634986938821
6retransmitting6.80:1634986938821
6retransmitting6.81:1634986938822
6retransmitting6.82:1634986938823
6retransmitting6.83:1634986938836
6retransmitting6.84:1634986938837
6retransmitting6.85:1634986938837
6retransmitting6.87:1634986938838
6retransmitting6.86:1634986938837
6retransmitting6.95:1634986938850
6retransmitting6.94:1634986938850
6retransmitting6.93:1634986938850
6retransmitting6.92:1634986938839
6retransmitting6.91:1634986938839
6retransmitting6.90:1634986938838
6retransmitting6.89:1634986938838
6retransmitting6.88:1634986938838
6retransmitting6.96:1634986938857
6retransmitting6.97:1634986938860
6retransmitting6.98:1634986938862
6retransmitting6.99:1634986938866
6retransmitting6.100:1634986938874
6retransmitting6.101:1634986938890
6retransmitting6.102:1634986938900
6retransmitting6.103:1634986938902
6retransmitting6.104:1634986938904
6retransmitting6.105:1634986938906
6retransmitting6.106:1634986938907
6retransmitting6.107:1634986938917
6retransmitting6.108:1634986938918
6retransmitting6.109:1634986938918
6retransmitting6.110:1634986938919
6retransmitting6.111:1634986938919
6retransmitting6.112:1634986938920
6retransmitting6.113:1634986938934
6retransmitting6.114:1634986938934
6retransmitting6.115:1634986938934
6retransmitting6.117:1634986938935
6retransmitting6.118:1634986939436
6retransmitting6.119:1634986939436
6retransmitting6.120:1634986939436
6retransmitting6.121:1634986939437
6retransmitting6.122:1634986939461
6retransmitting6.120:1634986939436
6retransmitting6.116:1634986938935
6retransmitting6.123:1634986939461
6retransmitting6.124:1634986939462
6retransmitting6.125:1634986939462
6retransmitting6.126:1634986939463
6retransmitting6.127:1634986939480
6retransmitting6.128:1634986939480
6retransmitting6.129:1634986939480
6retransmitting6.130:1634986939481
6retransmitting6.131:1634986939481
6retransmitting6.132:1634986939482
6retransmitting6.127:1634986939480
6retransmitting6.126:1634986939463
6retransmitting6.133:1634986939482
6retransmitting6.129:1634986939480
6retransmitting6.130:1634986939481
6retransmitting6.133:1634986939482
6retransmitting6.134:1634986939494
6retransmitting6.135:1634986939494
6retransmitting6.135:1634986939494
6retransmitting6.134:1634986939494
6retransmitting6.130:1634986939481
6retransmitting6.136:1634986939494
6retransmitting6.137:1634986939503
6retransmitting6.138:1634986939504
6retransmitting6.139:1634986939504
6retransmitting6.140:1634986939505
6retransmitting6.141:1634986939505
6retransmitting6.142:1634986939506
6retransmitting6.143:1634986939539
6retransmitting6.144:1634986939554
6retransmitting6.145:1634986939555
6retransmitting6.146:1634986939563
6retransmitting6.142:1634986939506
6retransmitting6.147:1634986939563
6retransmitting6.143:1634986939539
6retransmitting6.148:1634986939563
6retransmitting6.149:1634986939564
6retransmitting6.150:1634986939564
6retransmitting6.151:1634986939564
6retransmitting6.152:1634986939564
6retransmitting6.153:1634986939565
6retransmitting6.154:1634986939568
6retransmitting6.155:1634986939568
6retransmitting6.156:1634986939573
6retransmitting6.157:1634986939576
6retransmitting6.158:1634986939577
6retransmitting6.159:1634986939600
6retransmitting6.160:1634986939601
6retransmitting6.161:1634986939601
6retransmitting6.163:1634986939602
6retransmitting6.162:1634986939602
6retransmitting6.164:1634986939602
6retransmitting6.165:1634986939603
6retransmitting6.166:1634986939630
6retransmitting6.167:1634986939634
6retransmitting6.168:1634986939634
6retransmitting6.169:1634986939637
6retransmitting6.170:1634986939638
6retransmitting6.171:1634986939638
6retransmitting6.172:1634986939638
6retransmitting6.173:1634986939638
6retransmitting6.174:1634986939639
6retransmitting6.175:1634986939639
6retransmitting6.176:1634986939639
6retransmitting6.177:1634986939668
6retransmitting6.178:1634986939669
6retransmitting6.179:1634986939669
6retransmitting6.180:1634986939669
6retransmitting6.181:1634986939669
6retransmitting6.182:1634986939669
6retransmitting6.183:1634986939734
6retransmitting6.184:1634986939734
6retransmitting6.185:1634986939735
6retransmitting6.188:1634986939735
6retransmitting6.187:1634986939735
6retransmitting6.186:1634986939735
6retransmitting6.189:1634986939736
6retransmitting6.190:1634986939736
6retransmitting6.191:1634986939736
6retransmitting6.190:1634986939736
6retransmitting6.192:1634986939736
6retransmitting6.193:1634986939737
6retransmitting6.187:1634986939735
6retransmitting6.186:1634986939735
6retransmitting6.192:1634986939736
6retransmitting6.194:1634986939750
6retransmitting6.195:1634986939750
6retransmitting6.196:1634986939750
6retransmitting6.197:1634986939771
6retransmitting6.198:1634986939772
6retransmitting6.199:1634986939773
6retransmitting6.200:1634986939774
6retransmitting6.201:1634986939798
6retransmitting6.195:1634986939750
6retransmitting6.195:1634986939750
6retransmitting6.198:1634986939772
6retransmitting6.197:1634986939771
6retransmitting6.194:1634986939750
6retransmitting6.202:1634986939798
6retransmitting6.203:1634986939799
6retransmitting6.201:1634986939798
6retransmitting6.198:1634986939772
6retransmitting6.195:1634986939750
6retransmitting6.203:1634986939799
6retransmitting6.201:1634986939798
6retransmitting6.199:1634986939773
6retransmitting6.195:1634986939750
6retransmitting6.196:1634986939750
6retransmitting6.202:1634986939798
6retransmitting6.198:1634986939772
6retransmitting6.197:1634986939771
6retransmitting6.201:1634986939798
6retransmitting6.200:1634986939774
6retransmitting6.195:1634986939750
6retransmitting6.203:1634986939799
6retransmitting6.203:1634986939799
6retransmitting6.204:1634986939799
6retransmitting6.205:1634986939799
6retransmitting6.206:1634986939799
6retransmitting6.207:1634986939800
6retransmitting6.208:1634986939800
6retransmitting6.209:1634986939800
6retransmitting6.210:1634986939800
6retransmitting6.211:1634986939801
6retransmitting6.212:1634986939801
6retransmitting6.213:1634986939801
6retransmitting6.214:1634986939801
6retransmitting6.215:1634986939802
6retransmitting6.216:1634986939802
6retransmitting6.217:1634986939802
6retransmitting6.218:1634986939803
6retransmitting6.219:1634986939831
6retransmitting6.220:1634986939831
6retransmitting6.221:1634986939831
6retransmitting6.222:1634986939831
6retransmitting6.223:1634986939832
6retransmitting6.224:1634986939832
6retransmitting6.225:1634986939832
6retransmitting6.226:1634986939832
6retransmitting6.227:1634986939833
6retransmitting6.228:1634986939833
6retransmitting6.229:1634986939833
6retransmitting6.230:1634986939833
6retransmitting6.231:1634986939833
6retransmitting6.232:1634986939834
6retransmitting6.233:1634986939834
6retransmitting6.234:1634986939834
6retransmitting6.235:1634986939856
6retransmitting6.236:1634986939857
6retransmitting6.237:1634986939858
6retransmitting6.238:1634986939858
6retransmitting6.239:1634986939859
6retransmitting6.240:1634986939877
6retransmitting6.242:1634986939878
6retransmitting6.243:1634986939879
6retransmitting6.241:1634986939878
6retransmitting6.244:1634986939879
6retransmitting6.245:1634986939880
6retransmitting6.246:1634986939880
6retransmitting6.247:1634986939880
6retransmitting6.248:1634986939880
6retransmitting6.247:1634986939880
6retransmitting6.249:1634986939919
6retransmitting6.240:1634986939877
6retransmitting6.245:1634986939880
6retransmitting6.242:1634986939878
6retransmitting6.242:1634986939878
6retransmitting6.245:1634986939880
6retransmitting6.249:1634986939919
6retransmitting6.241:1634986939878
6retransmitting6.241:1634986939878
6retransmitting6.246:1634986939880
6retransmitting6.250:1634986939919
6retransmitting6.251:1634986939919
6retransmitting6.252:1634986939920
6retransmitting6.253:1634986939920
6retransmitting6.254:1634986939934
6retransmitting6.255:1634986939934
6retransmitting6.256:1634986939935
6retransmitting6.257:1634986939935
6retransmitting6.258:1634986939935
6retransmitting6.259:1634986939935
6retransmitting6.258:1634986939935
6retransmitting6.260:1634986939935
6retransmitting6.261:1634986939936
6retransmitting6.262:1634986939936
6retransmitting6.263:1634986939936
6retransmitting6.258:1634986939935
6retransmitting6.258:1634986939935
6retransmitting6.256:1634986939935
6retransmitting6.264:1634986939947
6retransmitting6.259:1634986939935
6retransmitting6.265:1634986939947
6retransmitting6.266:1634986939948
6retransmitting6.267:1634986939948
6retransmitting6.268:1634986939948
6retransmitting6.269:1634986939948
6retransmitting6.270:1634986939948
6retransmitting6.271:1634986939949
6retransmitting6.272:1634986939949
6retransmitting6.273:1634986939949
6retransmitting6.274:1634986939949
6retransmitting6.275:1634986939949
6retransmitting6.276:1634986939949
6retransmitting6.277:1634986939950
6retransmitting6.278:1634986939950
6retransmitting6.279:1634986939950
6retransmitting6.280:1634986939964
6retransmitting6.281:1634986939964
6retransmitting6.282:1634986939965
6retransmitting6.283:1634986939965
6retransmitting6.284:1634986939965
6retransmitting6.285:1634986939965
6retransmitting6.284:1634986939965
6retransmitting6.284:1634986939965
6retransmitting6.286:1634986939966
6retransmitting6.287:1634986939966
6retransmitting6.286:1634986939966
6retransmitting6.285:1634986939965
6retransmitting6.288:1634986939966
6retransmitting6.289:1634986939966
6retransmitting6.283:1634986939965
6retransmitting6.284:1634986939965
6retransmitting6.288:1634986939966
6retransmitting6.290:1634986939966
6retransmitting6.291:1634986939967
6retransmitting6.292:1634986939967
6retransmitting6.293:1634986939967
6retransmitting6.294:1634986939967
6retransmitting6.295:1634986939968
6retransmitting6.296:1634986939968
6retransmitting6.297:1634986939968
6retransmitting6.298:1634986939969
6retransmitting6.299:1634986939969
6retransmitting6.300:1634986939969
6retransmitting6.301:1634986939969
6retransmitting6.302:1634986939969
6retransmitting6.303:1634986939970
6retransmitting6.304:1634986939995
6retransmitting6.305:1634986939995
6retransmitting6.306:1634986939996
6retransmitting6.307:1634986940021
6retransmitting6.308:1634986940022
6retransmitting6.309:1634986940022
6retransmitting6.310:1634986940163
6retransmitting6.311:1634986940163
6retransmitting6.312:1634986940164
6retransmitting6.313:1634986940164
6retransmitting6.314:1634986940164
6retransmitting6.315:1634986940165
6retransmitting6.316:1634986940165
6retransmitting6.317:1634986940166
6retransmitting6.318:1634986940166
6retransmitting6.319:1634986940167
6retransmitting6.320:1634986940183
6retransmitting6.321:1634986940184
6retransmitting6.322:1634986940184
6retransmitting6.323:1634986940184
6retransmitting6.324:1634986940184
6retransmitting6.325:1634986940184
6retransmitting6.326:1634986940184
6retransmitting6.327:1634986940185
6retransmitting6.328:1634986940185
6retransmitting6.329:1634986940185
6retransmitting6.330:1634986940185
6retransmitting6.331:1634986940185
6retransmitting6.332:1634986940185
6retransmitting6.333:1634986940186
6retransmitting6.334:1634986940186
6retransmitting6.335:1634986940186
6retransmitting6.336:1634986940186
6retransmitting6.337:1634986940186
6retransmitting6.338:1634986940187
6retransmitting6.339:1634986940187
6retransmitting6.340:1634986940199
6retransmitting6.333:1634986940186
6retransmitting6.339:1634986940187
6retransmitting6.341:1634986940203
6retransmitting6.332:1634986940185
6retransmitting6.334:1634986940186
6retransmitting6.336:1634986940186
6retransmitting6.341:1634986940203
6retransmitting6.334:1634986940186
6retransmitting6.335:1634986940186
6retransmitting6.338:1634986940187
6retransmitting6.340:1634986940199
6retransmitting6.337:1634986940186
6retransmitting6.333:1634986940186
6retransmitting6.339:1634986940187
6retransmitting6.339:1634986940187
6retransmitting6.341:1634986940203
6retransmitting6.332:1634986940185
6retransmitting6.333:1634986940186
6retransmitting6.342:1634986940203
6retransmitting6.343:1634986940204
6retransmitting6.344:1634986940204
6retransmitting6.345:1634986940204
6retransmitting6.346:1634986940205
6retransmitting6.347:1634986940205
6retransmitting6.348:1634986940205
6retransmitting6.349:1634986940205
6retransmitting6.351:1634986941000
6retransmitting6.352:1634986941001
6retransmitting6.353:1634986941001
6retransmitting6.354:1634986941012
6retransmitting6.355:1634986941012
6retransmitting6.356:1634986941013
6retransmitting6.357:1634986941014
6retransmitting6.358:1634986941014
6retransmitting6.350:1634986940998
6retransmitting6.356:1634986941013
6retransmitting6.355:1634986941012
6retransmitting6.350:1634986940998
6retransmitting6.354:1634986941012
6retransmitting6.353:1634986941001
6retransmitting6.357:1634986941014
6retransmitting6.356:1634986941013
6retransmitting6.354:1634986941012
6retransmitting6.358:1634986941014
6retransmitting6.351:1634986941000
6retransmitting6.349:1634986940205
6retransmitting6.349:1634986940205
6retransmitting6.352:1634986941001
6retransmitting6.353:1634986941001
6retransmitting6.355:1634986941012
6retransmitting6.351:1634986941000
6retransmitting6.352:1634986941001
6retransmitting6.358:1634986941014
6retransmitting6.349:1634986940205
6retransmitting6.357:1634986941014
6retransmitting6.350:1634986940998
6retransmitting6.356:1634986941013
6retransmitting6.354:1634986941012
6retransmitting6.358:1634986941014
6retransmitting6.355:1634986941012
6retransmitting6.357:1634986941014
6retransmitting6.355:1634986941012
6retransmitting6.352:1634986941001
6retransmitting6.354:1634986941012
6retransmitting6.352:1634986941001
6retransmitting6.350:1634986940998
6retransmitting6.358:1634986941014
6retransmitting6.349:1634986940205
6retransmitting6.352:1634986941001
6retransmitting6.357:1634986941014
6retransmitting6.356:1634986941013
6retransmitting6.355:1634986941012
6retransmitting6.357:1634986941014
6retransmitting6.353:1634986941001
6retransmitting6.351:1634986941000
6retransmitting6.353:1634986941001
6retransmitting6.358:1634986941014
6retransmitting6.350:1634986940998
6retransmitting6.351:1634986941000
6retransmitting6.353:1634986941001
6retransmitting6.356:1634986941013
6retransmitting6.352:1634986941001
6retransmitting6.349:1634986940205
6retransmitting6.354:1634986941012
6retransmitting6.359:1634986941014
6retransmitting6.360:1634986941014
6retransmitting6.361:1634986941015
6retransmitting6.362:1634986941015
6retransmitting6.363:1634986941015
6retransmitting6.364:1634986941016
6retransmitting6.365:1634986941016
6retransmitting6.366:1634986941016
6retransmitting6.367:1634986941020
6retransmitting6.365:1634986941016
6retransmitting6.368:1634986941020
6retransmitting6.369:1634986941028
6retransmitting6.370:1634986941034
6retransmitting6.371:1634986941037
6retransmitting6.372:1634986941039
6retransmitting6.373:1634986941072
6retransmitting6.374:1634986941081
6retransmitting6.375:1634986941082
6retransmitting6.376:1634986941082
6retransmitting6.377:1634986941086
6retransmitting6.378:1634986941094
6retransmitting6.379:1634986941095
6retransmitting6.380:1634986941095
6retransmitting6.381:1634986941096
6retransmitting6.382:1634986941096
6retransmitting6.383:1634986941124
6retransmitting6.385:1634986941125
6retransmitting6.384:1634986941125
6retransmitting6.386:1634986941126
6retransmitting6.387:1634986941127
6retransmitting6.388:1634986941169
6retransmitting6.389:1634986941196
6retransmitting6.380:1634986941095
6retransmitting6.388:1634986941169
6retransmitting6.384:1634986941125
6retransmitting6.386:1634986941126
6retransmitting6.386:1634986941126
6retransmitting6.389:1634986941196
6retransmitting6.387:1634986941127
6retransmitting6.380:1634986941095
6retransmitting6.384:1634986941125
6retransmitting6.390:1634986941197
6retransmitting6.388:1634986941169
6retransmitting6.386:1634986941126
6retransmitting6.389:1634986941196
6retransmitting6.385:1634986941125
6retransmitting6.391:1634986941198
6retransmitting6.387:1634986941127
6retransmitting6.392:1634986941198
6retransmitting6.393:1634986941198
6retransmitting6.394:1634986941198
6retransmitting6.395:1634986941199
6retransmitting6.396:1634986941199
6retransmitting6.397:1634986941245
6retransmitting6.398:1634986941245
6retransmitting6.399:1634986941254
6retransmitting6.400:1634986942079
6retransmitting6.401:1634986942080
6retransmitting6.402:1634986942080
6retransmitting6.403:1634986942080
6retransmitting6.404:1634986942080
6retransmitting6.405:1634986942080
6retransmitting6.406:1634986942080
6retransmitting6.407:1634986942080
6retransmitting6.408:1634986942081
6retransmitting6.409:1634986942081
6retransmitting6.410:1634986942081
6retransmitting6.411:1634986942081
6retransmitting6.412:1634986942081
6retransmitting6.413:1634986942081
6retransmitting6.414:1634986942082
6retransmitting6.415:1634986942082
6retransmitting6.416:1634986942082
6retransmitting6.417:1634986942085
6retransmitting6.418:1634986942086
6retransmitting6.419:1634986942094
6retransmitting6.420:1634986942094
6retransmitting6.421:1634986942095
6retransmitting6.422:1634986942095
6retransmitting6.423:1634986942096
6retransmitting6.424:1634986942096
6retransmitting6.425:1634986942096
6retransmitting6.426:1634986942096
6retransmitting6.427:1634986942097
6retransmitting6.428:1634986942097
6retransmitting6.429:1634986942097
6retransmitting6.430:1634986942098
6retransmitting6.431:1634986942098
6retransmitting6.432:1634986942103
6retransmitting6.433:1634986942103
6retransmitting6.434:1634986942104
6retransmitting6.435:1634986942104
6retransmitting6.436:1634986942104
6retransmitting6.437:1634986942104
6retransmitting6.438:1634986942104
6retransmitting6.437:1634986942104
6retransmitting6.438:1634986942104
6retransmitting6.439:1634986942104
6retransmitting6.440:1634986942104
6retransmitting6.437:1634986942104
6retransmitting6.441:1634986942105
6retransmitting6.438:1634986942104
6retransmitting6.436:1634986942104
6retransmitting6.442:1634986942105
6retransmitting6.441:1634986942105
6retransmitting6.439:1634986942104
6retransmitting6.435:1634986942104
6retransmitting6.434:1634986942104
6retransmitting6.433:1634986942103
6retransmitting6.438:1634986942104
6retransmitting6.439:1634986942104
6retransmitting6.437:1634986942104
6retransmitting6.440:1634986942104
6retransmitting6.441:1634986942105
6retransmitting6.433:1634986942103
6retransmitting6.434:1634986942104
6retransmitting6.441:1634986942105
6retransmitting6.440:1634986942104
6retransmitting6.440:1634986942104
6retransmitting6.436:1634986942104
6retransmitting6.439:1634986942104
6retransmitting6.442:1634986942105
6retransmitting6.441:1634986942105
6retransmitting6.437:1634986942104
6retransmitting6.438:1634986942104
6retransmitting6.435:1634986942104
6retransmitting6.433:1634986942103
6retransmitting6.435:1634986942104
6retransmitting6.442:1634986942105
6retransmitting6.434:1634986942104
6retransmitting6.438:1634986942104
6retransmitting6.440:1634986942104
6retransmitting6.433:1634986942103
6retransmitting6.436:1634986942104
6retransmitting6.441:1634986942105
6retransmitting6.443:1634986942105
6retransmitting6.444:1634986942106
6retransmitting6.445:1634986942136
6retransmitting6.446:1634986942137
6retransmitting6.447:1634986942137
6retransmitting6.448:1634986942137
6retransmitting6.449:1634986942137
6retransmitting6.450:1634986942137
6retransmitting6.449:1634986942137
6retransmitting6.451:1634986942138
6retransmitting6.452:1634986942138
6retransmitting6.453:1634986942138
6retransmitting6.454:1634986942138
6retransmitting6.455:1634986942140
6retransmitting6.456:1634986942203
6retransmitting6.458:1634986942203
6retransmitting6.461:1634986942219
6retransmitting6.462:1634986942219
6retransmitting6.463:1634986942220
6retransmitting6.443:1634986942105
6retransmitting6.460:1634986942219
6retransmitting6.464:1634986942231
6retransmitting6.465:1634986942231
6retransmitting6.459:1634986942219
6retransmitting6.457:1634986942203
6retransmitting6.466:1634986942231
6retransmitting6.467:1634986942232
6retransmitting6.468:1634986942232
6retransmitting6.469:1634986942232
6retransmitting6.470:1634986942232
6retransmitting6.471:1634986942232
6retransmitting6.472:1634986942233
6retransmitting6.473:1634986942233
6retransmitting6.474:1634986942233
6retransmitting6.475:1634986942233
6retransmitting6.476:1634986942233
6retransmitting6.473:1634986942233
6retransmitting6.475:1634986942233
6retransmitting6.472:1634986942233
6retransmitting6.477:1634986942233
6retransmitting6.478:1634986942233
6retransmitting6.474:1634986942233
6retransmitting6.479:1634986942234
6retransmitting6.480:1634986942234
6retransmitting6.481:1634986942234
6retransmitting6.480:1634986942234
6retransmitting6.480:1634986942234
6retransmitting6.476:1634986942233
6retransmitting6.479:1634986942234
6retransmitting6.480:1634986942234
6retransmitting6.473:1634986942233
6retransmitting6.473:1634986942233
6retransmitting6.476:1634986942233
6retransmitting6.474:1634986942233
6retransmitting6.473:1634986942233
6retransmitting6.476:1634986942233
6retransmitting6.480:1634986942234
6retransmitting6.481:1634986942234
6retransmitting6.478:1634986942233
6retransmitting6.475:1634986942233
6retransmitting6.477:1634986942233
6retransmitting6.479:1634986942234
6retransmitting6.474:1634986942233
6retransmitting6.472:1634986942233
6retransmitting6.481:1634986942234
6retransmitting6.478:1634986942233
6retransmitting6.479:1634986942234
6retransmitting6.476:1634986942233
6retransmitting6.475:1634986942233
6retransmitting6.478:1634986942233
6retransmitting6.473:1634986942233
6retransmitting6.475:1634986942233
6retransmitting6.472:1634986942233
6retransmitting6.482:1634986942234
6retransmitting6.483:1634986942234
6retransmitting6.484:1634986942234
6retransmitting6.485:1634986942234
6retransmitting6.486:1634986942235
6retransmitting6.487:1634986942235
6retransmitting6.488:1634986942263
6retransmitting6.489:1634986942264
6retransmitting6.490:1634986942264
6retransmitting6.491:1634986942264
6retransmitting6.492:1634986942265
6retransmitting6.493:1634986942265
6retransmitting6.494:1634986942265
6retransmitting6.495:1634986942265
6retransmitting6.496:1634986942266
6retransmitting6.497:1634986942266
6retransmitting6.498:1634986942266
6retransmitting6.499:1634986942266
Immediately stopping network packet processing.
Writing output.
